POOL2S-02RL	HASFDAK01	/data/454/raw/2011/R_2011_10_12_16_13_48_FLX08100636_Administrator_KM_PB_JK_KK_PG_Pool2/D_2011_10_13_15_22_55_node2_signalProcessing/sff/HASFDAK01.sff
POOL2S-02RL	HASFDAK02	/data/454/raw/2011/R_2011_10_12_16_13_48_FLX08100636_Administrator_KM_PB_JK_KK_PG_Pool2/D_2011_10_13_15_22_55_node2_signalProcessing/sff/HASFDAK02.sff
POOL2S-02RL	HD4UX4Q01	/data/454/raw/2011/R_2011_12_13_17_02_18_FLX08100636_Administrator_CS_KK_PG_Pool2rerun/D_2011_12_14_22_01_50_node8_signalProcessing/sff/HD4UX4Q01.sff
POOL2S-02RL	HD4UX4Q02	/data/454/raw/2011/R_2011_12_13_17_02_18_FLX08100636_Administrator_CS_KK_PG_Pool2rerun/D_2011_12_14_22_01_50_node8_signalProcessing/sff/HD4UX4Q02.sff
POOL2S-03RL	HASFDAK01	/data/454/raw/2011/R_2011_10_12_16_13_48_FLX08100636_Administrator_KM_PB_JK_KK_PG_Pool2/D_2011_10_13_15_22_55_node2_signalProcessing/sff/HASFDAK01.sff
POOL2S-03RL	HASFDAK02	/data/454/raw/2011/R_2011_10_12_16_13_48_FLX08100636_Administrator_KM_PB_JK_KK_PG_Pool2/D_2011_10_13_15_22_55_node2_signalProcessing/sff/HASFDAK02.sff
POOL2S-03RL	HD4UX4Q01	/data/454/raw/2011/R_2011_12_13_17_02_18_FLX08100636_Administrator_CS_KK_PG_Pool2rerun/D_2011_12_14_22_01_50_node8_signalProcessing/sff/HD4UX4Q01.sff
POOL2S-03RL	HD4UX4Q02	/data/454/raw/2011/R_2011_12_13_17_02_18_FLX08100636_Administrator_CS_KK_PG_Pool2rerun/D_2011_12_14_22_01_50_node8_signalProcessing/sff/HD4UX4Q02.sff
POOL2S-04RL	HASFDAK01	/data/454/raw/2011/R_2011_10_12_16_13_48_FLX08100636_Administrator_KM_PB_JK_KK_PG_Pool2/D_2011_10_13_15_22_55_node2_signalProcessing/sff/HASFDAK01.sff
POOL2S-04RL	HASFDAK02	/data/454/raw/2011/R_2011_10_12_16_13_48_FLX08100636_Administrator_KM_PB_JK_KK_PG_Pool2/D_2011_10_13_15_22_55_node2_signalProcessing/sff/HASFDAK02.sff
POOL2S-04RL	HD4UX4Q01	/data/454/raw/2011/R_2011_12_13_17_02_18_FLX08100636_Administrator_CS_KK_PG_Pool2rerun/D_2011_12_14_22_01_50_node8_signalProcessing/sff/HD4UX4Q01.sff
POOL2S-04RL	HD4UX4Q02	/data/454/raw/2011/R_2011_12_13_17_02_18_FLX08100636_Administrator_CS_KK_PG_Pool2rerun/D_2011_12_14_22_01_50_node8_signalProcessing/sff/HD4UX4Q02.sff
POOL2S-12RL	HASFDAK01	/data/454/raw/2011/R_2011_10_12_16_13_48_FLX08100636_Administrator_KM_PB_JK_KK_PG_Pool2/D_2011_10_13_15_22_55_node2_signalProcessing/sff/HASFDAK01.sff
POOL2S-12RL	HASFDAK02	/data/454/raw/2011/R_2011_10_12_16_13_48_FLX08100636_Administrator_KM_PB_JK_KK_PG_Pool2/D_2011_10_13_15_22_55_node2_signalProcessing/sff/HASFDAK02.sff
POOL2S-12RL	HD4UX4Q01	/data/454/raw/2011/R_2011_12_13_17_02_18_FLX08100636_Administrator_CS_KK_PG_Pool2rerun/D_2011_12_14_22_01_50_node8_signalProcessing/sff/HD4UX4Q01.sff
POOL2S-12RL	HD4UX4Q02	/data/454/raw/2011/R_2011_12_13_17_02_18_FLX08100636_Administrator_CS_KK_PG_Pool2rerun/D_2011_12_14_22_01_50_node8_signalProcessing/sff/HD4UX4Q02.sff
POOL2021S-02RL	HGWIDDB01	/data/454/raw/2012/R_2012_01_03_12_30_39_FLX08100638_Administrator_KM_JK_KK_PG_pools20_21/D_2012_01_04_12_34_43_node8_signalProcessing/sff/HGWIDDB01.sff
POOL2021S-02RL	HGWIDDB02	/data/454/raw/2012/R_2012_01_03_12_30_39_FLX08100638_Administrator_KM_JK_KK_PG_pools20_21/D_2012_01_04_12_34_43_node8_signalProcessing/sff/HGWIDDB02.sff
POOL2021S-03RL	HGWIDDB01	/data/454/raw/2012/R_2012_01_03_12_30_39_FLX08100638_Administrator_KM_JK_KK_PG_pools20_21/D_2012_01_04_12_34_43_node8_signalProcessing/sff/HGWIDDB01.sff
POOL2021S-03RL	HGWIDDB02	/data/454/raw/2012/R_2012_01_03_12_30_39_FLX08100638_Administrator_KM_JK_KK_PG_pools20_21/D_2012_01_04_12_34_43_node8_signalProcessing/sff/HGWIDDB02.sff
POOL2021S-04RL	HGWIDDB01	/data/454/raw/2012/R_2012_01_03_12_30_39_FLX08100638_Administrator_KM_JK_KK_PG_pools20_21/D_2012_01_04_12_34_43_node8_signalProcessing/sff/HGWIDDB01.sff
POOL2021S-04RL	HGWIDDB02	/data/454/raw/2012/R_2012_01_03_12_30_39_FLX08100638_Administrator_KM_JK_KK_PG_pools20_21/D_2012_01_04_12_34_43_node8_signalProcessing/sff/HGWIDDB02.sff
POOL3S-01RL	HAUABZG01	/data/454/raw/2011/R_2011_10_13_16_20_13_FLX08100636_Administrator_KM_PB_KK_PG_Pool3/D_2011_10_14_16_27_52_node2_signalProcessing/sff/HAUABZG01.sff
POOL3S-01RL	HAUABZG02	/data/454/raw/2011/R_2011_10_13_16_20_13_FLX08100636_Administrator_KM_PB_KK_PG_Pool3/D_2011_10_14_16_27_52_node2_signalProcessing/sff/HAUABZG02.sff
POOL3S-05RL	HAUABZG01	/data/454/raw/2011/R_2011_10_13_16_20_13_FLX08100636_Administrator_KM_PB_KK_PG_Pool3/D_2011_10_14_16_27_52_node2_signalProcessing/sff/HAUABZG01.sff
POOL3S-05RL	HAUABZG02	/data/454/raw/2011/R_2011_10_13_16_20_13_FLX08100636_Administrator_KM_PB_KK_PG_Pool3/D_2011_10_14_16_27_52_node2_signalProcessing/sff/HAUABZG02.sff
POOL3S-07RL	HAUABZG01	/data/454/raw/2011/R_2011_10_13_16_20_13_FLX08100636_Administrator_KM_PB_KK_PG_Pool3/D_2011_10_14_16_27_52_node2_signalProcessing/sff/HAUABZG01.sff
POOL3S-07RL	HAUABZG02	/data/454/raw/2011/R_2011_10_13_16_20_13_FLX08100636_Administrator_KM_PB_KK_PG_Pool3/D_2011_10_14_16_27_52_node2_signalProcessing/sff/HAUABZG02.sff
POOL3S-10RL	HAUABZG01	/data/454/raw/2011/R_2011_10_13_16_20_13_FLX08100636_Administrator_KM_PB_KK_PG_Pool3/D_2011_10_14_16_27_52_node2_signalProcessing/sff/HAUABZG01.sff
POOL3S-10RL	HAUABZG02	/data/454/raw/2011/R_2011_10_13_16_20_13_FLX08100636_Administrator_KM_PB_KK_PG_Pool3/D_2011_10_14_16_27_52_node2_signalProcessing/sff/HAUABZG02.sff
POOL1S-01RL	HASFDAK01	/data/454/raw/2011/R_2011_10_12_16_13_48_FLX08100636_Administrator_KM_PB_JK_KK_PG_Pool2/D_2011_10_13_15_22_55_node2_signalProcessing/sff/HASFDAK01.sff
POOL1S-01RL	HASFDAK02	/data/454/raw/2011/R_2011_10_12_16_13_48_FLX08100636_Administrator_KM_PB_JK_KK_PG_Pool2/D_2011_10_13_15_22_55_node2_signalProcessing/sff/HASFDAK02.sff
POOL1S-08RL	HASFDAK01	/data/454/raw/2011/R_2011_10_12_16_13_48_FLX08100636_Administrator_KM_PB_JK_KK_PG_Pool2/D_2011_10_13_15_22_55_node2_signalProcessing/sff/HASFDAK01.sff
POOL1S-08RL	HASFDAK02	/data/454/raw/2011/R_2011_10_12_16_13_48_FLX08100636_Administrator_KM_PB_JK_KK_PG_Pool2/D_2011_10_13_15_22_55_node2_signalProcessing/sff/HASFDAK02.sff
POOL1S-11RL	HASFDAK01	/data/454/raw/2011/R_2011_10_12_16_13_48_FLX08100636_Administrator_KM_PB_JK_KK_PG_Pool2/D_2011_10_13_15_22_55_node2_signalProcessing/sff/HASFDAK01.sff
POOL1S-11RL	HASFDAK02	/data/454/raw/2011/R_2011_10_12_16_13_48_FLX08100636_Administrator_KM_PB_JK_KK_PG_Pool2/D_2011_10_13_15_22_55_node2_signalProcessing/sff/HASFDAK02.sff
POOL4S-02RL	HAUDHDT01	/data/454/raw/2011/R_2011_10_13_17_28_15_FLX07110718_Administrator_PB_KM_KK_PG_Pool4/D_2011_10_14_14_58_31_client04_signalProcessing/sff/HAUDHDT01.sff
POOL4S-02RL	HAUDHDT02	/data/454/raw/2011/R_2011_10_13_17_28_15_FLX07110718_Administrator_PB_KM_KK_PG_Pool4/D_2011_10_14_14_58_31_client04_signalProcessing/sff/HAUDHDT02.sff
POOL4S-03RL	HAUDHDT01	/data/454/raw/2011/R_2011_10_13_17_28_15_FLX07110718_Administrator_PB_KM_KK_PG_Pool4/D_2011_10_14_14_58_31_client04_signalProcessing/sff/HAUDHDT01.sff
POOL4S-03RL	HAUDHDT02	/data/454/raw/2011/R_2011_10_13_17_28_15_FLX07110718_Administrator_PB_KM_KK_PG_Pool4/D_2011_10_14_14_58_31_client04_signalProcessing/sff/HAUDHDT02.sff
POOL4S-04RL	HAUDHDT01	/data/454/raw/2011/R_2011_10_13_17_28_15_FLX07110718_Administrator_PB_KM_KK_PG_Pool4/D_2011_10_14_14_58_31_client04_signalProcessing/sff/HAUDHDT01.sff
POOL4S-04RL	HAUDHDT02	/data/454/raw/2011/R_2011_10_13_17_28_15_FLX07110718_Administrator_PB_KM_KK_PG_Pool4/D_2011_10_14_14_58_31_client04_signalProcessing/sff/HAUDHDT02.sff
POOL4S-05RL	HAUDHDT01	/data/454/raw/2011/R_2011_10_13_17_28_15_FLX07110718_Administrator_PB_KM_KK_PG_Pool4/D_2011_10_14_14_58_31_client04_signalProcessing/sff/HAUDHDT01.sff
POOL4S-05RL	HAUDHDT02	/data/454/raw/2011/R_2011_10_13_17_28_15_FLX07110718_Administrator_PB_KM_KK_PG_Pool4/D_2011_10_14_14_58_31_client04_signalProcessing/sff/HAUDHDT02.sff
POOL5S-06RL	HAV3ZOX01	/data/454/raw/2011/R_2011_10_14_15_58_26_FLX08100636_Administrator_PB_KM_KK_PG_Pool5/D_2011_10_15_13_47_14_client04_signalProcessing/sff/HAV3ZOX01.sff
POOL5S-06RL	HAV3ZOX02	/data/454/raw/2011/R_2011_10_14_15_58_26_FLX08100636_Administrator_PB_KM_KK_PG_Pool5/D_2011_10_15_13_47_14_client04_signalProcessing/sff/HAV3ZOX02.sff
POOL5S-07RL	HAV3ZOX01	/data/454/raw/2011/R_2011_10_14_15_58_26_FLX08100636_Administrator_PB_KM_KK_PG_Pool5/D_2011_10_15_13_47_14_client04_signalProcessing/sff/HAV3ZOX01.sff
POOL5S-07RL	HAV3ZOX02	/data/454/raw/2011/R_2011_10_14_15_58_26_FLX08100636_Administrator_PB_KM_KK_PG_Pool5/D_2011_10_15_13_47_14_client04_signalProcessing/sff/HAV3ZOX02.sff
POOL5S-08RL	HAV3ZOX02	/data/454/raw/2011/R_2011_10_14_15_58_26_FLX08100636_Administrator_PB_KM_KK_PG_Pool5/D_2011_10_15_13_47_14_client04_signalProcessing/sff/HAV3ZOX02.sff
POOL5S-08RL	HAV3ZOX01	/data/454/raw/2011/R_2011_10_14_15_58_26_FLX08100636_Administrator_PB_KM_KK_PG_Pool5/D_2011_10_15_13_47_14_client04_signalProcessing/sff/HAV3ZOX01.sff
POOL5S-09RL	HAV3ZOX01	/data/454/raw/2011/R_2011_10_14_15_58_26_FLX08100636_Administrator_PB_KM_KK_PG_Pool5/D_2011_10_15_13_47_14_client04_signalProcessing/sff/HAV3ZOX01.sff
POOL5S-09RL	HAV3ZOX02	/data/454/raw/2011/R_2011_10_14_15_58_26_FLX08100636_Administrator_PB_KM_KK_PG_Pool5/D_2011_10_15_13_47_14_client04_signalProcessing/sff/HAV3ZOX02.sff
POOL6S-09RL	HBEDXYJ01	/data/454/raw/2011/R_2011_10_24_12_50_12_FLX08100636_Administrator_KM_PB_KK_PG_Pool6/D_2011_10_25_11_24_56_node8_signalProcessing/sff/HBEDXYJ01.sff
POOL6S-09RL	HBEDXYJ02	/data/454/raw/2011/R_2011_10_24_12_50_12_FLX08100636_Administrator_KM_PB_KK_PG_Pool6/D_2011_10_25_11_24_56_node8_signalProcessing/sff/HBEDXYJ02.sff
POOL6S-10RL	HBEDXYJ01	/data/454/raw/2011/R_2011_10_24_12_50_12_FLX08100636_Administrator_KM_PB_KK_PG_Pool6/D_2011_10_25_11_24_56_node8_signalProcessing/sff/HBEDXYJ01.sff
POOL6S-10RL	HBEDXYJ02	/data/454/raw/2011/R_2011_10_24_12_50_12_FLX08100636_Administrator_KM_PB_KK_PG_Pool6/D_2011_10_25_11_24_56_node8_signalProcessing/sff/HBEDXYJ02.sff
POOL6S-11RL	HBEDXYJ01	/data/454/raw/2011/R_2011_10_24_12_50_12_FLX08100636_Administrator_KM_PB_KK_PG_Pool6/D_2011_10_25_11_24_56_node8_signalProcessing/sff/HBEDXYJ01.sff
POOL6S-11RL	HBEDXYJ02	/data/454/raw/2011/R_2011_10_24_12_50_12_FLX08100636_Administrator_KM_PB_KK_PG_Pool6/D_2011_10_25_11_24_56_node8_signalProcessing/sff/HBEDXYJ02.sff
POOL6S-12RL	HBEDXYJ01	/data/454/raw/2011/R_2011_10_24_12_50_12_FLX08100636_Administrator_KM_PB_KK_PG_Pool6/D_2011_10_25_11_24_56_node8_signalProcessing/sff/HBEDXYJ01.sff
POOL6S-12RL	HBEDXYJ02	/data/454/raw/2011/R_2011_10_24_12_50_12_FLX08100636_Administrator_KM_PB_KK_PG_Pool6/D_2011_10_25_11_24_56_node8_signalProcessing/sff/HBEDXYJ02.sff
POOL7S-01RL	HBJ7ZZ201	/data/454/raw/2011/R_2011_10_27_16_27_25_FLX12080464_jknowlton_40070752rsk93821020_KM_PB_KK_PG_Pool7/D_2011_11_03_21_54_14_node8_signalProcessing/sff/HBJ7ZZ201.sff
POOL7S-01RL	HBJ7ZZ202	/data/454/raw/2011/R_2011_10_27_16_27_25_FLX12080464_jknowlton_40070752rsk93821020_KM_PB_KK_PG_Pool7/D_2011_11_03_21_54_14_node8_signalProcessing/sff/HBJ7ZZ202.sff
POOL7S-04RL	HBJ7ZZ201	/data/454/raw/2011/R_2011_10_27_16_27_25_FLX12080464_jknowlton_40070752rsk93821020_KM_PB_KK_PG_Pool7/D_2011_11_03_21_54_14_node8_signalProcessing/sff/HBJ7ZZ201.sff
POOL7S-04RL	HBJ7ZZ202	/data/454/raw/2011/R_2011_10_27_16_27_25_FLX12080464_jknowlton_40070752rsk93821020_KM_PB_KK_PG_Pool7/D_2011_11_03_21_54_14_node8_signalProcessing/sff/HBJ7ZZ202.sff
POOL7S-03RL	HBJ7ZZ201	/data/454/raw/2011/R_2011_10_27_16_27_25_FLX12080464_jknowlton_40070752rsk93821020_KM_PB_KK_PG_Pool7/D_2011_11_03_21_54_14_node8_signalProcessing/sff/HBJ7ZZ201.sff
POOL7S-03RL	HBJ7ZZ202	/data/454/raw/2011/R_2011_10_27_16_27_25_FLX12080464_jknowlton_40070752rsk93821020_KM_PB_KK_PG_Pool7/D_2011_11_03_21_54_14_node8_signalProcessing/sff/HBJ7ZZ202.sff
POOL7S-10RL	HBJ7ZZ201	/data/454/raw/2011/R_2011_10_27_16_27_25_FLX12080464_jknowlton_40070752rsk93821020_KM_PB_KK_PG_Pool7/D_2011_11_03_21_54_14_node8_signalProcessing/sff/HBJ7ZZ201.sff
POOL7S-10RL	HBJ7ZZ202	/data/454/raw/2011/R_2011_10_27_16_27_25_FLX12080464_jknowlton_40070752rsk93821020_KM_PB_KK_PG_Pool7/D_2011_11_03_21_54_14_node8_signalProcessing/sff/HBJ7ZZ202.sff
POOL10S-10RL	HBJ8RIY01	/data/454/raw/2011/R_2011_10_27_16_43_56_build11_jknowlton_40070752rsk93821020_PB_KM_KK_PG_Pool10/D_2011_11_04_07_30_43_node8_signalProcessing/sff/HBJ8RIY01.sff
POOL10S-10RL	HBJ8RIY02	/data/454/raw/2011/R_2011_10_27_16_43_56_build11_jknowlton_40070752rsk93821020_PB_KM_KK_PG_Pool10/D_2011_11_04_07_30_43_node8_signalProcessing/sff/HBJ8RIY02.sff
POOL10S-04RL	HBJ8RIY01	/data/454/raw/2011/R_2011_10_27_16_43_56_build11_jknowlton_40070752rsk93821020_PB_KM_KK_PG_Pool10/D_2011_11_04_07_30_43_node8_signalProcessing/sff/HBJ8RIY01.sff
POOL10S-04RL	HBJ8RIY02	/data/454/raw/2011/R_2011_10_27_16_43_56_build11_jknowlton_40070752rsk93821020_PB_KM_KK_PG_Pool10/D_2011_11_04_07_30_43_node8_signalProcessing/sff/HBJ8RIY02.sff
POOL10S-07RL	HBJ8RIY01	/data/454/raw/2011/R_2011_10_27_16_43_56_build11_jknowlton_40070752rsk93821020_PB_KM_KK_PG_Pool10/D_2011_11_04_07_30_43_node8_signalProcessing/sff/HBJ8RIY01.sff
POOL10S-07RL	HBJ8RIY02	/data/454/raw/2011/R_2011_10_27_16_43_56_build11_jknowlton_40070752rsk93821020_PB_KM_KK_PG_Pool10/D_2011_11_04_07_30_43_node8_signalProcessing/sff/HBJ8RIY02.sff
POOL10S-08RL	HBJ8RIY01	/data/454/raw/2011/R_2011_10_27_16_43_56_build11_jknowlton_40070752rsk93821020_PB_KM_KK_PG_Pool10/D_2011_11_04_07_30_43_node8_signalProcessing/sff/HBJ8RIY01.sff
POOL10S-08RL	HBJ8RIY02	/data/454/raw/2011/R_2011_10_27_16_43_56_build11_jknowlton_40070752rsk93821020_PB_KM_KK_PG_Pool10/D_2011_11_04_07_30_43_node8_signalProcessing/sff/HBJ8RIY02.sff
POOL13S-01RL	HCJAYPT01	/data/454/raw/2011/R_2011_11_14_15_07_27_FLX12080464_jknowlton_40070752rsk00070925_Roche_PG_Pool13/D_2011_11_15_12_00_02_frontend2_fullProcessing/sff/HCJAYPT01.sff
POOL13S-01RL	HCJAYPT02	/data/454/raw/2011/R_2011_11_14_15_07_27_FLX12080464_jknowlton_40070752rsk00070925_Roche_PG_Pool13/D_2011_11_15_12_00_02_frontend2_fullProcessing/sff/HCJAYPT02.sff
POOL13S-02RL	HCJAYPT01	/data/454/raw/2011/R_2011_11_14_15_07_27_FLX12080464_jknowlton_40070752rsk00070925_Roche_PG_Pool13/D_2011_11_15_12_00_02_frontend2_fullProcessing/sff/HCJAYPT01.sff
POOL13S-02RL	HCJAYPT02	/data/454/raw/2011/R_2011_11_14_15_07_27_FLX12080464_jknowlton_40070752rsk00070925_Roche_PG_Pool13/D_2011_11_15_12_00_02_frontend2_fullProcessing/sff/HCJAYPT02.sff
POOL13S-03RL	HCJAYPT01	/data/454/raw/2011/R_2011_11_14_15_07_27_FLX12080464_jknowlton_40070752rsk00070925_Roche_PG_Pool13/D_2011_11_15_12_00_02_frontend2_fullProcessing/sff/HCJAYPT01.sff
POOL13S-03RL	HCJAYPT02	/data/454/raw/2011/R_2011_11_14_15_07_27_FLX12080464_jknowlton_40070752rsk00070925_Roche_PG_Pool13/D_2011_11_15_12_00_02_frontend2_fullProcessing/sff/HCJAYPT02.sff
POOL13S-04RL	HCJAYPT01	/data/454/raw/2011/R_2011_11_14_15_07_27_FLX12080464_jknowlton_40070752rsk00070925_Roche_PG_Pool13/D_2011_11_15_12_00_02_frontend2_fullProcessing/sff/HCJAYPT01.sff
POOL13S-04RL	HCJAYPT02	/data/454/raw/2011/R_2011_11_14_15_07_27_FLX12080464_jknowlton_40070752rsk00070925_Roche_PG_Pool13/D_2011_11_15_12_00_02_frontend2_fullProcessing/sff/HCJAYPT02.sff
POOL14S-02RL	HB9248N01	/data/454/raw/2011/R_2011_11_09_15_40_10_FLX12080464_jknowlton_40070752rsk00070925_Roche_PG_Pool14/D_2011_11_10_12_34_01_frontend2_fullProcessing/sff/HB9248N01.sff
POOL14S-02RL	HB9248N02	/data/454/raw/2011/R_2011_11_09_15_40_10_FLX12080464_jknowlton_40070752rsk00070925_Roche_PG_Pool14/D_2011_11_10_12_34_01_frontend2_fullProcessing/sff/HB9248N02.sff
POOL14S-01RL	HB9248N01	/data/454/raw/2011/R_2011_11_09_15_40_10_FLX12080464_jknowlton_40070752rsk00070925_Roche_PG_Pool14/D_2011_11_10_12_34_01_frontend2_fullProcessing/sff/HB9248N01.sff
POOL14S-01RL	HB9248N02	/data/454/raw/2011/R_2011_11_09_15_40_10_FLX12080464_jknowlton_40070752rsk00070925_Roche_PG_Pool14/D_2011_11_10_12_34_01_frontend2_fullProcessing/sff/HB9248N02.sff
POOL14S-05RL	HB9248N01	/data/454/raw/2011/R_2011_11_09_15_40_10_FLX12080464_jknowlton_40070752rsk00070925_Roche_PG_Pool14/D_2011_11_10_12_34_01_frontend2_fullProcessing/sff/HB9248N01.sff
POOL14S-05RL	HB9248N02	/data/454/raw/2011/R_2011_11_09_15_40_10_FLX12080464_jknowlton_40070752rsk00070925_Roche_PG_Pool14/D_2011_11_10_12_34_01_frontend2_fullProcessing/sff/HB9248N02.sff
POOL14S-03RL	HB9248N01	/data/454/raw/2011/R_2011_11_09_15_40_10_FLX12080464_jknowlton_40070752rsk00070925_Roche_PG_Pool14/D_2011_11_10_12_34_01_frontend2_fullProcessing/sff/HB9248N01.sff
POOL14S-03RL	HB9248N02	/data/454/raw/2011/R_2011_11_09_15_40_10_FLX12080464_jknowlton_40070752rsk00070925_Roche_PG_Pool14/D_2011_11_10_12_34_01_frontend2_fullProcessing/sff/HB9248N02.sff
POOL15S-05RL	HCBW13201	/data/454/raw/2011/R_2011_11_10_15_23_53_sc24_jknowlton_40070752rsk00070925_Roche_PG_Pool15/D_2011_11_11_12_24_01_frontend2_fullProcessing/sff/HCBW13201.sff
POOL15S-05RL	HCBW13202	/data/454/raw/2011/R_2011_11_10_15_23_53_sc24_jknowlton_40070752rsk00070925_Roche_PG_Pool15/D_2011_11_11_12_24_01_frontend2_fullProcessing/sff/HCBW13202.sff
POOL15S-06RL	HCBW13201	/data/454/raw/2011/R_2011_11_10_15_23_53_sc24_jknowlton_40070752rsk00070925_Roche_PG_Pool15/D_2011_11_11_12_24_01_frontend2_fullProcessing/sff/HCBW13201.sff
POOL15S-06RL	HCBW13202	/data/454/raw/2011/R_2011_11_10_15_23_53_sc24_jknowlton_40070752rsk00070925_Roche_PG_Pool15/D_2011_11_11_12_24_01_frontend2_fullProcessing/sff/HCBW13202.sff
POOL15S-07RL	HCBW13201	/data/454/raw/2011/R_2011_11_10_15_23_53_sc24_jknowlton_40070752rsk00070925_Roche_PG_Pool15/D_2011_11_11_12_24_01_frontend2_fullProcessing/sff/HCBW13201.sff
POOL15S-07RL	HCBW13202	/data/454/raw/2011/R_2011_11_10_15_23_53_sc24_jknowlton_40070752rsk00070925_Roche_PG_Pool15/D_2011_11_11_12_24_01_frontend2_fullProcessing/sff/HCBW13202.sff
POOL15S-04RL	HCBW13201	/data/454/raw/2011/R_2011_11_10_15_23_53_sc24_jknowlton_40070752rsk00070925_Roche_PG_Pool15/D_2011_11_11_12_24_01_frontend2_fullProcessing/sff/HCBW13201.sff
POOL15S-04RL	HCBW13202	/data/454/raw/2011/R_2011_11_10_15_23_53_sc24_jknowlton_40070752rsk00070925_Roche_PG_Pool15/D_2011_11_11_12_24_01_frontend2_fullProcessing/sff/HCBW13202.sff
POOL17S-09RL	HCJBWQG01	/data/454/raw/2011/R_2011_11_14_15_27_52_sc24_jknowlton_40070752rsk00070925_Roche_PG_Pool17/D_2011_11_15_12_43_02_frontend2_fullProcessing/sff/HCJBWQG01.sff
POOL17S-09RL	HCJBWQG02	/data/454/raw/2011/R_2011_11_14_15_27_52_sc24_jknowlton_40070752rsk00070925_Roche_PG_Pool17/D_2011_11_15_12_43_02_frontend2_fullProcessing/sff/HCJBWQG02.sff
POOL17S-07RL	HCJBWQG01	/data/454/raw/2011/R_2011_11_14_15_27_52_sc24_jknowlton_40070752rsk00070925_Roche_PG_Pool17/D_2011_11_15_12_43_02_frontend2_fullProcessing/sff/HCJBWQG01.sff
POOL17S-07RL	HCJBWQG02	/data/454/raw/2011/R_2011_11_14_15_27_52_sc24_jknowlton_40070752rsk00070925_Roche_PG_Pool17/D_2011_11_15_12_43_02_frontend2_fullProcessing/sff/HCJBWQG02.sff
POOL17S-06RL	HCJBWQG01	/data/454/raw/2011/R_2011_11_14_15_27_52_sc24_jknowlton_40070752rsk00070925_Roche_PG_Pool17/D_2011_11_15_12_43_02_frontend2_fullProcessing/sff/HCJBWQG01.sff
POOL17S-06RL	HCJBWQG02	/data/454/raw/2011/R_2011_11_14_15_27_52_sc24_jknowlton_40070752rsk00070925_Roche_PG_Pool17/D_2011_11_15_12_43_02_frontend2_fullProcessing/sff/HCJBWQG02.sff
POOL17S-10RL	HCJBWQG01	/data/454/raw/2011/R_2011_11_14_15_27_52_sc24_jknowlton_40070752rsk00070925_Roche_PG_Pool17/D_2011_11_15_12_43_02_frontend2_fullProcessing/sff/HCJBWQG01.sff
POOL17S-10RL	HCJBWQG02	/data/454/raw/2011/R_2011_11_14_15_27_52_sc24_jknowlton_40070752rsk00070925_Roche_PG_Pool17/D_2011_11_15_12_43_02_frontend2_fullProcessing/sff/HCJBWQG02.sff
POOL18S-12RL	HCJBYSF01	/data/454/raw/2011/R_2011_11_14_15_29_06_sc03_jknowlton_40070752rsk00070925_Roche_PG_Pool18/D_2011_11_15_12_42_02_frontend2_fullProcessing/sff/HCJBYSF01.sff
POOL18S-12RL	HCJBYSF02	/data/454/raw/2011/R_2011_11_14_15_29_06_sc03_jknowlton_40070752rsk00070925_Roche_PG_Pool18/D_2011_11_15_12_42_02_frontend2_fullProcessing/sff/HCJBYSF02.sff
POOL18S-05RL	HCJBYSF01	/data/454/raw/2011/R_2011_11_14_15_29_06_sc03_jknowlton_40070752rsk00070925_Roche_PG_Pool18/D_2011_11_15_12_42_02_frontend2_fullProcessing/sff/HCJBYSF01.sff
POOL18S-05RL	HCJBYSF02	/data/454/raw/2011/R_2011_11_14_15_29_06_sc03_jknowlton_40070752rsk00070925_Roche_PG_Pool18/D_2011_11_15_12_42_02_frontend2_fullProcessing/sff/HCJBYSF02.sff
POOL18S-07RL	HCJBYSF01	/data/454/raw/2011/R_2011_11_14_15_29_06_sc03_jknowlton_40070752rsk00070925_Roche_PG_Pool18/D_2011_11_15_12_42_02_frontend2_fullProcessing/sff/HCJBYSF01.sff
POOL18S-07RL	HCJBYSF02	/data/454/raw/2011/R_2011_11_14_15_29_06_sc03_jknowlton_40070752rsk00070925_Roche_PG_Pool18/D_2011_11_15_12_42_02_frontend2_fullProcessing/sff/HCJBYSF02.sff
POOL19S-09RL	HCK6DIC01	/data/454/raw/2011/R_2011_11_15_15_23_32_SC25_jknowlton_40070752rsk00070925_Roche_PG_Pool19/D_2011_11_16_12_42_02_frontend2_fullProcessing/sff/HCK6DIC01.sff
POOL19S-09RL	HCK6DIC02	/data/454/raw/2011/R_2011_11_15_15_23_32_SC25_jknowlton_40070752rsk00070925_Roche_PG_Pool19/D_2011_11_16_12_42_02_frontend2_fullProcessing/sff/HCK6DIC02.sff
POOL19S-10RL	HCK6DIC01	/data/454/raw/2011/R_2011_11_15_15_23_32_SC25_jknowlton_40070752rsk00070925_Roche_PG_Pool19/D_2011_11_16_12_42_02_frontend2_fullProcessing/sff/HCK6DIC01.sff
POOL19S-10RL	HCK6DIC02	/data/454/raw/2011/R_2011_11_15_15_23_32_SC25_jknowlton_40070752rsk00070925_Roche_PG_Pool19/D_2011_11_16_12_42_02_frontend2_fullProcessing/sff/HCK6DIC02.sff
POOL19S-11RL	HCK6DIC01	/data/454/raw/2011/R_2011_11_15_15_23_32_SC25_jknowlton_40070752rsk00070925_Roche_PG_Pool19/D_2011_11_16_12_42_02_frontend2_fullProcessing/sff/HCK6DIC01.sff
POOL19S-11RL	HCK6DIC02	/data/454/raw/2011/R_2011_11_15_15_23_32_SC25_jknowlton_40070752rsk00070925_Roche_PG_Pool19/D_2011_11_16_12_42_02_frontend2_fullProcessing/sff/HCK6DIC02.sff
POOL19S-08RL	HCK6DIC01	/data/454/raw/2011/R_2011_11_15_15_23_32_SC25_jknowlton_40070752rsk00070925_Roche_PG_Pool19/D_2011_11_16_12_42_02_frontend2_fullProcessing/sff/HCK6DIC01.sff
POOL19S-08RL	HCK6DIC02	/data/454/raw/2011/R_2011_11_15_15_23_32_SC25_jknowlton_40070752rsk00070925_Roche_PG_Pool19/D_2011_11_16_12_42_02_frontend2_fullProcessing/sff/HCK6DIC02.sff
POOL18S-06RL	HCJBYSF01	/data/454/raw/2011/R_2011_11_14_15_29_06_sc03_jknowlton_40070752rsk00070925_Roche_PG_Pool18/D_2011_11_15_12_42_02_frontend2_fullProcessing/sff/HCJBYSF01.sff
POOL18S-06RL	HCJBYSF02	/data/454/raw/2011/R_2011_11_14_15_29_06_sc03_jknowlton_40070752rsk00070925_Roche_PG_Pool18/D_2011_11_15_12_42_02_frontend2_fullProcessing/sff/HCJBYSF02.sff
POOL16S-03RL	HCBW8Q301	/data/454/raw/2011/R_2011_11_10_15_27_52_sc03_jknowlton_40070752rsk00070925_Roche_PG_Pool16/D_2011_11_11_12_32_02_frontend2_fullProcessing/sff/HCBW8Q301.sff
POOL16S-03RL	HCBW8Q302	/data/454/raw/2011/R_2011_11_10_15_27_52_sc03_jknowlton_40070752rsk00070925_Roche_PG_Pool16/D_2011_11_11_12_32_02_frontend2_fullProcessing/sff/HCBW8Q302.sff
POOL16S-02RL	HCBW8Q301	/data/454/raw/2011/R_2011_11_10_15_27_52_sc03_jknowlton_40070752rsk00070925_Roche_PG_Pool16/D_2011_11_11_12_32_02_frontend2_fullProcessing/sff/HCBW8Q301.sff
POOL16S-02RL	HCBW8Q302	/data/454/raw/2011/R_2011_11_10_15_27_52_sc03_jknowlton_40070752rsk00070925_Roche_PG_Pool16/D_2011_11_11_12_32_02_frontend2_fullProcessing/sff/HCBW8Q302.sff
POOL16S-04RL	HCBW8Q301	/data/454/raw/2011/R_2011_11_10_15_27_52_sc03_jknowlton_40070752rsk00070925_Roche_PG_Pool16/D_2011_11_11_12_32_02_frontend2_fullProcessing/sff/HCBW8Q301.sff
POOL16S-04RL	HCBW8Q302	/data/454/raw/2011/R_2011_11_10_15_27_52_sc03_jknowlton_40070752rsk00070925_Roche_PG_Pool16/D_2011_11_11_12_32_02_frontend2_fullProcessing/sff/HCBW8Q302.sff
