20446,20446,6,POOL27-06RL,Black non-Hispanic,35.2,0,0,0,1,0,0,0,0,3.42
21159,21159,1,POOL98-01RL,White non-Hispanic,0,0,1,0,0,0,0,0,0,0
41011,41011,8,POOL83-08RL,White non-Hispanic,0,0,1,0,0,0,0,0,0,0
41013,41013,8,POOL77-08RL,White non-Hispanic,0,0,1,0,0,0,0,0,0,0
40157,40157,9,POOL85-09RL,White Hispanic,0,1,0,0,0,0,0,0,0,0
10290,10290,2,POOL16S-02RL,Black non-Hispanic,39.3,0,0,0,1,1,1,0,0,1.62
10290,10290,6,POOL41-06RL,Black non-Hispanic,39.3,0,0,0,1,1,1,0,0,1.62
10292,10292,3,POOL02-03RL,White non-Hispanic,0,1,0,0,0,0,0,0,0,0
10453,10453,3,POOL33-03RL,White non-Hispanic,28.3,0,0,0,1,0,0,0,0,7.91
10519,10519,4,POOL157-04RL,White non-Hispanic,0,0,1,0,0,0,0,0,0,0
40553,40553,2,POOL88-02RL,White non-Hispanic,31.4,0,0,0,1,0,0,0,0,4.09
30973,30973,11,POOL109-11RL,White non-Hispanic,0,1,0,0,0,0,0,0,0,0
20567,20567,9,POOL35-09RL,White Hispanic,35.3,0,0,1,1,0,0,0,0,2.44
20562,20562,8,POOL158-08RL,White non-Hispanic,27.3,0,0,0,1,0,0,0,1,14.1
10102,10102,1,POOL169-01RL,White non-Hispanic,0,0,1,0,0,0,0,0,0,0
30428,30428,6,POOL54-06RL,Black non-Hispanic,38.6,0,0,1,1,0,0,0,0,1.72
30429,30429,12,POOL102-12RL,White non-Hispanic,0,1,0,0,0,0,0,0,0,0
20417,20417,2,POOL48-02RL,White Hispanic,22.9,0,0,1,1,0,0,0,0,9.61
30119,30119,9,POOL91-09RL,White non-Hispanic,35.9,0,0,0,1,0,0,0,1,12.23
30420,30420,9,POOL176-09RL,White non-Hispanic,27,0,0,0,1,0,0,0,0,2.29
30474,30474,8,POOL15-08RL,White non-Hispanic,0,1,0,0,0,0,0,0,0,0
30426,30426,3,POOL104-03RL,White non-Hispanic,0,0,1,0,0,0,0,0,0,0
10581,10581,9,POOL94-09RL,White non-Hispanic,0,1,0,0,0,0,0,0,0,0
10580,10580,10,POOL95-10RL,White non-Hispanic,0,0,1,0,0,0,0,0,0,0
10583,10583,9,POOL68-09RL,White non-Hispanic,0,0,1,0,0,0,0,0,0,0
41834,41834,8,POOL105-08RL,White non-Hispanic,0,1,0,0,0,0,0,0,0,0
10587,10587,1,POOL124-01RL,White non-Hispanic,38.7,0,0,1,1,0,0,0,0,9.47
10589,10589,7,POOL123-07RL,White non-Hispanic,36.7,0,0,0,0,0,0,0,1,13.34
41475,41475,5,POOL74-05RL,White non-Hispanic,29.7,0,0,0,1,0,0,0,0,6.92
41474,41474,11,POOL175-11RL,White non-Hispanic,33.5,0,0,1,1,0,0,0,0,5.43
30053,30053,6,POOL115-06RL,White non-Hispanic,0,0,1,0,0,0,0,0,0,0
33030,33030,11,POOL170-11RL,White non-Hispanic,35.4,0,0,0,0,0,0,0,1,12.17
41470,41470,8,POOL174-08RL,White non-Hispanic,35.4,0,0,1,0,0,0,0,0,2.09
30190,30190,10,POOL100-10RL,White non-Hispanic,0,1,0,0,0,0,0,0,0,0
41656,41656,7,POOL15S-07RL,White non-Hispanic,31.9,0,0,1,1,1,1,0,0,0.29
41656,41656,12,POOL60-12RL,White non-Hispanic,31.9,0,0,1,1,1,1,0,0,0.29
30193,30193,7,POOL10S-07RL,White non-Hispanic,41.8,0,0,0,1,1,1,0,0,2.37
30193,30193,4,POOL59-04RL,White non-Hispanic,41.8,0,0,0,1,1,1,0,0,2.37
30194,30194,10,POOL25-10RL,White non-Hispanic,40.4,0,0,0,1,0,0,0,0,2.68
41651,41651,10,POOL78-10RL,White non-Hispanic,0,0,1,0,0,0,0,0,0,0
30197,30197,5,POOL12-05RL,White non-Hispanic,0,1,0,0,0,0,0,0,0,0
30198,30198,3,POOL66-03RL,White non-Hispanic,0,0,1,0,0,0,0,0,0,0
20853,20853,6,POOL161-06RL,Black non-Hispanic,28.2,0,0,0,0,0,0,0,1,14.63
40702,40702,10,POOL99-10RL,White non-Hispanic,34.9,0,0,0,1,0,0,0,0,5.11
30216,30216,12,POOL53-12RL,White non-Hispanic,31.4,0,0,0,1,0,0,0,0,7.31
41659,41659,8,POOL110-08RL,White non-Hispanic,41.8,0,0,1,1,0,0,0,0,1.66
41658,41658,11,POOL43-11RL,White non-Hispanic,43.9,0,0,1,1,0,0,0,0,2.73
10093,10093,10,POOL111-10RL,White non-Hispanic,0,0,1,0,0,0,0,0,0,0
10204,10204,3,POOL40-03RL,White non-Hispanic,31.2,0,0,1,1,0,0,0,0,7.68
10843,10843,1,POOL123-01RL,White non-Hispanic,0,0,1,0,0,0,0,0,0,0
40490,40490,2,POOL84-02RL,White non-Hispanic,0,0,1,0,0,0,0,0,0,0
41493,41493,4,POOL81-04RL,White non-Hispanic,0,0,1,0,0,0,0,0,0,0
10201,10201,8,POOL88-08RL,White non-Hispanic,0,1,0,0,0,0,0,0,0,0
20284,20284,9,POOL90-09RL,White non-Hispanic,38.4,0,0,0,1,0,0,0,0,4.92
30759,30759,9,POOL170-09RL,White non-Hispanic,0,0,1,0,0,0,0,0,0,0
41499,41499,1,POOL157-01RL,White non-Hispanic,0,1,0,0,0,0,0,0,0,0
10208,10208,2,POOL02-02RL,White non-Hispanic,0,1,0,0,0,0,0,0,0,0
10196,10196,2,POOL40-02RL,White non-Hispanic,44.7,0,0,1,1,0,0,0,0,6.19
30515,30515,3,POOL26-03RL,White non-Hispanic,36.5,0,0,1,1,0,0,0,0,4.66
40380,40380,10,POOL10-10RL,White non-Hispanic,0,1,0,0,0,0,0,0,0,0
30699,30699,3,POOL59-03RL,White non-Hispanic,37.1,0,0,0,1,0,0,0,0,7.63
10191,10191,11,POOL111-11RL,White non-Hispanic,41.7,0,0,1,1,0,0,0,0,4.72
20362,20362,12,POOL113-12RL,White non-Hispanic,30.1,0,0,0,1,0,0,0,0,8.39
20363,20363,6,POOL38-06RL,White non-Hispanic,56.7,0,0,1,1,0,0,0,0,3.57
41849,41849,3,POOL103-03RL,White non-Hispanic,45.9,0,0,0,1,0,0,0,0,4.78
30693,30693,11,POOL59-11RL,Black non-Hispanic,40.7,0,0,0,1,0,0,0,0,8.57
30692,30692,7,POOL28-07RL,White non-Hispanic,28.3,0,0,1,1,0,0,0,0,6.72
10968,10968,6,POOL5S-06RL,Black non-Hispanic,31.7,0,0,1,1,0,0,1,1,20.92
10968,10968,9,POOL116-09RL,Black non-Hispanic,31.7,0,0,1,1,0,0,1,1,20.92
40012,40012,6,POOL91-06RL,White Hispanic,26.6,0,0,0,1,0,0,0,0,2.38
41747,41747,7,POOL86-07RL,White non-Hispanic,0,0,1,0,0,0,0,0,0,0
41747,41747,2,POOL162-02RL,White non-Hispanic,0,0,1,0,0,0,0,0,0,0
11053,11053,9,POOL96-09RL,White non-Hispanic,0,0,1,0,0,0,0,0,0,0
30287,30287,5,POOL69-05RL,White non-Hispanic,0,0,1,0,0,0,0,0,0,0
40014,40014,9,POOL6S-09RL,White non-Hispanic,25.7,0,0,0,1,0,0,1,1,27.38
40014,40014,3,POOL86-03RL,White non-Hispanic,25.7,0,0,0,1,0,0,1,1,27.38
41157,41157,11,POOL63-11RL,Black non-Hispanic,42.1,0,0,0,1,0,0,0,0,0.61
41158,41158,12,POOL104-12RL,White non-Hispanic,38.5,0,0,1,1,0,0,0,0,3.7
30454,30454,5,POOL35-05RL,White non-Hispanic,28.5,0,0,0,1,0,0,0,0,5.61
10806,10806,11,POOL108-11RL,Black non-Hispanic,34.7,0,0,0,1,0,0,0,0,1.75
30456,30456,8,POOL21-08RL,White non-Hispanic,0,1,0,0,0,0,0,0,0,0
30101,30101,8,POOL51-08RL,White non-Hispanic,29.3,0,0,0,1,0,0,0,0,10.66
30674,30674,10,POOL06-10RL,White non-Hispanic,0,1,0,0,0,0,0,0,0,0
30677,30677,11,POOL61-11RL,White non-Hispanic,32.4,0,0,1,1,0,0,0,0,3.13
30779,30779,8,POOL157-08RL,White non-Hispanic,0,0,1,0,0,0,0,0,0,0
30673,30673,4,POOL89-04RL,White non-Hispanic,24.6,0,0,1,1,0,0,0,0,4.98
21106,21106,4,POOL28-04RL,White non-Hispanic,0,1,0,0,0,0,0,0,0,0
21109,21109,4,POOL2S-04RL,White non-Hispanic,28.4,0,0,0,0,0,0,1,1,22.89
21109,21109,11,POOL158-11RL,White non-Hispanic,28.4,0,0,0,0,0,0,1,1,22.89
30776,30776,9,POOL107-09RL,White non-Hispanic,31.3,0,0,0,1,0,0,0,0,1.02
30777,30777,9,POOL54-09RL,Black non-Hispanic,30.3,0,0,0,1,0,1,0,0,3.75
30995,30995,9,POOL34-09RL,Black non-Hispanic,31.1,0,0,0,1,0,1,0,0,1.74
30288,30288,11,POOL66-11RL,White non-Hispanic,34.7,0,0,0,1,0,0,0,0,1.1
21068,21068,3,POOL03-03RL,White non-Hispanic,0,1,0,0,0,0,0,0,0,0
30832,30832,2,POOL70-02RL,White non-Hispanic,0,0,1,0,0,0,0,0,0,0
30284,30284,10,POOL84-10RL,White non-Hispanic,0,0,1,0,0,0,0,0,0,0
41728,41728,12,POOL43-12RL,White non-Hispanic,26.4,0,0,1,1,0,1,0,0,2.49
30281,30281,6,POOL59-06RL,White non-Hispanic,28.7,0,0,1,1,0,0,0,0,3.1
30663,30663,7,POOL166-07RL,White non-Hispanic,26.4,0,0,1,1,0,0,0,0,2.44
20214,20214,9,POOL104-09RL,White non-Hispanic,0,1,0,0,0,0,0,0,0,0
20215,20215,9,POOL04-09RL,White non-Hispanic,0,1,0,0,0,0,0,0,0,0
20219,20219,7,POOL109-07RL,White Hispanic,0,1,0,0,0,0,0,0,0,0
40337,40337,12,POOL72-12RL,White non-Hispanic,34.8,0,0,1,1,0,0,0,0,1.85
40844,40844,4,POOL86-04RL,White non-Hispanic,0,1,0,0,0,0,0,0,0,0
40844,40844,5,POOL168-05RL,White non-Hispanic,0,1,0,0,0,0,0,0,0,0
40840,40840,7,POOL85-07RL,White non-Hispanic,0,0,1,0,0,0,0,0,0,0
30355,30355,11,POOL70-11RL,White non-Hispanic,0,0,1,0,0,0,0,0,0,0
30608,30608,2,POOL14S-02RL,White non-Hispanic,28.2,0,0,0,0,0,0,1,1,15.47
30608,30608,9,POOL121-09RL,White non-Hispanic,28.2,0,0,0,0,0,0,1,1,15.47
40493,40493,10,POOL125-10RL,White non-Hispanic,40.8,0,0,0,0,0,0,0,1,14.44
41691,41691,7,POOL76-07RL,White non-Hispanic,34.7,0,0,0,1,0,0,0,0,2.06
30702,30702,6,POOL35-06RL,White non-Hispanic,40.7,0,0,1,1,0,0,0,0,7.92
10335,10335,9,POOL172-09RL,White non-Hispanic,57.8,0,0,0,1,0,0,0,0,3.76
10338,10338,5,POOL87-05RL,White non-Hispanic,0,1,0,0,0,0,0,0,0,0
10700,10700,6,POOL159-06RL,White non-Hispanic,29.6,0,0,1,1,0,0,0,0,4.93
20748,20748,5,POOL107-05RL,White non-Hispanic,48.7,0,0,0,1,0,0,0,0,6.45
20749,20749,11,POOL49-11RL,White non-Hispanic,32.3,0,0,0,1,0,0,0,0,8.37
10139,10139,6,POOL173-06RL,White non-Hispanic,0,0,1,0,0,0,0,0,0,0
40526,40526,4,POOL08-04RL,White non-Hispanic,0,1,0,0,0,0,0,0,0,0
40448,40448,3,POOL171-03RL,White non-Hispanic,0,1,0,0,0,0,0,0,0,0
40524,40524,12,POOL105-12RL,White non-Hispanic,0,1,0,0,0,0,0,0,0,0
40445,40445,6,POOL105-06RL,White non-Hispanic,30.3,0,0,1,1,0,0,0,0,5.93
11003,11003,6,POOL63-06RL,White non-Hispanic,0,0,1,0,0,0,0,0,0,0
11003,11003,10,POOL161-10RL,White non-Hispanic,0,0,1,0,0,0,0,0,0,0
11006,11006,12,POOL94-12RL,White non-Hispanic,0,0,1,0,0,0,0,0,0,0
11005,11005,5,POOL109-05RL,White non-Hispanic,28.6,0,0,1,1,0,0,0,0,4.81
13136,13136,4,POOL168-04RL,Black non-Hispanic,28.8,0,0,0,0,0,0,0,1,12.22
21194,21194,2,POOL102-02RL,White non-Hispanic,38.9,0,0,1,1,0,0,0,0,0.23
30075,30075,12,POOL58-12RL,White non-Hispanic,24.1,0,0,0,1,0,0,0,0,2.43
21058,21058,12,POOL39-12RL,White non-Hispanic,35.2,0,0,1,1,0,0,0,0,8.07
20824,20824,6,POOL56-06RL,White Hispanic,41.7,0,0,0,1,0,0,0,0,0
10630,10630,3,POOL4S-03RL,White non-Hispanic,36.1,0,0,0,0,0,0,1,1,27.89
10416,10416,10,POOL162-10RL,White non-Hispanic,31.4,0,0,0,1,0,0,0,0,9.39
20489,20489,10,POOL172-10RL,Black non-Hispanic,29.1,0,0,0,0,0,0,1,1,15.34
20523,20523,3,POOL56-03RL,Black non-Hispanic,25.6,0,0,0,1,0,0,0,0,9.68
10145,10145,2,POOL115-02RL,White non-Hispanic,35.2,0,0,0,1,0,0,0,0,6.74
10144,10144,1,POOL01-01RL,White non-Hispanic,0,1,0,0,0,0,0,0,0,0
30853,30853,10,POOL108-10RL,White non-Hispanic,32.4,0,0,0,1,0,0,0,0,7.45
20150,20150,9,POOL105-09RL,White non-Hispanic,0,1,0,0,0,0,0,0,0,0
41345,41345,5,POOL79-05RL,White non-Hispanic,0,0,1,0,0,0,0,0,0,0
20480,20480,12,POOL6S-12RL,White non-Hispanic,54.8,0,0,0,1,1,1,0,0,1.71
20480,20480,3,POOL49-03RL,White non-Hispanic,54.8,0,0,0,1,1,1,0,0,1.71
41340,41340,12,POOL2S-12RL,White non-Hispanic,27.1,0,0,0,0,0,0,1,1,25.3
41340,41340,5,POOL126-05RL,White non-Hispanic,27.1,0,0,0,0,0,0,1,1,25.3
10419,10419,8,POOL92-08RL,Black non-Hispanic,31.3,0,0,1,1,0,0,0,0,6.81
41342,41342,11,POOL123-11RL,White Hispanic,33,0,0,0,0,0,0,1,1,23.77
10387,10387,11,POOL119-11RL,White non-Hispanic,34.3,0,0,0,0,0,0,0,1,12.84
10385,10385,8,POOL122-08RL,White non-Hispanic,0,1,0,0,0,0,0,0,0,0
30999,30999,8,POOL126-08RL,White non-Hispanic,29.4,0,0,1,0,0,1,0,0,1.47
23249,23249,9,POOL123-09RL,Black non-Hispanic,23.9,0,0,0,0,0,0,0,1,13.66
10029,10029,5,POOL89-05RL,White non-Hispanic,34,0,0,0,1,0,0,0,0,2.42
20132,20132,9,POOL30-09RL,White non-Hispanic,0,1,0,0,0,0,0,0,0,0
10790,10790,11,POOL91-11RL,White non-Hispanic,0,1,0,0,0,0,0,0,0,0
11170,11170,10,POOL120-10RL,White non-Hispanic,25.6,0,0,0,0,0,0,0,1,12.75
10388,10388,8,POOL41-08RL,White non-Hispanic,34.1,0,0,1,1,0,0,0,0,2.36
10421,10421,4,POOL114-04RL,White non-Hispanic,0,0,1,0,0,0,0,0,0,0
10002,10002,1,POOL7S-01RL,White non-Hispanic,36.4,0,0,0,1,0,0,0,0,2.13
10002,10002,12,POOL71-12RL,White non-Hispanic,36.4,0,0,0,1,0,0,0,0,2.13
40831,40831,5,POOL76-05RL,White non-Hispanic,0,0,1,0,0,0,0,0,0,0
41232,41232,11,POOL163-11RL,White non-Hispanic,34.3,0,0,0,0,0,0,1,1,22.14
10933,10933,12,POOL172-12RL,White non-Hispanic,43.7,0,0,0,1,0,0,0,0,4.3
41289,41289,8,POOL62-08RL,White non-Hispanic,40.6,0,0,0,1,0,0,0,0,6.15
10993,10993,11,POOL166-11RL,Black non-Hispanic,33.3,0,0,0,0,0,0,1,1,25.6
41370,41370,2,POOL168-02RL,Black non-Hispanic,33.3,0,0,0,1,0,0,1,1,16.55
41336,41336,7,POOL19-07RL,White non-Hispanic,0,1,0,0,0,0,0,0,0,0
41045,41045,9,POOL60-09RL,White non-Hispanic,24,0,0,0,1,0,0,0,0,5.38
40291,40291,3,POOL173-03RL,White non-Hispanic,43.9,0,0,0,0,0,0,0,1,13.34
30482,30482,2,POOL80-02RL,White non-Hispanic,0,0,1,0,0,0,0,0,0,0
30483,30483,2,POOL72-02RL,White non-Hispanic,0,0,1,0,0,0,0,0,0,0
41163,41163,2,POOL63-02RL,White non-Hispanic,49.2,0,0,1,1,0,0,0,0,0.9
41163,41163,9,POOL159-09RL,White non-Hispanic,49.2,0,0,1,1,0,0,0,0,0.9
41165,41165,9,POOL103-09RL,White non-Hispanic,27.4,0,0,0,1,0,0,0,0,8.21
30487,30487,1,POOL15-01RL,White non-Hispanic,0,1,0,0,0,0,0,0,0,0
41695,41695,5,POOL85-05RL,White non-Hispanic,0,1,0,0,0,0,0,0,0,0
10162,10162,11,POOL90-11RL,Black non-Hispanic,0,1,0,0,0,0,0,0,0,0
40059,40059,1,POOL73-01RL,White non-Hispanic,0,1,0,0,0,0,0,0,0,0
20006,20006,8,POOL71-08RL,White non-Hispanic,0,0,1,0,0,0,0,0,0,0
20003,20003,8,POOL165-08RL,White non-Hispanic,26.8,0,0,1,0,0,0,0,0,2.48
20419,20419,3,POOL113-03RL,White non-Hispanic,0,1,0,0,0,0,0,0,0,0
10564,10564,11,POOL44-11RL,White non-Hispanic,27.7,0,0,0,1,0,0,0,0,7.76
10569,10569,2,POOL55-02RL,White non-Hispanic,29.1,0,0,0,1,0,0,0,0,2.96
10241,10241,7,POOL63-07RL,White non-Hispanic,0,0,1,0,0,0,0,0,0,0
10241,10241,11,POOL173-11RL,White non-Hispanic,0,0,1,0,0,0,0,0,0,0
41194,41194,4,POOL95-04RL,White non-Hispanic,26,0,0,1,1,0,0,0,0,3.94
10092,10092,3,POOL64-03RL,Black non-Hispanic,29.8,0,0,1,1,0,0,0,0,1.22
30413,30413,6,POOL169-06RL,White non-Hispanic,0,1,0,0,0,0,0,0,0,0
30412,30412,5,POOL54-05RL,White non-Hispanic,20.9,0,0,0,1,0,0,0,0,8.04
30414,30414,7,POOL70-07RL,White non-Hispanic,0,0,1,0,0,0,0,0,0,0
30417,30417,11,POOL99-11RL,White non-Hispanic,0,1,0,0,0,0,0,0,0,0
41193,41193,6,POOL09-06RL,White non-Hispanic,0,1,0,0,0,0,0,0,0,0
13059,13059,5,POOL125-05RL,White non-Hispanic,40.3,0,0,0,0,0,1,0,0,2.83
13116,13116,8,POOL5S-08RL,Black non-Hispanic,36.4,0,0,0,0,0,0,1,1,24.51
40116,40116,11,POOL157-11RL,White non-Hispanic,35.2,0,0,0,0,0,0,1,1,23.49
41585,41585,1,POOL80-01RL,White non-Hispanic,0,0,1,0,0,0,0,0,0,0
41584,41584,6,POOL23-06RL,White non-Hispanic,0,1,0,0,0,0,0,0,0,0
30489,30489,1,POOL173-01RL,White non-Hispanic,37.3,0,0,0,1,0,0,0,0,1.12
41429,41429,12,POOL77-12RL,White non-Hispanic,0,1,0,0,0,0,0,0,0,0
41429,41429,12,POOL158-12RL,White non-Hispanic,0,1,0,0,0,0,0,0,0,0
21026,21026,9,POOL166-09RL,White non-Hispanic,46.7,0,0,0,0,0,0,0,1,12.23
30323,30323,2,POOL99-02RL,White non-Hispanic,0,0,1,0,0,0,0,0,0,0
21029,21029,6,POOL67-06RL,White non-Hispanic,38.1,0,0,1,1,0,0,0,0,4.9
30635,30635,5,POOL25-05RL,White non-Hispanic,0,1,0,0,0,0,0,0,0,0
40362,40362,3,POOL60-03RL,White non-Hispanic,43.3,0,0,0,1,0,0,0,0,7.04
30636,30636,10,POOL14-10RL,White non-Hispanic,0,1,0,0,0,0,0,0,0,0
41565,41565,10,POOL86-10RL,White non-Hispanic,0,0,1,0,0,0,0,0,0,0
41565,41565,6,POOL165-06RL,White non-Hispanic,0,0,1,0,0,0,0,0,0,0
41566,41566,10,POOL65-10RL,White non-Hispanic,38.9,0,0,0,1,0,0,0,0,4.65
41609,41609,7,POOL66-07RL,White non-Hispanic,0,0,1,0,0,0,0,0,0,0
41121,41121,10,POOL70-10RL,White non-Hispanic,0,0,1,0,0,0,0,0,0,0
30158,30158,6,POOL170-06RL,White non-Hispanic,0,1,0,0,0,0,0,0,0,0
41569,41569,1,POOL109-01RL,White non-Hispanic,0,1,0,0,0,0,0,0,0,0
41602,41602,2,POOL86-02RL,White non-Hispanic,42.1,0,0,0,1,0,0,0,0,4.25
41602,41602,7,POOL167-07RL,White non-Hispanic,42.1,0,0,0,1,0,0,0,0,4.25
20316,20316,10,POOL3S-10RL,White non-Hispanic,36,0,0,0,0,0,0,1,1,19.11
20316,20316,3,POOL119-03RL,White non-Hispanic,36,0,0,0,0,0,0,1,1,19.11
41122,41122,2,POOL68-02RL,White non-Hispanic,0,0,1,0,0,0,0,0,0,0
30155,30155,2,POOL126-02RL,White non-Hispanic,48.1,0,0,0,0,0,1,0,0,4.78
30528,30528,4,POOL21-04RL,White non-Hispanic,0,1,0,0,0,0,0,0,0,0
30528,30528,9,POOL28-09RL,White non-Hispanic,0,1,0,0,0,0,0,0,0,0
30153,30153,3,POOL12-03RL,White non-Hispanic,0,1,0,0,0,0,0,0,0,0
30524,30524,8,POOL06-08RL,White non-Hispanic,0,1,0,0,0,0,0,0,0,0
40749,40749,5,POOL75-05RL,White non-Hispanic,0,0,1,0,0,0,0,0,0,0
10839,10839,2,POOL170-02RL,White non-Hispanic,30.5,0,0,0,0,0,0,0,1,12.16
40807,40807,3,POOL44-03RL,White non-Hispanic,20.4,0,0,1,1,0,0,0,0,2.87
40853,40853,4,POOL74-04RL,White non-Hispanic,0,0,1,0,0,0,0,0,0,0
41653,41653,3,POOL162-03RL,White Hispanic,34.7,0,0,0,0,0,0,1,1,19.19
30744,30744,11,POOL19-11RL,White non-Hispanic,0,1,0,0,0,0,0,0,0,0
23058,23058,5,POOL3S-05RL,Black non-Hispanic,33,0,0,0,0,0,0,1,1,17.74
23058,23058,9,POOL118-09RL,Black non-Hispanic,33,0,0,0,0,0,0,1,1,17.74
30024,30024,11,POOL57-11RL,White non-Hispanic,53.6,0,0,1,1,0,0,0,0,2.62
30026,30026,10,POOL68-10RL,White non-Hispanic,0,0,1,0,0,0,0,0,0,0
40327,40327,11,POOL72-11RL,White Hispanic,36.1,0,0,1,1,0,0,0,0,4.87
30020,30020,5,POOL170-05RL,White non-Hispanic,31.3,0,0,0,0,0,0,0,1,13.75
30021,30021,3,POOL115-03RL,White non-Hispanic,0,0,1,0,0,0,0,0,0,0
30022,30022,8,POOL13-08RL,White non-Hispanic,0,1,0,0,0,0,0,0,0,0
41128,41128,5,POOL64-05RL,White non-Hispanic,50,0,0,0,1,0,0,0,0,0.26
40643,40643,6,POOL82-06RL,White non-Hispanic,0,0,1,0,0,0,0,0,0,0
21093,21093,8,POOL108-08RL,White non-Hispanic,28,0,0,1,1,0,0,0,0,4.56
40646,40646,12,POOL26-12RL,White non-Hispanic,36.9,0,0,0,1,0,0,0,0,5.52
11040,11040,5,POOL03-05RL,White non-Hispanic,0,1,0,0,0,0,0,0,0,0
40562,40562,12,POOL44-12RL,White non-Hispanic,33.4,0,0,1,1,0,0,0,0,3.2
30107,30107,8,POOL166-08RL,White non-Hispanic,0,1,0,0,0,0,0,0,0,0
41634,41634,3,POOL168-03RL,White non-Hispanic,0,0,1,0,0,0,0,0,0,0
40561,40561,3,POOL22-03RL,White Hispanic,0,1,0,0,0,0,0,0,0,0
20053,20053,5,POOL97-05RL,White non-Hispanic,0,0,1,0,0,0,0,0,0,0
40564,40564,6,POOL69-06RL,White non-Hispanic,0,1,0,0,0,0,0,0,0,0
11048,11048,5,POOL33-05RL,White Hispanic,30.5,0,0,1,1,0,0,0,0,2.74
40745,40745,8,POOL168-08RL,White non-Hispanic,0,0,1,0,0,0,0,0,0,0
40422,40422,8,POOL159-08RL,White non-Hispanic,29.4,0,0,0,0,0,0,1,1,28.1
11164,11164,4,POOL118-04RL,White non-Hispanic,31.2,0,0,0,0,0,0,0,1,12.17
11165,11165,3,POOL88-03RL,Black non-Hispanic,21.6,0,0,1,1,0,0,0,0,4.71
40246,40246,8,POOL167-08RL,White non-Hispanic,28.2,0,0,0,0,0,0,0,1,13.09
30735,30735,3,POOL97-03RL,White non-Hispanic,35.3,0,0,1,1,0,0,0,0,1.96
40590,40590,3,POOL126-03RL,White non-Hispanic,26.9,0,0,0,0,0,0,0,1,12.52
20330,20330,12,POOL165-12RL,White Hispanic,35.2,0,0,0,0,0,0,1,1,25.93
40249,40249,7,POOL58-07RL,White non-Hispanic,34.9,0,0,0,1,0,0,0,0,1.67
20318,20318,7,POOL103-07RL,White non-Hispanic,42.2,0,0,0,1,0,0,0,0,2.38
40425,40425,1,POOL84-01RL,White non-Hispanic,0,0,1,0,0,0,0,0,0,0
41268,41268,8,POOL171-08RL,White non-Hispanic,26.2,0,0,0,0,0,0,0,1,12.38
41266,41266,7,POOL3S-07RL,White non-Hispanic,34.6,0,0,0,0,0,0,1,1,27.54
41266,41266,5,POOL158-05RL,White non-Hispanic,34.6,0,0,0,0,0,0,1,1,27.54
20176,20176,9,POOL5S-09RL,White non-Hispanic,43.9,0,0,0,0,0,0,1,1,24.02
20176,20176,2,POOL121-02RL,White non-Hispanic,43.9,0,0,0,0,0,0,1,1,24.02
20175,20175,10,POOL30-10RL,White non-Hispanic,38,0,0,1,1,0,0,0,0,10.37
41265,41265,10,POOL96-10RL,White non-Hispanic,22.7,0,0,0,1,0,0,0,0,3.85
20678,20678,8,POOL49-08RL,White non-Hispanic,23.5,0,0,1,1,0,0,0,0,0.28
41261,41261,11,POOL77-11RL,White non-Hispanic,31.1,0,0,0,1,0,0,0,0,7.18
20779,20779,12,POOL100-12RL,White non-Hispanic,33.6,0,0,0,1,0,0,0,0,5.74
40411,40411,2,POOL92-02RL,White non-Hispanic,0,0,1,0,0,0,0,0,0,0
10343,10343,6,POOL60-06RL,White non-Hispanic,42.6,0,0,0,1,0,0,0,0,7.52
20777,20777,11,POOL65-11RL,White non-Hispanic,44,0,0,1,1,0,0,1,1,16.66
20776,20776,2,POOL49-02RL,White Hispanic,29.5,0,0,1,1,0,0,0,0,3.39
20771,20771,3,POOL28-03RL,White non-Hispanic,0,1,0,0,0,0,0,0,0,0
40418,40418,2,POOL171-02RL,White non-Hispanic,28.3,0,0,0,0,0,0,0,1,13.3
40419,40419,10,POOL62-10RL,White Hispanic,34.6,0,0,1,1,0,1,0,0,3.85
40967,40967,7,POOL175-07RL,White Hispanic,35.7,0,0,0,1,0,0,0,0,2.66
30932,30932,8,POOL1S-08RL,White non-Hispanic,35.8,0,0,0,0,0,0,1,1,17.56
30932,30932,4,POOL2021S-04RL,White non-Hispanic,35.8,0,0,0,0,0,0,1,1,17.56
30932,30932,10,POOL118-10RL,White non-Hispanic,35.8,0,0,0,0,0,0,1,1,17.56
30933,30933,5,POOL58-05RL,White non-Hispanic,24.3,0,0,0,1,0,0,0,0,4.23
20736,20736,12,POOL37-12RL,White Hispanic,31,0,0,1,1,0,0,0,0,0.71
30935,30935,9,POOL76-09RL,White non-Hispanic,0,0,1,0,0,0,0,0,0,0
31042,31042,12,POOL110-12RL,White non-Hispanic,0,0,1,0,0,0,0,0,0,0
10662,10662,3,POOL55-03RL,White non-Hispanic,36.3,0,0,0,1,0,1,0,0,4
23124,23124,8,POOL160-08RL,Black non-Hispanic,30.2,0,0,0,0,0,0,1,1,15.41
10669,10669,2,POOL112-02RL,White Hispanic,32.4,0,0,0,1,0,0,0,0,1.89
10741,10741,6,POOL167-06RL,White non-Hispanic,0,0,1,0,0,0,0,0,0,0
41382,41382,5,POOL166-05RL,White non-Hispanic,0,0,1,0,0,0,0,0,0,0
20906,20906,9,POOL17S-09RL,White non-Hispanic,19.3,0,0,0,1,1,1,0,0,2.05
20906,20906,9,POOL57-09RL,White non-Hispanic,19.3,0,0,0,1,1,1,0,0,2.05
10526,10526,6,POOL18S-06RL,White non-Hispanic,39.8,0,0,1,1,0,0,1,1,27.32
10526,10526,1,POOL95-01RL,White non-Hispanic,39.8,0,0,1,1,0,0,1,1,27.32
20042,20042,6,POOL46-06RL,White non-Hispanic,31.6,0,0,0,1,0,1,0,0,5.05
41414,41414,3,POOL68-03RL,White non-Hispanic,42.8,0,0,1,1,0,0,0,0,2.9
41416,41416,10,POOL64-10RL,White non-Hispanic,26.5,0,0,1,1,0,1,0,0,2.18
41411,41411,12,POOL85-12RL,White non-Hispanic,32,0,0,0,1,0,0,0,0,11.37
30018,30018,6,POOL117-06RL,White non-Hispanic,33.3,0,0,1,1,0,0,0,0,0.58
20519,20519,7,POOL105-07RL,White non-Hispanic,0,0,1,0,0,0,0,0,0,0
20518,20518,1,POOL04-01RL,White non-Hispanic,0,1,0,0,0,0,0,0,0,0
41398,41398,3,POOL163-03RL,White non-Hispanic,0,0,1,0,0,0,0,0,0,0
40833,40833,12,POOL122-12RL,White non-Hispanic,34.1,0,0,0,0,0,0,0,1,13.53
10444,10444,3,POOL87-03RL,White non-Hispanic,35.9,0,0,1,1,0,0,0,0,2.68
10446,10446,10,POOL176-10RL,White non-Hispanic,33.6,0,0,0,1,0,0,1,1,17.19
41395,41395,7,POOL173-07RL,White non-Hispanic,44.1,0,0,0,1,0,0,0,0,4
13098,13098,7,POOL125-07RL,White non-Hispanic,26.5,0,0,0,0,0,0,1,1,18.49
20680,20680,11,POOL75-11RL,White non-Hispanic,0,0,1,0,0,0,0,0,0,0
30698,30698,8,POOL118-08RL,White non-Hispanic,30.1,0,0,1,1,0,0,0,0,2.17
13091,13091,2,POOL164-02RL,White non-Hispanic,25.2,0,0,0,0,0,0,1,1,18.62
41301,41301,6,POOL166-06RL,White Hispanic,0,1,0,0,0,0,0,0,0,0
41302,41302,7,POOL71-07RL,White non-Hispanic,0,0,1,0,0,0,0,0,0,0
41305,41305,6,POOL17S-06RL,White non-Hispanic,39.5,0,0,0,1,1,1,0,0,2.34
41305,41305,7,POOL65-07RL,White non-Hispanic,39.5,0,0,0,1,1,1,0,0,2.34
10595,10595,5,POOL169-05RL,White non-Hispanic,0,0,1,0,0,0,0,0,0,0
30074,30074,8,POOL117-08RL,White non-Hispanic,0,1,0,0,0,0,0,0,0,0
40738,40738,2,POOL42-02RL,White non-Hispanic,30.9,0,0,1,1,0,0,0,0,3.46
30383,30383,6,POOL164-06RL,White non-Hispanic,0,0,1,0,0,0,0,0,0,0
41130,41130,1,POOL85-01RL,White non-Hispanic,0,0,1,0,0,0,0,0,0,0
10261,10261,4,POOL174-04RL,White non-Hispanic,45.7,0,0,0,0,0,0,0,1,12.46
40732,40732,2,POOL108-02RL,White non-Hispanic,0,1,0,0,0,0,0,0,0,0
40514,40514,5,POOL86-05RL,White non-Hispanic,0,1,0,0,0,0,0,0,0,0
40514,40514,1,POOL160-01RL,White non-Hispanic,0,1,0,0,0,0,0,0,0,0
30162,30162,4,POOL110-04RL,White non-Hispanic,0,1,0,0,0,0,0,0,0,0
10231,10231,2,POOL13S-02RL,White non-Hispanic,48,0,0,0,1,0,0,0,0,1.71
20421,20421,9,POOL162-09RL,White non-Hispanic,34,0,0,1,1,0,0,0,0,8.27
20420,20420,12,POOL55-12RL,White non-Hispanic,40.3,0,0,0,1,0,0,0,0,1.81
41521,41521,12,POOL99-12RL,White non-Hispanic,39.2,0,0,1,1,0,1,0,0,6.81
10239,10239,12,POOL111-12RL,White non-Hispanic,0,1,0,0,0,0,0,0,0,0
10238,10238,2,POOL4S-02RL,White non-Hispanic,25.2,0,0,0,0,0,0,1,1,15.94
10238,10238,12,POOL124-12RL,White non-Hispanic,25.2,0,0,0,0,0,0,1,1,15.94
41526,41526,7,POOL114-07RL,White non-Hispanic,0,0,1,0,0,0,0,0,0,0
20197,20197,8,POOL19S-08RL,White non-Hispanic,34,0,0,0,0,0,0,1,1,23
20197,20197,9,POOL120-09RL,White non-Hispanic,34,0,0,0,0,0,0,1,1,23
30562,30562,1,POOL97-01RL,White non-Hispanic,22.5,0,0,1,1,0,0,0,0,8.04
20193,20193,11,POOL76-11RL,White non-Hispanic,0,0,1,0,0,0,0,0,0,0
11049,11049,4,POOL96-04RL,White non-Hispanic,0,0,1,0,0,0,0,0,0,0
20057,20057,7,POOL30-07RL,White Hispanic,25.7,0,0,0,1,0,0,0,0,1.82
20199,20199,6,POOL123-06RL,White non-Hispanic,48.7,0,0,0,0,0,1,0,0,2.35
30686,30686,12,POOL61-12RL,White non-Hispanic,28.1,0,0,0,1,0,0,0,0,3.79
40457,40457,10,POOL81-10RL,White non-Hispanic,0,1,0,0,0,0,0,0,0,0
40145,40145,2,POOL73-02RL,White non-Hispanic,0,0,1,0,0,0,0,0,0,0
20734,20734,9,POOL71-09RL,White non-Hispanic,0,0,1,0,0,0,0,0,0,0
40141,40141,1,POOL113-01RL,White non-Hispanic,0,0,1,0,0,0,0,0,0,0
30448,30448,9,POOL18-09RL,White non-Hispanic,0,1,0,0,0,0,0,0,0,0
30444,30444,2,POOL123-02RL,Black non-Hispanic,0,0,1,0,0,0,0,0,0,0
30445,30445,1,POOL168-01RL,White non-Hispanic,0,0,1,0,0,0,0,0,0,0
30442,30442,7,POOL160-07RL,White non-Hispanic,0,1,0,0,0,0,0,0,0,0
10874,10874,6,POOL92-06RL,White non-Hispanic,0,1,0,0,0,0,0,0,0,0
40355,40355,8,POOL74-08RL,White non-Hispanic,0,1,0,0,0,0,0,0,0,0
30840,30840,3,POOL57-03RL,White non-Hispanic,36.3,0,0,0,1,0,0,0,0,1.41
30841,30841,12,POOL120-12RL,Black non-Hispanic,35.1,0,0,0,0,0,0,0,1,14.16
40351,40351,7,POOL120-07RL,White non-Hispanic,38.7,0,0,0,0,0,0,0,1,12.04
30847,30847,3,POOL158-03RL,White non-Hispanic,0,0,1,0,0,0,0,0,0,0
21115,21115,6,POOL157-06RL,White non-Hispanic,0,1,0,0,0,0,0,0,0,0
40214,40214,5,POOL104-05RL,White non-Hispanic,0,1,0,0,0,0,0,0,0,0
40217,40217,6,POOL58-06RL,White non-Hispanic,32.8,0,0,0,1,0,0,0,0,5.74
20038,20038,11,POOL162-11RL,Black non-Hispanic,24.5,0,0,0,0,0,0,1,1,15.71
41635,41635,6,POOL77-06RL,White non-Hispanic,0,0,1,0,0,0,0,0,0,0
41829,41829,12,POOL79-12RL,White non-Hispanic,38.2,0,0,1,1,0,0,0,0,5.51
11088,11088,8,POOL55-08RL,Black non-Hispanic,28.8,0,0,1,1,0,0,0,0,7.23
41734,41734,11,POOL160-11RL,White Hispanic,40.2,0,0,0,0,0,0,0,1,12.74
41823,41823,12,POOL22-12RL,White Hispanic,0,1,0,0,0,0,0,0,0,0
30953,30953,6,POOL106-06RL,White non-Hispanic,31.1,0,0,1,1,0,0,0,0,3.2
11086,11086,7,POOL55-07RL,White non-Hispanic,27,0,0,1,1,0,1,0,0,3.17
11085,11085,2,POOL113-02RL,Black non-Hispanic,0,0,1,0,0,0,0,0,0,0
40906,40906,6,POOL75-06RL,White non-Hispanic,0,0,1,0,0,0,0,0,0,0
20224,20224,9,POOL124-09RL,White non-Hispanic,23.7,0,0,0,0,0,0,0,1,12.21
30514,30514,10,POOL126-10RL,White non-Hispanic,24.3,0,0,0,0,0,0,0,1,13.29
40890,40890,3,POOL170-03RL,White Hispanic,43,0,0,0,0,0,0,1,1,16.98
30397,30397,4,POOL176-04RL,White non-Hispanic,0,0,1,0,0,0,0,0,0,0
20555,20555,10,POOL119-10RL,White non-Hispanic,30.2,0,0,0,0,0,0,1,1,16.36
40908,40908,2,POOL21-02RL,White non-Hispanic,0,1,0,0,0,0,0,0,0,0
10907,10907,4,POOL16-04RL,White non-Hispanic,0,1,0,0,0,0,0,0,0,0
20479,20479,11,POOL6S-11RL,White non-Hispanic,30.7,0,0,0,0,0,0,1,1,15.22
40324,40324,4,POOL121-04RL,White non-Hispanic,28.8,0,0,0,0,0,0,0,1,14.74
30201,30201,8,POOL20-08RL,White non-Hispanic,0,1,0,0,0,0,0,0,0,0
10121,10121,10,POOL94-10RL,White non-Hispanic,0,1,0,0,0,0,0,0,0,0
10902,10902,5,POOL4S-05RL,White non-Hispanic,33.9,0,0,0,0,0,0,1,1,21.23
10902,10902,9,POOL158-09RL,White non-Hispanic,33.9,0,0,0,0,0,0,1,1,21.23
30366,30366,11,POOL94-11RL,White non-Hispanic,0,1,0,0,0,0,0,0,0,0
40286,40286,8,POOL58-08RL,White non-Hispanic,30,0,0,1,1,0,0,0,0,2.21
30010,30010,4,POOL10S-04RL,White non-Hispanic,29.6,0,0,1,1,1,1,0,0,0.81
30010,30010,5,POOL51-05RL,White non-Hispanic,29.6,0,0,1,1,1,1,0,0,0.81
21100,21100,2,POOL35-02RL,White non-Hispanic,47,0,0,0,1,0,0,0,0,0.26
31016,31016,4,POOL122-04RL,White non-Hispanic,25.5,0,0,0,0,0,0,0,1,13.5
20036,20036,10,POOL56-10RL,White non-Hispanic,31.8,0,0,0,1,0,0,0,0,7.8
20632,20632,3,POOL31-03RL,White non-Hispanic,0,1,0,0,0,0,0,0,0,0
10304,10304,7,POOL97-07RL,White non-Hispanic,32,0,0,0,1,0,0,0,0,3.23
30019,30019,11,POOL73-11RL,White non-Hispanic,0,0,1,0,0,0,0,0,0,0
10302,10302,8,POOL95-08RL,White non-Hispanic,44.9,0,0,0,1,0,0,0,0,5.26
20637,20637,1,POOL74-01RL,White non-Hispanic,0,0,1,0,0,0,0,0,0,0
11123,11123,10,POOL112-10RL,White non-Hispanic,0,0,1,0,0,0,0,0,0,0
30382,30382,7,POOL59-07RL,White non-Hispanic,39.8,0,0,0,1,0,0,0,0,0.28
11185,11185,8,POOL109-08RL,American Indian or Alaskan Native,0,0,1,0,0,0,0,0,0,0
30388,30388,1,POOL26-01RL,White non-Hispanic,38.9,0,0,0,1,0,1,0,0,2.29
11150,11150,10,POOL92-10RL,White non-Hispanic,0,0,1,0,0,0,0,0,0,0
11153,11153,7,POOL165-07RL,White non-Hispanic,0,0,1,0,0,0,0,0,0,0
41857,41857,8,POOL79-08RL,White non-Hispanic,0,0,1,0,0,0,0,0,0,0
11013,11013,6,POOL55-06RL,White non-Hispanic,38.6,0,0,0,1,0,0,0,0,5.11
41406,41406,8,POOL93-08RL,Asian or Pacific Islander,29,0,0,0,1,0,1,0,0,0.26
20830,20830,7,POOL111-07RL,White non-Hispanic,0,1,0,0,0,0,0,0,0,0
20837,20837,12,POOL75-12RL,White non-Hispanic,32.9,0,0,0,1,0,0,0,1,12.31
30068,30068,6,POOL122-06RL,White non-Hispanic,31.2,0,0,0,0,0,0,0,1,12.66
30069,30069,11,POOL176-11RL,White non-Hispanic,35,0,0,0,1,0,0,0,0,7.11
20839,20839,5,POOL118-05RL,White non-Hispanic,28.6,0,0,1,1,0,0,0,0,5.4
40209,40209,8,POOL115-08RL,White non-Hispanic,0,0,1,0,0,0,0,0,0,0
10401,10401,9,POOL42-09RL,White non-Hispanic,26.1,0,0,1,1,0,0,0,0,4.69
10403,10403,10,POOL42-10RL,White non-Hispanic,48.2,0,0,1,1,0,0,0,0,1.62
41293,41293,10,POOL17-10RL,White non-Hispanic,0,1,0,0,0,0,0,0,0,0
20089,20089,4,POOL15S-04RL,White non-Hispanic,36.3,0,0,0,1,1,1,0,0,2.34
20089,20089,8,POOL30-08RL,White non-Hispanic,36.3,0,0,0,1,1,1,0,0,2.34
20123,20123,6,POOL102-06RL,White non-Hispanic,0,1,0,0,0,0,0,0,0,0
30392,30392,8,POOL59-08RL,White non-Hispanic,40.3,0,0,0,1,0,0,0,0,4.63
20086,20086,6,POOL111-06RL,White non-Hispanic,36.3,0,0,0,1,0,0,1,1,16.52
30324,30324,12,POOL91-12RL,White non-Hispanic,24.9,0,0,1,1,0,0,0,0,2.85
10396,10396,1,POOL96-01RL,White non-Hispanic,24.2,0,0,1,1,0,0,0,0,5.33
10398,10398,7,POOL87-07RL,White non-Hispanic,0,0,1,0,0,0,0,0,0,0
33165,33165,7,POOL161-07RL,White non-Hispanic,28.1,0,0,0,0,0,1,0,0,2.81
41221,41221,3,POOL78-03RL,White non-Hispanic,47.1,0,0,0,1,0,0,0,0,4.79
40360,40360,2,POOL75-02RL,White non-Hispanic,30.2,0,0,0,1,0,0,0,0,1.33
41179,41179,2,POOL2S-02RL,White non-Hispanic,32.5,0,0,0,0,0,0,0,1,12.32
41179,41179,9,POOL122-09RL,White non-Hispanic,32.5,0,0,0,0,0,0,0,1,12.32
10273,10273,5,POOL18S-05RL,White non-Hispanic,42.7,0,0,1,1,0,0,1,1,19.61
10273,10273,3,POOL114-03RL,White non-Hispanic,42.7,0,0,1,1,0,0,1,1,19.61
41725,41725,4,POOL80-04RL,White non-Hispanic,30,0,0,0,1,0,0,0,0,6.41
40201,40201,7,POOL104-07RL,White non-Hispanic,55.3,0,0,0,1,0,0,0,0,5.11
40175,40175,7,POOL101-07RL,White non-Hispanic,37.3,0,0,1,1,0,0,0,0,3.6
41078,41078,3,POOL121-03RL,White non-Hispanic,23.4,0,0,0,0,0,0,0,1,12.29
40880,40880,7,POOL84-07RL,White non-Hispanic,0,0,1,0,0,0,0,0,0,0
10476,10476,7,POOL68-07RL,White non-Hispanic,39,0,0,0,1,0,0,0,0,5.31
20014,20014,9,POOL56-09RL,White non-Hispanic,32.8,0,0,1,1,0,0,0,0,1.87
20543,20543,6,POOL15S-06RL,White non-Hispanic,50.8,0,0,0,1,1,1,0,0,1.22
20543,20543,1,POOL108-01RL,White non-Hispanic,50.8,0,0,0,1,1,1,0,0,1.22
10473,10473,5,POOL90-05RL,White non-Hispanic,29.9,0,0,1,1,0,0,0,0,2.84
40886,40886,8,POOL106-08RL,White non-Hispanic,0,0,1,0,0,0,0,0,0,0
20393,20393,8,POOL116-08RL,White non-Hispanic,27.8,0,0,1,1,0,0,0,0,10.43
20019,20019,6,POOL03-06RL,Black non-Hispanic,0,1,0,0,0,0,0,0,0,0
20462,20462,3,POOL112-03RL,White non-Hispanic,0,1,0,0,0,0,0,0,0,0
20465,20465,11,POOL01-11RL,White non-Hispanic,0,1,0,0,0,0,0,0,0,0
10478,10478,12,POOL17-12RL,White non-Hispanic,0,1,0,0,0,0,0,0,0,0
20395,20395,7,POOL38-07RL,White non-Hispanic,37.5,0,0,1,1,0,0,0,0,7.21
13179,13179,5,POOL122-05RL,Black non-Hispanic,33.8,0,0,0,0,0,0,1,1,23.05
10432,10432,6,POOL68-06RL,White non-Hispanic,25,0,0,1,1,0,0,1,1,20.61
10088,10088,7,POOL91-07RL,White non-Hispanic,31.5,0,0,0,1,0,0,0,0,8.75
30405,30405,4,POOL53-04RL,White non-Hispanic,56.1,0,0,1,1,0,0,0,0,4.04
30409,30409,8,POOL98-08RL,White non-Hispanic,0,1,0,0,0,0,0,0,0,0
10081,10081,9,POOL114-09RL,White non-Hispanic,0,1,0,0,0,0,0,0,0,0
20507,20507,12,POOL164-12RL,White non-Hispanic,30.8,0,0,0,0,0,0,0,1,12.01
41451,41451,12,POOL126-12RL,White non-Hispanic,32.7,0,0,0,0,0,0,0,1,12.41
20087,20087,1,POOL107-01RL,White non-Hispanic,0,1,0,0,0,0,0,0,0,0
41452,41452,11,POOL33-11RL,White non-Hispanic,42.6,0,0,1,1,0,0,0,0,3.55
20492,20492,1,POOL3S-01RL,White non-Hispanic,29.5,0,0,0,1,0,0,0,0,8.29
20492,20492,2,POOL56-02RL,White non-Hispanic,29.5,0,0,0,1,0,0,0,0,8.29
30645,30645,1,POOL70-01RL,White non-Hispanic,0,0,1,0,0,0,0,0,0,0
41459,41459,2,POOL78-02RL,White non-Hispanic,49.5,0,0,0,1,0,0,0,0,2.71
41593,41593,7,POOL83-07RL,White Hispanic,0,1,0,0,0,0,0,0,0,0
20498,20498,8,POOL39-08RL,White non-Hispanic,36,0,0,0,1,0,0,0,0,2.6
30646,30646,8,POOL75-08RL,White non-Hispanic,0,0,1,0,0,0,0,0,0,0
41596,41596,8,POOL78-08RL,White non-Hispanic,0,0,1,0,0,0,0,0,0,0
30580,30580,2,POOL97-02RL,White non-Hispanic,0,1,0,0,0,0,0,0,0,0
30239,30239,5,POOL59-05RL,White non-Hispanic,36.9,0,0,0,1,0,0,0,0,1.06
21018,21018,2,POOL165-02RL,White non-Hispanic,26.5,0,0,0,0,0,0,0,1,13.63
30235,30235,11,POOL32-11RL,White non-Hispanic,48.3,0,0,0,1,0,0,0,0,1.05
21015,21015,3,POOL124-03RL,White non-Hispanic,32.1,0,0,0,0,0,0,0,1,14.24
40315,40315,1,POOL171-01RL,White non-Hispanic,25.6,0,0,0,0,0,0,0,1,14.02
30230,30230,8,POOL120-08RL,White non-Hispanic,26.7,0,0,0,0,0,0,1,1,20.72
30233,30233,9,POOL69-09RL,White non-Hispanic,0,0,1,0,0,0,0,0,0,0
40088,40088,6,POOL103-06RL,White non-Hispanic,0,1,0,0,0,0,0,0,0,0
41574,41574,11,POOL81-11RL,White non-Hispanic,0,0,1,0,0,0,0,0,0,0
40363,40363,4,POOL71-04RL,White non-Hispanic,31.1,0,0,0,1,0,0,0,0,8.72
30310,30310,12,POOL27-12RL,White non-Hispanic,39,0,0,0,1,0,0,0,0,4.27
41670,41670,12,POOL103-12RL,White non-Hispanic,0,0,1,0,0,0,0,0,0,0
41673,41673,11,POOL67-11RL,White non-Hispanic,32.5,0,0,0,1,0,0,0,0,4.16
40082,40082,8,POOL85-08RL,White non-Hispanic,0,1,0,0,0,0,0,0,0,0
20268,20268,10,POOL04-10RL,White non-Hispanic,0,1,0,0,0,0,0,0,0,0
20066,20066,2,POOL25-02RL,White non-Hispanic,36.2,0,0,1,1,0,0,0,0,3.34
20060,20060,5,POOL17-05RL,White non-Hispanic,0,1,0,0,0,0,0,0,0,0
20305,20305,4,POOL25-04RL,White non-Hispanic,28.4,0,0,0,1,0,0,0,1,13.42
20306,20306,7,POOL13-07RL,White Hispanic,0,1,0,0,0,0,0,0,0,0
20068,20068,10,POOL124-10RL,White non-Hispanic,27,0,0,0,0,0,0,0,1,12.63
10949,10949,9,POOL160-09RL,White non-Hispanic,28,0,0,0,1,0,0,0,0,5.2
41687,41687,12,POOL101-12RL,White non-Hispanic,33.1,0,0,0,1,0,0,0,0,2.94
30125,30125,2,POOL69-02RL,White non-Hispanic,0,0,1,0,0,0,0,0,0,0
30124,30124,2,POOL58-02RL,White non-Hispanic,46.5,0,0,0,1,0,0,0,0,0.72
10820,10820,4,POOL165-04RL,White non-Hispanic,0,0,1,0,0,0,0,0,0,0
30536,30536,9,POOL59-09RL,White non-Hispanic,25.2,0,0,0,1,0,0,0,0,1.73
40959,40959,5,POOL44-05RL,White non-Hispanic,38.9,0,0,1,1,0,0,0,0,1.7
40774,40774,3,POOL65-03RL,White non-Hispanic,48.4,0,0,0,1,0,0,0,0,1.98
40817,40817,5,POOL23-05RL,White non-Hispanic,0,1,0,0,0,0,0,0,0,0
30531,30531,7,POOL54-07RL,White non-Hispanic,22.5,0,0,1,1,0,0,0,0,6.63
40224,40224,4,POOL16S-04RL,White non-Hispanic,41.2,0,0,1,1,1,1,0,0,2.64
40224,40224,10,POOL72-10RL,White non-Hispanic,41.2,0,0,1,1,1,1,0,0,2.64
40555,40555,2,POOL116-02RL,White non-Hispanic,37.3,0,0,1,1,0,1,0,0,3.73
30752,30752,4,POOL78-04RL,White non-Hispanic,0,0,1,0,0,0,0,0,0,0
30751,30751,3,POOL81-03RL,White non-Hispanic,0,0,1,0,0,0,0,0,0,0
30051,30051,11,POOL64-11RL,White non-Hispanic,33.6,0,0,1,1,0,0,0,0,3.38
30050,30050,7,POOL51-07RL,White non-Hispanic,25.6,0,0,1,1,0,0,0,0,3.86
40494,40494,3,POOL76-03RL,White non-Hispanic,0,0,1,0,0,0,0,0,0,0
40228,40228,10,POOL82-10RL,White non-Hispanic,0,0,1,0,0,0,0,0,0,0
30057,30057,1,POOL69-01RL,White non-Hispanic,0,0,1,0,0,0,0,0,0,0
30056,30056,4,POOL05-04RL,White non-Hispanic,0,1,0,0,0,0,0,0,0,0
40795,40795,2,POOL61-02RL,White non-Hispanic,28.4,0,0,0,1,0,0,0,0,9.4
40795,40795,2,POOL64-02RL,White non-Hispanic,28.4,0,0,0,1,0,0,0,0,9.4
21083,21083,10,POOL17S-10RL,White non-Hispanic,45.7,0,0,0,1,1,1,0,0,2.2
21083,21083,3,POOL50-03RL,White non-Hispanic,45.7,0,0,0,1,1,1,0,0,2.2
40791,40791,11,POOL98-11RL,White non-Hispanic,28,0,0,0,1,0,0,0,0,3.38
21087,21087,1,POOL115-01RL,White non-Hispanic,36.6,0,0,0,1,0,1,0,0,3.28
30833,30833,8,POOL161-08RL,White non-Hispanic,0,1,0,0,0,0,0,0,0,0
21089,21089,10,POOL57-10RL,White non-Hispanic,47.6,0,0,0,1,0,0,0,0,2.54
40798,40798,4,POOL171-04RL,Black non-Hispanic,26.8,0,0,0,0,0,0,0,1,12.86
30835,30835,10,POOL107-10RL,White non-Hispanic,26.7,0,0,1,1,0,0,0,0,3.04
30834,30834,5,POOL106-05RL,White non-Hispanic,0,0,1,0,0,0,0,0,0,0
11119,11119,7,POOL64-07RL,White non-Hispanic,0,0,1,0,0,0,0,0,0,0
11118,11118,3,POOL45-03RL,White non-Hispanic,49.8,0,0,0,1,0,0,0,0,6.61
11111,11111,11,POOL11-11RL,Other,0,1,0,0,0,0,0,0,0,0
11117,11117,3,POOL118-03RL,White non-Hispanic,0,0,1,0,0,0,0,0,0,0
30336,30336,1,POOL158-01RL,White non-Hispanic,0,1,0,0,0,0,0,0,0,0
30330,30330,11,POOL84-11RL,White non-Hispanic,0,0,1,0,0,0,0,0,0,0
40258,40258,1,POOL121-01RL,White non-Hispanic,39.9,0,0,0,0,0,0,0,1,12.39
30339,30339,8,POOL107-08RL,White non-Hispanic,0,1,0,0,0,0,0,0,0,0
40332,40332,3,POOL159-03RL,White non-Hispanic,30.5,0,0,0,1,0,0,0,0,0.69
20168,20168,8,POOL05-08RL,White non-Hispanic,0,1,0,0,0,0,0,0,0,0
10350,10350,2,POOL29-02RL,White non-Hispanic,39.4,0,0,0,1,0,0,0,0,6.19
20604,20604,10,POOL36-10RL,White non-Hispanic,28.2,0,0,0,1,0,0,0,0,10.01
10059,10059,6,POOL119-06RL,White non-Hispanic,0,0,1,0,0,0,0,0,0,0
41253,41253,7,POOL89-07RL,White non-Hispanic,42.6,0,0,1,1,0,0,0,0,4.96
10056,10056,6,POOL89-06RL,White non-Hispanic,0,1,0,0,0,0,0,0,0,0
10358,10358,6,POOL90-06RL,White non-Hispanic,49.1,0,0,0,1,0,0,0,0,0.7
30546,30546,7,POOL124-07RL,White non-Hispanic,44.3,0,0,1,0,0,0,0,0,2.08
20167,20167,7,POOL06-07RL,White non-Hispanic,0,1,0,0,0,0,0,0,0,0
33155,33155,6,POOL120-06RL,Black non-Hispanic,29.4,0,0,0,0,0,0,1,1,19.86
40420,40420,3,POOL72-03RL,Black non-Hispanic,40.8,0,0,0,1,0,0,0,0,2.3
20768,20768,12,POOL49-12RL,White non-Hispanic,30.7,0,0,0,1,0,0,0,0,4.66
40429,40429,10,POOL169-10RL,White Hispanic,0,1,0,0,0,0,0,0,0,0
20170,20170,2,POOL174-02RL,White non-Hispanic,0,1,0,0,0,0,0,0,0,0
11024,11024,5,POOL95-05RL,White non-Hispanic,0,1,0,0,0,0,0,0,0,0
20893,20893,4,POOL116-04RL,Black Hispanic,0,1,0,0,0,0,0,0,0,0
10617,10617,1,POOL170-01RL,White non-Hispanic,0,1,0,0,0,0,0,0,0,0
40499,40499,9,POOL157-09RL,White Hispanic,46.3,0,0,1,0,0,0,0,0,3.55
10755,10755,5,POOL55-05RL,White Hispanic,38.3,0,0,0,1,0,1,0,0,1.28
41161,41161,6,POOL114-06RL,White non-Hispanic,0,0,1,0,0,0,0,0,0,0
10538,10538,7,POOL60-07RL,Black non-Hispanic,27.2,0,0,1,1,0,0,0,0,0.76
41407,41407,10,POOL32-10RL,White Hispanic,23.7,0,0,1,1,0,0,1,1,18.16
41402,41402,9,POOL67-09RL,White non-Hispanic,39.9,0,0,0,1,0,0,0,0,6.19
11200,11200,8,POOL173-08RL,White non-Hispanic,35.2,0,0,1,1,0,1,0,0,3.78
20119,20119,12,POOL11-12RL,White non-Hispanic,0,1,0,0,0,0,0,0,0,0
20502,20502,10,POOL93-10RL,White non-Hispanic,0,0,1,0,0,0,0,0,0,0
10433,10433,3,POOL89-03RL,White non-Hispanic,26.2,0,0,1,1,0,0,0,0,3.42
20501,20501,5,POOL15-05RL,White non-Hispanic,0,1,0,0,0,0,0,0,0,0
20111,20111,12,POOL90-12RL,White non-Hispanic,25.5,0,0,0,1,0,0,0,0,5.2
41660,41660,2,POOL79-02RL,White non-Hispanic,0,0,1,0,0,0,0,0,0,0
10437,10437,8,POOL172-08RL,White non-Hispanic,46.1,0,0,0,1,0,0,0,0,6.71
41082,41082,3,POOL62-03RL,White non-Hispanic,27.2,0,0,1,1,0,0,0,0,4.96
20698,20698,11,POOL92-11RL,White non-Hispanic,0,1,0,0,0,0,0,0,0,0
20699,20699,4,POOL13S-04RL,White non-Hispanic,37.7,0,0,0,0,0,0,1,1,15.25
20699,20699,11,POOL121-11RL,White non-Hispanic,37.7,0,0,0,0,0,0,1,1,15.25
41086,41086,10,POOL20-10RL,White non-Hispanic,0,1,0,0,0,0,0,0,0,0
41084,41084,4,POOL162-04RL,White non-Hispanic,27.1,0,0,0,0,0,0,1,1,15.24
20693,20693,9,POOL19S-09RL,White non-Hispanic,44.8,0,0,0,1,0,0,0,0,1.2
20693,20693,2,POOL31-02RL,White non-Hispanic,44.8,0,0,0,1,0,0,0,0,1.2
20591,20591,7,POOL45-07RL,White non-Hispanic,25.5,0,0,1,1,0,0,0,0,4
20595,20595,10,POOL61-10RL,White non-Hispanic,35,0,0,1,1,0,0,0,0,6.8
41314,41314,8,POOL65-08RL,White non-Hispanic,32.3,0,0,1,1,0,1,0,0,3.54
20596,20596,10,POOL74-10RL,White non-Hispanic,40.9,0,0,0,1,0,0,0,0,1.93
30711,30711,5,POOL20-05RL,White non-Hispanic,0,1,0,0,0,0,0,0,0,0
30711,30711,11,POOL28-11RL,White non-Hispanic,0,1,0,0,0,0,0,0,0,0
10344,10344,6,POOL84-06RL,White non-Hispanic,30.8,0,0,0,1,0,0,0,0,9.08
30267,30267,9,POOL78-09RL,White non-Hispanic,0,0,1,0,0,0,0,0,0,0
41105,41105,9,POOL83-09RL,White non-Hispanic,0,0,1,0,0,0,0,0,0,0
30179,30179,11,POOL93-11RL,White non-Hispanic,39.3,0,0,0,1,0,0,0,0,3.68
30177,30177,12,POOL52-12RL,White Hispanic,25.5,0,0,0,1,0,0,0,0,0.25
41108,41108,4,POOL62-04RL,White non-Hispanic,37.2,0,0,0,1,0,1,0,0,4.64
40041,40041,10,POOL63-10RL,White non-Hispanic,36.2,0,0,0,1,0,0,0,0,4.27
40041,40041,11,POOL165-11RL,White non-Hispanic,36.2,0,0,0,1,0,0,0,0,4.27
30173,30173,3,POOL38-03RL,White non-Hispanic,33.9,0,0,1,1,0,0,0,0,5.82
30173,30173,12,POOL70-12RL,White non-Hispanic,33.9,0,0,1,1,0,0,0,0,5.82
40043,40043,5,POOL103-05RL,White Hispanic,27.9,0,0,0,1,0,1,0,0,2.06
20437,20437,1,POOL172-01RL,White non-Hispanic,45.5,0,0,1,0,0,0,0,0,5.67
41538,41538,11,POOL18-11RL,White non-Hispanic,0,1,0,0,0,0,0,0,0,0
20344,20344,12,POOL46-12RL,White non-Hispanic,50.8,0,0,0,1,0,1,0,0,2.23
21112,21112,9,POOL108-09RL,White non-Hispanic,38.1,0,0,1,1,0,1,0,0,0.42
10543,10543,11,POOL167-11RL,White non-Hispanic,21.6,0,0,0,0,0,0,0,1,12.49
20348,20348,5,POOL36-05RL,White non-Hispanic,34,0,0,0,1,0,0,0,0,11.14
40823,40823,3,POOL160-03RL,White Hispanic,31.3,0,0,0,0,0,0,0,1,13.82
10549,10549,9,POOL111-09RL,White non-Hispanic,0,1,0,0,0,0,0,0,0,0
10221,10221,8,POOL94-08RL,White non-Hispanic,53.8,0,0,0,1,0,0,0,0,4.24
10222,10222,4,POOL7S-04RL,White non-Hispanic,51.5,0,0,1,1,1,1,0,0,1.32
10222,10222,5,POOL41-05RL,White non-Hispanic,51.5,0,0,1,1,1,1,0,0,1.32
20439,20439,9,POOL61-09RL,White non-Hispanic,29.5,0,0,0,1,0,0,0,0,4.21
40917,40917,9,POOL19-09RL,Black non-Hispanic,0,1,0,0,0,0,0,0,0,0
30576,30576,6,POOL29-06RL,White non-Hispanic,0,1,0,0,0,0,0,0,0,0
40397,40397,1,POOL161-01RL,White non-Hispanic,36.5,0,0,0,1,0,0,0,0,0.68
40396,40396,10,POOL123-10RL,White non-Hispanic,26.9,0,0,0,0,0,0,0,1,12.13
40038,40038,2,POOL07-02RL,White Hispanic,0,1,0,0,0,0,0,0,0,0
40038,40038,2,POOL23-02RL,White Hispanic,0,1,0,0,0,0,0,0,0,0
40132,40132,4,POOL97-04RL,White non-Hispanic,24.3,0,0,1,1,0,0,0,0,8.54
41032,41032,5,POOL66-05RL,White non-Hispanic,39,0,0,1,1,0,0,0,0,5.19
10862,10862,6,POOL86-06RL,White non-Hispanic,46.4,0,0,0,1,0,0,0,0,0.7
10862,10862,3,POOL166-03RL,White non-Hispanic,46.4,0,0,0,1,0,0,0,0,0.7
40138,40138,9,POOL163-09RL,White non-Hispanic,22.5,0,0,0,0,0,0,1,1,18.15
10860,10860,3,POOL16-03RL,White non-Hispanic,0,1,0,0,0,0,0,0,0,0
10274,10274,7,POOL117-07RL,White non-Hispanic,0,0,1,0,0,0,0,0,0,0
41039,41039,4,POOL106-04RL,White non-Hispanic,0,1,0,0,0,0,0,0,0,0
10865,10865,1,POOL25-01RL,White non-Hispanic,29.1,0,0,0,1,0,0,0,0,5.63
30719,30719,4,POOL104-04RL,White non-Hispanic,0,1,0,0,0,0,0,0,0,0
21040,21040,2,POOL77-02RL,White non-Hispanic,0,0,1,0,0,0,0,0,0,0
11091,11091,7,POOL5S-07RL,White non-Hispanic,33.4,0,0,0,0,0,0,1,1,28.02
40340,40340,10,POOL7S-10RL,White non-Hispanic,40.6,0,0,0,1,1,1,0,0,0.18
40340,40340,8,POOL96-08RL,White non-Hispanic,40.6,0,0,0,1,1,1,0,0,0.18
30654,30654,6,POOL25-06RL,White non-Hispanic,27.4,0,0,0,1,0,0,0,0,0.24
10789,10789,10,POOL157-10RL,Black non-Hispanic,41.8,0,0,0,1,0,0,0,0,0.68
30713,30713,11,POOL161-11RL,White non-Hispanic,32.8,0,0,1,1,0,0,0,0,8.82
40263,40263,10,POOL6S-10RL,White non-Hispanic,32.6,0,0,0,0,0,0,1,1,27.99
40263,40263,2,POOL120-02RL,White non-Hispanic,32.6,0,0,0,0,0,0,1,1,27.99
30306,30306,8,POOL10S-08RL,White non-Hispanic,30.7,0,0,0,1,1,1,0,0,3.28
30306,30306,3,POOL53-03RL,White non-Hispanic,30.7,0,0,0,1,1,1,0,0,3.28
30301,30301,11,POOL19S-11RL,White non-Hispanic,34.6,0,0,0,1,1,1,0,0,1.69
30301,30301,4,POOL34-04RL,White non-Hispanic,34.6,0,0,0,1,1,1,0,0,1.69
30871,30871,9,POOL32-09RL,White non-Hispanic,42.6,0,0,1,1,0,0,1,1,15.66
21120,21120,12,POOL159-12RL,White non-Hispanic,0,0,1,0,0,0,0,0,0,0
41627,41627,6,POOL79-06RL,White non-Hispanic,0,0,1,0,0,0,0,0,0,0
41624,41624,7,POOL174-07RL,White non-Hispanic,31.5,0,0,0,0,0,0,0,1,13.42
40473,40473,3,POOL07-03RL,White non-Hispanic,0,1,0,0,0,0,0,0,0,0
40559,40559,4,POOL167-04RL,Black non-Hispanic,0,0,1,0,0,0,0,0,0,0
40829,40829,3,POOL116-03RL,White non-Hispanic,0,1,0,0,0,0,0,0,0,0
41620,41620,12,POOL73-12RL,White Hispanic,37,0,0,0,1,0,0,0,0,4.11
41621,41621,8,POOL73-08RL,White non-Hispanic,33.4,0,0,1,1,0,0,0,0,10.28
41741,41741,12,POOL32-12RL,White non-Hispanic,48.6,0,0,1,1,0,0,0,0,1.12
41744,41744,7,POOL162-07RL,Black non-Hispanic,32.6,0,0,0,0,0,0,1,1,27.38
41628,41628,9,POOL81-09RL,White non-Hispanic,33.3,0,0,0,1,0,0,0,0,0.53
41076,41076,5,POOL98-05RL,White non-Hispanic,0,1,0,0,0,0,0,0,0,0
41147,41147,10,POOL85-10RL,American Indian or Alaskan Native,0,1,0,0,0,0,0,0,0,0
30784,30784,8,POOL28-08RL,White non-Hispanic,38,0,0,0,1,0,0,0,0,4.28
20332,20332,11,POOL47-11RL,White non-Hispanic,34.4,0,0,0,1,0,0,0,0,7.87
20236,20236,3,POOL25-03RL,White non-Hispanic,36.6,0,0,0,1,0,0,0,0,11.82
40270,40270,8,POOL81-08RL,White non-Hispanic,0,1,0,0,0,0,0,0,0,0
20232,20232,11,POOL31-11RL,White non-Hispanic,29.6,0,0,1,1,0,0,0,0,6.04
10916,10916,12,POOL92-12RL,White non-Hispanic,27.5,0,0,1,1,0,0,0,0,2.82
30273,30273,11,POOL122-11RL,White non-Hispanic,29.6,0,0,0,0,0,0,1,1,16.3
10915,10915,7,POOL88-07RL,White non-Hispanic,31,0,0,0,1,0,0,0,0,4.12
40867,40867,4,POOL42-04RL,White non-Hispanic,38.6,0,0,1,1,0,0,0,0,2.28
41534,41534,7,POOL72-07RL,White non-Hispanic,0,0,1,0,0,0,0,0,0,0
30372,30372,12,POOL36-12RL,White non-Hispanic,25.8,0,0,1,0,0,0,0,0,1.3
30373,30373,6,POOL14-06RL,White non-Hispanic,0,1,0,0,0,0,0,0,0,0
40681,40681,5,POOL14S-05RL,White non-Hispanic,28.7,0,0,1,1,1,1,0,0,2.7
40681,40681,6,POOL66-06RL,White non-Hispanic,28.7,0,0,1,1,1,1,0,0,2.7
40949,40949,3,POOL99-03RL,White non-Hispanic,0,0,1,0,0,0,0,0,0,0
20722,20722,5,POOL56-05RL,White non-Hispanic,46.9,0,0,0,1,0,0,0,0,3.73
20723,20723,10,POOL49-10RL,White non-Hispanic,24,0,0,0,1,0,0,0,0,4.04
40464,40464,11,POOL102-11RL,White non-Hispanic,39.5,0,0,1,1,0,0,0,0,3.66
20894,20894,2,POOL50-02RL,White non-Hispanic,37.4,0,0,0,1,0,0,0,0,2.2
20897,20897,8,POOL57-08RL,White non-Hispanic,33.9,0,0,0,1,0,0,0,0,0.99
31021,31021,1,POOL07-01RL,White non-Hispanic,0,1,0,0,0,0,0,0,0,0
31021,31021,1,POOL22-01RL,White non-Hispanic,0,1,0,0,0,0,0,0,0,0
41140,41140,11,POOL107-11RL,White non-Hispanic,53.5,0,0,0,1,0,0,0,0,1.76
10642,10642,3,POOL92-03RL,White non-Hispanic,27.1,0,0,1,1,0,0,0,0,5.78
40468,40468,2,POOL98-02RL,White non-Hispanic,0,1,0,0,0,0,0,0,0,0
30396,30396,4,POOL112-04RL,White non-Hispanic,0,0,1,0,0,0,0,0,0,0
40760,40760,1,POOL120-01RL,White non-Hispanic,37.1,0,0,0,0,0,0,0,1,13.08
40661,40661,12,POOL48-12RL,Asian or Pacific Islander,32.5,0,0,1,1,0,0,0,0,4.06
40662,40662,5,POOL08-05RL,White non-Hispanic,0,1,0,0,0,0,0,0,0,0
40668,40668,6,POOL121-06RL,White non-Hispanic,35.6,0,0,0,0,0,0,0,1,12.04
30399,30399,12,POOL96-12RL,White Hispanic,0,0,1,0,0,0,0,0,0,0
11144,11144,3,POOL176-03RL,White non-Hispanic,0,1,0,0,0,0,0,0,0,0
11142,11142,2,POOL117-02RL,White non-Hispanic,31.4,0,0,1,1,0,0,0,0,6.27
11143,11143,9,POOL64-09RL,White non-Hispanic,32.9,0,0,1,1,0,0,0,0,11.72
40677,40677,4,POOL82-04RL,White non-Hispanic,0,0,1,0,0,0,0,0,0,0
11060,11060,9,POOL88-09RL,White non-Hispanic,0,1,0,0,0,0,0,0,0,0
41844,41844,7,POOL67-07RL,White non-Hispanic,25.5,0,0,0,1,0,0,0,0,3.42
11062,11062,2,POOL45-02RL,White non-Hispanic,52.1,0,0,0,1,0,0,0,0,3
20013,20013,3,POOL175-03RL,White non-Hispanic,24,0,0,0,1,0,0,0,0,3.72
21090,21090,7,POOL99-07RL,White non-Hispanic,22.4,0,0,0,1,0,0,0,0,4.89
23007,23007,9,POOL167-09RL,Black non-Hispanic,45.4,0,0,0,0,0,0,1,1,17.81
10471,10471,3,POOL96-03RL,White non-Hispanic,0,1,0,0,0,0,0,0,0,0
10579,10579,9,POOL113-09RL,White non-Hispanic,37.9,0,0,1,1,0,0,0,0,0.73
10340,10340,1,POOL101-01RL,White non-Hispanic,0,0,1,0,0,0,0,0,0,0
10005,10005,4,POOL91-04RL,White non-Hispanic,40.2,0,0,1,1,0,1,0,0,1.25
10007,10007,1,POOL104-01RL,White non-Hispanic,0,0,1,0,0,0,0,0,0,0
20157,20157,3,POOL17-03RL,White non-Hispanic,0,1,0,0,0,0,0,0,0,0
20451,20451,12,POOL162-12RL,White non-Hispanic,26.6,0,0,0,0,0,0,1,1,15.37
10167,10167,5,POOL63-05RL,White Hispanic,0,0,1,0,0,0,0,0,0,0
10167,10167,9,POOL164-09RL,White Hispanic,0,0,1,0,0,0,0,0,0,0
20158,20158,9,POOL47-09RL,White non-Hispanic,38.2,0,0,0,1,0,0,0,0,5.77
20093,20093,11,POOL87-11RL,White non-Hispanic,0,1,0,0,0,0,0,0,0,0
30048,30048,6,POOL51-06RL,White non-Hispanic,26.3,0,0,0,1,0,0,0,0,2.96
20096,20096,11,POOL71-11RL,White non-Hispanic,0,0,1,0,0,0,0,0,0,0
20795,20795,1,POOL99-01RL,White non-Hispanic,0,0,1,0,0,0,0,0,0,0
30827,30827,7,POOL172-07RL,White non-Hispanic,42.2,0,0,1,1,0,1,0,0,3.43
20793,20793,5,POOL105-05RL,White non-Hispanic,0,1,0,0,0,0,0,0,0,0
40605,40605,3,POOL91-03RL,White non-Hispanic,33.4,0,0,0,1,0,1,0,0,4.27
40544,40544,7,POOL169-07RL,White non-Hispanic,0,0,1,0,0,0,0,0,0,0
10367,10367,8,POOL99-08RL,White non-Hispanic,0,0,1,0,0,0,0,0,0,0
23226,23226,3,POOL7S-03RL,Black non-Hispanic,37.5,0,0,0,0,0,0,1,1,20.7
10360,10360,7,POOL41-07RL,White non-Hispanic,36.4,0,0,1,1,0,0,0,0,5.26
10362,10362,7,POOL107-07RL,Black non-Hispanic,34.9,0,0,1,1,0,0,0,0,1.25
41098,41098,11,POOL97-11RL,White non-Hispanic,52,0,0,0,1,0,0,0,0,4.76
10570,10570,8,POOL68-08RL,White non-Hispanic,0,0,1,0,0,0,0,0,0,0
40574,40574,7,POOL74-07RL,White non-Hispanic,0,0,1,0,0,0,0,0,0,0
10488,10488,5,POOL111-05RL,White non-Hispanic,0,0,1,0,0,0,0,0,0,0
10763,10763,10,POOL160-10RL,White non-Hispanic,37.1,0,0,0,0,0,0,1,1,16.87
30376,30376,10,POOL109-10RL,White non-Hispanic,27.9,0,0,1,1,0,0,0,0,0.82
10572,10572,2,POOL90-02RL,White non-Hispanic,0,0,1,0,0,0,0,0,0,0
10767,10767,4,POOL02-04RL,White non-Hispanic,0,1,0,0,0,0,0,0,0,0
10769,10769,6,POOL109-06RL,White non-Hispanic,0,0,1,0,0,0,0,0,0,0
10768,10768,6,POOL94-06RL,White non-Hispanic,0,1,0,0,0,0,0,0,0,0
41214,41214,5,POOL164-05RL,White non-Hispanic,0,1,0,0,0,0,0,0,0,0
41213,41213,4,POOL111-04RL,White non-Hispanic,0,0,1,0,0,0,0,0,0,0
30072,30072,11,POOL164-11RL,White non-Hispanic,0,1,0,0,0,0,0,0,0,0
20397,20397,6,POOL158-06RL,White non-Hispanic,19.8,0,0,1,1,0,0,0,0,5.13
20386,20386,8,POOL69-08RL,White non-Hispanic,0,0,1,0,0,0,0,0,0,0
10263,10263,3,POOL13S-03RL,White non-Hispanic,38.6,0,0,0,1,1,1,0,0,2.25
10263,10263,5,POOL62-05RL,White non-Hispanic,38.6,0,0,0,1,1,1,0,0,2.25
30983,30983,4,POOL101-04RL,White non-Hispanic,0,1,0,0,0,0,0,0,0,0
10657,10657,2,POOL118-02RL,Black non-Hispanic,0,0,1,0,0,0,0,0,0,0
41062,41062,10,POOL102-10RL,White non-Hispanic,47,0,0,0,1,0,1,0,0,2.82
20572,20572,9,POOL109-09RL,White non-Hispanic,0,1,0,0,0,0,0,0,0,0
20571,20571,10,POOL66-10RL,White non-Hispanic,55.4,0,0,1,1,0,0,0,0,1.36
20570,20570,2,POOL01-02RL,White non-Hispanic,0,1,0,0,0,0,0,0,0,0
40896,40896,11,POOL80-11RL,White non-Hispanic,0,0,1,0,0,0,0,0,0,0
20575,20575,2,POOL114-02RL,White non-Hispanic,0,1,0,0,0,0,0,0,0,0
10461,10461,11,POOL13-11RL,White non-Hispanic,0,1,0,0,0,0,0,0,0,0
10501,10501,12,POOL108-12RL,White non-Hispanic,0,1,0,0,0,0,0,0,0,0
20579,20579,11,POOL100-11RL,White non-Hispanic,0,1,0,0,0,0,0,0,0,0
20471,20471,1,POOL159-01RL,White non-Hispanic,0,1,0,0,0,0,0,0,0,0
20476,20476,12,POOL56-12RL,White non-Hispanic,23.6,0,0,0,1,0,0,0,0,1.7
20477,20477,4,POOL115-04RL,White non-Hispanic,23.6,0,0,0,1,0,0,0,0,7.07
41717,41717,9,POOL102-09RL,White non-Hispanic,23.5,0,0,1,1,0,0,0,0,1.82
30436,30436,12,POOL83-12RL,White non-Hispanic,0,0,1,0,0,0,0,0,0,0
10040,10040,4,POOL108-04RL,White non-Hispanic,0,0,1,0,0,0,0,0,0,0
30433,30433,7,POOL115-07RL,White non-Hispanic,0,1,0,0,0,0,0,0,0,0
30430,30430,2,POOL87-02RL,White non-Hispanic,52.4,1,0,0,0,0,0,0,0,0.24
41442,41442,4,POOL18-04RL,White non-Hispanic,0,1,0,0,0,0,0,0,0,0
40785,40785,8,POOL175-08RL,White non-Hispanic,0,0,1,0,0,0,0,0,0,0
10663,10663,2,POOL169-02RL,White non-Hispanic,47.1,0,0,0,1,0,0,0,0,2.68
41444,41444,1,POOL78-01RL,White Hispanic,35.3,0,0,0,1,0,0,0,0,0.86
40037,40037,11,POOL1S-11RL,White non-Hispanic,25.5,0,0,0,0,0,0,1,1,19.57
40037,40037,2,POOL2021S-02RL,White non-Hispanic,25.5,0,0,0,0,0,0,1,1,19.57
40037,40037,2,POOL125-02RL,White non-Hispanic,25.5,0,0,0,0,0,0,1,1,19.57
11190,11190,2,POOL91-02RL,White non-Hispanic,0,1,0,0,0,0,0,0,0,0
40309,40309,11,POOL85-11RL,White non-Hispanic,0,0,1,0,0,0,0,0,0,0
40719,40719,7,POOL106-07RL,White non-Hispanic,0,0,1,0,0,0,0,0,0,0
30599,30599,3,POOL67-03RL,White non-Hispanic,28.3,0,0,1,1,0,0,0,0,3.95
11199,11199,4,POOL46-04RL,White non-Hispanic,33.1,0,0,0,1,0,0,0,0,2.78
30214,30214,10,POOL71-10RL,White non-Hispanic,0,0,1,0,0,0,0,0,0,0
40301,40301,4,POOL76-04RL,White Hispanic,0,1,0,0,0,0,0,0,0,0
40305,40305,9,POOL58-09RL,White non-Hispanic,36.9,0,0,0,1,0,0,0,0,2.25
10214,10214,11,POOL112-11RL,White non-Hispanic,0,1,0,0,0,0,0,0,0,0
10217,10217,9,POOL89-09RL,White non-Hispanic,0,0,1,0,0,0,0,0,0,0
20488,20488,12,POOL05-12RL,White non-Hispanic,0,1,0,0,0,0,0,0,0,0
10213,10213,4,POOL40-04RL,White non-Hispanic,29.6,0,0,1,1,0,0,0,0,4.31
41549,41549,11,POOL60-11RL,White non-Hispanic,27.1,0,0,0,1,0,0,0,0,0.22
41348,41348,7,POOL75-07RL,White non-Hispanic,0,0,1,0,0,0,0,0,0,0
40390,40390,12,POOL86-12RL,White non-Hispanic,39.4,0,0,0,1,0,0,1,1,16.24
40390,40390,4,POOL164-04RL,White non-Hispanic,39.4,0,0,0,1,0,0,1,1,16.24
40824,40824,6,POOL80-06RL,White non-Hispanic,0,0,1,0,0,0,0,0,0,0
20072,20072,7,POOL49-07RL,White Hispanic,18.6,0,0,0,1,0,0,0,0,7.1
40822,40822,11,POOL68-11RL,White non-Hispanic,0,0,1,0,0,0,0,0,0,0
10183,10183,10,POOL08-10RL,White non-Hispanic,0,1,0,0,0,0,0,0,0,0
10182,10182,12,POOL95-12RL,White non-Hispanic,0,1,0,0,0,0,0,0,0,0
41254,41254,11,POOL83-11RL,White non-Hispanic,0,0,1,0,0,0,0,0,0,0
11093,11093,7,POOL102-07RL,White non-Hispanic,0,0,1,0,0,0,0,0,0,0
20375,20375,5,POOL102-05RL,White non-Hispanic,29.2,0,0,0,1,0,0,0,0,5.65
20374,20374,3,POOL117-03RL,White non-Hispanic,35.3,0,0,0,1,0,0,0,0,4.7
20377,20377,8,POOL76-08RL,White non-Hispanic,0,0,1,0,0,0,0,0,0,0
30132,30132,10,POOL19S-10RL,White non-Hispanic,32.7,0,0,0,1,1,1,0,0,0.89
30132,30132,9,POOL52-09RL,White non-Hispanic,32.7,0,0,0,1,1,1,0,0,0.89
30133,30133,10,POOL52-10RL,White non-Hispanic,33.9,0,0,0,1,0,0,0,0,5.42
10958,10958,7,POOL163-07RL,White non-Hispanic,0,0,1,0,0,0,0,0,0,0
30508,30508,4,POOL163-04RL,White non-Hispanic,44.6,0,0,1,1,0,0,0,0,2.54
41142,41142,9,POOL43-09RL,White non-Hispanic,34.3,0,0,1,1,0,0,0,0,1.29
41141,41141,5,POOL115-05RL,White non-Hispanic,0,0,1,0,0,0,0,0,0,0
30135,30135,3,POOL14S-03RL,White non-Hispanic,36.4,0,0,0,1,1,1,0,0,2.48
30135,30135,11,POOL52-11RL,White non-Hispanic,36.4,0,0,0,1,1,1,0,0,2.48
30503,30503,10,POOL117-10RL,White non-Hispanic,47.8,0,0,1,0,0,0,0,0,2.69
30138,30138,2,POOL09-02RL,White non-Hispanic,0,1,0,0,0,0,0,0,0,0
40763,40763,7,POOL119-07RL,White non-Hispanic,27.5,0,0,0,0,0,0,0,1,12.12
10956,10956,10,POOL159-10RL,White non-Hispanic,32.8,0,0,1,1,0,0,0,0,8.34
30659,30659,10,POOL168-10RL,White non-Hispanic,0,1,0,0,0,0,0,0,0,0
10954,10954,8,POOL87-08RL,White non-Hispanic,39.2,0,0,0,1,0,0,0,0,5.49
30504,30504,2,POOL26-02RL,White non-Hispanic,32.4,0,0,1,1,0,0,0,0,3.47
21175,21175,10,POOL164-10RL,White non-Hispanic,0,0,1,0,0,0,0,0,0,0
30761,30761,2,POOL67-02RL,White non-Hispanic,32.1,0,0,0,1,0,0,0,0,3.83
30049,30049,5,POOL28-05RL,White non-Hispanic,54.3,0,0,0,1,0,1,0,0,0.25
30820,30820,3,POOL125-03RL,White non-Hispanic,29.2,0,0,1,1,0,0,1,1,26.91
30820,30820,12,POOL166-12RL,White non-Hispanic,29.2,0,0,1,1,0,0,1,1,26.91
40265,40265,11,POOL26-11RL,White non-Hispanic,0,1,0,0,0,0,0,0,0,0
30985,30985,9,POOL98-09RL,White non-Hispanic,0,1,0,0,0,0,0,0,0,0
20493,20493,5,POOL116-05RL,White non-Hispanic,0,1,0,0,0,0,0,0,0,0
30046,30046,12,POOL93-12RL,White non-Hispanic,46.7,0,0,0,1,0,0,0,0,1.79
20207,20207,12,POOL119-12RL,White non-Hispanic,30.5,0,0,0,0,0,0,0,1,12.2
30044,30044,6,POOL118-06RL,White non-Hispanic,0,0,1,0,0,0,0,0,0,0
41803,41803,3,POOL83-03RL,White non-Hispanic,0,0,1,0,0,0,0,0,0,0
41801,41801,1,POOL14-01RL,White non-Hispanic,0,1,0,0,0,0,0,0,0,0
41713,41713,10,POOL73-10RL,White non-Hispanic,0,0,1,0,0,0,0,0,0,0
40780,40780,5,POOL84-05RL,White non-Hispanic,0,0,1,0,0,0,0,0,0,0
10878,10878,12,POOL107-12RL,Black non-Hispanic,31,0,0,1,1,0,0,0,0,0.24
41808,41808,5,POOL83-05RL,White non-Hispanic,0,0,1,0,0,0,0,0,0,0
40624,40624,2,POOL175-02RL,White non-Hispanic,30.6,0,0,0,1,0,0,0,0,3.81
20205,20205,2,POOL39-02RL,White non-Hispanic,45.8,0,0,0,1,0,0,0,0,5.79
31054,31054,5,POOL176-05RL,White non-Hispanic,25.1,0,0,1,1,0,0,0,0,11.66
40497,40497,11,POOL103-11RL,White non-Hispanic,0,1,0,0,0,0,0,0,0,0
11100,11100,6,POOL28-06RL,Black non-Hispanic,22.3,0,0,1,1,0,0,0,0,1.42
11106,11106,1,POOL94-01RL,Black non-Hispanic,48.7,0,0,1,1,0,0,0,0,6.19
41625,41625,1,POOL81-01RL,White non-Hispanic,0,0,1,0,0,0,0,0,0,0
30346,30346,4,POOL19-04RL,White non-Hispanic,0,1,0,0,0,0,0,0,0,0
30349,30349,9,POOL13-09RL,White non-Hispanic,0,1,0,0,0,0,0,0,0,0
30349,30349,2,POOL66-02RL,White non-Hispanic,0,1,0,0,0,0,0,0,0,0
10048,10048,1,POOL14S-01RL,White non-Hispanic,47.9,0,0,0,1,1,1,0,0,3.15
10048,10048,12,POOL40-12RL,White non-Hispanic,47.9,0,0,0,1,1,1,0,0,3.15
10323,10323,2,POOL95-02RL,White non-Hispanic,44.5,0,0,1,1,0,0,0,0,6.64
10070,10070,5,POOL94-05RL,White non-Hispanic,0,1,0,0,0,0,0,0,0,0
10736,10736,8,POOL64-08RL,White non-Hispanic,0,0,1,0,0,0,0,0,0,0
10737,10737,6,POOL116-06RL,White non-Hispanic,0,0,1,0,0,0,0,0,0,0
10732,10732,10,POOL90-10RL,White non-Hispanic,0,1,0,0,0,0,0,0,0,0
40534,40534,1,POOL93-01RL,White non-Hispanic,39.3,0,0,0,1,0,0,0,0,3.18
30912,30912,5,POOL82-05RL,White non-Hispanic,0,0,1,0,0,0,0,0,0,0
30913,30913,4,POOL119-04RL,White non-Hispanic,43.1,0,0,0,1,0,0,0,0,6.18
40438,40438,4,POOL72-04RL,White non-Hispanic,44.7,0,0,1,1,0,0,0,0,0.27
40439,40439,6,POOL168-06RL,White non-Hispanic,0,0,1,0,0,0,0,0,0,0
10027,10027,1,POOL1S-01RL,Black non-Hispanic,35.6,0,0,0,0,0,0,1,1,24.03
10027,10027,3,POOL2021S-03RL,Black non-Hispanic,35.6,0,0,0,0,0,0,1,1,24.03
40431,40431,10,POOL98-10RL,White non-Hispanic,0,0,1,0,0,0,0,0,0,0
40433,40433,2,POOL15-02RL,White non-Hispanic,0,1,0,0,0,0,0,0,0,0
10285,10285,11,POOL172-11RL,White non-Hispanic,0,0,1,0,0,0,0,0,0,0
20144,20144,10,POOL83-10RL,White non-Hispanic,0,0,1,0,0,0,0,0,0,0
30078,30078,3,POOL100-03RL,White non-Hispanic,0,0,1,0,0,0,0,0,0,0
10591,10591,6,POOL171-06RL,Black non-Hispanic,29.8,0,0,1,1,0,0,0,0,9.99
20850,20850,7,POOL82-07RL,White non-Hispanic,31.7,0,0,1,1,0,0,0,0,4.21
20851,20851,12,POOL50-12RL,White non-Hispanic,32.1,0,0,0,1,0,1,0,0,1.64
20852,20852,7,POOL57-07RL,White non-Hispanic,35.3,0,0,0,1,0,0,0,0,5.09
10078,10078,6,POOL93-06RL,White non-Hispanic,0,0,1,0,0,0,0,0,0,0
10091,10091,5,POOL174-05RL,White non-Hispanic,0,0,1,0,0,0,0,0,0,0
31062,31062,10,POOL27-10RL,White non-Hispanic,28.5,0,0,1,1,0,0,0,0,6.56
20537,20537,4,POOL48-04RL,White non-Hispanic,31.6,0,0,1,1,0,0,0,0,2.83
10135,10135,9,POOL173-09RL,White non-Hispanic,37.4,0,0,0,1,0,1,0,0,2.46
10173,10173,3,POOL157-03RL,White non-Hispanic,45,0,0,0,1,0,0,0,0,9.75
10131,10131,7,POOL90-07RL,White non-Hispanic,35.8,0,0,1,1,0,0,0,0,10.17
10132,10132,4,POOL61-04RL,White non-Hispanic,40.2,0,0,0,1,0,0,0,0,3.83
41436,41436,9,POOL75-09RL,White Hispanic,0,0,1,0,0,0,0,0,0,0
20539,20539,9,POOL70-09RL,White non-Hispanic,0,0,1,0,0,0,0,0,0,0
10039,10039,5,POOL100-05RL,White non-Hispanic,45.7,0,0,1,1,0,0,0,0,1.24
10423,10423,5,POOL67-05RL,White non-Hispanic,0,0,1,0,0,0,0,0,0,0
20104,20104,5,POOL117-05RL,White non-Hispanic,33.8,0,0,0,0,0,0,0,1,13.13
40994,40994,4,POOL105-04RL,White non-Hispanic,0,1,0,0,0,0,0,0,0,0
10424,10424,2,POOL96-02RL,White non-Hispanic,37.7,0,0,1,1,0,0,0,0,4.75
10425,10425,3,POOL105-03RL,White non-Hispanic,29.6,0,0,1,1,0,0,0,0,8.06
30960,30960,8,POOL34-08RL,White non-Hispanic,34.1,0,0,0,1,0,0,0,0,1.72
30786,30786,5,POOL88-05RL,White non-Hispanic,0,0,1,0,0,0,0,0,0,0
20583,20583,5,POOL48-05RL,White non-Hispanic,42.7,0,0,0,1,0,0,0,0,4.82
41247,41247,4,POOL125-04RL,White non-Hispanic,34.2,0,0,0,0,0,0,0,1,12.08
10680,10680,3,POOL169-03RL,White non-Hispanic,0,0,1,0,0,0,0,0,0,0
20587,20587,12,POOL31-12RL,White non-Hispanic,0,1,0,0,0,0,0,0,0,0
20584,20584,7,POOL17S-07RL,White Hispanic,29.7,0,0,1,1,1,1,0,0,1.81
20584,20584,6,POOL45-06RL,White Hispanic,29.7,0,0,1,1,1,1,0,0,1.81
41328,41328,5,POOL171-05RL,White non-Hispanic,34.9,0,0,1,1,0,0,0,0,5.29
33146,33146,5,POOL173-05RL,White non-Hispanic,42.3,0,0,0,0,1,1,0,0,0.48
41325,41325,3,POOL174-03RL,White non-Hispanic,38.5,0,0,1,1,0,0,0,0,3.24
33145,33145,12,POOL171-12RL,White non-Hispanic,33,0,0,0,0,0,1,0,0,1.93
41248,41248,5,POOL159-05RL,White non-Hispanic,30,0,0,0,0,0,0,0,1,13.93
41057,41057,12,POOL123-12RL,White Hispanic,32.5,0,0,0,0,0,0,0,1,12.09
30148,30148,3,POOL58-03RL,White non-Hispanic,26.6,0,0,0,1,0,0,0,0,8.23
41050,41050,9,POOL77-09RL,White non-Hispanic,0,0,1,0,0,0,0,0,0,0
41500,41500,8,POOL09-08RL,White Hispanic,0,1,0,0,0,0,0,0,0,0
30491,30491,8,POOL169-08RL,Black non-Hispanic,30.9,0,0,0,0,0,0,0,1,12.11
30490,30490,12,POOL18S-12RL,White non-Hispanic,43.2,0,0,1,1,0,0,0,0,0.32
30490,30490,7,POOL110-07RL,White non-Hispanic,43.2,0,0,1,1,0,0,0,0,0.32
30495,30495,1,POOL126-01RL,White non-Hispanic,31.5,0,0,0,0,0,0,1,1,24.37
41111,41111,9,POOL79-09RL,White non-Hispanic,0,0,1,0,0,0,0,0,0,0
10259,10259,6,POOL104-06RL,White non-Hispanic,38.6,0,0,0,1,0,0,0,0,4.75
10259,10259,9,POOL165-09RL,White non-Hispanic,38.6,0,0,0,1,0,0,0,0,4.75
10557,10557,8,POOL61-08RL,White Hispanic,26.7,0,0,1,1,0,0,0,0,4.2
10555,10555,8,POOL113-08RL,White non-Hispanic,0,0,1,0,0,0,0,0,0,0
20404,20404,5,POOL27-05RL,White non-Hispanic,33.7,0,0,0,1,0,0,0,0,4.23
10250,10250,2,POOL110-02RL,White non-Hispanic,36.3,0,0,0,1,0,0,0,0,1.7
40900,40900,8,POOL80-08RL,White non-Hispanic,0,0,1,0,0,0,0,0,0,0
40901,40901,4,POOL113-04RL,White non-Hispanic,31.6,0,0,1,1,0,0,0,0,4.85
30466,30466,1,POOL79-01RL,White non-Hispanic,0,0,1,0,0,0,0,0,0,0
40904,40904,9,POOL100-09RL,White non-Hispanic,31.3,0,0,1,1,0,0,0,0,3.6
41646,41646,2,POOL103-02RL,White non-Hispanic,28,0,0,1,1,0,1,0,0,1.74
10851,10851,4,POOL4S-04RL,White non-Hispanic,29.4,0,0,0,0,0,0,1,1,19.32
10851,10851,1,POOL122-01RL,White non-Hispanic,29.4,0,0,0,0,0,0,1,1,19.32
30548,30548,4,POOL26-04RL,White non-Hispanic,27.7,0,0,1,1,0,0,0,0,4.36
20032,20032,5,POOL46-05RL,White non-Hispanic,39,0,0,0,1,0,1,0,0,1.83
10372,10372,2,POOL89-02RL,White non-Hispanic,21.9,0,0,1,1,0,0,0,0,0.37
30468,30468,7,POOL12-07RL,White non-Hispanic,0,1,0,0,0,0,0,0,0,0
20037,20037,12,POOL125-12RL,White Hispanic,28.2,0,0,0,0,0,0,0,1,12.75
10991,10991,1,POOL110-01RL,White non-Hispanic,0,0,1,0,0,0,0,0,0,0
40122,40122,7,POOL93-07RL,White non-Hispanic,0,0,1,0,0,0,0,0,0,0
13048,13048,3,POOL16S-03RL,Black non-Hispanic,38.4,0,0,0,0,0,1,0,0,2.08
13048,13048,6,POOL126-06RL,Black non-Hispanic,38.4,0,0,0,0,0,1,0,0,2.08
40109,40109,8,POOL114-08RL,White non-Hispanic,0,1,0,0,0,0,0,0,0,0
40121,40121,11,POOL36-11RL,White non-Hispanic,21.7,0,0,0,1,0,1,0,0,2.92
41026,41026,12,POOL80-12RL,White non-Hispanic,0,1,0,0,0,0,0,0,0,0
41029,41029,11,POOL125-11RL,White non-Hispanic,32.5,0,0,0,0,0,0,0,1,12.19
41181,41181,3,POOL110-03RL,White non-Hispanic,0,0,1,0,0,0,0,0,0,0
41676,41676,3,POOL80-03RL,White non-Hispanic,0,1,0,0,0,0,0,0,0,0
41187,41187,4,POOL124-04RL,White non-Hispanic,41.7,0,0,0,0,0,1,0,0,3.48
30401,30401,10,POOL77-10RL,White non-Hispanic,0,0,1,0,0,0,0,0,0,0
41185,41185,6,POOL65-06RL,White non-Hispanic,31.6,0,0,0,1,0,1,0,0,2.95
30868,30868,7,POOL34-07RL,White non-Hispanic,41.9,0,0,1,1,0,0,0,0,3.34
40372,40372,12,POOL176-12RL,Black non-Hispanic,39,0,0,1,1,0,1,0,0,5.82
30649,30649,10,POOL18-10RL,White non-Hispanic,0,1,0,0,0,0,0,0,0,0
40375,40375,12,POOL38-12RL,White non-Hispanic,25.3,0,0,1,1,0,1,0,0,1.2
40374,40374,1,POOL100-01RL,White non-Hispanic,39.7,0,0,0,1,0,0,0,0,2.62
30317,30317,10,POOL69-10RL,White non-Hispanic,0,0,1,0,0,0,0,0,0,0
30314,30314,2,POOL16-02RL,White non-Hispanic,0,1,0,0,0,0,0,0,0,0
40378,40378,12,POOL174-12RL,White non-Hispanic,36,0,0,0,1,0,0,0,0,4.86
30864,30864,11,POOL174-11RL,White non-Hispanic,31.9,0,0,1,0,0,0,0,0,2.33
40277,40277,7,POOL98-07RL,White non-Hispanic,0,0,1,0,0,0,0,0,0,0
21136,21136,4,POOL50-04RL,White non-Hispanic,27.9,0,0,1,1,0,0,0,0,4.56
41329,41329,8,POOL121-08RL,White non-Hispanic,31.4,0,0,0,0,0,0,1,1,23.75
31027,31027,6,POOL113-06RL,White non-Hispanic,0,0,1,0,0,0,0,0,0,0
41619,41619,12,POOL84-12RL,White non-Hispanic,0,0,1,0,0,0,0,0,0,0
20324,20324,10,POOL47-10RL,White non-Hispanic,35.8,0,0,1,1,0,0,0,0,4.67
20323,20323,5,POOL15S-05RL,White non-Hispanic,28.9,0,0,0,1,1,1,0,0,1.74
20323,20323,4,POOL37-04RL,White non-Hispanic,28.9,0,0,0,1,1,1,0,0,1.74
20240,20240,3,POOL39-03RL,White non-Hispanic,40.1,0,0,0,1,0,0,0,0,2.75
30798,30798,2,POOL62-02RL,White non-Hispanic,40.7,0,0,0,1,0,0,0,0,5.08
41484,41484,3,POOL79-03RL,White non-Hispanic,0,0,1,0,0,0,0,0,0,0
20328,20328,9,POOL74-09RL,White non-Hispanic,0,0,1,0,0,0,0,0,0,0
30262,30262,2,POOL53-02RL,White non-Hispanic,33.1,0,0,0,1,0,0,0,1,13.13
10527,10527,4,POOL175-04RL,White non-Hispanic,35.1,0,0,1,1,0,0,0,0,3.48
30261,30261,4,POOL69-04RL,White non-Hispanic,0,0,1,0,0,0,0,0,0,0
40970,40970,4,POOL60-04RL,White non-Hispanic,31,0,0,1,1,0,0,0,0,4.56
40973,40973,4,POOL65-04RL,White non-Hispanic,27.6,0,0,0,1,0,0,0,0,7.28
30265,30265,3,POOL20-03RL,White non-Hispanic,0,1,0,0,0,0,0,0,0,0
40759,40759,12,POOL62-12RL,White Hispanic,31.3,0,0,0,1,0,0,0,0,3.85
40531,40531,8,POOL124-08RL,White non-Hispanic,34.9,0,0,0,0,0,0,0,1,12.22
40693,40693,2,POOL65-02RL,White non-Hispanic,42,0,0,1,1,0,1,0,0,4
40873,40873,12,POOL97-12RL,White non-Hispanic,40,0,0,0,1,0,0,1,1,22.13
30032,30032,12,POOL14-12RL,White non-Hispanic,0,1,0,0,0,0,0,0,0,0
30032,30032,9,POOL63-09RL,White non-Hispanic,0,1,0,0,0,0,0,0,0,0
10678,10678,4,POOL33-04RL,White non-Hispanic,28.9,0,0,1,1,0,0,0,0,2.88
30007,30007,2,POOL74-02RL,White non-Hispanic,30.3,0,0,0,1,0,0,0,1,12.59
40478,40478,11,POOL10-11RL,White Hispanic,0,1,0,0,0,0,0,0,0,0
30038,30038,12,POOL57-12RL,White non-Hispanic,26.9,0,0,0,1,0,0,0,0,5.01
20713,20713,9,POOL49-09RL,White non-Hispanic,35.9,0,0,0,1,0,0,0,0,3.01
10675,10675,4,POOL55-04RL,White non-Hispanic,32.9,0,0,0,1,0,1,0,0,1.12
40578,40578,7,POOL77-07RL,White non-Hispanic,0,0,1,0,0,0,0,0,0,0
41513,41513,5,POOL78-05RL,White non-Hispanic,0,0,1,0,0,0,0,0,0,0
40672,40672,9,POOL101-09RL,White non-Hispanic,36.5,0,0,0,1,0,0,0,0,2.69
30818,30818,1,POOL23-01RL,White non-Hispanic,0,1,0,0,0,0,0,0,0,0
20339,20339,10,POOL101-10RL,White non-Hispanic,0,1,0,0,0,0,0,0,0,0
40571,40571,3,POOL61-03RL,White non-Hispanic,32.7,0,0,0,1,0,0,0,0,2.6
21141,21141,1,POOL11-01RL,White non-Hispanic,0,1,0,0,0,0,0,0,0,0
30810,30810,12,POOL21-12RL,White non-Hispanic,0,1,0,0,0,0,0,0,0,0
40576,40576,5,POOL73-05RL,White non-Hispanic,0,0,1,0,0,0,0,0,0,0
11172,11172,7,POOL112-07RL,White non-Hispanic,38.5,0,0,0,1,0,0,0,0,9.31
41522,41522,9,POOL10-09RL,White non-Hispanic,0,1,0,0,0,0,0,0,0,0
11175,11175,11,POOL110-11RL,White non-Hispanic,32.1,0,0,1,1,0,0,0,0,7.75
11076,11076,1,POOL92-01RL,White non-Hispanic,54.3,0,0,1,1,0,1,0,0,3.83
10770,10770,11,POOL88-11RL,White Hispanic,32.4,0,0,1,1,0,0,0,0,10.26
30183,30183,1,POOL117-01RL,White non-Hispanic,41.3,0,0,0,1,0,0,0,0,5.85
40063,40063,7,POOL81-07RL,White non-Hispanic,0,0,1,0,0,0,0,0,0,0
40587,40587,3,POOL82-03RL,White non-Hispanic,0,0,1,0,0,0,0,0,0,0
30722,30722,8,POOL170-08RL,White non-Hispanic,0,0,1,0,0,0,0,0,0,0
41692,41692,11,POOL82-11RL,White non-Hispanic,26.3,0,0,0,1,0,0,0,0,6.42
41532,41532,8,POOL176-08RL,White non-Hispanic,33.8,0,0,0,0,0,0,1,1,20.81
30083,30083,9,POOL25-09RL,White non-Hispanic,35.8,0,0,1,1,0,0,0,0,2.2
20143,20143,10,POOL10S-10RL,White non-Hispanic,36.8,0,0,0,1,1,1,0,0,1.71
20143,20143,8,POOL47-08RL,White non-Hispanic,36.8,0,0,0,1,1,1,0,0,1.71
10072,10072,10,POOL116-10RL,White non-Hispanic,45.4,0,0,0,1,0,0,0,0,11.18
20147,20147,11,POOL56-11RL,White non-Hispanic,25.3,0,0,0,1,0,0,0,0,0.78
10077,10077,4,POOL66-04RL,White non-Hispanic,0,0,1,0,0,0,0,0,0,0
10076,10076,1,POOL163-01RL,White non-Hispanic,0,0,1,0,0,0,0,0,0,0
10079,10079,2,POOL60-02RL,White non-Hispanic,28.7,0,0,0,1,0,0,0,0,2.65
10171,10171,1,POOL13S-01RL,White non-Hispanic,31.7,0,0,0,1,1,1,0,0,2.28
10171,10171,3,POOL29-03RL,White non-Hispanic,31.7,0,0,0,1,1,1,0,0,2.28
20149,20149,10,POOL76-10RL,White non-Hispanic,0,0,1,0,0,0,0,0,0,0
10175,10175,7,POOL95-07RL,White non-Hispanic,31.1,0,0,0,1,0,0,0,0,2.18
40401,40401,4,POOL161-04RL,White non-Hispanic,25.3,0,0,1,1,0,0,0,0,1.72
20786,20786,8,POOL63-08RL,White non-Hispanic,0,0,1,0,0,0,0,0,0,0
20786,20786,12,POOL160-12RL,White non-Hispanic,0,0,1,0,0,0,0,0,0,0
20661,20661,12,POOL163-12RL,White non-Hispanic,0,1,0,0,0,0,0,0,0,0
30485,30485,9,POOL93-09RL,White non-Hispanic,27.9,0,0,1,1,0,0,0,0,5.24
20667,20667,6,POOL16-06RL,White non-Hispanic,0,1,0,0,0,0,0,0,0,0
20664,20664,11,POOL37-11RL,White non-Hispanic,60.8,0,0,0,1,0,0,0,0,1.19
30887,30887,5,POOL114-05RL,White non-Hispanic,0,1,0,0,0,0,0,0,0,0
30243,30243,5,POOL167-05RL,White non-Hispanic,0,1,0,0,0,0,0,0,0,0
30882,30882,10,POOL163-10RL,White non-Hispanic,35.7,0,0,1,0,0,0,0,0,9.26
10976,10976,1,POOL175-01RL,White non-Hispanic,0,1,0,0,0,0,0,0,0,0
30881,30881,4,POOL57-04RL,White non-Hispanic,21.7,0,0,0,1,0,0,0,0,3.91
30923,30923,6,POOL22-06RL,White non-Hispanic,0,1,0,0,0,0,0,0,0,0
30923,30923,12,POOL29-12RL,White non-Hispanic,0,1,0,0,0,0,0,0,0,0
10944,10944,3,POOL167-03RL,Black non-Hispanic,28.8,0,0,0,1,0,0,0,0,0
10773,10773,12,POOL161-12RL,White non-Hispanic,34.8,0,0,1,0,0,0,0,0,3.43
31036,31036,10,POOL37-10RL,White non-Hispanic,21.5,0,0,1,1,0,0,0,0,1.93
40508,40508,11,POOL62-11RL,White non-Hispanic,20.8,0,0,1,1,0,0,0,0,7.6
41202,41202,2,POOL82-02RL,White non-Hispanic,0,0,1,0,0,0,0,0,0,0
