/home/pg/michaelt/Data/ALL_MAPPING/Pools/mapping_pool_106-124/POOL106-07RL	H8V4AIH01.RL7.sff
/home/pg/michaelt/Data/ALL_MAPPING/Pools/mapping_pool_106-124/POOL106-07RL	H8V4AIH02.RL7.sff
/home/pg/michaelt/Data/ALL_MAPPING/Pools/mapping_pool_106-124/POOL106-07RL	H9Y2FG201.RL7.sff
/home/pg/michaelt/Data/ALL_MAPPING/Pools/mapping_pool_106-124/POOL106-07RL	H9Y2FG202.RL7.sff
/home/pg/michaelt/Data/ALL_MAPPING/Pools/mapping_pool_106-124/POOL106-08RL	H8V4AIH01.RL8.sff
/home/pg/michaelt/Data/ALL_MAPPING/Pools/mapping_pool_106-124/POOL106-08RL	H8V4AIH02.RL8.sff
/home/pg/michaelt/Data/ALL_MAPPING/Pools/mapping_pool_106-124/POOL106-08RL	H9Y2FG201.RL8.sff
/home/pg/michaelt/Data/ALL_MAPPING/Pools/mapping_pool_106-124/POOL106-08RL	H9Y2FG202.RL8.sff
/home/pg/michaelt/Data/ALL_MAPPING/Pools/mapping_pool_106-124/POOL106-09RL	H8V4AIH01.RL9.sff
/home/pg/michaelt/Data/ALL_MAPPING/Pools/mapping_pool_106-124/POOL106-09RL	H8V4AIH02.RL9.sff
/home/pg/michaelt/Data/ALL_MAPPING/Pools/mapping_pool_106-124/POOL106-09RL	H9Y2FG201.RL9.sff
/home/pg/michaelt/Data/ALL_MAPPING/Pools/mapping_pool_106-124/POOL106-09RL	H9Y2FG202.RL9.sff
/home/pg/michaelt/Data/ALL_MAPPING/Pools/mapping_pool_106-124/POOL107-05RL	H85A7NQ01.RL5.sff
/home/pg/michaelt/Data/ALL_MAPPING/Pools/mapping_pool_106-124/POOL107-05RL	H85A7NQ02.RL5.sff
/home/pg/michaelt/Data/ALL_MAPPING/Pools/mapping_pool_106-124/POOL107-05RL	H85C36T01.RL5.sff
/home/pg/michaelt/Data/ALL_MAPPING/Pools/mapping_pool_106-124/POOL107-05RL	H85C36T02.RL5.sff
/home/pg/michaelt/Data/ALL_MAPPING/Pools/mapping_pool_106-124/POOL107-07RL	H85A7NQ01.RL7.sff
/home/pg/michaelt/Data/ALL_MAPPING/Pools/mapping_pool_106-124/POOL107-07RL	H85A7NQ02.RL7.sff
/home/pg/michaelt/Data/ALL_MAPPING/Pools/mapping_pool_106-124/POOL107-07RL	H85C36T01.RL7.sff
/home/pg/michaelt/Data/ALL_MAPPING/Pools/mapping_pool_106-124/POOL107-07RL	H85C36T02.RL7.sff
/home/pg/michaelt/Data/ALL_MAPPING/Pools/mapping_pool_106-124/POOL107-08RL	H85A7NQ01.RL8.sff
/home/pg/michaelt/Data/ALL_MAPPING/Pools/mapping_pool_106-124/POOL107-08RL	H85A7NQ02.RL8.sff
/home/pg/michaelt/Data/ALL_MAPPING/Pools/mapping_pool_106-124/POOL107-08RL	H85C36T01.RL8.sff
/home/pg/michaelt/Data/ALL_MAPPING/Pools/mapping_pool_106-124/POOL107-08RL	H85C36T02.RL8.sff
/home/pg/michaelt/Data/ALL_MAPPING/Pools/mapping_pool_106-124/POOL107-09RL	H85C36T02.RL9.sff
/home/pg/michaelt/Data/ALL_MAPPING/Pools/mapping_pool_106-124/POOL107-09RL	H85C36T01.RL9.sff
/home/pg/michaelt/Data/ALL_MAPPING/Pools/mapping_pool_106-124/POOL107-09RL	H85A7NQ01.RL9.sff
/home/pg/michaelt/Data/ALL_MAPPING/Pools/mapping_pool_106-124/POOL107-09RL	H85A7NQ02.RL9.sff
/home/pg/michaelt/Data/ALL_MAPPING/Pools/mapping_pool_106-124/POOL107-10RL	H85A7NQ01.RL10.sff
/home/pg/michaelt/Data/ALL_MAPPING/Pools/mapping_pool_106-124/POOL107-10RL	H85C36T01.RL10.sff
/home/pg/michaelt/Data/ALL_MAPPING/Pools/mapping_pool_106-124/POOL107-10RL	H85A7NQ02.RL10.sff
/home/pg/michaelt/Data/ALL_MAPPING/Pools/mapping_pool_106-124/POOL107-10RL	H85C36T02.RL10.sff
/home/pg/michaelt/Data/ALL_MAPPING/Pools/mapping_pool_106-124/POOL107-11RL	H85C36T02.RL11.sff
/home/pg/michaelt/Data/ALL_MAPPING/Pools/mapping_pool_106-124/POOL107-11RL	H85A7NQ01.RL11.sff
/home/pg/michaelt/Data/ALL_MAPPING/Pools/mapping_pool_106-124/POOL107-11RL	H85A7NQ02.RL11.sff
/home/pg/michaelt/Data/ALL_MAPPING/Pools/mapping_pool_106-124/POOL107-11RL	H85C36T01.RL11.sff
/home/pg/michaelt/Data/ALL_MAPPING/Pools/mapping_pool_106-124/POOL107-12RL	H85C36T02.RL12.sff
/home/pg/michaelt/Data/ALL_MAPPING/Pools/mapping_pool_106-124/POOL107-12RL	H85A7NQ01.RL12.sff
/home/pg/michaelt/Data/ALL_MAPPING/Pools/mapping_pool_106-124/POOL107-12RL	H85A7NQ02.RL12.sff
/home/pg/michaelt/Data/ALL_MAPPING/Pools/mapping_pool_106-124/POOL107-12RL	H85C36T01.RL12.sff
/home/pg/michaelt/Data/ALL_MAPPING/Pools/mapping_pool_106-124/POOL108-01RL	H85C36V02.RL1.sff
/home/pg/michaelt/Data/ALL_MAPPING/Pools/mapping_pool_106-124/POOL108-01RL	H881C4002.RL1.sff
/home/pg/michaelt/Data/ALL_MAPPING/Pools/mapping_pool_106-124/POOL108-01RL	H881C4001.RL1.sff
/home/pg/michaelt/Data/ALL_MAPPING/Pools/mapping_pool_106-124/POOL108-01RL	H85C36V01.RL1.sff
/home/pg/michaelt/Data/ALL_MAPPING/Pools/mapping_pool_106-124/POOL108-02RL	H881C4001.RL2.sff
/home/pg/michaelt/Data/ALL_MAPPING/Pools/mapping_pool_106-124/POOL108-02RL	H881C4002.RL2.sff
/home/pg/michaelt/Data/ALL_MAPPING/Pools/mapping_pool_106-124/POOL108-02RL	H85C36V01.RL2.sff
/home/pg/michaelt/Data/ALL_MAPPING/Pools/mapping_pool_106-124/POOL108-02RL	H85C36V02.RL2.sff
/home/pg/michaelt/Data/ALL_MAPPING/Pools/mapping_pool_106-124/POOL108-04RL	H85C36V01.RL4.sff
/home/pg/michaelt/Data/ALL_MAPPING/Pools/mapping_pool_106-124/POOL108-04RL	H881C4001.RL4.sff
/home/pg/michaelt/Data/ALL_MAPPING/Pools/mapping_pool_106-124/POOL108-04RL	H881C4002.RL4.sff
/home/pg/michaelt/Data/ALL_MAPPING/Pools/mapping_pool_106-124/POOL108-04RL	H85C36V02.RL4.sff
/home/pg/michaelt/Data/ALL_MAPPING/Pools/mapping_pool_106-124/POOL108-08RL	H85C36V01.RL8.sff
/home/pg/michaelt/Data/ALL_MAPPING/Pools/mapping_pool_106-124/POOL108-08RL	H85C36V02.RL8.sff
/home/pg/michaelt/Data/ALL_MAPPING/Pools/mapping_pool_106-124/POOL108-08RL	H881C4001.RL8.sff
/home/pg/michaelt/Data/ALL_MAPPING/Pools/mapping_pool_106-124/POOL108-08RL	H881C4002.RL8.sff
/home/pg/michaelt/Data/ALL_MAPPING/Pools/mapping_pool_106-124/POOL108-09RL	H85C36V01.RL9.sff
/home/pg/michaelt/Data/ALL_MAPPING/Pools/mapping_pool_106-124/POOL108-09RL	H85C36V02.RL9.sff
/home/pg/michaelt/Data/ALL_MAPPING/Pools/mapping_pool_106-124/POOL108-09RL	H881C4002.RL9.sff
/home/pg/michaelt/Data/ALL_MAPPING/Pools/mapping_pool_106-124/POOL108-09RL	H881C4001.RL9.sff
/home/pg/michaelt/Data/ALL_MAPPING/Pools/mapping_pool_106-124/POOL108-10RL	H85C36V01.RL10.sff
/home/pg/michaelt/Data/ALL_MAPPING/Pools/mapping_pool_106-124/POOL108-10RL	H881C4001.RL10.sff
/home/pg/michaelt/Data/ALL_MAPPING/Pools/mapping_pool_106-124/POOL108-10RL	H881C4002.RL10.sff
/home/pg/michaelt/Data/ALL_MAPPING/Pools/mapping_pool_106-124/POOL108-10RL	H85C36V02.RL10.sff
/home/pg/michaelt/Data/ALL_MAPPING/Pools/mapping_pool_106-124/POOL108-11RL	H85C36V01.RL11.sff
/home/pg/michaelt/Data/ALL_MAPPING/Pools/mapping_pool_106-124/POOL108-11RL	H85C36V02.RL11.sff
/home/pg/michaelt/Data/ALL_MAPPING/Pools/mapping_pool_106-124/POOL108-11RL	H881C4001.RL11.sff
/home/pg/michaelt/Data/ALL_MAPPING/Pools/mapping_pool_106-124/POOL108-11RL	H881C4002.RL11.sff
/home/pg/michaelt/Data/ALL_MAPPING/Pools/mapping_pool_106-124/POOL108-12RL	H881C4002.RL12.sff
/home/pg/michaelt/Data/ALL_MAPPING/Pools/mapping_pool_106-124/POOL108-12RL	H85C36V01.RL12.sff
/home/pg/michaelt/Data/ALL_MAPPING/Pools/mapping_pool_106-124/POOL108-12RL	H881C4001.RL12.sff
/home/pg/michaelt/Data/ALL_MAPPING/Pools/mapping_pool_106-124/POOL108-12RL	H85C36V02.RL12.sff
/home/pg/michaelt/Data/ALL_MAPPING/Pools/mapping_pool_106-124/POOL109-01RL	H8822CB01.RL1.sff
/home/pg/michaelt/Data/ALL_MAPPING/Pools/mapping_pool_106-124/POOL109-01RL	H8822CB02.RL1.sff
/home/pg/michaelt/Data/ALL_MAPPING/Pools/mapping_pool_106-124/POOL109-01RL	H8822WG01.RL1.sff
/home/pg/michaelt/Data/ALL_MAPPING/Pools/mapping_pool_106-124/POOL109-01RL	H8822WG02.RL1.sff
/home/pg/michaelt/Data/ALL_MAPPING/Pools/mapping_pool_106-124/POOL109-05RL	H8822CB01.RL5.sff
/home/pg/michaelt/Data/ALL_MAPPING/Pools/mapping_pool_106-124/POOL109-05RL	H8822CB02.RL5.sff
/home/pg/michaelt/Data/ALL_MAPPING/Pools/mapping_pool_106-124/POOL109-05RL	H8822WG01.RL5.sff
/home/pg/michaelt/Data/ALL_MAPPING/Pools/mapping_pool_106-124/POOL109-05RL	H8822WG02.RL5.sff
/home/pg/michaelt/Data/ALL_MAPPING/Pools/mapping_pool_106-124/POOL109-06RL	H8822CB01.RL6.sff
/home/pg/michaelt/Data/ALL_MAPPING/Pools/mapping_pool_106-124/POOL109-06RL	H8822WG01.RL6.sff
/home/pg/michaelt/Data/ALL_MAPPING/Pools/mapping_pool_106-124/POOL109-06RL	H8822WG02.RL6.sff
/home/pg/michaelt/Data/ALL_MAPPING/Pools/mapping_pool_106-124/POOL109-06RL	H8822CB02.RL6.sff
/home/pg/michaelt/Data/ALL_MAPPING/Pools/mapping_pool_106-124/POOL109-07RL	H8822CB01.RL7.sff
/home/pg/michaelt/Data/ALL_MAPPING/Pools/mapping_pool_106-124/POOL109-07RL	H8822CB02.RL7.sff
/home/pg/michaelt/Data/ALL_MAPPING/Pools/mapping_pool_106-124/POOL109-07RL	H8822WG01.RL7.sff
/home/pg/michaelt/Data/ALL_MAPPING/Pools/mapping_pool_106-124/POOL109-07RL	H8822WG02.RL7.sff
/home/pg/michaelt/Data/ALL_MAPPING/Pools/mapping_pool_106-124/POOL109-08RL	H8822CB01.RL8.sff
/home/pg/michaelt/Data/ALL_MAPPING/Pools/mapping_pool_106-124/POOL109-08RL	H8822WG02.RL8.sff
/home/pg/michaelt/Data/ALL_MAPPING/Pools/mapping_pool_106-124/POOL109-08RL	H8822CB02.RL8.sff
/home/pg/michaelt/Data/ALL_MAPPING/Pools/mapping_pool_106-124/POOL109-08RL	H8822WG01.RL8.sff
/home/pg/michaelt/Data/ALL_MAPPING/Pools/mapping_pool_106-124/POOL109-09RL	H8822CB01.RL9.sff
/home/pg/michaelt/Data/ALL_MAPPING/Pools/mapping_pool_106-124/POOL109-09RL	H8822WG01.RL9.sff
/home/pg/michaelt/Data/ALL_MAPPING/Pools/mapping_pool_106-124/POOL109-09RL	H8822WG02.RL9.sff
/home/pg/michaelt/Data/ALL_MAPPING/Pools/mapping_pool_106-124/POOL109-09RL	H8822CB02.RL9.sff
/home/pg/michaelt/Data/ALL_MAPPING/Pools/mapping_pool_106-124/POOL109-10RL	H8822CB01.RL10.sff
/home/pg/michaelt/Data/ALL_MAPPING/Pools/mapping_pool_106-124/POOL109-10RL	H8822CB02.RL10.sff
/home/pg/michaelt/Data/ALL_MAPPING/Pools/mapping_pool_106-124/POOL109-10RL	H8822WG01.RL10.sff
/home/pg/michaelt/Data/ALL_MAPPING/Pools/mapping_pool_106-124/POOL109-10RL	H8822WG02.RL10.sff
/home/pg/michaelt/Data/ALL_MAPPING/Pools/mapping_pool_106-124/POOL110-01RL	H9H1D9W02.RL1.sff
/home/pg/michaelt/Data/ALL_MAPPING/Pools/mapping_pool_106-124/POOL110-01RL	H9H3BGT01.RL1.sff
/home/pg/michaelt/Data/ALL_MAPPING/Pools/mapping_pool_106-124/POOL110-01RL	H9H1D9W01.RL1.sff
/home/pg/michaelt/Data/ALL_MAPPING/Pools/mapping_pool_106-124/POOL110-01RL	H9H3BGT02.RL1.sff
/home/pg/michaelt/Data/ALL_MAPPING/Pools/mapping_pool_106-124/POOL110-02RL	H9H3BGT02.RL2.sff
/home/pg/michaelt/Data/ALL_MAPPING/Pools/mapping_pool_106-124/POOL110-02RL	H9H1D9W01.RL2.sff
/home/pg/michaelt/Data/ALL_MAPPING/Pools/mapping_pool_106-124/POOL110-02RL	H9H1D9W02.RL2.sff
/home/pg/michaelt/Data/ALL_MAPPING/Pools/mapping_pool_106-124/POOL110-02RL	H9H3BGT01.RL2.sff
/home/pg/michaelt/Data/ALL_MAPPING/Pools/mapping_pool_106-124/POOL110-03RL	H9H3BGT01.RL3.sff
/home/pg/michaelt/Data/ALL_MAPPING/Pools/mapping_pool_106-124/POOL110-03RL	H9H3BGT02.RL3.sff
/home/pg/michaelt/Data/ALL_MAPPING/Pools/mapping_pool_106-124/POOL110-03RL	H9H1D9W01.RL3.sff
/home/pg/michaelt/Data/ALL_MAPPING/Pools/mapping_pool_106-124/POOL110-03RL	H9H1D9W02.RL3.sff
/home/pg/michaelt/Data/ALL_MAPPING/Pools/mapping_pool_106-124/POOL106-01RL	H9Y2FG202.RL1.sff
/home/pg/michaelt/Data/ALL_MAPPING/Pools/mapping_pool_106-124/POOL106-01RL	H8V4AIH01.RL1.sff
/home/pg/michaelt/Data/ALL_MAPPING/Pools/mapping_pool_106-124/POOL106-01RL	H8V4AIH02.RL1.sff
/home/pg/michaelt/Data/ALL_MAPPING/Pools/mapping_pool_106-124/POOL106-01RL	H9Y2FG201.RL1.sff
/home/pg/michaelt/Data/ALL_MAPPING/Pools/mapping_pool_106-124/POOL106-03RL	H8V4AIH01.RL3.sff
/home/pg/michaelt/Data/ALL_MAPPING/Pools/mapping_pool_106-124/POOL106-03RL	H9Y2FG202.RL3.sff
/home/pg/michaelt/Data/ALL_MAPPING/Pools/mapping_pool_106-124/POOL106-03RL	H8V4AIH02.RL3.sff
/home/pg/michaelt/Data/ALL_MAPPING/Pools/mapping_pool_106-124/POOL106-03RL	H9Y2FG201.RL3.sff
/home/pg/michaelt/Data/ALL_MAPPING/Pools/mapping_pool_106-124/POOL106-04RL	H8V4AIH01.RL4.sff
/home/pg/michaelt/Data/ALL_MAPPING/Pools/mapping_pool_106-124/POOL106-04RL	H8V4AIH02.RL4.sff
/home/pg/michaelt/Data/ALL_MAPPING/Pools/mapping_pool_106-124/POOL106-04RL	H9Y2FG201.RL4.sff
/home/pg/michaelt/Data/ALL_MAPPING/Pools/mapping_pool_106-124/POOL106-04RL	H9Y2FG202.RL4.sff
/home/pg/michaelt/Data/ALL_MAPPING/Pools/mapping_pool_106-124/POOL106-05RL	H8V4AIH01.RL5.sff
/home/pg/michaelt/Data/ALL_MAPPING/Pools/mapping_pool_106-124/POOL106-05RL	H8V4AIH02.RL5.sff
/home/pg/michaelt/Data/ALL_MAPPING/Pools/mapping_pool_106-124/POOL106-05RL	H9Y2FG201.RL5.sff
/home/pg/michaelt/Data/ALL_MAPPING/Pools/mapping_pool_106-124/POOL106-05RL	H9Y2FG202.RL5.sff
/home/pg/michaelt/Data/ALL_MAPPING/Pools/mapping_pool_106-124/POOL106-06RL	H8V4AIH01.RL6.sff
/home/pg/michaelt/Data/ALL_MAPPING/Pools/mapping_pool_106-124/POOL106-06RL	H8V4AIH02.RL6.sff
/home/pg/michaelt/Data/ALL_MAPPING/Pools/mapping_pool_106-124/POOL106-06RL	H9Y2FG201.RL6.sff
/home/pg/michaelt/Data/ALL_MAPPING/Pools/mapping_pool_106-124/POOL106-06RL	H9Y2FG202.RL6.sff
/home/pg/michaelt/Data/ALL_MAPPING/Pools/mapping_pool_106-124/POOL110-07RL	H9H1D9W01.RL7.sff
/home/pg/michaelt/Data/ALL_MAPPING/Pools/mapping_pool_106-124/POOL110-07RL	H9H1D9W02.RL7.sff
/home/pg/michaelt/Data/ALL_MAPPING/Pools/mapping_pool_106-124/POOL110-07RL	H9H3BGT01.RL7.sff
/home/pg/michaelt/Data/ALL_MAPPING/Pools/mapping_pool_106-124/POOL110-07RL	H9H3BGT02.RL7.sff
/home/pg/michaelt/Data/ALL_MAPPING/Pools/mapping_pool_106-124/POOL110-08RL	H9H1D9W01.RL8.sff
/home/pg/michaelt/Data/ALL_MAPPING/Pools/mapping_pool_106-124/POOL110-08RL	H9H1D9W02.RL8.sff
/home/pg/michaelt/Data/ALL_MAPPING/Pools/mapping_pool_106-124/POOL110-08RL	H9H3BGT01.RL8.sff
/home/pg/michaelt/Data/ALL_MAPPING/Pools/mapping_pool_106-124/POOL110-08RL	H9H3BGT02.RL8.sff
/home/pg/michaelt/Data/ALL_MAPPING/Pools/mapping_pool_106-124/POOL110-11RL	H9H1D9W01.RL11.sff
/home/pg/michaelt/Data/ALL_MAPPING/Pools/mapping_pool_106-124/POOL110-11RL	H9H1D9W02.RL11.sff
/home/pg/michaelt/Data/ALL_MAPPING/Pools/mapping_pool_106-124/POOL110-11RL	H9H3BGT01.RL11.sff
/home/pg/michaelt/Data/ALL_MAPPING/Pools/mapping_pool_106-124/POOL110-11RL	H9H3BGT02.RL11.sff
/home/pg/michaelt/Data/ALL_MAPPING/Pools/mapping_pool_106-124/POOL110-12RL	H9H1D9W02.RL12.sff
/home/pg/michaelt/Data/ALL_MAPPING/Pools/mapping_pool_106-124/POOL110-12RL	H9H1D9W01.RL12.sff
/home/pg/michaelt/Data/ALL_MAPPING/Pools/mapping_pool_106-124/POOL110-12RL	H9H3BGT01.RL12.sff
/home/pg/michaelt/Data/ALL_MAPPING/Pools/mapping_pool_106-124/POOL110-12RL	H9H3BGT02.RL12.sff
/home/pg/michaelt/Data/ALL_MAPPING/Pools/mapping_pool_106-124/POOL111-04RL	H9Y4CC102.RL4.sff
/home/pg/michaelt/Data/ALL_MAPPING/Pools/mapping_pool_106-124/POOL111-04RL	H9Y4AWA01.RL4.sff
/home/pg/michaelt/Data/ALL_MAPPING/Pools/mapping_pool_106-124/POOL111-04RL	H9Y4AWA02.RL4.sff
/home/pg/michaelt/Data/ALL_MAPPING/Pools/mapping_pool_106-124/POOL111-04RL	H9Y4CC101.RL4.sff
/home/pg/michaelt/Data/ALL_MAPPING/Pools/mapping_pool_106-124/POOL111-05RL	H9Y4AWA01.RL5.sff
/home/pg/michaelt/Data/ALL_MAPPING/Pools/mapping_pool_106-124/POOL111-05RL	H9Y4CC101.RL5.sff
/home/pg/michaelt/Data/ALL_MAPPING/Pools/mapping_pool_106-124/POOL111-05RL	H9Y4AWA02.RL5.sff
/home/pg/michaelt/Data/ALL_MAPPING/Pools/mapping_pool_106-124/POOL111-05RL	H9Y4CC102.RL5.sff
/home/pg/michaelt/Data/ALL_MAPPING/Pools/mapping_pool_106-124/POOL111-06RL	H9Y4AWA01.RL6.sff
/home/pg/michaelt/Data/ALL_MAPPING/Pools/mapping_pool_106-124/POOL111-06RL	H9Y4CC102.RL6.sff
/home/pg/michaelt/Data/ALL_MAPPING/Pools/mapping_pool_106-124/POOL111-06RL	H9Y4AWA02.RL6.sff
/home/pg/michaelt/Data/ALL_MAPPING/Pools/mapping_pool_106-124/POOL111-06RL	H9Y4CC101.RL6.sff
/home/pg/michaelt/Data/ALL_MAPPING/Pools/mapping_pool_106-124/POOL111-07RL	H9Y4AWA01.RL7.sff
/home/pg/michaelt/Data/ALL_MAPPING/Pools/mapping_pool_106-124/POOL111-07RL	H9Y4AWA02.RL7.sff
/home/pg/michaelt/Data/ALL_MAPPING/Pools/mapping_pool_106-124/POOL111-07RL	H9Y4CC102.RL7.sff
/home/pg/michaelt/Data/ALL_MAPPING/Pools/mapping_pool_106-124/POOL111-07RL	H9Y4CC101.RL7.sff
/home/pg/michaelt/Data/ALL_MAPPING/Pools/mapping_pool_106-124/POOL111-09RL	H9Y4AWA02.RL9.sff
/home/pg/michaelt/Data/ALL_MAPPING/Pools/mapping_pool_106-124/POOL111-09RL	H9Y4AWA01.RL9.sff
/home/pg/michaelt/Data/ALL_MAPPING/Pools/mapping_pool_106-124/POOL111-09RL	H9Y4CC101.RL9.sff
/home/pg/michaelt/Data/ALL_MAPPING/Pools/mapping_pool_106-124/POOL111-09RL	H9Y4CC102.RL9.sff
/home/pg/michaelt/Data/ALL_MAPPING/Pools/mapping_pool_106-124/POOL111-10RL	H9Y4CC102.RL10.sff
/home/pg/michaelt/Data/ALL_MAPPING/Pools/mapping_pool_106-124/POOL111-10RL	H9Y4AWA01.RL10.sff
/home/pg/michaelt/Data/ALL_MAPPING/Pools/mapping_pool_106-124/POOL111-10RL	H9Y4AWA02.RL10.sff
/home/pg/michaelt/Data/ALL_MAPPING/Pools/mapping_pool_106-124/POOL111-10RL	H9Y4CC101.RL10.sff
/home/pg/michaelt/Data/ALL_MAPPING/Pools/mapping_pool_106-124/POOL111-11RL	H9Y4AWA02.RL11.sff
/home/pg/michaelt/Data/ALL_MAPPING/Pools/mapping_pool_106-124/POOL111-11RL	H9Y4CC101.RL11.sff
/home/pg/michaelt/Data/ALL_MAPPING/Pools/mapping_pool_106-124/POOL111-11RL	H9Y4CC102.RL11.sff
/home/pg/michaelt/Data/ALL_MAPPING/Pools/mapping_pool_106-124/POOL111-11RL	H9Y4AWA01.RL11.sff
/home/pg/michaelt/Data/ALL_MAPPING/Pools/mapping_pool_106-124/POOL111-12RL	H9Y4CC102.RL12.sff
/home/pg/michaelt/Data/ALL_MAPPING/Pools/mapping_pool_106-124/POOL111-12RL	H9Y4AWA01.RL12.sff
/home/pg/michaelt/Data/ALL_MAPPING/Pools/mapping_pool_106-124/POOL111-12RL	H9Y4AWA02.RL12.sff
/home/pg/michaelt/Data/ALL_MAPPING/Pools/mapping_pool_106-124/POOL111-12RL	H9Y4CC101.RL12.sff
/home/pg/michaelt/Data/ALL_MAPPING/Pools/mapping_pool_106-124/POOL112-01RL	H977PDS02.RL1.sff
/home/pg/michaelt/Data/ALL_MAPPING/Pools/mapping_pool_106-124/POOL112-01RL	H977PDS01.RL1.sff
/home/pg/michaelt/Data/ALL_MAPPING/Pools/mapping_pool_106-124/POOL112-01RL	H979LYN01.RL1.sff
/home/pg/michaelt/Data/ALL_MAPPING/Pools/mapping_pool_106-124/POOL112-01RL	H979LYN02.RL1.sff
/home/pg/michaelt/Data/ALL_MAPPING/Pools/mapping_pool_106-124/POOL112-02RL	H977PDS01.RL2.sff
/home/pg/michaelt/Data/ALL_MAPPING/Pools/mapping_pool_106-124/POOL112-02RL	H977PDS02.RL2.sff
/home/pg/michaelt/Data/ALL_MAPPING/Pools/mapping_pool_106-124/POOL112-02RL	H979LYN01.RL2.sff
/home/pg/michaelt/Data/ALL_MAPPING/Pools/mapping_pool_106-124/POOL112-02RL	H979LYN02.RL2.sff
/home/pg/michaelt/Data/ALL_MAPPING/Pools/mapping_pool_106-124/POOL112-03RL	H977PDS02.RL3.sff
/home/pg/michaelt/Data/ALL_MAPPING/Pools/mapping_pool_106-124/POOL112-03RL	H977PDS01.RL3.sff
/home/pg/michaelt/Data/ALL_MAPPING/Pools/mapping_pool_106-124/POOL112-03RL	H979LYN01.RL3.sff
/home/pg/michaelt/Data/ALL_MAPPING/Pools/mapping_pool_106-124/POOL112-03RL	H979LYN02.RL3.sff
/home/pg/michaelt/Data/ALL_MAPPING/Pools/mapping_pool_106-124/POOL112-04RL	H977PDS01.RL4.sff
/home/pg/michaelt/Data/ALL_MAPPING/Pools/mapping_pool_106-124/POOL112-04RL	H977PDS02.RL4.sff
/home/pg/michaelt/Data/ALL_MAPPING/Pools/mapping_pool_106-124/POOL112-04RL	H979LYN01.RL4.sff
/home/pg/michaelt/Data/ALL_MAPPING/Pools/mapping_pool_106-124/POOL112-04RL	H979LYN02.RL4.sff
/home/pg/michaelt/Data/ALL_MAPPING/Pools/mapping_pool_106-124/POOL112-07RL	H979LYN02.RL7.sff
/home/pg/michaelt/Data/ALL_MAPPING/Pools/mapping_pool_106-124/POOL112-07RL	H979LYN01.RL7.sff
/home/pg/michaelt/Data/ALL_MAPPING/Pools/mapping_pool_106-124/POOL112-07RL	H977PDS01.RL7.sff
/home/pg/michaelt/Data/ALL_MAPPING/Pools/mapping_pool_106-124/POOL112-07RL	H977PDS02.RL7.sff
/home/pg/michaelt/Data/ALL_MAPPING/Pools/mapping_pool_106-124/POOL112-11RL	H977PDS01.RL11.sff
/home/pg/michaelt/Data/ALL_MAPPING/Pools/mapping_pool_106-124/POOL112-11RL	H977PDS02.RL11.sff
/home/pg/michaelt/Data/ALL_MAPPING/Pools/mapping_pool_106-124/POOL112-11RL	H979LYN01.RL11.sff
/home/pg/michaelt/Data/ALL_MAPPING/Pools/mapping_pool_106-124/POOL112-11RL	H979LYN02.RL11.sff
/home/pg/michaelt/Data/ALL_MAPPING/Pools/mapping_pool_106-124/POOL113-01RL	H979LKY01.RL1.sff
/home/pg/michaelt/Data/ALL_MAPPING/Pools/mapping_pool_106-124/POOL113-01RL	H979LKY02.RL1.sff
/home/pg/michaelt/Data/ALL_MAPPING/Pools/mapping_pool_106-124/POOL113-01RL	H996CCW02.RL1.sff
/home/pg/michaelt/Data/ALL_MAPPING/Pools/mapping_pool_106-124/POOL113-01RL	H996CCW01.RL1.sff
/home/pg/michaelt/Data/ALL_MAPPING/Pools/mapping_pool_106-124/POOL113-02RL	H996CCW02.RL2.sff
/home/pg/michaelt/Data/ALL_MAPPING/Pools/mapping_pool_106-124/POOL113-02RL	H979LKY01.RL2.sff
/home/pg/michaelt/Data/ALL_MAPPING/Pools/mapping_pool_106-124/POOL113-02RL	H979LKY02.RL2.sff
/home/pg/michaelt/Data/ALL_MAPPING/Pools/mapping_pool_106-124/POOL113-02RL	H996CCW01.RL2.sff
/home/pg/michaelt/Data/ALL_MAPPING/Pools/mapping_pool_106-124/POOL113-04RL	H979LKY01.RL4.sff
/home/pg/michaelt/Data/ALL_MAPPING/Pools/mapping_pool_106-124/POOL113-04RL	H979LKY02.RL4.sff
/home/pg/michaelt/Data/ALL_MAPPING/Pools/mapping_pool_106-124/POOL113-04RL	H996CCW02.RL4.sff
/home/pg/michaelt/Data/ALL_MAPPING/Pools/mapping_pool_106-124/POOL113-04RL	H996CCW01.RL4.sff
/home/pg/michaelt/Data/ALL_MAPPING/Pools/mapping_pool_106-124/POOL113-06RL	H996CCW02.RL6.sff
/home/pg/michaelt/Data/ALL_MAPPING/Pools/mapping_pool_106-124/POOL113-06RL	H979LKY01.RL6.sff
/home/pg/michaelt/Data/ALL_MAPPING/Pools/mapping_pool_106-124/POOL113-06RL	H979LKY02.RL6.sff
/home/pg/michaelt/Data/ALL_MAPPING/Pools/mapping_pool_106-124/POOL113-06RL	H996CCW01.RL6.sff
/home/pg/michaelt/Data/ALL_MAPPING/Pools/mapping_pool_106-124/POOL113-08RL	H996CCW02.RL8.sff
/home/pg/michaelt/Data/ALL_MAPPING/Pools/mapping_pool_106-124/POOL113-08RL	H979LKY01.RL8.sff
/home/pg/michaelt/Data/ALL_MAPPING/Pools/mapping_pool_106-124/POOL113-08RL	H996CCW01.RL8.sff
/home/pg/michaelt/Data/ALL_MAPPING/Pools/mapping_pool_106-124/POOL113-08RL	H979LKY02.RL8.sff
/home/pg/michaelt/Data/ALL_MAPPING/Pools/mapping_pool_106-124/POOL113-09RL	H979LKY01.RL9.sff
/home/pg/michaelt/Data/ALL_MAPPING/Pools/mapping_pool_106-124/POOL113-09RL	H996CCW01.RL9.sff
/home/pg/michaelt/Data/ALL_MAPPING/Pools/mapping_pool_106-124/POOL113-09RL	H996CCW02.RL9.sff
/home/pg/michaelt/Data/ALL_MAPPING/Pools/mapping_pool_106-124/POOL113-09RL	H979LKY02.RL9.sff
/home/pg/michaelt/Data/ALL_MAPPING/Pools/mapping_pool_106-124/POOL113-12RL	H979LKY01.RL12.sff
/home/pg/michaelt/Data/ALL_MAPPING/Pools/mapping_pool_106-124/POOL113-12RL	H996CCW01.RL12.sff
/home/pg/michaelt/Data/ALL_MAPPING/Pools/mapping_pool_106-124/POOL113-12RL	H996CCW02.RL12.sff
/home/pg/michaelt/Data/ALL_MAPPING/Pools/mapping_pool_106-124/POOL113-12RL	H979LKY02.RL12.sff
/home/pg/michaelt/Data/ALL_MAPPING/Pools/mapping_pool_106-124/POOL114-02RL	H9978MT01.RL2.sff
/home/pg/michaelt/Data/ALL_MAPPING/Pools/mapping_pool_106-124/POOL114-02RL	H9978MT02.RL2.sff
/home/pg/michaelt/Data/ALL_MAPPING/Pools/mapping_pool_106-124/POOL114-02RL	H99776P01.RL2.sff
/home/pg/michaelt/Data/ALL_MAPPING/Pools/mapping_pool_106-124/POOL114-02RL	H99776P02.RL2.sff
/home/pg/michaelt/Data/ALL_MAPPING/Pools/mapping_pool_106-124/POOL114-03RL	H9978MT01.RL3.sff
/home/pg/michaelt/Data/ALL_MAPPING/Pools/mapping_pool_106-124/POOL114-03RL	H9978MT02.RL3.sff
/home/pg/michaelt/Data/ALL_MAPPING/Pools/mapping_pool_106-124/POOL114-03RL	H99776P01.RL3.sff
/home/pg/michaelt/Data/ALL_MAPPING/Pools/mapping_pool_106-124/POOL114-03RL	H99776P02.RL3.sff
/home/pg/michaelt/Data/ALL_MAPPING/Pools/mapping_pool_106-124/POOL114-04RL	H99776P02.RL4.sff
/home/pg/michaelt/Data/ALL_MAPPING/Pools/mapping_pool_106-124/POOL114-04RL	H99776P01.RL4.sff
/home/pg/michaelt/Data/ALL_MAPPING/Pools/mapping_pool_106-124/POOL114-04RL	H9978MT01.RL4.sff
/home/pg/michaelt/Data/ALL_MAPPING/Pools/mapping_pool_106-124/POOL114-04RL	H9978MT02.RL4.sff
/home/pg/michaelt/Data/ALL_MAPPING/Pools/mapping_pool_106-124/POOL114-05RL	H9978MT01.RL5.sff
/home/pg/michaelt/Data/ALL_MAPPING/Pools/mapping_pool_106-124/POOL114-05RL	H9978MT02.RL5.sff
/home/pg/michaelt/Data/ALL_MAPPING/Pools/mapping_pool_106-124/POOL114-05RL	H99776P01.RL5.sff
/home/pg/michaelt/Data/ALL_MAPPING/Pools/mapping_pool_106-124/POOL114-05RL	H99776P02.RL5.sff
/home/pg/michaelt/Data/ALL_MAPPING/Pools/mapping_pool_106-124/POOL114-06RL	H99776P02.RL6.sff
/home/pg/michaelt/Data/ALL_MAPPING/Pools/mapping_pool_106-124/POOL114-06RL	H9978MT01.RL6.sff
/home/pg/michaelt/Data/ALL_MAPPING/Pools/mapping_pool_106-124/POOL114-06RL	H99776P01.RL6.sff
/home/pg/michaelt/Data/ALL_MAPPING/Pools/mapping_pool_106-124/POOL114-06RL	H9978MT02.RL6.sff
/home/pg/michaelt/Data/ALL_MAPPING/Pools/mapping_pool_106-124/POOL114-07RL	H99776P02.RL7.sff
/home/pg/michaelt/Data/ALL_MAPPING/Pools/mapping_pool_106-124/POOL114-07RL	H9978MT01.RL7.sff
/home/pg/michaelt/Data/ALL_MAPPING/Pools/mapping_pool_106-124/POOL114-07RL	H9978MT02.RL7.sff
/home/pg/michaelt/Data/ALL_MAPPING/Pools/mapping_pool_106-124/POOL114-07RL	H99776P01.RL7.sff
/home/pg/michaelt/Data/ALL_MAPPING/Pools/mapping_pool_106-124/POOL114-08RL	H99776P02.RL8.sff
/home/pg/michaelt/Data/ALL_MAPPING/Pools/mapping_pool_106-124/POOL114-08RL	H9978MT01.RL8.sff
/home/pg/michaelt/Data/ALL_MAPPING/Pools/mapping_pool_106-124/POOL114-08RL	H9978MT02.RL8.sff
/home/pg/michaelt/Data/ALL_MAPPING/Pools/mapping_pool_106-124/POOL114-08RL	H99776P01.RL8.sff
/home/pg/michaelt/Data/ALL_MAPPING/Pools/mapping_pool_106-124/POOL114-09RL	H99776P02.RL9.sff
/home/pg/michaelt/Data/ALL_MAPPING/Pools/mapping_pool_106-124/POOL114-09RL	H9978MT01.RL9.sff
/home/pg/michaelt/Data/ALL_MAPPING/Pools/mapping_pool_106-124/POOL114-09RL	H99776P01.RL9.sff
/home/pg/michaelt/Data/ALL_MAPPING/Pools/mapping_pool_106-124/POOL114-09RL	H9978MT02.RL9.sff
/home/pg/michaelt/Data/ALL_MAPPING/Pools/mapping_pool_106-124/POOL115-01RL	IAI7ZXR02.RL1.sff
/home/pg/michaelt/Data/ALL_MAPPING/Pools/mapping_pool_106-124/POOL115-01RL	IAI7ZXR01.RL1.sff
/home/pg/michaelt/Data/ALL_MAPPING/Pools/mapping_pool_106-124/POOL115-01RL	IAI52DJ02.RL1.sff
/home/pg/michaelt/Data/ALL_MAPPING/Pools/mapping_pool_106-124/POOL115-01RL	IAI52DJ01.RL1.sff
/home/pg/michaelt/Data/ALL_MAPPING/Pools/mapping_pool_106-124/POOL115-02RL	IAI7ZXR02.RL2.sff
/home/pg/michaelt/Data/ALL_MAPPING/Pools/mapping_pool_106-124/POOL115-02RL	IAI52DJ01.RL2.sff
/home/pg/michaelt/Data/ALL_MAPPING/Pools/mapping_pool_106-124/POOL115-02RL	IAI52DJ02.RL2.sff
/home/pg/michaelt/Data/ALL_MAPPING/Pools/mapping_pool_106-124/POOL115-02RL	IAI7ZXR01.RL2.sff
/home/pg/michaelt/Data/ALL_MAPPING/Pools/mapping_pool_106-124/POOL115-03RL	IAI7ZXR02.RL3.sff
/home/pg/michaelt/Data/ALL_MAPPING/Pools/mapping_pool_106-124/POOL115-03RL	IAI52DJ01.RL3.sff
/home/pg/michaelt/Data/ALL_MAPPING/Pools/mapping_pool_106-124/POOL115-03RL	IAI7ZXR01.RL3.sff
/home/pg/michaelt/Data/ALL_MAPPING/Pools/mapping_pool_106-124/POOL115-03RL	IAI52DJ02.RL3.sff
/home/pg/michaelt/Data/ALL_MAPPING/Pools/mapping_pool_106-124/POOL115-04RL	IAI7ZXR02.RL4.sff
/home/pg/michaelt/Data/ALL_MAPPING/Pools/mapping_pool_106-124/POOL115-04RL	IAI52DJ01.RL4.sff
/home/pg/michaelt/Data/ALL_MAPPING/Pools/mapping_pool_106-124/POOL115-04RL	IAI52DJ02.RL4.sff
/home/pg/michaelt/Data/ALL_MAPPING/Pools/mapping_pool_106-124/POOL115-04RL	IAI7ZXR01.RL4.sff
/home/pg/michaelt/Data/ALL_MAPPING/Pools/mapping_pool_106-124/POOL115-05RL	IAI7ZXR02.RL5.sff
/home/pg/michaelt/Data/ALL_MAPPING/Pools/mapping_pool_106-124/POOL115-05RL	IAI52DJ01.RL5.sff
/home/pg/michaelt/Data/ALL_MAPPING/Pools/mapping_pool_106-124/POOL115-05RL	IAI7ZXR01.RL5.sff
/home/pg/michaelt/Data/ALL_MAPPING/Pools/mapping_pool_106-124/POOL115-05RL	IAI52DJ02.RL5.sff
/home/pg/michaelt/Data/ALL_MAPPING/Pools/mapping_pool_106-124/POOL115-06RL	IAI7ZXR02.RL6.sff
/home/pg/michaelt/Data/ALL_MAPPING/Pools/mapping_pool_106-124/POOL115-06RL	IAI52DJ01.RL6.sff
/home/pg/michaelt/Data/ALL_MAPPING/Pools/mapping_pool_106-124/POOL115-06RL	IAI7ZXR01.RL6.sff
/home/pg/michaelt/Data/ALL_MAPPING/Pools/mapping_pool_106-124/POOL115-06RL	IAI52DJ02.RL6.sff
/home/pg/michaelt/Data/ALL_MAPPING/Pools/mapping_pool_106-124/POOL115-07RL	IAI52DJ01.RL7.sff
/home/pg/michaelt/Data/ALL_MAPPING/Pools/mapping_pool_106-124/POOL115-07RL	IAI52DJ02.RL7.sff
/home/pg/michaelt/Data/ALL_MAPPING/Pools/mapping_pool_106-124/POOL115-07RL	IAI7ZXR01.RL7.sff
/home/pg/michaelt/Data/ALL_MAPPING/Pools/mapping_pool_106-124/POOL115-07RL	IAI7ZXR02.RL7.sff
/home/pg/michaelt/Data/ALL_MAPPING/Pools/mapping_pool_106-124/POOL116-02RL	IA3Q3DZ01.RL2.sff
/home/pg/michaelt/Data/ALL_MAPPING/Pools/mapping_pool_106-124/POOL116-02RL	IA3Q3DZ02.RL2.sff
/home/pg/michaelt/Data/ALL_MAPPING/Pools/mapping_pool_106-124/POOL116-02RL	IBAWT3W02.RL2.sff
/home/pg/michaelt/Data/ALL_MAPPING/Pools/mapping_pool_106-124/POOL116-02RL	IBAWT3W01.RL2.sff
/home/pg/michaelt/Data/ALL_MAPPING/Pools/mapping_pool_106-124/POOL116-03RL	IBAWT3W02.RL3.sff
/home/pg/michaelt/Data/ALL_MAPPING/Pools/mapping_pool_106-124/POOL116-03RL	IA3Q3DZ01.RL3.sff
/home/pg/michaelt/Data/ALL_MAPPING/Pools/mapping_pool_106-124/POOL116-03RL	IA3Q3DZ02.RL3.sff
/home/pg/michaelt/Data/ALL_MAPPING/Pools/mapping_pool_106-124/POOL116-03RL	IBAWT3W01.RL3.sff
/home/pg/michaelt/Data/ALL_MAPPING/Pools/mapping_pool_106-124/POOL116-04RL	IBAWT3W02.RL4.sff
/home/pg/michaelt/Data/ALL_MAPPING/Pools/mapping_pool_106-124/POOL116-04RL	IA3Q3DZ01.RL4.sff
/home/pg/michaelt/Data/ALL_MAPPING/Pools/mapping_pool_106-124/POOL116-04RL	IA3Q3DZ02.RL4.sff
/home/pg/michaelt/Data/ALL_MAPPING/Pools/mapping_pool_106-124/POOL116-04RL	IBAWT3W01.RL4.sff
/home/pg/michaelt/Data/ALL_MAPPING/Pools/mapping_pool_106-124/POOL116-05RL	IBAWT3W02.RL5.sff
/home/pg/michaelt/Data/ALL_MAPPING/Pools/mapping_pool_106-124/POOL116-05RL	IA3Q3DZ01.RL5.sff
/home/pg/michaelt/Data/ALL_MAPPING/Pools/mapping_pool_106-124/POOL116-05RL	IA3Q3DZ02.RL5.sff
/home/pg/michaelt/Data/ALL_MAPPING/Pools/mapping_pool_106-124/POOL116-05RL	IBAWT3W01.RL5.sff
/home/pg/michaelt/Data/ALL_MAPPING/Pools/mapping_pool_106-124/POOL116-06RL	IBAWT3W02.RL6.sff
/home/pg/michaelt/Data/ALL_MAPPING/Pools/mapping_pool_106-124/POOL116-06RL	IA3Q3DZ01.RL6.sff
/home/pg/michaelt/Data/ALL_MAPPING/Pools/mapping_pool_106-124/POOL116-06RL	IA3Q3DZ02.RL6.sff
/home/pg/michaelt/Data/ALL_MAPPING/Pools/mapping_pool_106-124/POOL116-06RL	IBAWT3W01.RL6.sff
/home/pg/michaelt/Data/ALL_MAPPING/Pools/mapping_pool_106-124/POOL116-09RL	IBAWT3W02.RL9.sff
/home/pg/michaelt/Data/ALL_MAPPING/Pools/mapping_pool_106-124/POOL116-09RL	IA3Q3DZ01.RL9.sff
/home/pg/michaelt/Data/ALL_MAPPING/Pools/mapping_pool_106-124/POOL116-09RL	IA3Q3DZ02.RL9.sff
/home/pg/michaelt/Data/ALL_MAPPING/Pools/mapping_pool_106-124/POOL116-09RL	IBAWT3W01.RL9.sff
/home/pg/michaelt/Data/ALL_MAPPING/Pools/mapping_pool_106-124/POOL116-10RL	IA3Q3DZ01.RL10.sff
/home/pg/michaelt/Data/ALL_MAPPING/Pools/mapping_pool_106-124/POOL116-10RL	IA3Q3DZ02.RL10.sff
/home/pg/michaelt/Data/ALL_MAPPING/Pools/mapping_pool_106-124/POOL116-10RL	IBAWT3W01.RL10.sff
/home/pg/michaelt/Data/ALL_MAPPING/Pools/mapping_pool_106-124/POOL116-10RL	IBAWT3W02.RL10.sff
/home/pg/michaelt/Data/ALL_MAPPING/Pools/mapping_pool_106-124/POOL117-01RL	IAK82DZ01.RL1.sff
/home/pg/michaelt/Data/ALL_MAPPING/Pools/mapping_pool_106-124/POOL117-01RL	IAK64Y101.RL1.sff
/home/pg/michaelt/Data/ALL_MAPPING/Pools/mapping_pool_106-124/POOL117-01RL	IAK82DZ02.RL1.sff
/home/pg/michaelt/Data/ALL_MAPPING/Pools/mapping_pool_106-124/POOL117-01RL	IAK64Y102.RL1.sff
/home/pg/michaelt/Data/ALL_MAPPING/Pools/mapping_pool_106-124/POOL117-02RL	IAK82DZ01.RL2.sff
/home/pg/michaelt/Data/ALL_MAPPING/Pools/mapping_pool_106-124/POOL117-02RL	IAK64Y102.RL2.sff
/home/pg/michaelt/Data/ALL_MAPPING/Pools/mapping_pool_106-124/POOL117-02RL	IAK82DZ02.RL2.sff
/home/pg/michaelt/Data/ALL_MAPPING/Pools/mapping_pool_106-124/POOL117-02RL	IAK64Y101.RL2.sff
/home/pg/michaelt/Data/ALL_MAPPING/Pools/mapping_pool_106-124/POOL117-03RL	IAK64Y102.RL3.sff
/home/pg/michaelt/Data/ALL_MAPPING/Pools/mapping_pool_106-124/POOL117-03RL	IAK64Y101.RL3.sff
/home/pg/michaelt/Data/ALL_MAPPING/Pools/mapping_pool_106-124/POOL117-03RL	IAK82DZ01.RL3.sff
/home/pg/michaelt/Data/ALL_MAPPING/Pools/mapping_pool_106-124/POOL117-03RL	IAK82DZ02.RL3.sff
/home/pg/michaelt/Data/ALL_MAPPING/Pools/mapping_pool_106-124/POOL117-05RL	IAK64Y102.RL5.sff
/home/pg/michaelt/Data/ALL_MAPPING/Pools/mapping_pool_106-124/POOL117-05RL	IAK64Y101.RL5.sff
/home/pg/michaelt/Data/ALL_MAPPING/Pools/mapping_pool_106-124/POOL117-05RL	IAK82DZ01.RL5.sff
/home/pg/michaelt/Data/ALL_MAPPING/Pools/mapping_pool_106-124/POOL117-05RL	IAK82DZ02.RL5.sff
/home/pg/michaelt/Data/ALL_MAPPING/Pools/mapping_pool_106-124/POOL117-06RL	IAK82DZ01.RL6.sff
/home/pg/michaelt/Data/ALL_MAPPING/Pools/mapping_pool_106-124/POOL117-06RL	IAK64Y101.RL6.sff
/home/pg/michaelt/Data/ALL_MAPPING/Pools/mapping_pool_106-124/POOL117-06RL	IAK64Y102.RL6.sff
/home/pg/michaelt/Data/ALL_MAPPING/Pools/mapping_pool_106-124/POOL117-06RL	IAK82DZ02.RL6.sff
/home/pg/michaelt/Data/ALL_MAPPING/Pools/mapping_pool_106-124/POOL117-07RL	IAK64Y101.RL7.sff
/home/pg/michaelt/Data/ALL_MAPPING/Pools/mapping_pool_106-124/POOL117-07RL	IAK64Y102.RL7.sff
/home/pg/michaelt/Data/ALL_MAPPING/Pools/mapping_pool_106-124/POOL117-07RL	IAK82DZ01.RL7.sff
/home/pg/michaelt/Data/ALL_MAPPING/Pools/mapping_pool_106-124/POOL117-07RL	IAK82DZ02.RL7.sff
/home/pg/michaelt/Data/ALL_MAPPING/Pools/mapping_pool_106-124/POOL117-08RL	IAK64Y101.RL8.sff
/home/pg/michaelt/Data/ALL_MAPPING/Pools/mapping_pool_106-124/POOL117-08RL	IAK64Y102.RL8.sff
/home/pg/michaelt/Data/ALL_MAPPING/Pools/mapping_pool_106-124/POOL117-08RL	IAK82DZ01.RL8.sff
/home/pg/michaelt/Data/ALL_MAPPING/Pools/mapping_pool_106-124/POOL117-08RL	IAK82DZ02.RL8.sff
/home/pg/michaelt/Data/ALL_MAPPING/Pools/mapping_pool_106-124/POOL117-10RL	IAK82DZ02.RL10.sff
/home/pg/michaelt/Data/ALL_MAPPING/Pools/mapping_pool_106-124/POOL117-10RL	IAK64Y101.RL10.sff
/home/pg/michaelt/Data/ALL_MAPPING/Pools/mapping_pool_106-124/POOL117-10RL	IAK82DZ01.RL10.sff
/home/pg/michaelt/Data/ALL_MAPPING/Pools/mapping_pool_106-124/POOL117-10RL	IAK64Y102.RL10.sff
/home/pg/michaelt/Data/ALL_MAPPING/Pools/mapping_pool_106-124/POOL118-02RL	IAK80LF02.RL2.sff
/home/pg/michaelt/Data/ALL_MAPPING/Pools/mapping_pool_106-124/POOL118-02RL	IAOJFNZ01.RL2.sff
/home/pg/michaelt/Data/ALL_MAPPING/Pools/mapping_pool_106-124/POOL118-02RL	IAK80LF01.RL2.sff
/home/pg/michaelt/Data/ALL_MAPPING/Pools/mapping_pool_106-124/POOL118-02RL	IAOJFNZ02.RL2.sff
/home/pg/michaelt/Data/ALL_MAPPING/Pools/mapping_pool_106-124/POOL118-03RL	IAOJFNZ02.RL3.sff
/home/pg/michaelt/Data/ALL_MAPPING/Pools/mapping_pool_106-124/POOL118-03RL	IAK80LF01.RL3.sff
/home/pg/michaelt/Data/ALL_MAPPING/Pools/mapping_pool_106-124/POOL118-03RL	IAK80LF02.RL3.sff
/home/pg/michaelt/Data/ALL_MAPPING/Pools/mapping_pool_106-124/POOL118-03RL	IAOJFNZ01.RL3.sff
/home/pg/michaelt/Data/ALL_MAPPING/Pools/mapping_pool_106-124/POOL118-04RL	IAK80LF01.RL4.sff
/home/pg/michaelt/Data/ALL_MAPPING/Pools/mapping_pool_106-124/POOL118-04RL	IAOJFNZ01.RL4.sff
/home/pg/michaelt/Data/ALL_MAPPING/Pools/mapping_pool_106-124/POOL118-04RL	IAOJFNZ02.RL4.sff
/home/pg/michaelt/Data/ALL_MAPPING/Pools/mapping_pool_106-124/POOL118-04RL	IAK80LF02.RL4.sff
/home/pg/michaelt/Data/ALL_MAPPING/Pools/mapping_pool_106-124/POOL118-05RL	IAK80LF01.RL5.sff
/home/pg/michaelt/Data/ALL_MAPPING/Pools/mapping_pool_106-124/POOL118-05RL	IAOJFNZ01.RL5.sff
/home/pg/michaelt/Data/ALL_MAPPING/Pools/mapping_pool_106-124/POOL118-05RL	IAOJFNZ02.RL5.sff
/home/pg/michaelt/Data/ALL_MAPPING/Pools/mapping_pool_106-124/POOL118-05RL	IAK80LF02.RL5.sff
/home/pg/michaelt/Data/ALL_MAPPING/Pools/mapping_pool_106-124/POOL118-06RL	IAK80LF01.RL6.sff
/home/pg/michaelt/Data/ALL_MAPPING/Pools/mapping_pool_106-124/POOL118-06RL	IAOJFNZ01.RL6.sff
/home/pg/michaelt/Data/ALL_MAPPING/Pools/mapping_pool_106-124/POOL118-06RL	IAOJFNZ02.RL6.sff
/home/pg/michaelt/Data/ALL_MAPPING/Pools/mapping_pool_106-124/POOL118-06RL	IAK80LF02.RL6.sff
/home/pg/michaelt/Data/ALL_MAPPING/Pools/mapping_pool_106-124/POOL118-08RL	IAOJFNZ02.RL8.sff
/home/pg/michaelt/Data/ALL_MAPPING/Pools/mapping_pool_106-124/POOL118-08RL	IAK80LF01.RL8.sff
/home/pg/michaelt/Data/ALL_MAPPING/Pools/mapping_pool_106-124/POOL118-08RL	IAK80LF02.RL8.sff
/home/pg/michaelt/Data/ALL_MAPPING/Pools/mapping_pool_106-124/POOL118-08RL	IAOJFNZ01.RL8.sff
/home/pg/michaelt/Data/ALL_MAPPING/Pools/mapping_pool_106-124/POOL118-10RL	IAOJFNZ02.RL10.sff
/home/pg/michaelt/Data/ALL_MAPPING/Pools/mapping_pool_106-124/POOL118-10RL	IAK80LF01.RL10.sff
/home/pg/michaelt/Data/ALL_MAPPING/Pools/mapping_pool_106-124/POOL118-10RL	IAOJFNZ01.RL10.sff
/home/pg/michaelt/Data/ALL_MAPPING/Pools/mapping_pool_106-124/POOL118-10RL	IAK80LF02.RL10.sff
/home/pg/michaelt/Data/ALL_MAPPING/Pools/mapping_pool_106-124/POOL119-02RL	IAOLC1301.RL2.sff
/home/pg/michaelt/Data/ALL_MAPPING/Pools/mapping_pool_106-124/POOL119-02RL	IAOLC1302.RL2.sff
/home/pg/michaelt/Data/ALL_MAPPING/Pools/mapping_pool_106-124/POOL119-02RL	IAOLC1001.RL2.sff
/home/pg/michaelt/Data/ALL_MAPPING/Pools/mapping_pool_106-124/POOL119-02RL	IAOLC1002.RL2.sff
/home/pg/michaelt/Data/ALL_MAPPING/Pools/mapping_pool_106-124/POOL119-03RL	IAOLC1302.RL3.sff
/home/pg/michaelt/Data/ALL_MAPPING/Pools/mapping_pool_106-124/POOL119-03RL	IAOLC1001.RL3.sff
/home/pg/michaelt/Data/ALL_MAPPING/Pools/mapping_pool_106-124/POOL119-03RL	IAOLC1002.RL3.sff
/home/pg/michaelt/Data/ALL_MAPPING/Pools/mapping_pool_106-124/POOL119-03RL	IAOLC1301.RL3.sff
/home/pg/michaelt/Data/ALL_MAPPING/Pools/mapping_pool_106-124/POOL119-04RL	IAOLC1302.RL4.sff
/home/pg/michaelt/Data/ALL_MAPPING/Pools/mapping_pool_106-124/POOL119-04RL	IAOLC1001.RL4.sff
/home/pg/michaelt/Data/ALL_MAPPING/Pools/mapping_pool_106-124/POOL119-04RL	IAOLC1301.RL4.sff
/home/pg/michaelt/Data/ALL_MAPPING/Pools/mapping_pool_106-124/POOL119-04RL	IAOLC1002.RL4.sff
/home/pg/michaelt/Data/ALL_MAPPING/Pools/mapping_pool_106-124/POOL119-06RL	IAOLC1302.RL6.sff
/home/pg/michaelt/Data/ALL_MAPPING/Pools/mapping_pool_106-124/POOL119-06RL	IAOLC1001.RL6.sff
/home/pg/michaelt/Data/ALL_MAPPING/Pools/mapping_pool_106-124/POOL119-06RL	IAOLC1301.RL6.sff
/home/pg/michaelt/Data/ALL_MAPPING/Pools/mapping_pool_106-124/POOL119-06RL	IAOLC1002.RL6.sff
/home/pg/michaelt/Data/ALL_MAPPING/Pools/mapping_pool_106-124/POOL110-04RL	H9H1D9W02.RL4.sff
/home/pg/michaelt/Data/ALL_MAPPING/Pools/mapping_pool_106-124/POOL110-04RL	H9H1D9W01.RL4.sff
/home/pg/michaelt/Data/ALL_MAPPING/Pools/mapping_pool_106-124/POOL110-04RL	H9H3BGT01.RL4.sff
/home/pg/michaelt/Data/ALL_MAPPING/Pools/mapping_pool_106-124/POOL110-04RL	H9H3BGT02.RL4.sff
/home/pg/michaelt/Data/ALL_MAPPING/Pools/mapping_pool_106-124/POOL119-10RL	IAOLC1001.RL10.sff
/home/pg/michaelt/Data/ALL_MAPPING/Pools/mapping_pool_106-124/POOL119-10RL	IAOLC1002.RL10.sff
/home/pg/michaelt/Data/ALL_MAPPING/Pools/mapping_pool_106-124/POOL119-10RL	IAOLC1301.RL10.sff
/home/pg/michaelt/Data/ALL_MAPPING/Pools/mapping_pool_106-124/POOL119-10RL	IAOLC1302.RL10.sff
/home/pg/michaelt/Data/ALL_MAPPING/Pools/mapping_pool_106-124/POOL119-11RL	IAOLC1302.RL11.sff
/home/pg/michaelt/Data/ALL_MAPPING/Pools/mapping_pool_106-124/POOL119-11RL	IAOLC1001.RL11.sff
/home/pg/michaelt/Data/ALL_MAPPING/Pools/mapping_pool_106-124/POOL119-11RL	IAOLC1002.RL11.sff
/home/pg/michaelt/Data/ALL_MAPPING/Pools/mapping_pool_106-124/POOL119-11RL	IAOLC1301.RL11.sff
/home/pg/michaelt/Data/ALL_MAPPING/Pools/mapping_pool_106-124/POOL119-12RL	IAOLC1001.RL12.sff
/home/pg/michaelt/Data/ALL_MAPPING/Pools/mapping_pool_106-124/POOL119-12RL	IAOLC1002.RL12.sff
/home/pg/michaelt/Data/ALL_MAPPING/Pools/mapping_pool_106-124/POOL119-12RL	IAOLC1301.RL12.sff
/home/pg/michaelt/Data/ALL_MAPPING/Pools/mapping_pool_106-124/POOL119-12RL	IAOLC1302.RL12.sff
/home/pg/michaelt/Data/ALL_MAPPING/Pools/mapping_pool_106-124/POOL119-07RL	IAOLC1002.RL7.sff
/home/pg/michaelt/Data/ALL_MAPPING/Pools/mapping_pool_106-124/POOL119-07RL	IAOLC1301.RL7.sff
/home/pg/michaelt/Data/ALL_MAPPING/Pools/mapping_pool_106-124/POOL119-07RL	IAOLC1001.RL7.sff
/home/pg/michaelt/Data/ALL_MAPPING/Pools/mapping_pool_106-124/POOL119-07RL	IAOLC1302.RL7.sff
/home/pg/michaelt/Data/ALL_MAPPING/Pools/mapping_pool_106-124/POOL120-01RL	IAQPPRI01.RL1.sff
/home/pg/michaelt/Data/ALL_MAPPING/Pools/mapping_pool_106-124/POOL120-01RL	IAQPPRI02.RL1.sff
/home/pg/michaelt/Data/ALL_MAPPING/Pools/mapping_pool_106-124/POOL120-01RL	IAQRNET01.RL1.sff
/home/pg/michaelt/Data/ALL_MAPPING/Pools/mapping_pool_106-124/POOL120-01RL	IAQRNET02.RL1.sff
/home/pg/michaelt/Data/ALL_MAPPING/Pools/mapping_pool_106-124/POOL120-02RL	IAQPPRI01.RL2.sff
/home/pg/michaelt/Data/ALL_MAPPING/Pools/mapping_pool_106-124/POOL120-02RL	IAQPPRI02.RL2.sff
/home/pg/michaelt/Data/ALL_MAPPING/Pools/mapping_pool_106-124/POOL120-02RL	IAQRNET02.RL2.sff
/home/pg/michaelt/Data/ALL_MAPPING/Pools/mapping_pool_106-124/POOL120-02RL	IAQRNET01.RL2.sff
/home/pg/michaelt/Data/ALL_MAPPING/Pools/mapping_pool_106-124/POOL120-06RL	IAQPPRI01.RL6.sff
/home/pg/michaelt/Data/ALL_MAPPING/Pools/mapping_pool_106-124/POOL120-06RL	IAQRNET02.RL6.sff
/home/pg/michaelt/Data/ALL_MAPPING/Pools/mapping_pool_106-124/POOL120-06RL	IAQRNET01.RL6.sff
/home/pg/michaelt/Data/ALL_MAPPING/Pools/mapping_pool_106-124/POOL120-06RL	IAQPPRI02.RL6.sff
/home/pg/michaelt/Data/ALL_MAPPING/Pools/mapping_pool_106-124/POOL120-07RL	IAQRNET02.RL7.sff
/home/pg/michaelt/Data/ALL_MAPPING/Pools/mapping_pool_106-124/POOL120-07RL	IAQPPRI01.RL7.sff
/home/pg/michaelt/Data/ALL_MAPPING/Pools/mapping_pool_106-124/POOL120-07RL	IAQRNET01.RL7.sff
/home/pg/michaelt/Data/ALL_MAPPING/Pools/mapping_pool_106-124/POOL120-07RL	IAQPPRI02.RL7.sff
/home/pg/michaelt/Data/ALL_MAPPING/Pools/mapping_pool_106-124/POOL120-08RL	IAQPPRI01.RL8.sff
/home/pg/michaelt/Data/ALL_MAPPING/Pools/mapping_pool_106-124/POOL120-08RL	IAQRNET01.RL8.sff
/home/pg/michaelt/Data/ALL_MAPPING/Pools/mapping_pool_106-124/POOL120-08RL	IAQRNET02.RL8.sff
/home/pg/michaelt/Data/ALL_MAPPING/Pools/mapping_pool_106-124/POOL120-08RL	IAQPPRI02.RL8.sff
/home/pg/michaelt/Data/ALL_MAPPING/Pools/mapping_pool_106-124/POOL120-10RL	IAQRNET02.RL10.sff
/home/pg/michaelt/Data/ALL_MAPPING/Pools/mapping_pool_106-124/POOL120-10RL	IAQPPRI01.RL10.sff
/home/pg/michaelt/Data/ALL_MAPPING/Pools/mapping_pool_106-124/POOL120-10RL	IAQRNET01.RL10.sff
/home/pg/michaelt/Data/ALL_MAPPING/Pools/mapping_pool_106-124/POOL120-10RL	IAQPPRI02.RL10.sff
/home/pg/michaelt/Data/ALL_MAPPING/Pools/mapping_pool_106-124/POOL120-11RL	IAQPPRI01.RL11.sff
/home/pg/michaelt/Data/ALL_MAPPING/Pools/mapping_pool_106-124/POOL120-11RL	IAQPPRI02.RL11.sff
/home/pg/michaelt/Data/ALL_MAPPING/Pools/mapping_pool_106-124/POOL120-11RL	IAQRNET01.RL11.sff
/home/pg/michaelt/Data/ALL_MAPPING/Pools/mapping_pool_106-124/POOL120-11RL	IAQRNET02.RL11.sff
/home/pg/michaelt/Data/ALL_MAPPING/Pools/mapping_pool_106-124/POOL121-01RL	IAV0GHF02.RL1.sff
/home/pg/michaelt/Data/ALL_MAPPING/Pools/mapping_pool_106-124/POOL121-01RL	IAQRLXS01.RL1.sff
/home/pg/michaelt/Data/ALL_MAPPING/Pools/mapping_pool_106-124/POOL121-01RL	IAV0GHF01.RL1.sff
/home/pg/michaelt/Data/ALL_MAPPING/Pools/mapping_pool_106-124/POOL121-01RL	IAQRLXS02.RL1.sff
/home/pg/michaelt/Data/ALL_MAPPING/Pools/mapping_pool_106-124/POOL121-02RL	IAQRLXS01.RL2.sff
/home/pg/michaelt/Data/ALL_MAPPING/Pools/mapping_pool_106-124/POOL121-02RL	IAV0GHF02.RL2.sff
/home/pg/michaelt/Data/ALL_MAPPING/Pools/mapping_pool_106-124/POOL121-02RL	IAQRLXS02.RL2.sff
/home/pg/michaelt/Data/ALL_MAPPING/Pools/mapping_pool_106-124/POOL121-02RL	IAV0GHF01.RL2.sff
/home/pg/michaelt/Data/ALL_MAPPING/Pools/mapping_pool_106-124/POOL121-03RL	IAQRLXS01.RL3.sff
/home/pg/michaelt/Data/ALL_MAPPING/Pools/mapping_pool_106-124/POOL121-03RL	IAQRLXS02.RL3.sff
/home/pg/michaelt/Data/ALL_MAPPING/Pools/mapping_pool_106-124/POOL121-03RL	IAV0GHF02.RL3.sff
/home/pg/michaelt/Data/ALL_MAPPING/Pools/mapping_pool_106-124/POOL121-03RL	IAV0GHF01.RL3.sff
/home/pg/michaelt/Data/ALL_MAPPING/Pools/mapping_pool_106-124/POOL121-04RL	IAV0GHF02.RL4.sff
/home/pg/michaelt/Data/ALL_MAPPING/Pools/mapping_pool_106-124/POOL121-04RL	IAV0GHF01.RL4.sff
/home/pg/michaelt/Data/ALL_MAPPING/Pools/mapping_pool_106-124/POOL121-04RL	IAQRLXS01.RL4.sff
/home/pg/michaelt/Data/ALL_MAPPING/Pools/mapping_pool_106-124/POOL121-04RL	IAQRLXS02.RL4.sff
/home/pg/michaelt/Data/ALL_MAPPING/Pools/mapping_pool_106-124/POOL121-08RL	IAQRLXS01.RL8.sff
/home/pg/michaelt/Data/ALL_MAPPING/Pools/mapping_pool_106-124/POOL121-08RL	IAQRLXS02.RL8.sff
/home/pg/michaelt/Data/ALL_MAPPING/Pools/mapping_pool_106-124/POOL121-08RL	IAV0GHF01.RL8.sff
/home/pg/michaelt/Data/ALL_MAPPING/Pools/mapping_pool_106-124/POOL121-08RL	IAV0GHF02.RL8.sff
/home/pg/michaelt/Data/ALL_MAPPING/Pools/mapping_pool_106-124/POOL121-09RL	IAQRLXS01.RL9.sff
/home/pg/michaelt/Data/ALL_MAPPING/Pools/mapping_pool_106-124/POOL121-09RL	IAV0GHF01.RL9.sff
/home/pg/michaelt/Data/ALL_MAPPING/Pools/mapping_pool_106-124/POOL121-09RL	IAQRLXS02.RL9.sff
/home/pg/michaelt/Data/ALL_MAPPING/Pools/mapping_pool_106-124/POOL121-09RL	IAV0GHF02.RL9.sff
/home/pg/michaelt/Data/ALL_MAPPING/Pools/mapping_pool_106-124/POOL121-11RL	IAQRLXS01.RL11.sff
/home/pg/michaelt/Data/ALL_MAPPING/Pools/mapping_pool_106-124/POOL121-11RL	IAQRLXS02.RL11.sff
/home/pg/michaelt/Data/ALL_MAPPING/Pools/mapping_pool_106-124/POOL121-11RL	IAV0GHF01.RL11.sff
/home/pg/michaelt/Data/ALL_MAPPING/Pools/mapping_pool_106-124/POOL121-11RL	IAV0GHF02.RL11.sff
/home/pg/michaelt/Data/ALL_MAPPING/Pools/mapping_pool_106-124/POOL122-01RL	IAV2A6H02.RL1.sff
/home/pg/michaelt/Data/ALL_MAPPING/Pools/mapping_pool_106-124/POOL122-01RL	IAV2C7J01.RL1.sff
/home/pg/michaelt/Data/ALL_MAPPING/Pools/mapping_pool_106-124/POOL122-01RL	IAV2A6H01.RL1.sff
/home/pg/michaelt/Data/ALL_MAPPING/Pools/mapping_pool_106-124/POOL122-01RL	IAV2C7J02.RL1.sff
/home/pg/michaelt/Data/ALL_MAPPING/Pools/mapping_pool_106-124/POOL122-04RL	IAV2C7J01.RL4.sff
/home/pg/michaelt/Data/ALL_MAPPING/Pools/mapping_pool_106-124/POOL122-04RL	IAV2C7J02.RL4.sff
/home/pg/michaelt/Data/ALL_MAPPING/Pools/mapping_pool_106-124/POOL122-04RL	IAV2A6H01.RL4.sff
/home/pg/michaelt/Data/ALL_MAPPING/Pools/mapping_pool_106-124/POOL122-04RL	IAV2A6H02.RL4.sff
/home/pg/michaelt/Data/ALL_MAPPING/Pools/mapping_pool_106-124/POOL122-05RL	IAV2C7J01.RL5.sff
/home/pg/michaelt/Data/ALL_MAPPING/Pools/mapping_pool_106-124/POOL122-05RL	IAV2A6H01.RL5.sff
/home/pg/michaelt/Data/ALL_MAPPING/Pools/mapping_pool_106-124/POOL122-05RL	IAV2C7J02.RL5.sff
/home/pg/michaelt/Data/ALL_MAPPING/Pools/mapping_pool_106-124/POOL122-05RL	IAV2A6H02.RL5.sff
/home/pg/michaelt/Data/ALL_MAPPING/Pools/mapping_pool_106-124/POOL122-08RL	IAV2C7J01.RL8.sff
/home/pg/michaelt/Data/ALL_MAPPING/Pools/mapping_pool_106-124/POOL122-08RL	IAV2A6H01.RL8.sff
/home/pg/michaelt/Data/ALL_MAPPING/Pools/mapping_pool_106-124/POOL122-08RL	IAV2C7J02.RL8.sff
/home/pg/michaelt/Data/ALL_MAPPING/Pools/mapping_pool_106-124/POOL122-08RL	IAV2A6H02.RL8.sff
/home/pg/michaelt/Data/ALL_MAPPING/Pools/mapping_pool_106-124/POOL122-09RL	IAV2A6H01.RL9.sff
/home/pg/michaelt/Data/ALL_MAPPING/Pools/mapping_pool_106-124/POOL122-09RL	IAV2A6H02.RL9.sff
/home/pg/michaelt/Data/ALL_MAPPING/Pools/mapping_pool_106-124/POOL122-09RL	IAV2C7J01.RL9.sff
/home/pg/michaelt/Data/ALL_MAPPING/Pools/mapping_pool_106-124/POOL122-09RL	IAV2C7J02.RL9.sff
/home/pg/michaelt/Data/ALL_MAPPING/Pools/mapping_pool_106-124/POOL122-11RL	IAV2A6H01.RL11.sff
/home/pg/michaelt/Data/ALL_MAPPING/Pools/mapping_pool_106-124/POOL122-11RL	IAV2A6H02.RL11.sff
/home/pg/michaelt/Data/ALL_MAPPING/Pools/mapping_pool_106-124/POOL122-11RL	IAV2C7J02.RL11.sff
/home/pg/michaelt/Data/ALL_MAPPING/Pools/mapping_pool_106-124/POOL122-11RL	IAV2C7J01.RL11.sff
/home/pg/michaelt/Data/ALL_MAPPING/Pools/mapping_pool_106-124/POOL122-12RL	IAV2A6H02.RL12.sff
/home/pg/michaelt/Data/ALL_MAPPING/Pools/mapping_pool_106-124/POOL122-12RL	IAV2A6H01.RL12.sff
/home/pg/michaelt/Data/ALL_MAPPING/Pools/mapping_pool_106-124/POOL122-12RL	IAV2C7J01.RL12.sff
/home/pg/michaelt/Data/ALL_MAPPING/Pools/mapping_pool_106-124/POOL122-12RL	IAV2C7J02.RL12.sff
/home/pg/michaelt/Data/ALL_MAPPING/Pools/mapping_pool_106-124/POOL123-01RL	IAXW3FD01.RL1.sff
/home/pg/michaelt/Data/ALL_MAPPING/Pools/mapping_pool_106-124/POOL123-01RL	IAXW3FD02.RL1.sff
/home/pg/michaelt/Data/ALL_MAPPING/Pools/mapping_pool_106-124/POOL123-01RL	IAXY05D01.RL1.sff
/home/pg/michaelt/Data/ALL_MAPPING/Pools/mapping_pool_106-124/POOL123-01RL	IAXY05D02.RL1.sff
/home/pg/michaelt/Data/ALL_MAPPING/Pools/mapping_pool_106-124/POOL123-02RL	IAXW3FD01.RL2.sff
/home/pg/michaelt/Data/ALL_MAPPING/Pools/mapping_pool_106-124/POOL123-02RL	IAXW3FD02.RL2.sff
/home/pg/michaelt/Data/ALL_MAPPING/Pools/mapping_pool_106-124/POOL123-02RL	IAXY05D01.RL2.sff
/home/pg/michaelt/Data/ALL_MAPPING/Pools/mapping_pool_106-124/POOL123-02RL	IAXY05D02.RL2.sff
/home/pg/michaelt/Data/ALL_MAPPING/Pools/mapping_pool_106-124/POOL123-07RL	IAXY05D02.RL7.sff
/home/pg/michaelt/Data/ALL_MAPPING/Pools/mapping_pool_106-124/POOL123-07RL	IAXW3FD01.RL7.sff
/home/pg/michaelt/Data/ALL_MAPPING/Pools/mapping_pool_106-124/POOL123-07RL	IAXY05D01.RL7.sff
/home/pg/michaelt/Data/ALL_MAPPING/Pools/mapping_pool_106-124/POOL123-07RL	IAXW3FD02.RL7.sff
/home/pg/michaelt/Data/ALL_MAPPING/Pools/mapping_pool_106-124/POOL123-09RL	IAXW3FD01.RL9.sff
/home/pg/michaelt/Data/ALL_MAPPING/Pools/mapping_pool_106-124/POOL123-09RL	IAXW3FD02.RL9.sff
/home/pg/michaelt/Data/ALL_MAPPING/Pools/mapping_pool_106-124/POOL123-09RL	IAXY05D01.RL9.sff
/home/pg/michaelt/Data/ALL_MAPPING/Pools/mapping_pool_106-124/POOL123-09RL	IAXY05D02.RL9.sff
/home/pg/michaelt/Data/ALL_MAPPING/Pools/mapping_pool_106-124/POOL123-10RL	IAXY05D01.RL10.sff
/home/pg/michaelt/Data/ALL_MAPPING/Pools/mapping_pool_106-124/POOL123-10RL	IAXY05D02.RL10.sff
/home/pg/michaelt/Data/ALL_MAPPING/Pools/mapping_pool_106-124/POOL123-10RL	IAXW3FD01.RL10.sff
/home/pg/michaelt/Data/ALL_MAPPING/Pools/mapping_pool_106-124/POOL123-10RL	IAXW3FD02.RL10.sff
/home/pg/michaelt/Data/ALL_MAPPING/Pools/mapping_pool_106-124/POOL123-11RL	IAXW3FD01.RL11.sff
/home/pg/michaelt/Data/ALL_MAPPING/Pools/mapping_pool_106-124/POOL123-11RL	IAXW3FD02.RL11.sff
/home/pg/michaelt/Data/ALL_MAPPING/Pools/mapping_pool_106-124/POOL123-11RL	IAXY05D01.RL11.sff
/home/pg/michaelt/Data/ALL_MAPPING/Pools/mapping_pool_106-124/POOL123-11RL	IAXY05D02.RL11.sff
/home/pg/michaelt/Data/ALL_MAPPING/Pools/mapping_pool_106-124/POOL123-12RL	IAXW3FD01.RL12.sff
/home/pg/michaelt/Data/ALL_MAPPING/Pools/mapping_pool_106-124/POOL123-12RL	IAXW3FD02.RL12.sff
/home/pg/michaelt/Data/ALL_MAPPING/Pools/mapping_pool_106-124/POOL123-12RL	IAXY05D01.RL12.sff
/home/pg/michaelt/Data/ALL_MAPPING/Pools/mapping_pool_106-124/POOL123-12RL	IAXY05D02.RL12.sff
/home/pg/michaelt/Data/ALL_MAPPING/Pools/mapping_pool_106-124/POOL124-01RL	IA3O6DB01.RL1.sff
/home/pg/michaelt/Data/ALL_MAPPING/Pools/mapping_pool_106-124/POOL124-01RL	IAXYZTH01.RL1.sff
/home/pg/michaelt/Data/ALL_MAPPING/Pools/mapping_pool_106-124/POOL124-01RL	IA3O6DB02.RL1.sff
/home/pg/michaelt/Data/ALL_MAPPING/Pools/mapping_pool_106-124/POOL124-01RL	IAXYZTH02.RL1.sff
/home/pg/michaelt/Data/ALL_MAPPING/Pools/mapping_pool_106-124/POOL124-04RL	IA3O6DB02.RL4.sff
/home/pg/michaelt/Data/ALL_MAPPING/Pools/mapping_pool_106-124/POOL124-04RL	IAXYZTH01.RL4.sff
/home/pg/michaelt/Data/ALL_MAPPING/Pools/mapping_pool_106-124/POOL124-04RL	IAXYZTH02.RL4.sff
/home/pg/michaelt/Data/ALL_MAPPING/Pools/mapping_pool_106-124/POOL124-04RL	IA3O6DB01.RL4.sff
/home/pg/michaelt/Data/ALL_MAPPING/Pools/mapping_pool_106-124/POOL124-07RL	IA3O6DB01.RL7.sff
/home/pg/michaelt/Data/ALL_MAPPING/Pools/mapping_pool_106-124/POOL124-07RL	IA3O6DB02.RL7.sff
/home/pg/michaelt/Data/ALL_MAPPING/Pools/mapping_pool_106-124/POOL124-07RL	IAXYZTH01.RL7.sff
/home/pg/michaelt/Data/ALL_MAPPING/Pools/mapping_pool_106-124/POOL124-07RL	IAXYZTH02.RL7.sff
/home/pg/michaelt/Data/ALL_MAPPING/Pools/mapping_pool_106-124/POOL124-08RL	IA3O6DB01.RL8.sff
/home/pg/michaelt/Data/ALL_MAPPING/Pools/mapping_pool_106-124/POOL124-08RL	IA3O6DB02.RL8.sff
/home/pg/michaelt/Data/ALL_MAPPING/Pools/mapping_pool_106-124/POOL124-08RL	IAXYZTH01.RL8.sff
/home/pg/michaelt/Data/ALL_MAPPING/Pools/mapping_pool_106-124/POOL124-08RL	IAXYZTH02.RL8.sff
/home/pg/michaelt/Data/ALL_MAPPING/Pools/mapping_pool_106-124/POOL124-09RL	IAXYZTH01.RL9.sff
/home/pg/michaelt/Data/ALL_MAPPING/Pools/mapping_pool_106-124/POOL124-09RL	IAXYZTH02.RL9.sff
/home/pg/michaelt/Data/ALL_MAPPING/Pools/mapping_pool_106-124/POOL124-09RL	IA3O6DB01.RL9.sff
/home/pg/michaelt/Data/ALL_MAPPING/Pools/mapping_pool_106-124/POOL124-09RL	IA3O6DB02.RL9.sff
/home/pg/michaelt/Data/ALL_MAPPING/Pools/mapping_pool_106-124/POOL124-10RL	IAXYZTH01.RL10.sff
/home/pg/michaelt/Data/ALL_MAPPING/Pools/mapping_pool_106-124/POOL124-10RL	IAXYZTH02.RL10.sff
/home/pg/michaelt/Data/ALL_MAPPING/Pools/mapping_pool_106-124/POOL124-10RL	IA3O6DB02.RL10.sff
/home/pg/michaelt/Data/ALL_MAPPING/Pools/mapping_pool_106-124/POOL124-10RL	IA3O6DB01.RL10.sff
/home/pg/michaelt/Data/ALL_MAPPING/Pools/mapping_pool_106-124/POOL124-12RL	IA3O6DB02.RL12.sff
/home/pg/michaelt/Data/ALL_MAPPING/Pools/mapping_pool_106-124/POOL124-12RL	IAXYZTH01.RL12.sff
/home/pg/michaelt/Data/ALL_MAPPING/Pools/mapping_pool_106-124/POOL124-12RL	IAXYZTH02.RL12.sff
/home/pg/michaelt/Data/ALL_MAPPING/Pools/mapping_pool_106-124/POOL124-12RL	IA3O6DB01.RL12.sff
/home/pg/michaelt/Data/ALL_MAPPING/Pools/mapping_pool_106-124/POOL107-01RL	H85A7NQ01.RL1.sff
/home/pg/michaelt/Data/ALL_MAPPING/Pools/mapping_pool_106-124/POOL107-01RL	H85C36T01.RL1.sff
/home/pg/michaelt/Data/ALL_MAPPING/Pools/mapping_pool_106-124/POOL107-01RL	H85A7NQ02.RL1.sff
/home/pg/michaelt/Data/ALL_MAPPING/Pools/mapping_pool_106-124/POOL107-01RL	H85C36T02.RL1.sff
/home/pg/michaelt/Data/ALL_MAPPING/Pools/mapping_pool_106-124/POOL109-11RL	H8822WG02.RL11.sff
/home/pg/michaelt/Data/ALL_MAPPING/Pools/mapping_pool_106-124/POOL109-11RL	H8822WG01.RL11.sff
/home/pg/michaelt/Data/ALL_MAPPING/Pools/mapping_pool_106-124/POOL109-11RL	H8822CB01.RL11.sff
/home/pg/michaelt/Data/ALL_MAPPING/Pools/mapping_pool_106-124/POOL109-11RL	H8822CB02.RL11.sff
/home/pg/michaelt/Data/ALL_MAPPING/Pools/mapping_pool_106-124/POOL112-08RL	H979LYN02.RL8.sff
/home/pg/michaelt/Data/ALL_MAPPING/Pools/mapping_pool_106-124/POOL112-08RL	H979LYN01.RL8.sff
/home/pg/michaelt/Data/ALL_MAPPING/Pools/mapping_pool_106-124/POOL112-08RL	H977PDS02.RL8.sff
/home/pg/michaelt/Data/ALL_MAPPING/Pools/mapping_pool_106-124/POOL112-08RL	H977PDS01.RL8.sff
/home/pg/michaelt/Data/ALL_MAPPING/Pools/mapping_pool_106-124/POOL112-10RL	H977PDS01.RL10.sff
/home/pg/michaelt/Data/ALL_MAPPING/Pools/mapping_pool_106-124/POOL112-10RL	H979LYN01.RL10.sff
/home/pg/michaelt/Data/ALL_MAPPING/Pools/mapping_pool_106-124/POOL112-10RL	H977PDS02.RL10.sff
/home/pg/michaelt/Data/ALL_MAPPING/Pools/mapping_pool_106-124/POOL112-10RL	H979LYN02.RL10.sff
/home/pg/michaelt/Data/ALL_MAPPING/Pools/mapping_pool_106-124/POOL113-03RL	H979LKY01.RL3.sff
/home/pg/michaelt/Data/ALL_MAPPING/Pools/mapping_pool_106-124/POOL113-03RL	H979LKY02.RL3.sff
/home/pg/michaelt/Data/ALL_MAPPING/Pools/mapping_pool_106-124/POOL113-03RL	H996CCW01.RL3.sff
/home/pg/michaelt/Data/ALL_MAPPING/Pools/mapping_pool_106-124/POOL113-03RL	H996CCW02.RL3.sff
/home/pg/michaelt/Data/ALL_MAPPING/Pools/mapping_pool_106-124/POOL115-08RL	IAI52DJ02.RL8.sff
/home/pg/michaelt/Data/ALL_MAPPING/Pools/mapping_pool_106-124/POOL115-08RL	IAI52DJ01.RL8.sff
/home/pg/michaelt/Data/ALL_MAPPING/Pools/mapping_pool_106-124/POOL115-08RL	IAI7ZXR02.RL8.sff
/home/pg/michaelt/Data/ALL_MAPPING/Pools/mapping_pool_106-124/POOL115-08RL	IAI7ZXR01.RL8.sff
/home/pg/michaelt/Data/ALL_MAPPING/Pools/mapping_pool_106-124/POOL118-09RL	IAK80LF01.RL9.sff
/home/pg/michaelt/Data/ALL_MAPPING/Pools/mapping_pool_106-124/POOL118-09RL	IAOJFNZ02.RL9.sff
/home/pg/michaelt/Data/ALL_MAPPING/Pools/mapping_pool_106-124/POOL118-09RL	IAK80LF02.RL9.sff
/home/pg/michaelt/Data/ALL_MAPPING/Pools/mapping_pool_106-124/POOL118-09RL	IAOJFNZ01.RL9.sff
/home/pg/michaelt/Data/ALL_MAPPING/Pools/mapping_pool_106-124/POOL120-09RL	IAQPPRI01.RL9.sff
/home/pg/michaelt/Data/ALL_MAPPING/Pools/mapping_pool_106-124/POOL120-09RL	IAQRNET01.RL9.sff
/home/pg/michaelt/Data/ALL_MAPPING/Pools/mapping_pool_106-124/POOL120-09RL	IAQRNET02.RL9.sff
/home/pg/michaelt/Data/ALL_MAPPING/Pools/mapping_pool_106-124/POOL120-09RL	IAQPPRI02.RL9.sff
/home/pg/michaelt/Data/ALL_MAPPING/Pools/mapping_pool_106-124/POOL121-06RL	IAV0GHF02.RL6.sff
/home/pg/michaelt/Data/ALL_MAPPING/Pools/mapping_pool_106-124/POOL121-06RL	IAQRLXS01.RL6.sff
/home/pg/michaelt/Data/ALL_MAPPING/Pools/mapping_pool_106-124/POOL121-06RL	IAV0GHF01.RL6.sff
/home/pg/michaelt/Data/ALL_MAPPING/Pools/mapping_pool_106-124/POOL121-06RL	IAQRLXS02.RL6.sff
/home/pg/michaelt/Data/ALL_MAPPING/Pools/mapping_pool_106-124/POOL122-06RL	IAV2C7J01.RL6.sff
/home/pg/michaelt/Data/ALL_MAPPING/Pools/mapping_pool_106-124/POOL122-06RL	IAV2C7J02.RL6.sff
/home/pg/michaelt/Data/ALL_MAPPING/Pools/mapping_pool_106-124/POOL122-06RL	IAV2A6H01.RL6.sff
/home/pg/michaelt/Data/ALL_MAPPING/Pools/mapping_pool_106-124/POOL122-06RL	IAV2A6H02.RL6.sff
/home/pg/michaelt/Data/ALL_MAPPING/Pools/mapping_pool_106-124/POOL123-06RL	IAXW3FD01.RL6.sff
/home/pg/michaelt/Data/ALL_MAPPING/Pools/mapping_pool_106-124/POOL123-06RL	IAXY05D01.RL6.sff
/home/pg/michaelt/Data/ALL_MAPPING/Pools/mapping_pool_106-124/POOL123-06RL	IAXY05D02.RL6.sff
/home/pg/michaelt/Data/ALL_MAPPING/Pools/mapping_pool_106-124/POOL123-06RL	IAXW3FD02.RL6.sff
/home/pg/michaelt/Data/ALL_MAPPING/Pools/mapping_pool_106-124/POOL124-03RL	IA3O6DB01.RL3.sff
/home/pg/michaelt/Data/ALL_MAPPING/Pools/mapping_pool_106-124/POOL124-03RL	IAXYZTH02.RL3.sff
/home/pg/michaelt/Data/ALL_MAPPING/Pools/mapping_pool_106-124/POOL124-03RL	IAXYZTH01.RL3.sff
/home/pg/michaelt/Data/ALL_MAPPING/Pools/mapping_pool_106-124/POOL124-03RL	IA3O6DB02.RL3.sff
/home/pg/michaelt/Data/ALL_MAPPING/Pools/mapping_pool_106-124/POOL116-08RL	IBAWT3W02.RL8.sff
/home/pg/michaelt/Data/ALL_MAPPING/Pools/mapping_pool_106-124/POOL116-08RL	IBAWT3W01.RL8.sff
/home/pg/michaelt/Data/ALL_MAPPING/Pools/mapping_pool_106-124/POOL116-08RL	IA3Q3DZ01.RL8.sff
/home/pg/michaelt/Data/ALL_MAPPING/Pools/mapping_pool_106-124/POOL116-08RL	IA3Q3DZ02.RL8.sff
