/home/pg/michaelt/Data/ALL_MAPPING/Pools/mapping_pool_91-97/POOL91-02RL	H37BKPH02.RL2.sff
/home/pg/michaelt/Data/ALL_MAPPING/Pools/mapping_pool_91-97/POOL91-02RL	H37OIGQ01.RL2.sff
/home/pg/michaelt/Data/ALL_MAPPING/Pools/mapping_pool_91-97/POOL91-02RL	H37OIGQ02.RL2.sff
/home/pg/michaelt/Data/ALL_MAPPING/Pools/mapping_pool_91-97/POOL91-02RL	H37BKPH01.RL2.sff
/home/pg/michaelt/Data/ALL_MAPPING/Pools/mapping_pool_91-97/POOL91-03RL	H37OIGQ01.RL3.sff
/home/pg/michaelt/Data/ALL_MAPPING/Pools/mapping_pool_91-97/POOL91-03RL	H37BKPH01.RL3.sff
/home/pg/michaelt/Data/ALL_MAPPING/Pools/mapping_pool_91-97/POOL91-03RL	H37OIGQ02.RL3.sff
/home/pg/michaelt/Data/ALL_MAPPING/Pools/mapping_pool_91-97/POOL91-03RL	H37BKPH02.RL3.sff
/home/pg/michaelt/Data/ALL_MAPPING/Pools/mapping_pool_91-97/POOL91-04RL	H37OIGQ01.RL4.sff
/home/pg/michaelt/Data/ALL_MAPPING/Pools/mapping_pool_91-97/POOL91-04RL	H37OIGQ02.RL4.sff
/home/pg/michaelt/Data/ALL_MAPPING/Pools/mapping_pool_91-97/POOL91-04RL	H37BKPH01.RL4.sff
/home/pg/michaelt/Data/ALL_MAPPING/Pools/mapping_pool_91-97/POOL91-04RL	H37BKPH02.RL4.sff
/home/pg/michaelt/Data/ALL_MAPPING/Pools/mapping_pool_91-97/POOL91-06RL	H37OIGQ01.RL6.sff
/home/pg/michaelt/Data/ALL_MAPPING/Pools/mapping_pool_91-97/POOL91-06RL	H37BKPH01.RL6.sff
/home/pg/michaelt/Data/ALL_MAPPING/Pools/mapping_pool_91-97/POOL91-06RL	H37OIGQ02.RL6.sff
/home/pg/michaelt/Data/ALL_MAPPING/Pools/mapping_pool_91-97/POOL91-06RL	H37BKPH02.RL6.sff
/home/pg/michaelt/Data/ALL_MAPPING/Pools/mapping_pool_91-97/POOL91-07RL	H37BKPH01.RL7.sff
/home/pg/michaelt/Data/ALL_MAPPING/Pools/mapping_pool_91-97/POOL91-07RL	H37OIGQ01.RL7.sff
/home/pg/michaelt/Data/ALL_MAPPING/Pools/mapping_pool_91-97/POOL91-07RL	H37OIGQ02.RL7.sff
/home/pg/michaelt/Data/ALL_MAPPING/Pools/mapping_pool_91-97/POOL91-07RL	H37BKPH02.RL7.sff
/home/pg/michaelt/Data/ALL_MAPPING/Pools/mapping_pool_91-97/POOL91-09RL	H37OIGQ02.RL9.sff
/home/pg/michaelt/Data/ALL_MAPPING/Pools/mapping_pool_91-97/POOL91-09RL	H37OIGQ01.RL9.sff
/home/pg/michaelt/Data/ALL_MAPPING/Pools/mapping_pool_91-97/POOL91-09RL	H37BKPH01.RL9.sff
/home/pg/michaelt/Data/ALL_MAPPING/Pools/mapping_pool_91-97/POOL91-09RL	H37BKPH02.RL9.sff
/home/pg/michaelt/Data/ALL_MAPPING/Pools/mapping_pool_91-97/POOL91-11RL	H37OIGQ01.RL11.sff
/home/pg/michaelt/Data/ALL_MAPPING/Pools/mapping_pool_91-97/POOL91-11RL	H37OIGQ02.RL11.sff
/home/pg/michaelt/Data/ALL_MAPPING/Pools/mapping_pool_91-97/POOL91-11RL	H37BKPH01.RL11.sff
/home/pg/michaelt/Data/ALL_MAPPING/Pools/mapping_pool_91-97/POOL91-11RL	H37BKPH02.RL11.sff
/home/pg/michaelt/Data/ALL_MAPPING/Pools/mapping_pool_91-97/POOL91-12RL	H37OIGQ01.RL12.sff
/home/pg/michaelt/Data/ALL_MAPPING/Pools/mapping_pool_91-97/POOL91-12RL	H37OIGQ02.RL12.sff
/home/pg/michaelt/Data/ALL_MAPPING/Pools/mapping_pool_91-97/POOL91-12RL	H37BKPH01.RL12.sff
/home/pg/michaelt/Data/ALL_MAPPING/Pools/mapping_pool_91-97/POOL91-12RL	H37BKPH02.RL12.sff
/home/pg/michaelt/Data/ALL_MAPPING/Pools/mapping_pool_91-97/POOL92-01RL	H4E4UPH01.RL1.sff
/home/pg/michaelt/Data/ALL_MAPPING/Pools/mapping_pool_91-97/POOL92-01RL	H4E4UPH02.RL1.sff
/home/pg/michaelt/Data/ALL_MAPPING/Pools/mapping_pool_91-97/POOL92-01RL	H4E4VML01.RL1.sff
/home/pg/michaelt/Data/ALL_MAPPING/Pools/mapping_pool_91-97/POOL92-01RL	H4E4VML02.RL1.sff
/home/pg/michaelt/Data/ALL_MAPPING/Pools/mapping_pool_91-97/POOL92-02RL	H4E4UPH01.RL2.sff
/home/pg/michaelt/Data/ALL_MAPPING/Pools/mapping_pool_91-97/POOL92-02RL	H4E4UPH02.RL2.sff
/home/pg/michaelt/Data/ALL_MAPPING/Pools/mapping_pool_91-97/POOL92-02RL	H4E4VML01.RL2.sff
/home/pg/michaelt/Data/ALL_MAPPING/Pools/mapping_pool_91-97/POOL92-02RL	H4E4VML02.RL2.sff
/home/pg/michaelt/Data/ALL_MAPPING/Pools/mapping_pool_91-97/POOL92-03RL	H4E4UPH01.RL3.sff
/home/pg/michaelt/Data/ALL_MAPPING/Pools/mapping_pool_91-97/POOL92-03RL	H4E4UPH02.RL3.sff
/home/pg/michaelt/Data/ALL_MAPPING/Pools/mapping_pool_91-97/POOL92-03RL	H4E4VML01.RL3.sff
/home/pg/michaelt/Data/ALL_MAPPING/Pools/mapping_pool_91-97/POOL92-03RL	H4E4VML02.RL3.sff
/home/pg/michaelt/Data/ALL_MAPPING/Pools/mapping_pool_91-97/POOL92-06RL	H4E4UPH01.RL6.sff
/home/pg/michaelt/Data/ALL_MAPPING/Pools/mapping_pool_91-97/POOL92-06RL	H4E4UPH02.RL6.sff
/home/pg/michaelt/Data/ALL_MAPPING/Pools/mapping_pool_91-97/POOL92-06RL	H4E4VML01.RL6.sff
/home/pg/michaelt/Data/ALL_MAPPING/Pools/mapping_pool_91-97/POOL92-06RL	H4E4VML02.RL6.sff
/home/pg/michaelt/Data/ALL_MAPPING/Pools/mapping_pool_91-97/POOL92-08RL	H4E4UPH01.RL8.sff
/home/pg/michaelt/Data/ALL_MAPPING/Pools/mapping_pool_91-97/POOL92-08RL	H4E4UPH02.RL8.sff
/home/pg/michaelt/Data/ALL_MAPPING/Pools/mapping_pool_91-97/POOL92-08RL	H4E4VML01.RL8.sff
/home/pg/michaelt/Data/ALL_MAPPING/Pools/mapping_pool_91-97/POOL92-08RL	H4E4VML02.RL8.sff
/home/pg/michaelt/Data/ALL_MAPPING/Pools/mapping_pool_91-97/POOL92-10RL	H4E4UPH01.RL10.sff
/home/pg/michaelt/Data/ALL_MAPPING/Pools/mapping_pool_91-97/POOL92-10RL	H4E4UPH02.RL10.sff
/home/pg/michaelt/Data/ALL_MAPPING/Pools/mapping_pool_91-97/POOL92-10RL	H4E4VML01.RL10.sff
/home/pg/michaelt/Data/ALL_MAPPING/Pools/mapping_pool_91-97/POOL92-10RL	H4E4VML02.RL10.sff
/home/pg/michaelt/Data/ALL_MAPPING/Pools/mapping_pool_91-97/POOL92-11RL	H4E4UPH01.RL11.sff
/home/pg/michaelt/Data/ALL_MAPPING/Pools/mapping_pool_91-97/POOL92-11RL	H4E4UPH02.RL11.sff
/home/pg/michaelt/Data/ALL_MAPPING/Pools/mapping_pool_91-97/POOL92-11RL	H4E4VML01.RL11.sff
/home/pg/michaelt/Data/ALL_MAPPING/Pools/mapping_pool_91-97/POOL92-11RL	H4E4VML02.RL11.sff
/home/pg/michaelt/Data/ALL_MAPPING/Pools/mapping_pool_91-97/POOL92-12RL	H4E4UPH01.RL12.sff
/home/pg/michaelt/Data/ALL_MAPPING/Pools/mapping_pool_91-97/POOL92-12RL	H4E4UPH02.RL12.sff
/home/pg/michaelt/Data/ALL_MAPPING/Pools/mapping_pool_91-97/POOL92-12RL	H4E4VML01.RL12.sff
/home/pg/michaelt/Data/ALL_MAPPING/Pools/mapping_pool_91-97/POOL92-12RL	H4E4VML02.RL12.sff
/home/pg/michaelt/Data/ALL_MAPPING/Pools/mapping_pool_91-97/POOL93-01RL	H4PUW3D01.RL1.sff
/home/pg/michaelt/Data/ALL_MAPPING/Pools/mapping_pool_91-97/POOL93-01RL	H4PUW3D02.RL1.sff
/home/pg/michaelt/Data/ALL_MAPPING/Pools/mapping_pool_91-97/POOL93-01RL	H4PWR4W01.RL1.sff
/home/pg/michaelt/Data/ALL_MAPPING/Pools/mapping_pool_91-97/POOL93-01RL	H4PWR4W02.RL1.sff
/home/pg/michaelt/Data/ALL_MAPPING/Pools/mapping_pool_91-97/POOL93-06RL	H4PUW3D01.RL6.sff
/home/pg/michaelt/Data/ALL_MAPPING/Pools/mapping_pool_91-97/POOL93-06RL	H4PUW3D02.RL6.sff
/home/pg/michaelt/Data/ALL_MAPPING/Pools/mapping_pool_91-97/POOL93-06RL	H4PWR4W01.RL6.sff
/home/pg/michaelt/Data/ALL_MAPPING/Pools/mapping_pool_91-97/POOL93-06RL	H4PWR4W02.RL6.sff
/home/pg/michaelt/Data/ALL_MAPPING/Pools/mapping_pool_91-97/POOL93-07RL	H4PUW3D01.RL7.sff
/home/pg/michaelt/Data/ALL_MAPPING/Pools/mapping_pool_91-97/POOL93-07RL	H4PUW3D02.RL7.sff
/home/pg/michaelt/Data/ALL_MAPPING/Pools/mapping_pool_91-97/POOL93-07RL	H4PWR4W01.RL7.sff
/home/pg/michaelt/Data/ALL_MAPPING/Pools/mapping_pool_91-97/POOL93-07RL	H4PWR4W02.RL7.sff
/home/pg/michaelt/Data/ALL_MAPPING/Pools/mapping_pool_91-97/POOL93-08RL	H4PUW3D01.RL8.sff
/home/pg/michaelt/Data/ALL_MAPPING/Pools/mapping_pool_91-97/POOL93-08RL	H4PUW3D02.RL8.sff
/home/pg/michaelt/Data/ALL_MAPPING/Pools/mapping_pool_91-97/POOL93-08RL	H4PWR4W01.RL8.sff
/home/pg/michaelt/Data/ALL_MAPPING/Pools/mapping_pool_91-97/POOL93-08RL	H4PWR4W02.RL8.sff
/home/pg/michaelt/Data/ALL_MAPPING/Pools/mapping_pool_91-97/POOL93-09RL	H4PUW3D01.RL9.sff
/home/pg/michaelt/Data/ALL_MAPPING/Pools/mapping_pool_91-97/POOL93-09RL	H4PUW3D02.RL9.sff
/home/pg/michaelt/Data/ALL_MAPPING/Pools/mapping_pool_91-97/POOL93-09RL	H4PWR4W01.RL9.sff
/home/pg/michaelt/Data/ALL_MAPPING/Pools/mapping_pool_91-97/POOL93-09RL	H4PWR4W02.RL9.sff
/home/pg/michaelt/Data/ALL_MAPPING/Pools/mapping_pool_91-97/POOL93-10RL	H4PWR4W01.RL10.sff
/home/pg/michaelt/Data/ALL_MAPPING/Pools/mapping_pool_91-97/POOL93-10RL	H4PUW3D02.RL10.sff
/home/pg/michaelt/Data/ALL_MAPPING/Pools/mapping_pool_91-97/POOL93-10RL	H4PWR4W02.RL10.sff
/home/pg/michaelt/Data/ALL_MAPPING/Pools/mapping_pool_91-97/POOL93-10RL	H4PUW3D01.RL10.sff
/home/pg/michaelt/Data/ALL_MAPPING/Pools/mapping_pool_91-97/POOL93-11RL	H4PUW3D01.RL11.sff
/home/pg/michaelt/Data/ALL_MAPPING/Pools/mapping_pool_91-97/POOL93-11RL	H4PUW3D02.RL11.sff
/home/pg/michaelt/Data/ALL_MAPPING/Pools/mapping_pool_91-97/POOL93-11RL	H4PWR4W01.RL11.sff
/home/pg/michaelt/Data/ALL_MAPPING/Pools/mapping_pool_91-97/POOL93-11RL	H4PWR4W02.RL11.sff
/home/pg/michaelt/Data/ALL_MAPPING/Pools/mapping_pool_91-97/POOL93-12RL	H4PUW3D01.RL12.sff
/home/pg/michaelt/Data/ALL_MAPPING/Pools/mapping_pool_91-97/POOL93-12RL	H4PUW3D02.RL12.sff
/home/pg/michaelt/Data/ALL_MAPPING/Pools/mapping_pool_91-97/POOL93-12RL	H4PWR4W01.RL12.sff
/home/pg/michaelt/Data/ALL_MAPPING/Pools/mapping_pool_91-97/POOL93-12RL	H4PWR4W02.RL12.sff
/home/pg/michaelt/Data/ALL_MAPPING/Pools/mapping_pool_91-97/POOL94-01RL	H4KITRJ02.RL1.sff
/home/pg/michaelt/Data/ALL_MAPPING/Pools/mapping_pool_91-97/POOL94-01RL	H4KITRJ01.RL1.sff
/home/pg/michaelt/Data/ALL_MAPPING/Pools/mapping_pool_91-97/POOL94-01RL	H5Q9A8V01.RL1.sff
/home/pg/michaelt/Data/ALL_MAPPING/Pools/mapping_pool_91-97/POOL94-01RL	H5Q9A8V02.RL1.sff
/home/pg/michaelt/Data/ALL_MAPPING/Pools/mapping_pool_91-97/POOL94-05RL	H4KITRJ02.RL5.sff
/home/pg/michaelt/Data/ALL_MAPPING/Pools/mapping_pool_91-97/POOL94-05RL	H4KITRJ01.RL5.sff
/home/pg/michaelt/Data/ALL_MAPPING/Pools/mapping_pool_91-97/POOL94-05RL	H5Q9A8V01.RL5.sff
/home/pg/michaelt/Data/ALL_MAPPING/Pools/mapping_pool_91-97/POOL94-05RL	H5Q9A8V02.RL5.sff
/home/pg/michaelt/Data/ALL_MAPPING/Pools/mapping_pool_91-97/POOL94-06RL	H4KITRJ01.RL6.sff
/home/pg/michaelt/Data/ALL_MAPPING/Pools/mapping_pool_91-97/POOL94-06RL	H4KITRJ02.RL6.sff
/home/pg/michaelt/Data/ALL_MAPPING/Pools/mapping_pool_91-97/POOL94-06RL	H5Q9A8V02.RL6.sff
/home/pg/michaelt/Data/ALL_MAPPING/Pools/mapping_pool_91-97/POOL94-06RL	H5Q9A8V01.RL6.sff
/home/pg/michaelt/Data/ALL_MAPPING/Pools/mapping_pool_91-97/POOL94-08RL	H4KITRJ02.RL8.sff
/home/pg/michaelt/Data/ALL_MAPPING/Pools/mapping_pool_91-97/POOL94-08RL	H5Q9A8V01.RL8.sff
/home/pg/michaelt/Data/ALL_MAPPING/Pools/mapping_pool_91-97/POOL94-08RL	H4KITRJ01.RL8.sff
/home/pg/michaelt/Data/ALL_MAPPING/Pools/mapping_pool_91-97/POOL94-08RL	H5Q9A8V02.RL8.sff
/home/pg/michaelt/Data/ALL_MAPPING/Pools/mapping_pool_91-97/POOL94-09RL	H4KITRJ01.RL9.sff
/home/pg/michaelt/Data/ALL_MAPPING/Pools/mapping_pool_91-97/POOL94-09RL	H4KITRJ02.RL9.sff
/home/pg/michaelt/Data/ALL_MAPPING/Pools/mapping_pool_91-97/POOL94-09RL	H5Q9A8V01.RL9.sff
/home/pg/michaelt/Data/ALL_MAPPING/Pools/mapping_pool_91-97/POOL94-09RL	H5Q9A8V02.RL9.sff
/home/pg/michaelt/Data/ALL_MAPPING/Pools/mapping_pool_91-97/POOL94-10RL	H4KITRJ02.RL10.sff
/home/pg/michaelt/Data/ALL_MAPPING/Pools/mapping_pool_91-97/POOL94-10RL	H4KITRJ01.RL10.sff
/home/pg/michaelt/Data/ALL_MAPPING/Pools/mapping_pool_91-97/POOL94-10RL	H5Q9A8V01.RL10.sff
/home/pg/michaelt/Data/ALL_MAPPING/Pools/mapping_pool_91-97/POOL94-10RL	H5Q9A8V02.RL10.sff
/home/pg/michaelt/Data/ALL_MAPPING/Pools/mapping_pool_91-97/POOL94-11RL	H4KITRJ02.RL11.sff
/home/pg/michaelt/Data/ALL_MAPPING/Pools/mapping_pool_91-97/POOL94-11RL	H4KITRJ01.RL11.sff
/home/pg/michaelt/Data/ALL_MAPPING/Pools/mapping_pool_91-97/POOL94-11RL	H5Q9A8V02.RL11.sff
/home/pg/michaelt/Data/ALL_MAPPING/Pools/mapping_pool_91-97/POOL94-11RL	H5Q9A8V01.RL11.sff
/home/pg/michaelt/Data/ALL_MAPPING/Pools/mapping_pool_91-97/POOL94-12RL	H5Q9A8V02.RL12.sff
/home/pg/michaelt/Data/ALL_MAPPING/Pools/mapping_pool_91-97/POOL94-12RL	H4KITRJ01.RL12.sff
/home/pg/michaelt/Data/ALL_MAPPING/Pools/mapping_pool_91-97/POOL94-12RL	H4KITRJ02.RL12.sff
/home/pg/michaelt/Data/ALL_MAPPING/Pools/mapping_pool_91-97/POOL94-12RL	H5Q9A8V01.RL12.sff
/home/pg/michaelt/Data/ALL_MAPPING/Pools/mapping_pool_91-97/POOL95-01RL	H4KKOLQ01.RL1.sff
/home/pg/michaelt/Data/ALL_MAPPING/Pools/mapping_pool_91-97/POOL95-01RL	H5RA6CN01.RL1.sff
/home/pg/michaelt/Data/ALL_MAPPING/Pools/mapping_pool_91-97/POOL95-01RL	H4KKOLQ02.RL1.sff
/home/pg/michaelt/Data/ALL_MAPPING/Pools/mapping_pool_91-97/POOL95-01RL	H5RA6CN02.RL1.sff
/home/pg/michaelt/Data/ALL_MAPPING/Pools/mapping_pool_91-97/POOL95-02RL	H5RA6CN02.RL2.sff
/home/pg/michaelt/Data/ALL_MAPPING/Pools/mapping_pool_91-97/POOL95-02RL	H4KKOLQ01.RL2.sff
/home/pg/michaelt/Data/ALL_MAPPING/Pools/mapping_pool_91-97/POOL95-02RL	H5RA6CN01.RL2.sff
/home/pg/michaelt/Data/ALL_MAPPING/Pools/mapping_pool_91-97/POOL95-02RL	H4KKOLQ02.RL2.sff
/home/pg/michaelt/Data/ALL_MAPPING/Pools/mapping_pool_91-97/POOL95-04RL	H4KKOLQ01.RL4.sff
/home/pg/michaelt/Data/ALL_MAPPING/Pools/mapping_pool_91-97/POOL95-04RL	H4KKOLQ02.RL4.sff
/home/pg/michaelt/Data/ALL_MAPPING/Pools/mapping_pool_91-97/POOL95-04RL	H5RA6CN02.RL4.sff
/home/pg/michaelt/Data/ALL_MAPPING/Pools/mapping_pool_91-97/POOL95-04RL	H5RA6CN01.RL4.sff
/home/pg/michaelt/Data/ALL_MAPPING/Pools/mapping_pool_91-97/POOL95-08RL	H4KKOLQ02.RL8.sff
/home/pg/michaelt/Data/ALL_MAPPING/Pools/mapping_pool_91-97/POOL95-08RL	H4KKOLQ01.RL8.sff
/home/pg/michaelt/Data/ALL_MAPPING/Pools/mapping_pool_91-97/POOL95-08RL	H5RA6CN01.RL8.sff
/home/pg/michaelt/Data/ALL_MAPPING/Pools/mapping_pool_91-97/POOL95-08RL	H5RA6CN02.RL8.sff
/home/pg/michaelt/Data/ALL_MAPPING/Pools/mapping_pool_91-97/POOL95-10RL	H4KKOLQ02.RL10.sff
/home/pg/michaelt/Data/ALL_MAPPING/Pools/mapping_pool_91-97/POOL95-10RL	H4KKOLQ01.RL10.sff
/home/pg/michaelt/Data/ALL_MAPPING/Pools/mapping_pool_91-97/POOL95-10RL	H5RA6CN01.RL10.sff
/home/pg/michaelt/Data/ALL_MAPPING/Pools/mapping_pool_91-97/POOL95-10RL	H5RA6CN02.RL10.sff
/home/pg/michaelt/Data/ALL_MAPPING/Pools/mapping_pool_91-97/POOL95-12RL	H4KKOLQ01.RL12.sff
/home/pg/michaelt/Data/ALL_MAPPING/Pools/mapping_pool_91-97/POOL95-12RL	H5RA6CN01.RL12.sff
/home/pg/michaelt/Data/ALL_MAPPING/Pools/mapping_pool_91-97/POOL95-12RL	H4KKOLQ02.RL12.sff
/home/pg/michaelt/Data/ALL_MAPPING/Pools/mapping_pool_91-97/POOL95-12RL	H5RA6CN02.RL12.sff
/home/pg/michaelt/Data/ALL_MAPPING/Pools/mapping_pool_91-97/POOL96-01RL	H4KKNTN01.RL1.sff
/home/pg/michaelt/Data/ALL_MAPPING/Pools/mapping_pool_91-97/POOL96-01RL	H4KKNTN02.RL1.sff
/home/pg/michaelt/Data/ALL_MAPPING/Pools/mapping_pool_91-97/POOL96-01RL	H4VPETU02.RL1.sff
/home/pg/michaelt/Data/ALL_MAPPING/Pools/mapping_pool_91-97/POOL96-01RL	H4VPETU01.RL1.sff
/home/pg/michaelt/Data/ALL_MAPPING/Pools/mapping_pool_91-97/POOL96-02RL	H4KKNTN01.RL2.sff
/home/pg/michaelt/Data/ALL_MAPPING/Pools/mapping_pool_91-97/POOL96-02RL	H4VPETU02.RL2.sff
/home/pg/michaelt/Data/ALL_MAPPING/Pools/mapping_pool_91-97/POOL96-02RL	H4VPETU01.RL2.sff
/home/pg/michaelt/Data/ALL_MAPPING/Pools/mapping_pool_91-97/POOL96-02RL	H4KKNTN02.RL2.sff
/home/pg/michaelt/Data/ALL_MAPPING/Pools/mapping_pool_91-97/POOL96-03RL	H4KKNTN01.RL3.sff
/home/pg/michaelt/Data/ALL_MAPPING/Pools/mapping_pool_91-97/POOL96-03RL	H4KKNTN02.RL3.sff
/home/pg/michaelt/Data/ALL_MAPPING/Pools/mapping_pool_91-97/POOL96-03RL	H4VPETU01.RL3.sff
/home/pg/michaelt/Data/ALL_MAPPING/Pools/mapping_pool_91-97/POOL96-03RL	H4VPETU02.RL3.sff
/home/pg/michaelt/Data/ALL_MAPPING/Pools/mapping_pool_91-97/POOL96-04RL	H4KKNTN01.RL4.sff
/home/pg/michaelt/Data/ALL_MAPPING/Pools/mapping_pool_91-97/POOL96-04RL	H4KKNTN02.RL4.sff
/home/pg/michaelt/Data/ALL_MAPPING/Pools/mapping_pool_91-97/POOL96-04RL	H4VPETU02.RL4.sff
/home/pg/michaelt/Data/ALL_MAPPING/Pools/mapping_pool_91-97/POOL96-04RL	H4VPETU01.RL4.sff
/home/pg/michaelt/Data/ALL_MAPPING/Pools/mapping_pool_91-97/POOL96-08RL	H4KKNTN01.RL8.sff
/home/pg/michaelt/Data/ALL_MAPPING/Pools/mapping_pool_91-97/POOL96-08RL	H4KKNTN02.RL8.sff
/home/pg/michaelt/Data/ALL_MAPPING/Pools/mapping_pool_91-97/POOL96-08RL	H4VPETU01.RL8.sff
/home/pg/michaelt/Data/ALL_MAPPING/Pools/mapping_pool_91-97/POOL96-08RL	H4VPETU02.RL8.sff
/home/pg/michaelt/Data/ALL_MAPPING/Pools/mapping_pool_91-97/POOL96-09RL	H4KKNTN01.RL9.sff
/home/pg/michaelt/Data/ALL_MAPPING/Pools/mapping_pool_91-97/POOL96-09RL	H4KKNTN02.RL9.sff
/home/pg/michaelt/Data/ALL_MAPPING/Pools/mapping_pool_91-97/POOL96-09RL	H4VPETU01.RL9.sff
/home/pg/michaelt/Data/ALL_MAPPING/Pools/mapping_pool_91-97/POOL96-09RL	H4VPETU02.RL9.sff
/home/pg/michaelt/Data/ALL_MAPPING/Pools/mapping_pool_91-97/POOL96-10RL	H4VPETU01.RL10.sff
/home/pg/michaelt/Data/ALL_MAPPING/Pools/mapping_pool_91-97/POOL96-10RL	H4VPETU02.RL10.sff
/home/pg/michaelt/Data/ALL_MAPPING/Pools/mapping_pool_91-97/POOL96-10RL	H4KKNTN01.RL10.sff
/home/pg/michaelt/Data/ALL_MAPPING/Pools/mapping_pool_91-97/POOL96-10RL	H4KKNTN02.RL10.sff
/home/pg/michaelt/Data/ALL_MAPPING/Pools/mapping_pool_91-97/POOL96-12RL	H4VPETU01.RL12.sff
/home/pg/michaelt/Data/ALL_MAPPING/Pools/mapping_pool_91-97/POOL96-12RL	H4KKNTN02.RL12.sff
/home/pg/michaelt/Data/ALL_MAPPING/Pools/mapping_pool_91-97/POOL96-12RL	H4KKNTN01.RL12.sff
/home/pg/michaelt/Data/ALL_MAPPING/Pools/mapping_pool_91-97/POOL96-12RL	H4VPETU02.RL12.sff
/home/pg/michaelt/Data/ALL_MAPPING/Pools/mapping_pool_91-97/POOL97-01RL	H4VRBKD02.RL1.sff
/home/pg/michaelt/Data/ALL_MAPPING/Pools/mapping_pool_91-97/POOL97-01RL	H4P5DYX01.RL1.sff
/home/pg/michaelt/Data/ALL_MAPPING/Pools/mapping_pool_91-97/POOL97-01RL	H4P5DYX02.RL1.sff
/home/pg/michaelt/Data/ALL_MAPPING/Pools/mapping_pool_91-97/POOL97-01RL	H4VRBKD01.RL1.sff
/home/pg/michaelt/Data/ALL_MAPPING/Pools/mapping_pool_91-97/POOL97-02RL	H4P5DYX01.RL2.sff
/home/pg/michaelt/Data/ALL_MAPPING/Pools/mapping_pool_91-97/POOL97-02RL	H4P5DYX02.RL2.sff
/home/pg/michaelt/Data/ALL_MAPPING/Pools/mapping_pool_91-97/POOL97-02RL	H4VRBKD01.RL2.sff
/home/pg/michaelt/Data/ALL_MAPPING/Pools/mapping_pool_91-97/POOL97-02RL	H4VRBKD02.RL2.sff
/home/pg/michaelt/Data/ALL_MAPPING/Pools/mapping_pool_91-97/POOL97-03RL	H4P5DYX01.RL3.sff
/home/pg/michaelt/Data/ALL_MAPPING/Pools/mapping_pool_91-97/POOL97-03RL	H4P5DYX02.RL3.sff
/home/pg/michaelt/Data/ALL_MAPPING/Pools/mapping_pool_91-97/POOL97-03RL	H4VRBKD01.RL3.sff
/home/pg/michaelt/Data/ALL_MAPPING/Pools/mapping_pool_91-97/POOL97-03RL	H4VRBKD02.RL3.sff
/home/pg/michaelt/Data/ALL_MAPPING/Pools/mapping_pool_91-97/POOL97-04RL	H4P5DYX01.RL4.sff
/home/pg/michaelt/Data/ALL_MAPPING/Pools/mapping_pool_91-97/POOL97-04RL	H4P5DYX02.RL4.sff
/home/pg/michaelt/Data/ALL_MAPPING/Pools/mapping_pool_91-97/POOL97-04RL	H4VRBKD01.RL4.sff
/home/pg/michaelt/Data/ALL_MAPPING/Pools/mapping_pool_91-97/POOL97-04RL	H4VRBKD02.RL4.sff
/home/pg/michaelt/Data/ALL_MAPPING/Pools/mapping_pool_91-97/POOL97-05RL	H4P5DYX01.RL5.sff
/home/pg/michaelt/Data/ALL_MAPPING/Pools/mapping_pool_91-97/POOL97-05RL	H4VRBKD01.RL5.sff
/home/pg/michaelt/Data/ALL_MAPPING/Pools/mapping_pool_91-97/POOL97-05RL	H4P5DYX02.RL5.sff
/home/pg/michaelt/Data/ALL_MAPPING/Pools/mapping_pool_91-97/POOL97-05RL	H4VRBKD02.RL5.sff
/home/pg/michaelt/Data/ALL_MAPPING/Pools/mapping_pool_91-97/POOL97-07RL	H4P5DYX01.RL7.sff
/home/pg/michaelt/Data/ALL_MAPPING/Pools/mapping_pool_91-97/POOL97-07RL	H4P5DYX02.RL7.sff
/home/pg/michaelt/Data/ALL_MAPPING/Pools/mapping_pool_91-97/POOL97-07RL	H4VRBKD01.RL7.sff
/home/pg/michaelt/Data/ALL_MAPPING/Pools/mapping_pool_91-97/POOL97-07RL	H4VRBKD02.RL7.sff
/home/pg/michaelt/Data/ALL_MAPPING/Pools/mapping_pool_91-97/POOL97-11RL	H4P5DYX01.RL11.sff
/home/pg/michaelt/Data/ALL_MAPPING/Pools/mapping_pool_91-97/POOL97-11RL	H4P5DYX02.RL11.sff
/home/pg/michaelt/Data/ALL_MAPPING/Pools/mapping_pool_91-97/POOL97-11RL	H4VRBKD01.RL11.sff
/home/pg/michaelt/Data/ALL_MAPPING/Pools/mapping_pool_91-97/POOL97-11RL	H4VRBKD02.RL11.sff
/home/pg/michaelt/Data/ALL_MAPPING/Pools/mapping_pool_91-97/POOL97-12RL	H4P5DYX01.RL12.sff
/home/pg/michaelt/Data/ALL_MAPPING/Pools/mapping_pool_91-97/POOL97-12RL	H4P5DYX02.RL12.sff
/home/pg/michaelt/Data/ALL_MAPPING/Pools/mapping_pool_91-97/POOL97-12RL	H4VRBKD01.RL12.sff
/home/pg/michaelt/Data/ALL_MAPPING/Pools/mapping_pool_91-97/POOL97-12RL	H4VRBKD02.RL12.sff
/home/pg/michaelt/Data/ALL_MAPPING/Pools/mapping_pool_91-97/POOL95-05RL	H4KKOLQ01.RL5.sff
/home/pg/michaelt/Data/ALL_MAPPING/Pools/mapping_pool_91-97/POOL95-05RL	H4KKOLQ02.RL5.sff
/home/pg/michaelt/Data/ALL_MAPPING/Pools/mapping_pool_91-97/POOL95-05RL	H5RA6CN01.RL5.sff
/home/pg/michaelt/Data/ALL_MAPPING/Pools/mapping_pool_91-97/POOL95-05RL	H5RA6CN02.RL5.sff
/home/pg/michaelt/Data/ALL_MAPPING/Pools/mapping_pool_98-105/POOL98-07RL	H5UOFJX01.RL7.sff
/home/pg/michaelt/Data/ALL_MAPPING/Pools/mapping_pool_98-105/POOL98-07RL	H5UOFJX02.RL7.sff
/home/pg/michaelt/Data/ALL_MAPPING/Pools/mapping_pool_98-105/POOL98-07RL	H6DB9KB01.RL7.sff
/home/pg/michaelt/Data/ALL_MAPPING/Pools/mapping_pool_98-105/POOL98-07RL	H6DB9KB02.RL7.sff
/home/pg/michaelt/Data/ALL_MAPPING/Pools/mapping_pool_98-105/POOL99-01RL	H8BT4LO01.RL1.sff
/home/pg/michaelt/Data/ALL_MAPPING/Pools/mapping_pool_98-105/POOL99-01RL	H8BT4LO02.RL1.sff
/home/pg/michaelt/Data/ALL_MAPPING/Pools/mapping_pool_98-105/POOL99-01RL	H8E50BF01.RL1.sff
/home/pg/michaelt/Data/ALL_MAPPING/Pools/mapping_pool_98-105/POOL99-01RL	H8E50BF02.RL1.sff
/home/pg/michaelt/Data/ALL_MAPPING/Pools/mapping_pool_98-105/POOL99-03RL	H8BT4LO01.RL3.sff
/home/pg/michaelt/Data/ALL_MAPPING/Pools/mapping_pool_98-105/POOL99-03RL	H8BT4LO02.RL3.sff
/home/pg/michaelt/Data/ALL_MAPPING/Pools/mapping_pool_98-105/POOL99-03RL	H8E50BF01.RL3.sff
/home/pg/michaelt/Data/ALL_MAPPING/Pools/mapping_pool_98-105/POOL99-03RL	H8E50BF02.RL3.sff
/home/pg/michaelt/Data/ALL_MAPPING/Pools/mapping_pool_98-105/POOL99-08RL	H8BT4LO01.RL8.sff
/home/pg/michaelt/Data/ALL_MAPPING/Pools/mapping_pool_98-105/POOL99-08RL	H8BT4LO02.RL8.sff
/home/pg/michaelt/Data/ALL_MAPPING/Pools/mapping_pool_98-105/POOL99-08RL	H8E50BF01.RL8.sff
/home/pg/michaelt/Data/ALL_MAPPING/Pools/mapping_pool_98-105/POOL99-08RL	H8E50BF02.RL8.sff
/home/pg/michaelt/Data/ALL_MAPPING/Pools/mapping_pool_98-105/POOL99-11RL	H8BT4LO01.RL11.sff
/home/pg/michaelt/Data/ALL_MAPPING/Pools/mapping_pool_98-105/POOL99-11RL	H8BT4LO02.RL11.sff
/home/pg/michaelt/Data/ALL_MAPPING/Pools/mapping_pool_98-105/POOL99-11RL	H8E50BF01.RL11.sff
/home/pg/michaelt/Data/ALL_MAPPING/Pools/mapping_pool_98-105/POOL99-11RL	H8E50BF02.RL11.sff
/home/pg/michaelt/Data/ALL_MAPPING/Pools/mapping_pool_98-105/POOL100-01RL	H5UQBPO01.RL1.sff
/home/pg/michaelt/Data/ALL_MAPPING/Pools/mapping_pool_98-105/POOL100-01RL	H5UQBPO02.RL1.sff
/home/pg/michaelt/Data/ALL_MAPPING/Pools/mapping_pool_98-105/POOL100-01RL	H5UQB7R01.RL1.sff
/home/pg/michaelt/Data/ALL_MAPPING/Pools/mapping_pool_98-105/POOL100-01RL	H5UQB7R02.RL1.sff
/home/pg/michaelt/Data/ALL_MAPPING/Pools/mapping_pool_98-105/POOL100-05RL	H5UQBPO01.RL5.sff
/home/pg/michaelt/Data/ALL_MAPPING/Pools/mapping_pool_98-105/POOL100-05RL	H5UQBPO02.RL5.sff
/home/pg/michaelt/Data/ALL_MAPPING/Pools/mapping_pool_98-105/POOL100-05RL	H5UQB7R01.RL5.sff
/home/pg/michaelt/Data/ALL_MAPPING/Pools/mapping_pool_98-105/POOL100-05RL	H5UQB7R02.RL5.sff
/home/pg/michaelt/Data/ALL_MAPPING/Pools/mapping_pool_98-105/POOL100-10RL	H5UQBPO01.RL10.sff
/home/pg/michaelt/Data/ALL_MAPPING/Pools/mapping_pool_98-105/POOL100-10RL	H5UQBPO02.RL10.sff
/home/pg/michaelt/Data/ALL_MAPPING/Pools/mapping_pool_98-105/POOL100-10RL	H5UQB7R01.RL10.sff
/home/pg/michaelt/Data/ALL_MAPPING/Pools/mapping_pool_98-105/POOL100-10RL	H5UQB7R02.RL10.sff
/home/pg/michaelt/Data/ALL_MAPPING/Pools/mapping_pool_98-105/POOL100-12RL	H5UQBPO01.RL12.sff
/home/pg/michaelt/Data/ALL_MAPPING/Pools/mapping_pool_98-105/POOL100-12RL	H5UQBPO02.RL12.sff
/home/pg/michaelt/Data/ALL_MAPPING/Pools/mapping_pool_98-105/POOL100-12RL	H5UQB7R01.RL12.sff
/home/pg/michaelt/Data/ALL_MAPPING/Pools/mapping_pool_98-105/POOL100-12RL	H5UQB7R02.RL12.sff
/home/pg/michaelt/Data/ALL_MAPPING/Pools/mapping_pool_98-105/POOL101-04RL	H7NGB2S01.RL4.sff
/home/pg/michaelt/Data/ALL_MAPPING/Pools/mapping_pool_98-105/POOL101-04RL	H7NGB2S02.RL4.sff
/home/pg/michaelt/Data/ALL_MAPPING/Pools/mapping_pool_98-105/POOL101-04RL	H7NH6UR01.RL4.sff
/home/pg/michaelt/Data/ALL_MAPPING/Pools/mapping_pool_98-105/POOL101-04RL	H7NH6UR02.RL4.sff
/home/pg/michaelt/Data/ALL_MAPPING/Pools/mapping_pool_98-105/POOL101-07RL	H7NGB2S01.RL7.sff
/home/pg/michaelt/Data/ALL_MAPPING/Pools/mapping_pool_98-105/POOL101-07RL	H7NGB2S02.RL7.sff
/home/pg/michaelt/Data/ALL_MAPPING/Pools/mapping_pool_98-105/POOL101-07RL	H7NH6UR01.RL7.sff
/home/pg/michaelt/Data/ALL_MAPPING/Pools/mapping_pool_98-105/POOL101-07RL	H7NH6UR02.RL7.sff
/home/pg/michaelt/Data/ALL_MAPPING/Pools/mapping_pool_98-105/POOL101-10RL	H7NGB2S01.RL10.sff
/home/pg/michaelt/Data/ALL_MAPPING/Pools/mapping_pool_98-105/POOL101-10RL	H7NGB2S02.RL10.sff
/home/pg/michaelt/Data/ALL_MAPPING/Pools/mapping_pool_98-105/POOL101-10RL	H7NH6UR01.RL10.sff
/home/pg/michaelt/Data/ALL_MAPPING/Pools/mapping_pool_98-105/POOL101-10RL	H7NH6UR02.RL10.sff
/home/pg/michaelt/Data/ALL_MAPPING/Pools/mapping_pool_98-105/POOL102-09RL	H8E7VDJ01.RL9.sff
/home/pg/michaelt/Data/ALL_MAPPING/Pools/mapping_pool_98-105/POOL102-09RL	H8E7VDJ02.RL9.sff
/home/pg/michaelt/Data/ALL_MAPPING/Pools/mapping_pool_98-105/POOL102-09RL	H8E7WTO01.RL9.sff
/home/pg/michaelt/Data/ALL_MAPPING/Pools/mapping_pool_98-105/POOL102-09RL	H8E7WTO02.RL9.sff
/home/pg/michaelt/Data/ALL_MAPPING/Pools/mapping_pool_98-105/POOL103-06RL	H8MW4CG01.RL6.sff
/home/pg/michaelt/Data/ALL_MAPPING/Pools/mapping_pool_98-105/POOL103-06RL	H8MW4CG02.RL6.sff
/home/pg/michaelt/Data/ALL_MAPPING/Pools/mapping_pool_98-105/POOL103-06RL	H8SGULI01.RL6.sff
/home/pg/michaelt/Data/ALL_MAPPING/Pools/mapping_pool_98-105/POOL103-06RL	H8SGULI02.RL6.sff
/home/pg/michaelt/Data/ALL_MAPPING/Pools/mapping_pool_98-105/POOL103-09RL	H8MW4CG01.RL9.sff
/home/pg/michaelt/Data/ALL_MAPPING/Pools/mapping_pool_98-105/POOL103-09RL	H8MW4CG02.RL9.sff
/home/pg/michaelt/Data/ALL_MAPPING/Pools/mapping_pool_98-105/POOL103-09RL	H8SGULI01.RL9.sff
/home/pg/michaelt/Data/ALL_MAPPING/Pools/mapping_pool_98-105/POOL103-09RL	H8SGULI02.RL9.sff
/home/pg/michaelt/Data/ALL_MAPPING/Pools/mapping_pool_98-105/POOL103-12RL	H8MW4CG01.RL12.sff
/home/pg/michaelt/Data/ALL_MAPPING/Pools/mapping_pool_98-105/POOL103-12RL	H8MW4CG02.RL12.sff
/home/pg/michaelt/Data/ALL_MAPPING/Pools/mapping_pool_98-105/POOL103-12RL	H8SGULI01.RL12.sff
/home/pg/michaelt/Data/ALL_MAPPING/Pools/mapping_pool_98-105/POOL103-12RL	H8SGULI02.RL12.sff
/home/pg/michaelt/Data/ALL_MAPPING/Pools/mapping_pool_98-105/POOL104-03RL	H8BR2GM01.RL3.sff
/home/pg/michaelt/Data/ALL_MAPPING/Pools/mapping_pool_98-105/POOL104-03RL	H8BR2GM02.RL3.sff
/home/pg/michaelt/Data/ALL_MAPPING/Pools/mapping_pool_98-105/POOL104-03RL	H8BTZDP01.RL3.sff
/home/pg/michaelt/Data/ALL_MAPPING/Pools/mapping_pool_98-105/POOL104-03RL	H8BTZDP02.RL3.sff
/home/pg/michaelt/Data/ALL_MAPPING/Pools/mapping_pool_98-105/POOL104-06RL	H8BR2GM01.RL6.sff
/home/pg/michaelt/Data/ALL_MAPPING/Pools/mapping_pool_98-105/POOL104-06RL	H8BR2GM02.RL6.sff
/home/pg/michaelt/Data/ALL_MAPPING/Pools/mapping_pool_98-105/POOL104-06RL	H8BTZDP01.RL6.sff
/home/pg/michaelt/Data/ALL_MAPPING/Pools/mapping_pool_98-105/POOL104-06RL	H8BTZDP02.RL6.sff
/home/pg/michaelt/Data/ALL_MAPPING/Pools/mapping_pool_98-105/POOL104-12RL	H8BR2GM01.RL12.sff
/home/pg/michaelt/Data/ALL_MAPPING/Pools/mapping_pool_98-105/POOL104-12RL	H8BR2GM02.RL12.sff
/home/pg/michaelt/Data/ALL_MAPPING/Pools/mapping_pool_98-105/POOL104-12RL	H8BTZDP01.RL12.sff
/home/pg/michaelt/Data/ALL_MAPPING/Pools/mapping_pool_98-105/POOL104-12RL	H8BTZDP02.RL12.sff
/home/pg/michaelt/Data/ALL_MAPPING/Pools/mapping_pool_98-105/POOL105-04RL	H8T3IXQ01.RL4.sff
/home/pg/michaelt/Data/ALL_MAPPING/Pools/mapping_pool_98-105/POOL105-04RL	H8T3IXQ02.RL4.sff
/home/pg/michaelt/Data/ALL_MAPPING/Pools/mapping_pool_98-105/POOL105-04RL	H8V2EDP01.RL4.sff
/home/pg/michaelt/Data/ALL_MAPPING/Pools/mapping_pool_98-105/POOL105-04RL	H8V2EDP02.RL4.sff
/home/pg/michaelt/Data/ALL_MAPPING/Pools/mapping_pool_98-105/POOL105-05RL	H8T3IXQ01.RL5.sff
/home/pg/michaelt/Data/ALL_MAPPING/Pools/mapping_pool_98-105/POOL105-05RL	H8T3IXQ02.RL5.sff
/home/pg/michaelt/Data/ALL_MAPPING/Pools/mapping_pool_98-105/POOL105-05RL	H8V2EDP01.RL5.sff
/home/pg/michaelt/Data/ALL_MAPPING/Pools/mapping_pool_98-105/POOL105-05RL	H8V2EDP02.RL5.sff
/home/pg/michaelt/Data/ALL_MAPPING/Pools/mapping_pool_98-105/POOL105-07RL	H8T3IXQ01.RL7.sff
/home/pg/michaelt/Data/ALL_MAPPING/Pools/mapping_pool_98-105/POOL105-07RL	H8T3IXQ02.RL7.sff
/home/pg/michaelt/Data/ALL_MAPPING/Pools/mapping_pool_98-105/POOL105-07RL	H8V2EDP01.RL7.sff
/home/pg/michaelt/Data/ALL_MAPPING/Pools/mapping_pool_98-105/POOL105-07RL	H8V2EDP02.RL7.sff
/home/pg/michaelt/Data/ALL_MAPPING/Pools/mapping_pool_98-105/POOL105-12RL	H8T3IXQ01.RL12.sff
/home/pg/michaelt/Data/ALL_MAPPING/Pools/mapping_pool_98-105/POOL105-12RL	H8T3IXQ02.RL12.sff
/home/pg/michaelt/Data/ALL_MAPPING/Pools/mapping_pool_98-105/POOL105-12RL	H8V2EDP01.RL12.sff
/home/pg/michaelt/Data/ALL_MAPPING/Pools/mapping_pool_98-105/POOL105-12RL	H8V2EDP02.RL12.sff
/home/pg/michaelt/Data/ALL_MAPPING/Pools/mapping_pool_98-105/POOL98-01RL	H5UOFJX01.RL1.sff
/home/pg/michaelt/Data/ALL_MAPPING/Pools/mapping_pool_98-105/POOL98-01RL	H5UOFJX02.RL1.sff
/home/pg/michaelt/Data/ALL_MAPPING/Pools/mapping_pool_98-105/POOL98-01RL	H6DB9KB01.RL1.sff
/home/pg/michaelt/Data/ALL_MAPPING/Pools/mapping_pool_98-105/POOL98-01RL	H6DB9KB02.RL1.sff
/home/pg/michaelt/Data/ALL_MAPPING/Pools/mapping_pool_98-105/POOL98-02RL	H5UOFJX01.RL2.sff
/home/pg/michaelt/Data/ALL_MAPPING/Pools/mapping_pool_98-105/POOL98-02RL	H5UOFJX02.RL2.sff
/home/pg/michaelt/Data/ALL_MAPPING/Pools/mapping_pool_98-105/POOL98-02RL	H6DB9KB01.RL2.sff
/home/pg/michaelt/Data/ALL_MAPPING/Pools/mapping_pool_98-105/POOL98-02RL	H6DB9KB02.RL2.sff
/home/pg/michaelt/Data/ALL_MAPPING/Pools/mapping_pool_98-105/POOL98-05RL	H5UOFJX01.RL5.sff
/home/pg/michaelt/Data/ALL_MAPPING/Pools/mapping_pool_98-105/POOL98-05RL	H5UOFJX02.RL5.sff
/home/pg/michaelt/Data/ALL_MAPPING/Pools/mapping_pool_98-105/POOL98-05RL	H6DB9KB01.RL5.sff
/home/pg/michaelt/Data/ALL_MAPPING/Pools/mapping_pool_98-105/POOL98-05RL	H6DB9KB02.RL5.sff
/home/pg/michaelt/Data/ALL_MAPPING/Pools/mapping_pool_98-105/POOL98-08RL	H5UOFJX01.RL8.sff
/home/pg/michaelt/Data/ALL_MAPPING/Pools/mapping_pool_98-105/POOL98-08RL	H5UOFJX02.RL8.sff
/home/pg/michaelt/Data/ALL_MAPPING/Pools/mapping_pool_98-105/POOL98-08RL	H6DB9KB01.RL8.sff
/home/pg/michaelt/Data/ALL_MAPPING/Pools/mapping_pool_98-105/POOL98-08RL	H6DB9KB02.RL8.sff
/home/pg/michaelt/Data/ALL_MAPPING/Pools/mapping_pool_98-105/POOL98-09RL	H5UOFJX01.RL9.sff
/home/pg/michaelt/Data/ALL_MAPPING/Pools/mapping_pool_98-105/POOL98-09RL	H5UOFJX02.RL9.sff
/home/pg/michaelt/Data/ALL_MAPPING/Pools/mapping_pool_98-105/POOL98-09RL	H6DB9KB01.RL9.sff
/home/pg/michaelt/Data/ALL_MAPPING/Pools/mapping_pool_98-105/POOL98-09RL	H6DB9KB02.RL9.sff
/home/pg/michaelt/Data/ALL_MAPPING/Pools/mapping_pool_98-105/POOL98-10RL	H5UOFJX01.RL10.sff
/home/pg/michaelt/Data/ALL_MAPPING/Pools/mapping_pool_98-105/POOL98-10RL	H5UOFJX02.RL10.sff
/home/pg/michaelt/Data/ALL_MAPPING/Pools/mapping_pool_98-105/POOL98-10RL	H6DB9KB01.RL10.sff
/home/pg/michaelt/Data/ALL_MAPPING/Pools/mapping_pool_98-105/POOL98-10RL	H6DB9KB02.RL10.sff
/home/pg/michaelt/Data/ALL_MAPPING/Pools/mapping_pool_98-105/POOL98-11RL	H5UOFJX01.RL11.sff
/home/pg/michaelt/Data/ALL_MAPPING/Pools/mapping_pool_98-105/POOL98-11RL	H5UOFJX02.RL11.sff
/home/pg/michaelt/Data/ALL_MAPPING/Pools/mapping_pool_98-105/POOL98-11RL	H6DB9KB01.RL11.sff
/home/pg/michaelt/Data/ALL_MAPPING/Pools/mapping_pool_98-105/POOL98-11RL	H6DB9KB02.RL11.sff
/home/pg/michaelt/Data/ALL_MAPPING/Pools/mapping_pool_98-105/POOL99-02RL	H8BT4LO01.RL2.sff
/home/pg/michaelt/Data/ALL_MAPPING/Pools/mapping_pool_98-105/POOL99-02RL	H8BT4LO02.RL2.sff
/home/pg/michaelt/Data/ALL_MAPPING/Pools/mapping_pool_98-105/POOL99-02RL	H8E50BF01.RL2.sff
/home/pg/michaelt/Data/ALL_MAPPING/Pools/mapping_pool_98-105/POOL99-02RL	H8E50BF02.RL2.sff
/home/pg/michaelt/Data/ALL_MAPPING/Pools/mapping_pool_98-105/POOL99-07RL	H8BT4LO01.RL7.sff
/home/pg/michaelt/Data/ALL_MAPPING/Pools/mapping_pool_98-105/POOL99-07RL	H8BT4LO02.RL7.sff
/home/pg/michaelt/Data/ALL_MAPPING/Pools/mapping_pool_98-105/POOL99-07RL	H8E50BF01.RL7.sff
/home/pg/michaelt/Data/ALL_MAPPING/Pools/mapping_pool_98-105/POOL99-07RL	H8E50BF02.RL7.sff
/home/pg/michaelt/Data/ALL_MAPPING/Pools/mapping_pool_98-105/POOL99-10RL	H8BT4LO01.RL10.sff
/home/pg/michaelt/Data/ALL_MAPPING/Pools/mapping_pool_98-105/POOL99-10RL	H8BT4LO02.RL10.sff
/home/pg/michaelt/Data/ALL_MAPPING/Pools/mapping_pool_98-105/POOL99-10RL	H8E50BF01.RL10.sff
/home/pg/michaelt/Data/ALL_MAPPING/Pools/mapping_pool_98-105/POOL99-10RL	H8E50BF02.RL10.sff
/home/pg/michaelt/Data/ALL_MAPPING/Pools/mapping_pool_98-105/POOL99-12RL	H8BT4LO01.RL12.sff
/home/pg/michaelt/Data/ALL_MAPPING/Pools/mapping_pool_98-105/POOL99-12RL	H8BT4LO02.RL12.sff
/home/pg/michaelt/Data/ALL_MAPPING/Pools/mapping_pool_98-105/POOL99-12RL	H8E50BF01.RL12.sff
/home/pg/michaelt/Data/ALL_MAPPING/Pools/mapping_pool_98-105/POOL99-12RL	H8E50BF02.RL12.sff
/home/pg/michaelt/Data/ALL_MAPPING/Pools/mapping_pool_98-105/POOL100-03RL	H5UQBPO01.RL3.sff
/home/pg/michaelt/Data/ALL_MAPPING/Pools/mapping_pool_98-105/POOL100-03RL	H5UQBPO02.RL3.sff
/home/pg/michaelt/Data/ALL_MAPPING/Pools/mapping_pool_98-105/POOL100-03RL	H5UQB7R01.RL3.sff
/home/pg/michaelt/Data/ALL_MAPPING/Pools/mapping_pool_98-105/POOL100-03RL	H5UQB7R02.RL3.sff
/home/pg/michaelt/Data/ALL_MAPPING/Pools/mapping_pool_98-105/POOL100-06RL	H5UQBPO01.RL6.sff
/home/pg/michaelt/Data/ALL_MAPPING/Pools/mapping_pool_98-105/POOL100-06RL	H5UQBPO02.RL6.sff
/home/pg/michaelt/Data/ALL_MAPPING/Pools/mapping_pool_98-105/POOL100-06RL	H5UQB7R01.RL6.sff
/home/pg/michaelt/Data/ALL_MAPPING/Pools/mapping_pool_98-105/POOL100-06RL	H5UQB7R02.RL6.sff
/home/pg/michaelt/Data/ALL_MAPPING/Pools/mapping_pool_98-105/POOL100-09RL	H5UQBPO01.RL9.sff
/home/pg/michaelt/Data/ALL_MAPPING/Pools/mapping_pool_98-105/POOL100-09RL	H5UQBPO02.RL9.sff
/home/pg/michaelt/Data/ALL_MAPPING/Pools/mapping_pool_98-105/POOL100-09RL	H5UQB7R01.RL9.sff
/home/pg/michaelt/Data/ALL_MAPPING/Pools/mapping_pool_98-105/POOL100-09RL	H5UQB7R02.RL9.sff
/home/pg/michaelt/Data/ALL_MAPPING/Pools/mapping_pool_98-105/POOL100-11RL	H5UQBPO01.RL11.sff
/home/pg/michaelt/Data/ALL_MAPPING/Pools/mapping_pool_98-105/POOL100-11RL	H5UQBPO02.RL11.sff
/home/pg/michaelt/Data/ALL_MAPPING/Pools/mapping_pool_98-105/POOL100-11RL	H5UQB7R01.RL11.sff
/home/pg/michaelt/Data/ALL_MAPPING/Pools/mapping_pool_98-105/POOL100-11RL	H5UQB7R02.RL11.sff
/home/pg/michaelt/Data/ALL_MAPPING/Pools/mapping_pool_98-105/POOL101-01RL	H7NGB2S01.RL1.sff
/home/pg/michaelt/Data/ALL_MAPPING/Pools/mapping_pool_98-105/POOL101-01RL	H7NGB2S02.RL1.sff
/home/pg/michaelt/Data/ALL_MAPPING/Pools/mapping_pool_98-105/POOL101-01RL	H7NH6UR01.RL1.sff
/home/pg/michaelt/Data/ALL_MAPPING/Pools/mapping_pool_98-105/POOL101-01RL	H7NH6UR02.RL1.sff
/home/pg/michaelt/Data/ALL_MAPPING/Pools/mapping_pool_98-105/POOL101-08RL	H7NGB2S01.RL8.sff
/home/pg/michaelt/Data/ALL_MAPPING/Pools/mapping_pool_98-105/POOL101-08RL	H7NGB2S02.RL8.sff
/home/pg/michaelt/Data/ALL_MAPPING/Pools/mapping_pool_98-105/POOL101-08RL	H7NH6UR01.RL8.sff
/home/pg/michaelt/Data/ALL_MAPPING/Pools/mapping_pool_98-105/POOL101-08RL	H7NH6UR02.RL8.sff
/home/pg/michaelt/Data/ALL_MAPPING/Pools/mapping_pool_98-105/POOL101-09RL	H7NGB2S01.RL9.sff
/home/pg/michaelt/Data/ALL_MAPPING/Pools/mapping_pool_98-105/POOL101-09RL	H7NGB2S02.RL9.sff
/home/pg/michaelt/Data/ALL_MAPPING/Pools/mapping_pool_98-105/POOL101-09RL	H7NH6UR01.RL9.sff
/home/pg/michaelt/Data/ALL_MAPPING/Pools/mapping_pool_98-105/POOL101-09RL	H7NH6UR02.RL9.sff
/home/pg/michaelt/Data/ALL_MAPPING/Pools/mapping_pool_98-105/POOL101-11RL	H7NGB2S01.RL11.sff
/home/pg/michaelt/Data/ALL_MAPPING/Pools/mapping_pool_98-105/POOL101-11RL	H7NGB2S02.RL11.sff
/home/pg/michaelt/Data/ALL_MAPPING/Pools/mapping_pool_98-105/POOL101-11RL	H7NH6UR01.RL11.sff
/home/pg/michaelt/Data/ALL_MAPPING/Pools/mapping_pool_98-105/POOL101-11RL	H7NH6UR02.RL11.sff
/home/pg/michaelt/Data/ALL_MAPPING/Pools/mapping_pool_98-105/POOL101-12RL	H7NGB2S01.RL12.sff
/home/pg/michaelt/Data/ALL_MAPPING/Pools/mapping_pool_98-105/POOL101-12RL	H7NGB2S02.RL12.sff
/home/pg/michaelt/Data/ALL_MAPPING/Pools/mapping_pool_98-105/POOL101-12RL	H7NH6UR01.RL12.sff
/home/pg/michaelt/Data/ALL_MAPPING/Pools/mapping_pool_98-105/POOL101-12RL	H7NH6UR02.RL12.sff
/home/pg/michaelt/Data/ALL_MAPPING/Pools/mapping_pool_98-105/POOL102-02RL	H8E7VDJ01.RL2.sff
/home/pg/michaelt/Data/ALL_MAPPING/Pools/mapping_pool_98-105/POOL102-02RL	H8E7VDJ02.RL2.sff
/home/pg/michaelt/Data/ALL_MAPPING/Pools/mapping_pool_98-105/POOL102-02RL	H8E7WTO01.RL2.sff
/home/pg/michaelt/Data/ALL_MAPPING/Pools/mapping_pool_98-105/POOL102-02RL	H8E7WTO02.RL2.sff
/home/pg/michaelt/Data/ALL_MAPPING/Pools/mapping_pool_98-105/POOL102-05RL	H8E7VDJ01.RL5.sff
/home/pg/michaelt/Data/ALL_MAPPING/Pools/mapping_pool_98-105/POOL102-05RL	H8E7VDJ02.RL5.sff
/home/pg/michaelt/Data/ALL_MAPPING/Pools/mapping_pool_98-105/POOL102-05RL	H8E7WTO01.RL5.sff
/home/pg/michaelt/Data/ALL_MAPPING/Pools/mapping_pool_98-105/POOL102-05RL	H8E7WTO02.RL5.sff
/home/pg/michaelt/Data/ALL_MAPPING/Pools/mapping_pool_98-105/POOL102-06RL	H8E7VDJ01.RL6.sff
/home/pg/michaelt/Data/ALL_MAPPING/Pools/mapping_pool_98-105/POOL102-06RL	H8E7VDJ02.RL6.sff
/home/pg/michaelt/Data/ALL_MAPPING/Pools/mapping_pool_98-105/POOL102-06RL	H8E7WTO01.RL6.sff
/home/pg/michaelt/Data/ALL_MAPPING/Pools/mapping_pool_98-105/POOL102-06RL	H8E7WTO02.RL6.sff
/home/pg/michaelt/Data/ALL_MAPPING/Pools/mapping_pool_98-105/POOL102-07RL	H8E7VDJ01.RL7.sff
/home/pg/michaelt/Data/ALL_MAPPING/Pools/mapping_pool_98-105/POOL102-07RL	H8E7VDJ02.RL7.sff
/home/pg/michaelt/Data/ALL_MAPPING/Pools/mapping_pool_98-105/POOL102-07RL	H8E7WTO01.RL7.sff
/home/pg/michaelt/Data/ALL_MAPPING/Pools/mapping_pool_98-105/POOL102-07RL	H8E7WTO02.RL7.sff
/home/pg/michaelt/Data/ALL_MAPPING/Pools/mapping_pool_98-105/POOL102-10RL	H8E7VDJ01.RL10.sff
/home/pg/michaelt/Data/ALL_MAPPING/Pools/mapping_pool_98-105/POOL102-10RL	H8E7VDJ02.RL10.sff
/home/pg/michaelt/Data/ALL_MAPPING/Pools/mapping_pool_98-105/POOL102-10RL	H8E7WTO01.RL10.sff
/home/pg/michaelt/Data/ALL_MAPPING/Pools/mapping_pool_98-105/POOL102-10RL	H8E7WTO02.RL10.sff
/home/pg/michaelt/Data/ALL_MAPPING/Pools/mapping_pool_98-105/POOL102-11RL	H8E7VDJ01.RL11.sff
/home/pg/michaelt/Data/ALL_MAPPING/Pools/mapping_pool_98-105/POOL102-11RL	H8E7VDJ02.RL11.sff
/home/pg/michaelt/Data/ALL_MAPPING/Pools/mapping_pool_98-105/POOL102-11RL	H8E7WTO01.RL11.sff
/home/pg/michaelt/Data/ALL_MAPPING/Pools/mapping_pool_98-105/POOL102-11RL	H8E7WTO02.RL11.sff
/home/pg/michaelt/Data/ALL_MAPPING/Pools/mapping_pool_98-105/POOL102-12RL	H8E7VDJ01.RL12.sff
/home/pg/michaelt/Data/ALL_MAPPING/Pools/mapping_pool_98-105/POOL102-12RL	H8E7VDJ02.RL12.sff
/home/pg/michaelt/Data/ALL_MAPPING/Pools/mapping_pool_98-105/POOL102-12RL	H8E7WTO01.RL12.sff
/home/pg/michaelt/Data/ALL_MAPPING/Pools/mapping_pool_98-105/POOL102-12RL	H8E7WTO02.RL12.sff
/home/pg/michaelt/Data/ALL_MAPPING/Pools/mapping_pool_98-105/POOL103-02RL	H8MW4CG01.RL2.sff
/home/pg/michaelt/Data/ALL_MAPPING/Pools/mapping_pool_98-105/POOL103-02RL	H8MW4CG02.RL2.sff
/home/pg/michaelt/Data/ALL_MAPPING/Pools/mapping_pool_98-105/POOL103-02RL	H8SGULI01.RL2.sff
/home/pg/michaelt/Data/ALL_MAPPING/Pools/mapping_pool_98-105/POOL103-02RL	H8SGULI02.RL2.sff
/home/pg/michaelt/Data/ALL_MAPPING/Pools/mapping_pool_98-105/POOL103-03RL	H8MW4CG01.RL3.sff
/home/pg/michaelt/Data/ALL_MAPPING/Pools/mapping_pool_98-105/POOL103-03RL	H8MW4CG02.RL3.sff
/home/pg/michaelt/Data/ALL_MAPPING/Pools/mapping_pool_98-105/POOL103-03RL	H8SGULI01.RL3.sff
/home/pg/michaelt/Data/ALL_MAPPING/Pools/mapping_pool_98-105/POOL103-03RL	H8SGULI02.RL3.sff
/home/pg/michaelt/Data/ALL_MAPPING/Pools/mapping_pool_98-105/POOL103-05RL	H8MW4CG01.RL5.sff
/home/pg/michaelt/Data/ALL_MAPPING/Pools/mapping_pool_98-105/POOL103-05RL	H8MW4CG02.RL5.sff
/home/pg/michaelt/Data/ALL_MAPPING/Pools/mapping_pool_98-105/POOL103-05RL	H8SGULI01.RL5.sff
/home/pg/michaelt/Data/ALL_MAPPING/Pools/mapping_pool_98-105/POOL103-05RL	H8SGULI02.RL5.sff
/home/pg/michaelt/Data/ALL_MAPPING/Pools/mapping_pool_98-105/POOL103-07RL	H8MW4CG01.RL7.sff
/home/pg/michaelt/Data/ALL_MAPPING/Pools/mapping_pool_98-105/POOL103-07RL	H8MW4CG02.RL7.sff
/home/pg/michaelt/Data/ALL_MAPPING/Pools/mapping_pool_98-105/POOL103-07RL	H8SGULI01.RL7.sff
/home/pg/michaelt/Data/ALL_MAPPING/Pools/mapping_pool_98-105/POOL103-07RL	H8SGULI02.RL7.sff
/home/pg/michaelt/Data/ALL_MAPPING/Pools/mapping_pool_98-105/POOL103-11RL	H8MW4CG01.RL11.sff
/home/pg/michaelt/Data/ALL_MAPPING/Pools/mapping_pool_98-105/POOL103-11RL	H8MW4CG02.RL11.sff
/home/pg/michaelt/Data/ALL_MAPPING/Pools/mapping_pool_98-105/POOL103-11RL	H8SGULI01.RL11.sff
/home/pg/michaelt/Data/ALL_MAPPING/Pools/mapping_pool_98-105/POOL103-11RL	H8SGULI02.RL11.sff
/home/pg/michaelt/Data/ALL_MAPPING/Pools/mapping_pool_98-105/POOL104-01RL	H8BR2GM01.RL1.sff
/home/pg/michaelt/Data/ALL_MAPPING/Pools/mapping_pool_98-105/POOL104-01RL	H8BR2GM02.RL1.sff
/home/pg/michaelt/Data/ALL_MAPPING/Pools/mapping_pool_98-105/POOL104-01RL	H8BTZDP01.RL1.sff
/home/pg/michaelt/Data/ALL_MAPPING/Pools/mapping_pool_98-105/POOL104-01RL	H8BTZDP02.RL1.sff
/home/pg/michaelt/Data/ALL_MAPPING/Pools/mapping_pool_98-105/POOL104-04RL	H8BR2GM01.RL4.sff
/home/pg/michaelt/Data/ALL_MAPPING/Pools/mapping_pool_98-105/POOL104-04RL	H8BR2GM02.RL4.sff
/home/pg/michaelt/Data/ALL_MAPPING/Pools/mapping_pool_98-105/POOL104-04RL	H8BTZDP01.RL4.sff
/home/pg/michaelt/Data/ALL_MAPPING/Pools/mapping_pool_98-105/POOL104-04RL	H8BTZDP02.RL4.sff
/home/pg/michaelt/Data/ALL_MAPPING/Pools/mapping_pool_98-105/POOL104-05RL	H8BR2GM01.RL5.sff
/home/pg/michaelt/Data/ALL_MAPPING/Pools/mapping_pool_98-105/POOL104-05RL	H8BR2GM02.RL5.sff
/home/pg/michaelt/Data/ALL_MAPPING/Pools/mapping_pool_98-105/POOL104-05RL	H8BTZDP01.RL5.sff
/home/pg/michaelt/Data/ALL_MAPPING/Pools/mapping_pool_98-105/POOL104-05RL	H8BTZDP02.RL5.sff
/home/pg/michaelt/Data/ALL_MAPPING/Pools/mapping_pool_98-105/POOL104-07RL	H8BR2GM01.RL7.sff
/home/pg/michaelt/Data/ALL_MAPPING/Pools/mapping_pool_98-105/POOL104-07RL	H8BR2GM02.RL7.sff
/home/pg/michaelt/Data/ALL_MAPPING/Pools/mapping_pool_98-105/POOL104-07RL	H8BTZDP01.RL7.sff
/home/pg/michaelt/Data/ALL_MAPPING/Pools/mapping_pool_98-105/POOL104-07RL	H8BTZDP02.RL7.sff
/home/pg/michaelt/Data/ALL_MAPPING/Pools/mapping_pool_98-105/POOL104-09RL	H8BR2GM01.RL9.sff
/home/pg/michaelt/Data/ALL_MAPPING/Pools/mapping_pool_98-105/POOL104-09RL	H8BR2GM02.RL9.sff
/home/pg/michaelt/Data/ALL_MAPPING/Pools/mapping_pool_98-105/POOL104-09RL	H8BTZDP01.RL9.sff
/home/pg/michaelt/Data/ALL_MAPPING/Pools/mapping_pool_98-105/POOL104-09RL	H8BTZDP02.RL9.sff
/home/pg/michaelt/Data/ALL_MAPPING/Pools/mapping_pool_98-105/POOL105-03RL	H8T3IXQ01.RL3.sff
/home/pg/michaelt/Data/ALL_MAPPING/Pools/mapping_pool_98-105/POOL105-03RL	H8T3IXQ02.RL3.sff
/home/pg/michaelt/Data/ALL_MAPPING/Pools/mapping_pool_98-105/POOL105-03RL	H8V2EDP01.RL3.sff
/home/pg/michaelt/Data/ALL_MAPPING/Pools/mapping_pool_98-105/POOL105-03RL	H8V2EDP02.RL3.sff
/home/pg/michaelt/Data/ALL_MAPPING/Pools/mapping_pool_98-105/POOL105-06RL	H8T3IXQ01.RL6.sff
/home/pg/michaelt/Data/ALL_MAPPING/Pools/mapping_pool_98-105/POOL105-06RL	H8T3IXQ02.RL6.sff
/home/pg/michaelt/Data/ALL_MAPPING/Pools/mapping_pool_98-105/POOL105-06RL	H8V2EDP01.RL6.sff
/home/pg/michaelt/Data/ALL_MAPPING/Pools/mapping_pool_98-105/POOL105-06RL	H8V2EDP02.RL6.sff
/home/pg/michaelt/Data/ALL_MAPPING/Pools/mapping_pool_98-105/POOL105-08RL	H8T3IXQ01.RL8.sff
/home/pg/michaelt/Data/ALL_MAPPING/Pools/mapping_pool_98-105/POOL105-08RL	H8T3IXQ02.RL8.sff
/home/pg/michaelt/Data/ALL_MAPPING/Pools/mapping_pool_98-105/POOL105-08RL	H8V2EDP01.RL8.sff
/home/pg/michaelt/Data/ALL_MAPPING/Pools/mapping_pool_98-105/POOL105-08RL	H8V2EDP02.RL8.sff
/home/pg/michaelt/Data/ALL_MAPPING/Pools/mapping_pool_98-105/POOL105-09RL	H8T3IXQ01.RL9.sff
/home/pg/michaelt/Data/ALL_MAPPING/Pools/mapping_pool_98-105/POOL105-09RL	H8T3IXQ02.RL9.sff
/home/pg/michaelt/Data/ALL_MAPPING/Pools/mapping_pool_98-105/POOL105-09RL	H8V2EDP01.RL9.sff
/home/pg/michaelt/Data/ALL_MAPPING/Pools/mapping_pool_98-105/POOL105-09RL	H8V2EDP02.RL9.sff
