20446,6,50.35,POOL_P2_137_06RL,Black non-Hispanic,35.2,0,0,0,1,0,0,0,0,3.42
41011,8,19.13,POOL_P2_83_08RL,White non-Hispanic,0,0,1,0,0,0,0,0,0,0
41013,8,67.85,POOL_P2_156_08RL,White non-Hispanic,0,0,1,0,0,0,0,0,0,0
40157,9,88.62,POOL_P2_85_09RL,White Hispanic,0,1,0,0,0,0,0,0,0,0
10290,6,24.94,POOL_P2_147_06RL,Black non-Hispanic,39.3,0,0,0,1,1,1,0,0,1.62
10292,3,50.78,POOL_P2_135_03RL,White non-Hispanic,0,1,0,0,0,0,0,0,0,0
10453,3,82.8,POOL_P2_141_03RL,White non-Hispanic,28.3,0,0,0,1,0,0,0,0,7.91
10519,4,5.75,POOL_P2_157_04RL,White non-Hispanic,0,0,1,0,0,0,0,0,0,0
20501,5,56.03,POOL_P2_131_05RL,White non-Hispanic,0,1,0,0,0,0,0,0,0,0
40553,2,13.47,POOL_P2_88_02RL,White non-Hispanic,31.4,0,0,0,1,0,0,0,0,4.09
20567,9,109.73,POOL_P2_137_09RL,White Hispanic,35.3,0,0,1,1,0,0,0,0,2.44
10678,4,67.27,POOL_P2_140_04RL,White non-Hispanic,28.9,0,0,1,1,0,0,0,0,2.88
20562,8,27.47,POOL_P2_158_08RL,White non-Hispanic,27.3,0,0,0,1,0,0,0,1,14.1
10102,1,76.568,POOL_P2_169_01RL,White non-Hispanic,0,0,1,0,0,0,0,0,0,0
30428,6,17.20,POOL_P2_155_06RL,Black non-Hispanic,38.6,0,0,1,1,0,0,0,0,1.72
30429,12,55.84,POOL_P2_102_12RL,White non-Hispanic,0,1,0,0,0,0,0,0,0,0
20417,2,60.90,POOL_P2_144_02RL,White Hispanic,22.9,0,0,1,1,0,0,0,0,9.61
30119,9,19.62,POOL_P2_91_09RL,White non-Hispanic,35.9,0,0,0,1,0,0,0,1,12.23
30420,9,73.18,POOL_P2_176_09RL,White non-Hispanic,27,0,0,0,1,0,0,0,0,2.29
40499,9,59.16,POOL_P2_157_09RL,White Hispanic,46.3,0,0,1,0,0,0,0,0,3.55
30426,3,15.21,POOL_P2_104_03RL,White non-Hispanic,0,0,1,0,0,0,0,0,0,0
10581,9,32.61,POOL_P2_94_09RL,White non-Hispanic,0,1,0,0,0,0,0,0,0,0
10580,10,31.28,POOL_P2_95_10RL,White non-Hispanic,0,0,1,0,0,0,0,0,0,0
10583,9,80.55,POOL_P2_68_09RL,White non-Hispanic,0,0,1,0,0,0,0,0,0,0
41370,2,35.053,POOL_P2_168_02RL,Black non-Hispanic,33.3,0,0,0,1,0,0,1,1,16.55
10587,1,63.76,POOL_P2_124_01RL,White non-Hispanic,38.7,0,0,1,1,0,0,0,0,9.47
10589,7,29.73,POOL_P2_123_07RL,White non-Hispanic,36.7,0,0,0,0,0,0,0,1,13.34
41475,5,47.59,POOL_P2_74_05RL,White non-Hispanic,29.7,0,0,0,1,0,0,0,0,6.92
41474,11,88.21,POOL_P2_175_11RL,White non-Hispanic,33.5,0,0,1,1,0,0,0,0,5.43
30053,6,21.88,POOL_P2_115_06RL,White non-Hispanic,0,0,1,0,0,0,0,0,0,0
33030,11,91.878,POOL_P2_170_11RL,White non-Hispanic,35.4,0,0,0,0,0,0,0,1,12.17
20851,12,44.04,POOL_P2_150_12RL,White non-Hispanic,32.1,0,0,0,1,0,1,0,0,1.64
30190,10,35.37,POOL_P2_100_10RL,White non-Hispanic,0,1,0,0,0,0,0,0,0,0
41656,12,78.56,POOL_P2_60_12RL,White non-Hispanic,31.9,0,0,1,1,1,1,0,0,0.29
30193,4,101.77,POOL_P2_59_04RL,White non-Hispanic,41.8,0,0,0,1,1,1,0,0,2.37
41121,10,21.71,POOL_P2_70_10RL,White non-Hispanic,0,0,1,0,0,0,0,0,0,0
41123,6,29.12,POOL_P2_70_06RL,White non-Hispanic,0,0,1,0,0,0,0,0,0,0
41122,2,88.47,POOL_P2_68_02RL,White non-Hispanic,0,0,1,0,0,0,0,0,0,0
30198,3,10.36,POOL_P2_66_03RL,White non-Hispanic,0,0,1,0,0,0,0,0,0,0
20853,6,31.749,POOL_P2_161_06RL,Black non-Hispanic,28.2,0,0,0,0,0,0,0,1,14.63
40702,10,38.00,POOL_P2_99_10RL,White non-Hispanic,34.9,0,0,0,1,0,0,0,0,5.11
30216,12,64.85,POOL_P2_153_12RL,White non-Hispanic,31.4,0,0,0,1,0,0,0,0,7.31
41659,8,54.82,POOL_P2_110_08RL,White non-Hispanic,41.8,0,0,1,1,0,0,0,0,1.66
30214,10,31.78,POOL_P2_71_10RL,White non-Hispanic,0,0,1,0,0,0,0,0,0,0
10093,10,53.22,POOL_P2_111_10RL,White non-Hispanic,0,0,1,0,0,0,0,0,0,0
10204,3,33.96,POOL_P2_147_03RL,White non-Hispanic,31.2,0,0,1,1,0,0,0,0,7.68
30412,5,32.10,POOL_P2_151_05RL,White non-Hispanic,20.9,0,0,0,1,0,0,0,0,8.04
40490,2,19.46,POOL_P2_84_02RL,White non-Hispanic,0,0,1,0,0,0,0,0,0,0
41493,4,55.61,POOL_P2_81_04RL,White non-Hispanic,0,0,1,0,0,0,0,0,0,0
10201,8,57.07,POOL_P2_88_08RL,White non-Hispanic,0,1,0,0,0,0,0,0,0,0
20284,9,18.91,POOL_P2_90_09RL,White non-Hispanic,38.4,0,0,0,1,0,0,0,0,4.92
30759,9,54.321,POOL_P2_170_09RL,White non-Hispanic,0,0,1,0,0,0,0,0,0,0
41499,1,29.70,POOL_P2_157_01RL,White non-Hispanic,0,1,0,0,0,0,0,0,0,0
10208,2,65.71,POOL_P2_129_02RL,White non-Hispanic,0,1,0,0,0,0,0,0,0,0
30514,10,59.62,POOL_P2_126_10RL,White non-Hispanic,24.3,0,0,0,0,0,0,0,1,13.29
40831,5,40.17,POOL_P2_76_05RL,White non-Hispanic,0,0,1,0,0,0,0,0,0,0
40380,10,26.91,POOL_P2_127_10RL,White non-Hispanic,0,1,0,0,0,0,0,0,0,0
40833,12,59.84,POOL_P2_122_12RL,White non-Hispanic,34.1,0,0,0,0,0,0,0,1,13.53
30699,3,141.78,POOL_P2_59_03RL,White non-Hispanic,37.1,0,0,0,1,0,0,0,0,7.63
10191,11,53.86,POOL_P2_111_11RL,White non-Hispanic,41.7,0,0,1,1,0,0,0,0,4.72
20363,6,81.71,POOL_P2_146_06RL,White non-Hispanic,56.7,0,0,1,1,0,0,0,0,3.57
30693,11,105.78,POOL_P2_59_11RL,Black non-Hispanic,40.7,0,0,0,1,0,0,0,0,8.57
30692,7,26.65,POOL_P2_138_07RL,White non-Hispanic,28.3,0,0,1,1,0,0,0,0,6.72
10968,9,24.56,POOL_P2_116_09RL,Black non-Hispanic,31.7,0,0,1,1,0,0,1,1,20.92
40012,6,25.17,POOL_P2_91_06RL,White Hispanic,26.6,0,0,0,1,0,0,0,0,2.38
21083,3,50.54,POOL_P2_150_03RL,White non-Hispanic,45.7,0,0,0,1,1,1,0,0,2.2
40014,3,59.57,POOL_P2_86_03RL,White non-Hispanic,25.7,0,0,0,1,0,0,1,1,27.38
40014,3,47.24,POOL_P2_152_03RL,White non-Hispanic,25.7,0,0,0,1,0,0,1,1,27.38
41158,12,28.55,POOL_P2_104_12RL,White non-Hispanic,38.5,0,0,1,1,0,0,0,0,3.7
30454,5,26.05,POOL_P2_145_05RL,White non-Hispanic,28.5,0,0,0,1,0,0,0,0,5.61
10806,11,31.32,POOL_P2_108_11RL,Black non-Hispanic,34.7,0,0,0,1,0,0,0,0,1.75
30456,8,29.46,POOL_P2_134_08RL,White non-Hispanic,0,1,0,0,0,0,0,0,0,0
30101,8,71.36,POOL_P2_150_08RL,White non-Hispanic,29.3,0,0,0,1,0,0,0,0,10.66
21112,9,28.74,POOL_P2_108_09RL,White non-Hispanic,38.1,0,0,1,1,0,1,0,0,0.42
30677,11,25.89,POOL_P2_61_11RL,White non-Hispanic,32.4,0,0,1,1,0,0,0,0,3.13
30779,8,36.77,POOL_P2_157_08RL,White non-Hispanic,0,0,1,0,0,0,0,0,0,0
30673,4,27.72,POOL_P2_89_04RL,White non-Hispanic,24.6,0,0,1,1,0,0,0,0,4.98
21106,4,54.86,POOL_P2_144_04RL,White non-Hispanic,0,1,0,0,0,0,0,0,0,0
21109,5,24.22,POOL_P2_152_05RL,White non-Hispanic,28.4,0,0,0,0,0,0,1,1,22.89
21109,11,46.71,POOL_P2_158_11RL,White non-Hispanic,28.4,0,0,0,0,0,0,1,1,22.89
11040,5,32.96,POOL_P2_129_05RL,White non-Hispanic,0,1,0,0,0,0,0,0,0,0
30776,9,40.20,POOL_P2_107_09RL,White non-Hispanic,31.3,0,0,0,1,0,0,0,0,1.02
30777,9,37.97,POOL_P2_152_09RL,Black non-Hispanic,30.3,0,0,0,1,0,1,0,0,3.75
30840,3,94.80,POOL_P2_57_03RL,White non-Hispanic,36.3,0,0,0,1,0,0,0,0,1.41
30288,11,68.03,POOL_P2_66_11RL,White non-Hispanic,34.7,0,0,0,1,0,0,0,0,1.1
41725,4,22.54,POOL_P2_80_04RL,White non-Hispanic,30,0,0,0,1,0,0,0,0,6.41
30832,2,16.24,POOL_P2_70_02RL,White non-Hispanic,0,0,1,0,0,0,0,0,0,0
30284,10,13.70,POOL_P2_84_10RL,White non-Hispanic,0,0,1,0,0,0,0,0,0,0
30287,5,25.19,POOL_P2_69_05RL,White non-Hispanic,0,0,1,0,0,0,0,0,0,0
30281,6,111.95,POOL_P2_59_06RL,White non-Hispanic,28.7,0,0,1,1,0,0,0,0,3.1
30663,7,44.223,POOL_P2_166_07RL,White non-Hispanic,26.4,0,0,1,1,0,0,0,0,2.44
20214,9,50.18,POOL_P2_104_09RL,White non-Hispanic,0,1,0,0,0,0,0,0,0,0
20215,9,69.72,POOL_P2_129_09RL,White non-Hispanic,0,1,0,0,0,0,0,0,0,0
20219,7,7.50,POOL_P2_109_07RL,White Hispanic,0,1,0,0,0,0,0,0,0,0
40337,12,52.82,POOL_P2_72_12RL,White non-Hispanic,34.8,0,0,1,1,0,0,0,0,1.85
40844,4,41.50,POOL_P2_86_04RL,White non-Hispanic,0,1,0,0,0,0,0,0,0,0
40844,5,20.23,POOL_P2_168_05RL,White non-Hispanic,0,1,0,0,0,0,0,0,0,0
40840,7,46.42,POOL_P2_85_07RL,White non-Hispanic,0,0,1,0,0,0,0,0,0,0
30355,11,24.26,POOL_P2_70_11RL,White non-Hispanic,0,0,1,0,0,0,0,0,0,0
30608,9,35.77,POOL_P2_121_09RL,White non-Hispanic,28.2,0,0,0,0,0,0,1,1,15.47
40493,10,63.41,POOL_P2_125_10RL,White non-Hispanic,40.8,0,0,0,0,0,0,0,1,14.44
30702,6,33.65,POOL_P2_145_06RL,White non-Hispanic,40.7,0,0,1,1,0,0,0,0,7.92
10335,9,64.908,POOL_P2_172_09RL,White non-Hispanic,57.8,0,0,0,1,0,0,0,0,3.76
10338,5,19.09,POOL_P2_87_05RL,White non-Hispanic,0,1,0,0,0,0,0,0,0,0
10700,6,18.965,POOL_P2_159_06RL,White non-Hispanic,29.6,0,0,1,1,0,0,0,0,4.93
20748,5,17.58,POOL_P2_107_05RL,White non-Hispanic,48.7,0,0,0,1,0,0,0,0,6.45
20749,11,29.55,POOL_P2_144_11RL,White non-Hispanic,32.3,0,0,0,1,0,0,0,0,8.37
10139,6,62.67,POOL_P2_173_06RL,White non-Hispanic,0,0,1,0,0,0,0,0,0,0
40526,4,36.56,POOL_P2_128_04RL,White non-Hispanic,0,1,0,0,0,0,0,0,0,0
40448,3,69.394,POOL_P2_171_03RL,White non-Hispanic,0,1,0,0,0,0,0,0,0,0
40524,12,52.41,POOL_P2_105_12RL,White non-Hispanic,0,1,0,0,0,0,0,0,0,0
30636,10,30.29,POOL_P2_132_10RL,White non-Hispanic,0,1,0,0,0,0,0,0,0,0
40445,6,31.38,POOL_P2_105_06RL,White non-Hispanic,30.3,0,0,1,1,0,0,0,0,5.93
11003,10,56.401,POOL_P2_161_10RL,White non-Hispanic,0,0,1,0,0,0,0,0,0,0
11006,12,14.83,POOL_P2_94_12RL,White non-Hispanic,0,0,1,0,0,0,0,0,0,0
11005,5,18.10,POOL_P2_109_05RL,White non-Hispanic,28.6,0,0,1,1,0,0,0,0,4.81
13136,4,35.917,POOL_P2_168_04RL,Black non-Hispanic,28.8,0,0,0,0,0,0,0,1,12.22
30674,10,36.92,POOL_P2_131_10RL,White non-Hispanic,0,1,0,0,0,0,0,0,0,0
21194,2,39.75,POOL_P2_102_02RL,White non-Hispanic,38.9,0,0,1,1,0,0,0,0,0.23
30075,12,111.08,POOL_P2_58_12RL,White non-Hispanic,24.1,0,0,0,1,0,0,0,0,2.43
11123,10,28.15,POOL_P2_112_10RL,White non-Hispanic,0,0,1,0,0,0,0,0,0,0
20824,6,67.58,POOL_P2_56_06RL,White Hispanic,41.7,0,0,0,1,0,0,0,0,0
30078,3,26.51,POOL_P2_100_03RL,White non-Hispanic,0,0,1,0,0,0,0,0,0,0
10416,10,8.225,POOL_P2_162_10RL,White non-Hispanic,31.4,0,0,0,1,0,0,0,0,9.39
20489,10,65.447,POOL_P2_172_10RL,Black non-Hispanic,29.1,0,0,0,0,0,0,1,1,15.34
20523,3,37.14,POOL_P2_56_03RL,Black non-Hispanic,25.6,0,0,0,1,0,0,0,0,9.68
10145,2,24.99,POOL_P2_115_02RL,White non-Hispanic,35.2,0,0,0,1,0,0,0,0,6.74
41348,7,5.64,POOL_P2_75_07RL,White non-Hispanic,0,0,1,0,0,0,0,0,0,0
30853,10,49.63,POOL_P2_108_10RL,White non-Hispanic,32.4,0,0,0,1,0,0,0,0,7.45
20150,9,38.46,POOL_P2_105_09RL,White non-Hispanic,0,1,0,0,0,0,0,0,0,0
41345,5,9.95,POOL_P2_79_05RL,White non-Hispanic,0,0,1,0,0,0,0,0,0,0
20480,3,15.80,POOL_P2_138_03RL,White non-Hispanic,54.8,0,0,0,1,1,1,0,0,1.71
20667,6,54.74,POOL_P2_130_06RL,White non-Hispanic,0,1,0,0,0,0,0,0,0,0
41340,5,20.06,POOL_P2_126_05RL,White non-Hispanic,27.1,0,0,0,0,0,0,1,1,25.3
41340,6,12.52,POOL_P2_152_06RL,White non-Hispanic,27.1,0,0,0,0,0,0,1,1,25.3
10419,8,50.53,POOL_P2_92_08RL,Black non-Hispanic,31.3,0,0,1,1,0,0,0,0,6.81
41342,11,60.62,POOL_P2_123_11RL,White Hispanic,33,0,0,0,0,0,0,1,1,23.77
10387,11,60.85,POOL_P2_119_11RL,White non-Hispanic,34.3,0,0,0,0,0,0,0,1,12.84
10385,8,33.98,POOL_P2_122_08RL,White non-Hispanic,0,1,0,0,0,0,0,0,0,0
23249,9,77.03,POOL_P2_123_09RL,Black non-Hispanic,23.9,0,0,0,0,0,0,0,1,13.66
10029,5,29.68,POOL_P2_89_05RL,White non-Hispanic,34,0,0,0,1,0,0,0,0,2.42
20132,9,78.94,POOL_P2_144_09RL,White non-Hispanic,0,1,0,0,0,0,0,0,0,0
10790,11,17.73,POOL_P2_91_11RL,White non-Hispanic,0,1,0,0,0,0,0,0,0,0
10789,10,34.19,POOL_P2_157_10RL,Black non-Hispanic,41.8,0,0,0,1,0,0,0,0,0.68
21068,3,28.03,POOL_P2_132_03RL,White non-Hispanic,0,1,0,0,0,0,0,0,0,0
10388,8,41.51,POOL_P2_147_08RL,White non-Hispanic,34.1,0,0,1,1,0,0,0,0,2.36
10421,4,10.49,POOL_P2_114_04RL,White non-Hispanic,0,0,1,0,0,0,0,0,0,0
30973,11,48.98,POOL_P2_109_11RL,White non-Hispanic,0,1,0,0,0,0,0,0,0,0
30635,5,7.04,POOL_P2_136_05RL,White non-Hispanic,0,1,0,0,0,0,0,0,0,0
10933,12,76.997,POOL_P2_172_12RL,White non-Hispanic,43.7,0,0,0,1,0,0,0,0,4.3
20158,9,35.1,POOL_P2_140_09RL,White non-Hispanic,38.2,0,0,0,1,0,0,0,0,5.77
30306,3,49.80,POOL_P2_151_03RL,White non-Hispanic,30.7,0,0,0,1,1,1,0,0,3.28
41336,7,54.66,POOL_P2_133_07RL,White non-Hispanic,0,1,0,0,0,0,0,0,0,0
41513,5,15.98,POOL_P2_78_05RL,White non-Hispanic,0,0,1,0,0,0,0,0,0,0
40291,3,69.71,POOL_P2_173_03RL,White non-Hispanic,43.9,0,0,0,0,0,0,0,1,13.34
30482,2,36.48,POOL_P2_80_02RL,White non-Hispanic,0,0,1,0,0,0,0,0,0,0
30483,2,64.10,POOL_P2_72_02RL,White non-Hispanic,0,0,1,0,0,0,0,0,0,0
41691,7,34.03,POOL_P2_76_07RL,White non-Hispanic,34.7,0,0,0,1,0,0,0,0,2.06
41165,9,51.33,POOL_P2_103_09RL,White non-Hispanic,27.4,0,0,0,1,0,0,0,0,8.21
30487,1,58.70,POOL_P2_131_01RL,White non-Hispanic,0,1,0,0,0,0,0,0,0,0
41695,5,15.75,POOL_P2_85_05RL,White non-Hispanic,0,1,0,0,0,0,0,0,0,0
30485,9,85.33,POOL_P2_93_09RL,White non-Hispanic,27.9,0,0,1,1,0,0,0,0,5.24
20555,10,47.05,POOL_P2_119_10RL,White non-Hispanic,30.2,0,0,0,0,0,0,1,1,16.36
20006,8,54.34,POOL_P2_71_08RL,White non-Hispanic,0,0,1,0,0,0,0,0,0,0
20157,3,53.13,POOL_P2_130_03RL,White non-Hispanic,0,1,0,0,0,0,0,0,0,0
20419,3,21.41,POOL_P2_113_03RL,White non-Hispanic,0,1,0,0,0,0,0,0,0,0
10564,11,15.11,POOL_P2_149_11RL,White non-Hispanic,27.7,0,0,0,1,0,0,0,0,7.76
10569,2,74.33,POOL_P2_55_02RL,White non-Hispanic,29.1,0,0,0,1,0,0,0,0,2.96
40363,4,27.88,POOL_P2_71_04RL,White non-Hispanic,31.1,0,0,0,1,0,0,0,0,8.72
41194,4,21.82,POOL_P2_95_04RL,White non-Hispanic,26,0,0,1,1,0,0,0,0,3.94
10092,3,38.33,POOL_P2_156_03RL,Black non-Hispanic,29.8,0,0,1,1,0,0,0,0,1.22
30413,6,36.653,POOL_P2_169_06RL,White non-Hispanic,0,1,0,0,0,0,0,0,0,0
10843,1,62.39,POOL_P2_123_01RL,White non-Hispanic,0,0,1,0,0,0,0,0,0,0
30414,7,54.50,POOL_P2_70_07RL,White non-Hispanic,0,0,1,0,0,0,0,0,0,0
30417,11,38.19,POOL_P2_99_11RL,White non-Hispanic,0,1,0,0,0,0,0,0,0,0
41193,6,9.23,POOL_P2_127_06RL,White non-Hispanic,0,1,0,0,0,0,0,0,0,0
13059,5,28.61,POOL_P2_125_05RL,White non-Hispanic,40.3,0,0,0,0,0,1,0,0,2.83
13116,1,51.28,POOL_P2_155_01RL,Black non-Hispanic,36.4,0,0,0,0,0,0,1,1,24.51
40116,11,74.53,POOL_P2_157_11RL,White non-Hispanic,35.2,0,0,0,0,0,0,1,1,23.49
41585,1,59.05,POOL_P2_80_01RL,White non-Hispanic,0,0,1,0,0,0,0,0,0,0
41584,6,38.72,POOL_P2_154_06RL,White non-Hispanic,0,1,0,0,0,0,0,0,0,0
41179,9,32.40,POOL_P2_122_09RL,White non-Hispanic,32.5,0,0,0,0,0,0,0,1,12.32
41429,12,53.03,POOL_P2_158_12RL,White non-Hispanic,0,1,0,0,0,0,0,0,0,0
21026,9,93.316,POOL_P2_166_09RL,White non-Hispanic,46.7,0,0,0,0,0,0,0,1,12.23
30323,2,27.35,POOL_P2_99_02RL,White non-Hispanic,0,0,1,0,0,0,0,0,0,0
10196,2,29.04,POOL_P2_149_02RL,White non-Hispanic,44.7,0,0,1,1,0,0,0,0,6.19
21029,6,59.76,POOL_P2_67_06RL,White non-Hispanic,38.1,0,0,1,1,0,0,0,0,4.9
40360,2,40.22,POOL_P2_75_02RL,White non-Hispanic,30.2,0,0,0,1,0,0,0,0,1.33
40362,3,34.23,POOL_P2_60_03RL,White non-Hispanic,43.3,0,0,0,1,0,0,0,0,7.04
30324,12,22.30,POOL_P2_91_12RL,White non-Hispanic,24.9,0,0,1,1,0,0,0,0,2.85
41565,10,56.25,POOL_P2_86_10RL,White non-Hispanic,0,0,1,0,0,0,0,0,0,0
41565,6,30.707,POOL_P2_165_06RL,White non-Hispanic,0,0,1,0,0,0,0,0,0,0
10993,11,64.221,POOL_P2_166_11RL,Black non-Hispanic,33.3,0,0,0,0,0,0,1,1,25.6
41566,10,68.59,POOL_P2_65_10RL,White non-Hispanic,38.9,0,0,0,1,0,0,0,0,4.65
41609,7,84.00,POOL_P2_66_07RL,White non-Hispanic,0,0,1,0,0,0,0,0,0,0
30194,10,72.50,POOL_P2_136_10RL,White non-Hispanic,40.4,0,0,0,1,0,0,0,0,2.68
30158,6,12.215,POOL_P2_170_06RL,White non-Hispanic,0,1,0,0,0,0,0,0,0,0
41569,1,29.64,POOL_P2_109_01RL,White non-Hispanic,0,1,0,0,0,0,0,0,0,0
41602,2,26.98,POOL_P2_86_02RL,White non-Hispanic,42.1,0,0,0,1,0,0,0,0,4.25
41602,7,21.542,POOL_P2_167_07RL,White non-Hispanic,42.1,0,0,0,1,0,0,0,0,4.25
41651,10,8.15,POOL_P2_78_10RL,White non-Hispanic,0,0,1,0,0,0,0,0,0,0
20318,7,33.98,POOL_P2_103_07RL,White non-Hispanic,42.2,0,0,0,1,0,0,0,0,2.38
30155,2,32.41,POOL_P2_126_02RL,White non-Hispanic,48.1,0,0,0,0,0,1,0,0,4.78
30528,4,57.45,POOL_P2_135_04RL,White non-Hispanic,0,1,0,0,0,0,0,0,0,0
30528,9,6.75,POOL_P2_138_09RL,White non-Hispanic,0,1,0,0,0,0,0,0,0,0
30153,3,12.95,POOL_P2_127_03RL,White non-Hispanic,0,1,0,0,0,0,0,0,0,0
30524,8,39.17,POOL_P2_132_08RL,White non-Hispanic,0,1,0,0,0,0,0,0,0,0
40749,5,23.37,POOL_P2_75_05RL,White non-Hispanic,0,0,1,0,0,0,0,0,0,0
10839,2,75.94,POOL_P2_170_02RL,White non-Hispanic,30.5,0,0,0,0,0,0,0,1,12.16
40807,3,22.67,POOL_P2_148_03RL,White non-Hispanic,20.4,0,0,1,1,0,0,0,0,2.87
30201,8,38.00,POOL_P2_133_08RL,White non-Hispanic,0,1,0,0,0,0,0,0,0,0
41653,3,38.594,POOL_P2_162_03RL,White Hispanic,34.7,0,0,0,0,0,0,1,1,19.19
30744,11,28.22,POOL_P2_134_11RL,White non-Hispanic,0,1,0,0,0,0,0,0,0,0
23058,9,43.02,POOL_P2_118_09RL,Black non-Hispanic,33,0,0,0,0,0,0,1,1,17.74
30024,11,84.71,POOL_P2_57_11RL,White non-Hispanic,53.6,0,0,1,1,0,0,0,0,2.62
30026,10,11.39,POOL_P2_68_10RL,White non-Hispanic,0,0,1,0,0,0,0,0,0,0
10902,9,7.92,POOL_P2_154_09RL,White non-Hispanic,33.9,0,0,0,0,0,0,1,1,21.23
10902,9,87.88,POOL_P2_158_09RL,White non-Hispanic,33.9,0,0,0,0,0,0,1,1,21.23
30020,5,45.568,POOL_P2_170_05RL,White non-Hispanic,31.3,0,0,0,0,0,0,0,1,13.75
30021,3,5.07,POOL_P2_115_03RL,White non-Hispanic,0,0,1,0,0,0,0,0,0,0
30022,8,29.15,POOL_P2_135_08RL,White non-Hispanic,0,1,0,0,0,0,0,0,0,0
41128,5,81.69,POOL_P2_155_05RL,White non-Hispanic,50,0,0,0,1,0,0,0,0,0.26
40643,6,21.97,POOL_P2_82_06RL,White non-Hispanic,0,0,1,0,0,0,0,0,0,0
21093,8,39.01,POOL_P2_108_08RL,White non-Hispanic,28,0,0,1,1,0,0,0,0,4.56
40646,12,69.70,POOL_P2_137_12RL,White non-Hispanic,36.9,0,0,0,1,0,0,0,0,5.52
21090,7,10.45,POOL_P2_99_07RL,White non-Hispanic,22.4,0,0,0,1,0,0,0,0,4.89
40562,12,23.09,POOL_P2_144_12RL,White non-Hispanic,33.4,0,0,1,1,0,0,0,0,3.2
30107,8,58.605,POOL_P2_166_08RL,White non-Hispanic,0,1,0,0,0,0,0,0,0,0
41634,3,34.622,POOL_P2_168_03RL,White non-Hispanic,0,0,1,0,0,0,0,0,0,0
20167,7,34.98,POOL_P2_127_07RL,White non-Hispanic,0,1,0,0,0,0,0,0,0,0
11049,4,11.71,POOL_P2_96_04RL,White non-Hispanic,0,0,1,0,0,0,0,0,0,0
20316,3,6.15,POOL_P2_119_03RL,White non-Hispanic,36,0,0,0,0,0,0,1,1,19.11
40745,8,78.404,POOL_P2_168_08RL,White non-Hispanic,0,0,1,0,0,0,0,0,0,0
11164,4,26.77,POOL_P2_118_04RL,White non-Hispanic,31.2,0,0,0,0,0,0,0,1,12.17
11165,3,31.87,POOL_P2_88_03RL,Black non-Hispanic,21.6,0,0,1,1,0,0,0,0,4.71
10736,8,11.72,POOL_P2_155_08RL,White non-Hispanic,0,0,1,0,0,0,0,0,0,0
40246,8,65.902,POOL_P2_167_08RL,White non-Hispanic,28.2,0,0,0,0,0,0,0,1,13.09
30735,3,17.39,POOL_P2_97_03RL,White non-Hispanic,35.3,0,0,1,1,0,0,0,0,1.96
20330,12,68.532,POOL_P2_165_12RL,White Hispanic,35.2,0,0,0,0,0,0,1,1,25.93
40249,7,65.16,POOL_P2_58_07RL,White non-Hispanic,34.9,0,0,0,1,0,0,0,0,1.67
20768,12,50.46,POOL_P2_140_12RL,White non-Hispanic,30.7,0,0,0,1,0,0,0,0,4.66
41266,1,50.74,POOL_P2_153_01RL,White non-Hispanic,34.6,0,0,0,0,0,0,1,1,27.54
41266,5,32.45,POOL_P2_158_05RL,White non-Hispanic,34.6,0,0,0,0,0,0,1,1,27.54
20176,2,23.79,POOL_P2_121_02RL,White non-Hispanic,43.9,0,0,0,0,0,0,1,1,24.02
20175,10,93.95,POOL_P2_138_10RL,White non-Hispanic,38,0,0,1,1,0,0,0,0,10.37
41265,10,46.42,POOL_P2_96_10RL,White non-Hispanic,22.7,0,0,0,1,0,0,0,0,3.85
20678,8,33.66,POOL_P2_138_08RL,White non-Hispanic,23.5,0,0,1,1,0,0,0,0,0.28
20170,2,91.38,POOL_P2_174_02RL,White non-Hispanic,0,1,0,0,0,0,0,0,0,0
20779,12,59.65,POOL_P2_100_12RL,White non-Hispanic,33.6,0,0,0,1,0,0,0,0,5.74
40411,2,16.54,POOL_P2_92_02RL,White non-Hispanic,0,0,1,0,0,0,0,0,0,0
40411,9,37.64,POOL_P2_106_09RL,White non-Hispanic,0,0,1,0,0,0,0,0,0,0
10343,6,6.23,POOL_P2_60_06RL,White non-Hispanic,42.6,0,0,0,1,0,0,0,0,7.52
20777,11,72.34,POOL_P2_65_11RL,White non-Hispanic,44,0,0,1,1,0,0,1,1,16.66
10340,1,36.59,POOL_P2_101_01RL,White non-Hispanic,0,0,1,0,0,0,0,0,0,0
20771,3,78.84,POOL_P2_140_03RL,White non-Hispanic,0,1,0,0,0,0,0,0,0,0
40418,2,70.425,POOL_P2_171_02RL,White non-Hispanic,28.3,0,0,0,0,0,0,0,1,13.3
40419,10,95.84,POOL_P2_62_10RL,White Hispanic,34.6,0,0,1,1,0,1,0,0,3.85
40967,7,63.47,POOL_P2_175_07RL,White Hispanic,35.7,0,0,0,1,0,0,0,0,2.66
30932,10,49.43,POOL_P2_118_10RL,White non-Hispanic,35.8,0,0,0,0,0,0,1,1,17.56
30933,5,74.52,POOL_P2_58_05RL,White non-Hispanic,24.3,0,0,0,1,0,0,0,0,4.23
41500,8,10.68,POOL_P2_127_08RL,White Hispanic,0,1,0,0,0,0,0,0,0,0
30935,9,53.48,POOL_P2_76_09RL,White non-Hispanic,0,0,1,0,0,0,0,0,0,0
31042,12,41.66,POOL_P2_110_12RL,White non-Hispanic,0,0,1,0,0,0,0,0,0,0
10662,3,72.39,POOL_P2_55_03RL,White non-Hispanic,36.3,0,0,0,1,0,1,0,0,4
23124,8,71.246,POOL_P2_160_08RL,Black non-Hispanic,30.2,0,0,0,0,0,0,1,1,15.41
10241,11,92.82,POOL_P2_173_11RL,White non-Hispanic,0,0,1,0,0,0,0,0,0,0
10669,2,16.90,POOL_P2_112_02RL,White Hispanic,32.4,0,0,0,1,0,0,0,0,1.89
10741,6,36.66,POOL_P2_167_06RL,White non-Hispanic,0,0,1,0,0,0,0,0,0,0
41382,5,35.597,POOL_P2_166_05RL,White non-Hispanic,0,0,1,0,0,0,0,0,0,0
20906,9,76.37,POOL_P2_57_09RL,White non-Hispanic,19.3,0,0,0,1,1,1,0,0,2.05
10526,1,42.71,POOL_P2_95_01RL,White non-Hispanic,39.8,0,0,1,1,0,0,1,1,27.32
10304,7,29.06,POOL_P2_97_07RL,White non-Hispanic,32,0,0,0,1,0,0,0,0,3.23
10767,4,41.82,POOL_P2_152_04RL,White non-Hispanic,0,1,0,0,0,0,0,0,0,0
30515,3,32.80,POOL_P2_137_03RL,White non-Hispanic,36.5,0,0,1,1,0,0,0,0,4.66
41414,3,82.80,POOL_P2_68_03RL,White non-Hispanic,42.8,0,0,1,1,0,0,0,0,2.9
41416,10,82.89,POOL_P2_156_10RL,White non-Hispanic,26.5,0,0,1,1,0,1,0,0,2.18
41411,12,47.51,POOL_P2_85_12RL,White non-Hispanic,32,0,0,0,1,0,0,0,0,11.37
30018,6,26.59,POOL_P2_117_06RL,White non-Hispanic,33.3,0,0,1,1,0,0,0,0,0.58
20519,7,35.93,POOL_P2_105_07RL,White non-Hispanic,0,0,1,0,0,0,0,0,0,0
41398,3,22.327,POOL_P2_163_03RL,White non-Hispanic,0,0,1,0,0,0,0,0,0,0
10444,3,22.37,POOL_P2_87_03RL,White non-Hispanic,35.9,0,0,1,1,0,0,0,0,2.68
10446,10,82.30,POOL_P2_176_10RL,White non-Hispanic,33.6,0,0,0,1,0,0,1,1,17.19
41395,7,73.38,POOL_P2_173_07RL,White non-Hispanic,44.1,0,0,0,1,0,0,0,0,4
13098,7,8.97,POOL_P2_125_07RL,White non-Hispanic,26.5,0,0,0,0,0,0,1,1,18.49
20680,11,75.57,POOL_P2_75_11RL,White non-Hispanic,0,0,1,0,0,0,0,0,0,0
30698,8,39.06,POOL_P2_118_08RL,White non-Hispanic,30.1,0,0,1,1,0,0,0,0,2.17
13091,2,27.711,POOL_P2_164_02RL,White non-Hispanic,25.2,0,0,0,0,0,0,1,1,18.62
41301,6,39.85,POOL_P2_166_06RL,White Hispanic,0,1,0,0,0,0,0,0,0,0
20362,12,37.90,POOL_P2_113_12RL,White non-Hispanic,30.1,0,0,0,1,0,0,0,0,8.39
41302,7,51.43,POOL_P2_71_07RL,White non-Hispanic,0,0,1,0,0,0,0,0,0,0
41305,7,52.74,POOL_P2_65_07RL,White non-Hispanic,39.5,0,0,0,1,1,1,0,0,2.34
10595,5,44.816,POOL_P2_169_05RL,White non-Hispanic,0,0,1,0,0,0,0,0,0,0
30074,8,8.79,POOL_P2_117_08RL,White non-Hispanic,0,1,0,0,0,0,0,0,0,0
40738,2,26.04,POOL_P2_148_02RL,White non-Hispanic,30.9,0,0,1,1,0,0,0,0,3.46
41522,9,38.11,POOL_P2_128_09RL,White non-Hispanic,0,1,0,0,0,0,0,0,0,0
41130,1,17.85,POOL_P2_85_01RL,White non-Hispanic,0,0,1,0,0,0,0,0,0,0
40732,2,23.59,POOL_P2_108_02RL,White non-Hispanic,0,1,0,0,0,0,0,0,0,0
30382,7,122.97,POOL_P2_59_07RL,White non-Hispanic,39.8,0,0,0,1,0,0,0,0,0.28
30162,4,24.03,POOL_P2_110_04RL,White non-Hispanic,0,1,0,0,0,0,0,0,0,0
41484,3,83.82,POOL_P2_79_03RL,White non-Hispanic,0,0,1,0,0,0,0,0,0,0
20421,9,58.292,POOL_P2_162_09RL,White non-Hispanic,34,0,0,1,1,0,0,0,0,8.27
20420,12,77.90,POOL_P2_55_12RL,White non-Hispanic,40.3,0,0,0,1,0,0,0,0,1.81
41521,12,45.39,POOL_P2_99_12RL,White non-Hispanic,39.2,0,0,1,1,0,1,0,0,6.81
10239,12,58.77,POOL_P2_111_12RL,White non-Hispanic,0,1,0,0,0,0,0,0,0,0
10238,12,73.09,POOL_P2_124_12RL,White non-Hispanic,25.2,0,0,0,0,0,0,1,1,15.94
41526,7,30.12,POOL_P2_114_07RL,White non-Hispanic,0,0,1,0,0,0,0,0,0,0
20197,9,50.39,POOL_P2_120_09RL,White non-Hispanic,34,0,0,0,0,0,0,1,1,23
30562,1,25.30,POOL_P2_97_01RL,White non-Hispanic,22.5,0,0,1,1,0,0,0,0,8.04
20193,11,41.21,POOL_P2_76_11RL,White non-Hispanic,0,0,1,0,0,0,0,0,0,0
20042,6,38.26,POOL_P2_141_06RL,White non-Hispanic,31.6,0,0,0,1,0,1,0,0,5.05
20057,7,66.15,POOL_P2_144_07RL,White Hispanic,25.7,0,0,0,1,0,0,0,0,1.82
20199,6,20.58,POOL_P2_123_06RL,White non-Hispanic,48.7,0,0,0,0,0,1,0,0,2.35
30686,12,72.51,POOL_P2_61_12RL,White non-Hispanic,28.1,0,0,0,1,0,0,0,0,3.79
20053,5,13.35,POOL_P2_97_05RL,White non-Hispanic,0,0,1,0,0,0,0,0,0,0
40145,2,72.59,POOL_P2_73_02RL,White non-Hispanic,0,0,1,0,0,0,0,0,0,0
40141,1,43.04,POOL_P2_113_01RL,White non-Hispanic,0,0,1,0,0,0,0,0,0,0
30448,9,43.08,POOL_P2_133_09RL,White non-Hispanic,0,1,0,0,0,0,0,0,0,0
30444,2,36.13,POOL_P2_123_02RL,Black non-Hispanic,0,0,1,0,0,0,0,0,0,0
30445,1,69.332,POOL_P2_168_01RL,White non-Hispanic,0,0,1,0,0,0,0,0,0,0
30442,7,38.279,POOL_P2_160_07RL,White non-Hispanic,0,1,0,0,0,0,0,0,0,0
10874,6,9.41,POOL_P2_92_06RL,White non-Hispanic,0,1,0,0,0,0,0,0,0,0
40355,8,39.32,POOL_P2_74_08RL,White non-Hispanic,0,1,0,0,0,0,0,0,0,0
40605,3,19.83,POOL_P2_91_03RL,White non-Hispanic,33.4,0,0,0,1,0,1,0,0,4.27
30841,12,59.09,POOL_P2_120_12RL,Black non-Hispanic,35.1,0,0,0,0,0,0,0,1,14.16
40351,7,32.71,POOL_P2_120_07RL,White non-Hispanic,38.7,0,0,0,0,0,0,0,1,12.04
30847,3,32.27,POOL_P2_106_03RL,White non-Hispanic,0,0,1,0,0,0,0,0,0,0
30847,3,32.27,POOL_P2_158_03RL,White non-Hispanic,0,0,1,0,0,0,0,0,0,0
21115,6,22.18,POOL_P2_157_06RL,White non-Hispanic,0,1,0,0,0,0,0,0,0,0
40214,5,30.84,POOL_P2_104_05RL,White non-Hispanic,0,1,0,0,0,0,0,0,0,0
20632,3,84.85,POOL_P2_139_03RL,White non-Hispanic,0,1,0,0,0,0,0,0,0,0
40217,6,83.76,POOL_P2_58_06RL,White non-Hispanic,32.8,0,0,0,1,0,0,0,0,5.74
20038,11,39.543,POOL_P2_162_11RL,Black non-Hispanic,24.5,0,0,0,0,0,0,1,1,15.71
41635,6,30.62,POOL_P2_153_06RL,White non-Hispanic,0,0,1,0,0,0,0,0,0,0
41829,12,35.67,POOL_P2_79_12RL,White non-Hispanic,38.2,0,0,1,1,0,0,0,0,5.51
11088,8,77.76,POOL_P2_55_08RL,Black non-Hispanic,28.8,0,0,1,1,0,0,0,0,7.23
41734,11,74.459,POOL_P2_160_11RL,White Hispanic,40.2,0,0,0,0,0,0,0,1,12.74
41823,12,35.94,POOL_P2_135_12RL,White Hispanic,0,1,0,0,0,0,0,0,0,0
11086,7,19.51,POOL_P2_55_07RL,White non-Hispanic,27,0,0,1,1,0,1,0,0,3.17
11085,2,26.83,POOL_P2_113_02RL,Black non-Hispanic,0,0,1,0,0,0,0,0,0,0
10851,1,51.80,POOL_P2_122_01RL,White non-Hispanic,29.4,0,0,0,0,0,0,1,1,19.32
20224,9,73.65,POOL_P2_124_09RL,White non-Hispanic,23.7,0,0,0,0,0,0,0,1,12.21
40890,3,17.80,POOL_P2_170_03RL,White Hispanic,43,0,0,0,0,0,0,1,1,16.98
30397,4,32.18,POOL_P2_176_04RL,White non-Hispanic,0,0,1,0,0,0,0,0,0,0
20736,12,111.91,POOL_P2_156_12RL,White Hispanic,31,0,0,1,1,0,0,0,0,0.71
20032,5,59.7,POOL_P2_141_05RL,White non-Hispanic,39,0,0,0,1,0,1,0,0,1.83
10907,4,7.61,POOL_P2_131_04RL,White non-Hispanic,0,1,0,0,0,0,0,0,0,0
20479,11,15.07,POOL_P2_154_11RL,White non-Hispanic,30.7,0,0,0,0,0,0,1,1,15.22
40324,4,19.31,POOL_P2_121_04RL,White non-Hispanic,28.8,0,0,0,0,0,0,0,1,14.74
40853,4,96.55,POOL_P2_74_04RL,White non-Hispanic,0,0,1,0,0,0,0,0,0,0
40327,11,73.50,POOL_P2_72_11RL,White Hispanic,36.1,0,0,1,1,0,0,0,0,4.87
30366,11,9.81,POOL_P2_94_11RL,White non-Hispanic,0,1,0,0,0,0,0,0,0,0
40286,8,58.15,POOL_P2_58_08RL,White non-Hispanic,30,0,0,1,1,0,0,0,0,2.21
40578,7,33.79,POOL_P2_154_07RL,White non-Hispanic,0,0,1,0,0,0,0,0,0,0
20734,9,63.56,POOL_P2_71_09RL,White non-Hispanic,0,0,1,0,0,0,0,0,0,0
30999,8,64.71,POOL_P2_126_08RL,White non-Hispanic,29.4,0,0,1,0,0,1,0,0,1.47
31016,4,23.89,POOL_P2_122_04RL,White non-Hispanic,25.5,0,0,0,0,0,0,0,1,13.5
30468,7,16.99,POOL_P2_128_07RL,White non-Hispanic,0,1,0,0,0,0,0,0,0,0
10657,2,40.09,POOL_P2_118_02RL,Black non-Hispanic,0,0,1,0,0,0,0,0,0,0
21159,1,33.24,POOL_P2_98_01RL,White non-Hispanic,0,0,1,0,0,0,0,0,0,0
30019,11,41.37,POOL_P2_73_11RL,White non-Hispanic,0,0,1,0,0,0,0,0,0,0
10302,8,38.69,POOL_P2_95_08RL,White non-Hispanic,44.9,0,0,0,1,0,0,0,0,5.26
20637,1,106.60,POOL_P2_74_01RL,White non-Hispanic,0,0,1,0,0,0,0,0,0,0
30383,6,16.819,POOL_P2_164_06RL,White non-Hispanic,0,0,1,0,0,0,0,0,0,0
40514,5,9.63,POOL_P2_86_05RL,White non-Hispanic,0,1,0,0,0,0,0,0,0,0
40514,1,42.045,POOL_P2_160_01RL,White non-Hispanic,0,1,0,0,0,0,0,0,0,0
11185,8,37.10,POOL_P2_109_08RL,American Indian or Alaskan Native,0,0,1,0,0,0,0,0,0,0
40457,10,37.30,POOL_P2_81_10RL,White non-Hispanic,0,1,0,0,0,0,0,0,0,0
40561,3,34.43,POOL_P2_134_03RL,White Hispanic,0,1,0,0,0,0,0,0,0,0
11150,10,26.44,POOL_P2_92_10RL,White non-Hispanic,0,0,1,0,0,0,0,0,0,0
11153,7,9.529,POOL_P2_165_07RL,White non-Hispanic,0,0,1,0,0,0,0,0,0,0
41857,8,38.84,POOL_P2_79_08RL,White non-Hispanic,0,0,1,0,0,0,0,0,0,0
11013,6,69.93,POOL_P2_55_06RL,White non-Hispanic,38.6,0,0,0,1,0,0,0,0,5.11
41406,8,44.97,POOL_P2_93_08RL,Asian or Pacific Islander,29,0,0,0,1,0,1,0,0,0.26
20830,7,20.14,POOL_P2_111_07RL,White non-Hispanic,0,1,0,0,0,0,0,0,0,0
20837,12,103.28,POOL_P2_75_12RL,White non-Hispanic,32.9,0,0,0,1,0,0,0,1,12.31
30068,6,22.46,POOL_P2_122_06RL,White non-Hispanic,31.2,0,0,0,0,0,0,0,1,12.66
30069,11,97.47,POOL_P2_176_11RL,White non-Hispanic,35,0,0,0,1,0,0,0,0,7.11
20839,5,13.43,POOL_P2_118_05RL,White non-Hispanic,28.6,0,0,1,1,0,0,0,0,5.4
40209,8,74.48,POOL_P2_115_08RL,White non-Hispanic,0,0,1,0,0,0,0,0,0,0
10401,9,37.28,POOL_P2_148_09RL,White non-Hispanic,26.1,0,0,1,1,0,0,0,0,4.69
10403,10,36.77,POOL_P2_148_10RL,White non-Hispanic,48.2,0,0,1,1,0,0,0,0,1.62
41293,10,71.33,POOL_P2_130_10RL,White non-Hispanic,0,1,0,0,0,0,0,0,0,0
20089,8,88.15,POOL_P2_139_08RL,White non-Hispanic,36.3,0,0,0,1,1,1,0,0,2.34
20123,6,25.12,POOL_P2_102_06RL,White non-Hispanic,0,1,0,0,0,0,0,0,0,0
20087,1,39.02,POOL_P2_107_01RL,White non-Hispanic,0,1,0,0,0,0,0,0,0,0
20086,6,7.15,POOL_P2_111_06RL,White non-Hispanic,36.3,0,0,0,1,0,0,1,1,16.52
30995,9,60.74,POOL_P2_145_09RL,Black non-Hispanic,31.1,0,0,0,1,0,1,0,0,1.74
10478,12,73.38,POOL_P2_130_12RL,White non-Hispanic,0,1,0,0,0,0,0,0,0,0
10396,1,27.31,POOL_P2_96_01RL,White non-Hispanic,24.2,0,0,1,1,0,0,0,0,5.33
10398,7,27.67,POOL_P2_87_07RL,White non-Hispanic,0,0,1,0,0,0,0,0,0,0
33165,7,40.42,POOL_P2_161_07RL,White non-Hispanic,28.1,0,0,0,0,0,1,0,0,2.81
41221,3,11.54,POOL_P2_78_03RL,White non-Hispanic,47.1,0,0,0,1,0,0,0,0,4.79
10274,7,5.79,POOL_P2_117_07RL,White non-Hispanic,0,0,1,0,0,0,0,0,0,0
10273,3,8.75,POOL_P2_114_03RL,White non-Hispanic,42.7,0,0,1,1,0,0,1,1,19.61
41076,5,35.92,POOL_P2_98_05RL,White non-Hispanic,0,1,0,0,0,0,0,0,0,0
40201,7,44.53,POOL_P2_104_07RL,White non-Hispanic,55.3,0,0,0,1,0,0,0,0,5.11
40175,7,99.14,POOL_P2_101_07RL,White non-Hispanic,37.3,0,0,1,1,0,0,0,0,3.6
41078,3,30.47,POOL_P2_121_03RL,White non-Hispanic,23.4,0,0,0,0,0,0,0,1,12.29
40880,7,40.74,POOL_P2_84_07RL,White non-Hispanic,0,0,1,0,0,0,0,0,0,0
30827,7,60.056,POOL_P2_172_07RL,White non-Hispanic,42.2,0,0,1,1,0,1,0,0,3.43
10476,7,13.73,POOL_P2_68_07RL,White non-Hispanic,39,0,0,0,1,0,0,0,0,5.31
10471,3,6.62,POOL_P2_96_03RL,White non-Hispanic,0,1,0,0,0,0,0,0,0,0
20543,1,26.49,POOL_P2_108_01RL,White non-Hispanic,50.8,0,0,0,1,1,1,0,0,1.22
10473,5,9.21,POOL_P2_90_05RL,White non-Hispanic,29.9,0,0,1,1,0,0,0,0,2.84
40886,8,41.93,POOL_P2_106_08RL,White non-Hispanic,0,0,1,0,0,0,0,0,0,0
20393,8,106.05,POOL_P2_116_08RL,White non-Hispanic,27.8,0,0,1,1,0,0,0,0,10.43
20019,6,33.80,POOL_P2_129_06RL,Black non-Hispanic,0,1,0,0,0,0,0,0,0,0
20462,3,12.36,POOL_P2_112_03RL,White non-Hispanic,0,1,0,0,0,0,0,0,0,0
10570,8,47.77,POOL_P2_68_08RL,White non-Hispanic,0,0,1,0,0,0,0,0,0,0
10121,10,12.54,POOL_P2_94_10RL,White non-Hispanic,0,1,0,0,0,0,0,0,0,0
10572,2,17.53,POOL_P2_90_02RL,White non-Hispanic,0,0,1,0,0,0,0,0,0,0
41442,4,18.44,POOL_P2_133_04RL,White non-Hispanic,0,1,0,0,0,0,0,0,0,0
41834,8,28.55,POOL_P2_105_08RL,White non-Hispanic,0,1,0,0,0,0,0,0,0,0
10088,7,23.37,POOL_P2_91_07RL,White non-Hispanic,31.5,0,0,0,1,0,0,0,0,8.75
30405,4,31.10,POOL_P2_151_04RL,White non-Hispanic,56.1,0,0,1,1,0,0,0,0,4.04
30409,8,10.39,POOL_P2_98_08RL,White non-Hispanic,0,1,0,0,0,0,0,0,0,0
10081,9,28.83,POOL_P2_114_09RL,White non-Hispanic,0,1,0,0,0,0,0,0,0,0
20507,12,31.667,POOL_P2_164_12RL,White non-Hispanic,30.8,0,0,0,0,0,0,0,1,12.01
41451,12,54.40,POOL_P2_126_12RL,White non-Hispanic,32.7,0,0,0,0,0,0,0,1,12.41
40109,8,46.73,POOL_P2_114_08RL,White non-Hispanic,0,1,0,0,0,0,0,0,0,0
41452,11,90.11,POOL_P2_139_11RL,White non-Hispanic,42.6,0,0,1,1,0,0,0,0,3.55
20492,2,66.60,POOL_P2_56_02RL,White non-Hispanic,29.5,0,0,0,1,0,0,0,0,8.29
30645,1,29.58,POOL_P2_70_01RL,White non-Hispanic,0,0,1,0,0,0,0,0,0,0
41459,2,59.29,POOL_P2_78_02RL,White non-Hispanic,49.5,0,0,0,1,0,0,0,0,2.71
41593,7,10.80,POOL_P2_83_07RL,White Hispanic,0,1,0,0,0,0,0,0,0,0
20498,8,96.79,POOL_P2_146_08RL,White non-Hispanic,36,0,0,0,1,0,0,0,0,2.6
40270,8,45.67,POOL_P2_81_08RL,White non-Hispanic,0,1,0,0,0,0,0,0,0,0
41596,8,29.68,POOL_P2_78_08RL,White non-Hispanic,0,0,1,0,0,0,0,0,0,0
30580,2,19.12,POOL_P2_97_02RL,White non-Hispanic,0,1,0,0,0,0,0,0,0,0
30239,5,104.49,POOL_P2_59_05RL,White non-Hispanic,36.9,0,0,0,1,0,0,0,0,1.06
21018,2,44.082,POOL_P2_165_02RL,White non-Hispanic,26.5,0,0,0,0,0,0,0,1,13.63
30235,11,86.30,POOL_P2_138_11RL,White non-Hispanic,48.3,0,0,0,1,0,0,0,0,1.05
21015,3,31.41,POOL_P2_124_03RL,White non-Hispanic,32.1,0,0,0,0,0,0,0,1,14.24
40315,1,74.392,POOL_P2_171_01RL,White non-Hispanic,25.6,0,0,0,0,0,0,0,1,14.02
30230,8,37.25,POOL_P2_120_08RL,White non-Hispanic,26.7,0,0,0,0,0,0,1,1,20.72
30233,9,20.96,POOL_P2_69_09RL,White non-Hispanic,0,0,1,0,0,0,0,0,0,0
40088,6,18.07,POOL_P2_103_06RL,White non-Hispanic,0,1,0,0,0,0,0,0,0,0
41574,11,95.08,POOL_P2_81_11RL,White non-Hispanic,0,0,1,0,0,0,0,0,0,0
30310,12,74.60,POOL_P2_155_12RL,White non-Hispanic,39,0,0,0,1,0,0,0,0,4.27
41670,12,41.46,POOL_P2_103_12RL,White non-Hispanic,0,0,1,0,0,0,0,0,0,0
41673,11,80.10,POOL_P2_67_11RL,White non-Hispanic,32.5,0,0,0,1,0,0,0,0,4.16
40082,8,84.36,POOL_P2_85_08RL,White non-Hispanic,0,1,0,0,0,0,0,0,0,0
41676,3,39.09,POOL_P2_80_03RL,White non-Hispanic,0,1,0,0,0,0,0,0,0,0
20066,2,65.90,POOL_P2_136_02RL,White non-Hispanic,36.2,0,0,1,1,0,0,0,0,3.34
20060,5,73.76,POOL_P2_130_05RL,White non-Hispanic,0,1,0,0,0,0,0,0,0,0
20305,4,61.30,POOL_P2_136_04RL,White non-Hispanic,28.4,0,0,0,1,0,0,0,1,13.42
20306,7,29.89,POOL_P2_153_07RL,White Hispanic,0,1,0,0,0,0,0,0,0,0
20068,10,47.11,POOL_P2_124_10RL,White non-Hispanic,27,0,0,0,0,0,0,0,1,12.63
10949,9,69.987,POOL_P2_160_09RL,White non-Hispanic,28,0,0,0,1,0,0,0,0,5.2
41687,12,38.00,POOL_P2_101_12RL,White non-Hispanic,33.1,0,0,0,1,0,0,0,0,2.94
30125,2,30.50,POOL_P2_69_02RL,White non-Hispanic,0,0,1,0,0,0,0,0,0,0
30124,2,98.43,POOL_P2_58_02RL,White non-Hispanic,46.5,0,0,0,1,0,0,0,0,0.72
10820,4,45.897,POOL_P2_165_04RL,White non-Hispanic,0,0,1,0,0,0,0,0,0,0
30536,9,107.56,POOL_P2_59_09RL,White non-Hispanic,25.2,0,0,0,1,0,0,0,0,1.73
40959,5,15.32,POOL_P2_148_05RL,White non-Hispanic,38.9,0,0,1,1,0,0,0,0,1.7
40774,3,53.40,POOL_P2_65_03RL,White non-Hispanic,48.4,0,0,0,1,0,0,0,0,1.98
40817,5,9.80,POOL_P2_135_05RL,White non-Hispanic,0,1,0,0,0,0,0,0,0,0
30531,7,18.12,POOL_P2_149_07RL,White non-Hispanic,22.5,0,0,1,1,0,0,0,0,6.63
40224,10,33.00,POOL_P2_72_10RL,White non-Hispanic,41.2,0,0,1,1,1,1,0,0,2.64
40555,2,21.69,POOL_P2_116_02RL,White non-Hispanic,37.3,0,0,1,1,0,1,0,0,3.73
30752,4,12.30,POOL_P2_78_04RL,White non-Hispanic,0,0,1,0,0,0,0,0,0,0
30751,3,14.71,POOL_P2_81_03RL,White non-Hispanic,0,0,1,0,0,0,0,0,0,0
30051,11,95.04,POOL_P2_156_11RL,White non-Hispanic,33.6,0,0,1,1,0,0,0,0,3.38
40497,11,25.21,POOL_P2_103_11RL,White non-Hispanic,0,1,0,0,0,0,0,0,0,0
40494,3,6.68,POOL_P2_76_03RL,White non-Hispanic,0,0,1,0,0,0,0,0,0,0
10680,3,40.608,POOL_P2_169_03RL,White non-Hispanic,0,0,1,0,0,0,0,0,0,0
40228,10,60.16,POOL_P2_82_10RL,White non-Hispanic,0,0,1,0,0,0,0,0,0,0
30057,1,69.29,POOL_P2_69_01RL,White non-Hispanic,0,0,1,0,0,0,0,0,0,0
30056,4,22.75,POOL_P2_127_04RL,White non-Hispanic,0,1,0,0,0,0,0,0,0,0
40795,2,67.26,POOL_P2_61_02RL,White non-Hispanic,28.4,0,0,0,1,0,0,0,0,9.4
11053,9,84.57,POOL_P2_96_09RL,White non-Hispanic,0,0,1,0,0,0,0,0,0,0
40791,11,37.30,POOL_P2_98_11RL,White non-Hispanic,28,0,0,0,1,0,0,0,0,3.38
21087,1,21.67,POOL_P2_115_01RL,White non-Hispanic,36.6,0,0,0,1,0,1,0,0,3.28
30833,8,58.52,POOL_P2_161_08RL,White non-Hispanic,0,1,0,0,0,0,0,0,0,0
21089,10,81.32,POOL_P2_57_10RL,White non-Hispanic,47.6,0,0,0,1,0,0,0,0,2.54
40798,4,63.099,POOL_P2_171_04RL,Black non-Hispanic,26.8,0,0,0,0,0,0,0,1,12.86
30835,10,26.12,POOL_P2_107_10RL,White non-Hispanic,26.7,0,0,1,1,0,0,0,0,3.04
30834,5,17.46,POOL_P2_106_05RL,White non-Hispanic,0,0,1,0,0,0,0,0,0,0
11119,7,50.85,POOL_P2_156_07RL,White non-Hispanic,0,0,1,0,0,0,0,0,0,0
11118,3,17.9,POOL_P2_143_03RL,White non-Hispanic,49.8,0,0,0,1,0,0,0,0,6.61
41268,8,52.97,POOL_P2_171_08RL,White non-Hispanic,26.2,0,0,0,0,0,0,0,1,12.38
11111,11,86.07,POOL_P2_131_11RL,Other,0,1,0,0,0,0,0,0,0,0
11117,3,33.89,POOL_P2_118_03RL,White non-Hispanic,0,0,1,0,0,0,0,0,0,0
30336,1,41.32,POOL_P2_106_01RL,White non-Hispanic,0,1,0,0,0,0,0,0,0,0
30336,1,41.32,POOL_P2_158_01RL,White non-Hispanic,0,1,0,0,0,0,0,0,0,0
30330,11,26.72,POOL_P2_84_11RL,White non-Hispanic,0,0,1,0,0,0,0,0,0,0
40258,1,14.90,POOL_P2_121_01RL,White non-Hispanic,39.9,0,0,0,0,0,0,0,1,12.39
30339,8,47.88,POOL_P2_107_08RL,White non-Hispanic,0,1,0,0,0,0,0,0,0,0
40332,3,38.202,POOL_P2_159_03RL,White non-Hispanic,30.5,0,0,0,1,0,0,0,0,0.69
20168,8,45.66,POOL_P2_128_08RL,White non-Hispanic,0,1,0,0,0,0,0,0,0,0
10350,2,80,POOL_P2_143_02RL,White non-Hispanic,39.4,0,0,0,1,0,0,0,0,6.19
20604,10,114.57,POOL_P2_146_10RL,White non-Hispanic,28.2,0,0,0,1,0,0,0,0,10.01
10059,6,29.26,POOL_P2_119_06RL,White non-Hispanic,0,0,1,0,0,0,0,0,0,0
41253,7,12.12,POOL_P2_89_07RL,White non-Hispanic,42.6,0,0,1,1,0,0,0,0,4.96
10056,6,26.42,POOL_P2_89_06RL,White non-Hispanic,0,1,0,0,0,0,0,0,0,0
10358,6,15.33,POOL_P2_90_06RL,White non-Hispanic,49.1,0,0,0,1,0,0,0,0,0.7
41254,11,59.80,POOL_P2_83_11RL,White non-Hispanic,0,0,1,0,0,0,0,0,0,0
40422,8,44.002,POOL_P2_159_08RL,White non-Hispanic,29.4,0,0,0,0,0,0,1,1,28.1
40420,3,43.92,POOL_P2_72_03RL,Black non-Hispanic,40.8,0,0,0,1,0,0,0,0,2.3
21058,12,96.05,POOL_P2_149_12RL,White non-Hispanic,35.2,0,0,1,1,0,0,0,0,8.07
40425,1,41.39,POOL_P2_84_01RL,White non-Hispanic,0,0,1,0,0,0,0,0,0,0
40429,10,13.701,POOL_P2_169_10RL,White Hispanic,0,1,0,0,0,0,0,0,0,0
11024,5,7.22,POOL_P2_95_05RL,White non-Hispanic,0,1,0,0,0,0,0,0,0,0
20893,4,20.36,POOL_P2_116_04RL,Black Hispanic,0,1,0,0,0,0,0,0,0,0
10617,1,81.154,POOL_P2_170_01RL,White non-Hispanic,0,1,0,0,0,0,0,0,0,0
20397,6,32.74,POOL_P2_158_06RL,White non-Hispanic,19.8,0,0,1,1,0,0,0,0,5.13
10755,5,25.59,POOL_P2_55_05RL,White Hispanic,38.3,0,0,0,1,0,1,0,0,1.28
41161,6,15.55,POOL_P2_114_06RL,White non-Hispanic,0,0,1,0,0,0,0,0,0,0
10538,7,12.05,POOL_P2_60_07RL,Black non-Hispanic,27.2,0,0,1,1,0,0,0,0,0.76
41407,10,75.26,POOL_P2_139_10RL,White Hispanic,23.7,0,0,1,1,0,0,1,1,18.16
41402,9,61.70,POOL_P2_67_09RL,White non-Hispanic,39.9,0,0,0,1,0,0,0,0,6.19
11200,8,56.50,POOL_P2_173_08RL,White non-Hispanic,35.2,0,0,1,1,0,1,0,0,3.78
20119,12,61.40,POOL_P2_128_12RL,White non-Hispanic,0,1,0,0,0,0,0,0,0,0
20502,10,44.40,POOL_P2_93_10RL,White non-Hispanic,0,0,1,0,0,0,0,0,0,0
10433,3,20.26,POOL_P2_89_03RL,White non-Hispanic,26.2,0,0,1,1,0,0,0,0,3.42
10432,6,9.46,POOL_P2_68_06RL,White non-Hispanic,25,0,0,1,1,0,0,1,1,20.61
20111,12,46.87,POOL_P2_90_12RL,White non-Hispanic,25.5,0,0,0,1,0,0,0,0,5.2
41660,2,54.07,POOL_P2_79_02RL,White non-Hispanic,0,0,1,0,0,0,0,0,0,0
10437,8,58.497,POOL_P2_172_08RL,White non-Hispanic,46.1,0,0,0,1,0,0,0,0,6.71
41082,3,50.65,POOL_P2_62_03RL,White non-Hispanic,27.2,0,0,1,1,0,0,0,0,4.96
20698,11,22.67,POOL_P2_92_11RL,White non-Hispanic,0,1,0,0,0,0,0,0,0,0
20699,11,20.34,POOL_P2_121_11RL,White non-Hispanic,37.7,0,0,0,0,0,0,1,1,15.25
41086,10,28.51,POOL_P2_134_10RL,White non-Hispanic,0,1,0,0,0,0,0,0,0,0
41084,4,24.669,POOL_P2_162_04RL,White non-Hispanic,27.1,0,0,0,0,0,0,1,1,15.24
20693,2,94.1,POOL_P2_141_02RL,White non-Hispanic,44.8,0,0,0,1,0,0,0,0,1.2
20591,7,41.9,POOL_P2_143_07RL,White non-Hispanic,25.5,0,0,1,1,0,0,0,0,4
20595,10,19.83,POOL_P2_61_10RL,White non-Hispanic,35,0,0,1,1,0,0,0,0,6.8
41314,8,65.22,POOL_P2_65_08RL,White non-Hispanic,32.3,0,0,1,1,0,1,0,0,3.54
20596,10,88.85,POOL_P2_74_10RL,White non-Hispanic,40.9,0,0,0,1,0,0,0,0,1.93
33155,6,20.07,POOL_P2_120_06RL,Black non-Hispanic,29.4,0,0,0,0,0,0,1,1,19.86
10344,6,14.25,POOL_P2_84_06RL,White non-Hispanic,30.8,0,0,0,1,0,0,0,0,9.08
41163,9,54.04,POOL_P2_159_09RL,White non-Hispanic,49.2,0,0,1,1,0,0,0,0,0.9
40970,4,33.63,POOL_P2_60_04RL,White non-Hispanic,31,0,0,1,1,0,0,0,0,4.56
41105,9,58.12,POOL_P2_83_09RL,White non-Hispanic,0,0,1,0,0,0,0,0,0,0
30179,11,36.30,POOL_P2_93_11RL,White non-Hispanic,39.3,0,0,0,1,0,0,0,0,3.68
30177,12,97.00,POOL_P2_151_12RL,White Hispanic,25.5,0,0,0,1,0,0,0,0,0.25
41108,4,33.43,POOL_P2_62_04RL,White non-Hispanic,37.2,0,0,0,1,0,1,0,0,4.64
40041,11,94.579,POOL_P2_165_11RL,White non-Hispanic,36.2,0,0,0,1,0,0,0,0,4.27
30173,12,79.84,POOL_P2_70_12RL,White non-Hispanic,33.9,0,0,1,1,0,0,0,0,5.82
30173,3,70.54,POOL_P2_146_03RL,White non-Hispanic,33.9,0,0,1,1,0,0,0,0,5.82
40043,5,27.59,POOL_P2_103_05RL,White Hispanic,27.9,0,0,0,1,0,1,0,0,2.06
20437,1,47.60,POOL_P2_172_01RL,White non-Hispanic,45.5,0,0,1,0,0,0,0,0,5.67
41538,11,11.12,POOL_P2_133_11RL,White non-Hispanic,0,1,0,0,0,0,0,0,0,0
20344,12,58.63,POOL_P2_141_12RL,White non-Hispanic,50.8,0,0,0,1,0,1,0,0,2.23
10543,11,26.008,POOL_P2_167_11RL,White non-Hispanic,21.6,0,0,0,0,0,0,0,1,12.49
20348,5,88.15,POOL_P2_149_05RL,White non-Hispanic,34,0,0,0,1,0,0,0,0,11.14
40823,3,22.688,POOL_P2_160_03RL,White Hispanic,31.3,0,0,0,0,0,0,0,1,13.82
10549,9,44.79,POOL_P2_111_09RL,White non-Hispanic,0,1,0,0,0,0,0,0,0,0
10221,8,13.08,POOL_P2_94_08RL,White non-Hispanic,53.8,0,0,0,1,0,0,0,0,4.24
41534,7,8.75,POOL_P2_72_07RL,White non-Hispanic,0,0,1,0,0,0,0,0,0,0
20439,9,77.88,POOL_P2_61_09RL,White non-Hispanic,29.5,0,0,0,1,0,0,0,0,4.21
40917,9,12.08,POOL_P2_134_09RL,Black non-Hispanic,0,1,0,0,0,0,0,0,0,0
41232,11,50.892,POOL_P2_163_11RL,White non-Hispanic,34.3,0,0,0,0,0,0,1,1,22.14
30576,6,40.7,POOL_P2_142_06RL,White non-Hispanic,0,1,0,0,0,0,0,0,0,0
40397,1,20.324,POOL_P2_161_01RL,White non-Hispanic,36.5,0,0,0,1,0,0,0,0,0.68
40396,10,65.98,POOL_P2_123_10RL,White non-Hispanic,26.9,0,0,0,0,0,0,0,1,12.13
40038,2,78.62,POOL_P2_128_02RL,White Hispanic,0,1,0,0,0,0,0,0,0,0
40038,2,73.98,POOL_P2_135_02RL,White Hispanic,0,1,0,0,0,0,0,0,0,0
40132,4,13.95,POOL_P2_97_04RL,White non-Hispanic,24.3,0,0,1,1,0,0,0,0,8.54
41728,12,45.79,POOL_P2_148_12RL,White non-Hispanic,26.4,0,0,1,1,0,1,0,0,2.49
41032,5,43.10,POOL_P2_66_05RL,White non-Hispanic,39,0,0,1,1,0,0,0,0,5.19
10862,6,67.10,POOL_P2_86_06RL,White non-Hispanic,46.4,0,0,0,1,0,0,0,0,0.7
10862,3,24.136,POOL_P2_166_03RL,White non-Hispanic,46.4,0,0,0,1,0,0,0,0,0.7
40138,9,50.548,POOL_P2_163_09RL,White non-Hispanic,22.5,0,0,0,0,0,0,1,1,18.15
10860,3,56.12,POOL_P2_131_03RL,White non-Hispanic,0,1,0,0,0,0,0,0,0,0
41039,4,35.54,POOL_P2_106_04RL,White non-Hispanic,0,1,0,0,0,0,0,0,0,0
40037,2,31.66,POOL_P2_125_02RL,White non-Hispanic,25.5,0,0,0,0,0,0,1,1,19.57
40037,3,57.34,POOL_P2_153_03RL,White non-Hispanic,25.5,0,0,0,0,0,0,1,1,19.57
30719,4,17.75,POOL_P2_104_04RL,White non-Hispanic,0,1,0,0,0,0,0,0,0,0
21040,2,69.11,POOL_P2_156_02RL,White non-Hispanic,0,0,1,0,0,0,0,0,0,0
11091,9,59.48,POOL_P2_155_09RL,White non-Hispanic,33.4,0,0,0,0,0,0,1,1,28.02
40340,8,58.04,POOL_P2_96_08RL,White non-Hispanic,40.6,0,0,0,1,1,1,0,0,0.18
11093,7,46.83,POOL_P2_102_07RL,White non-Hispanic,0,0,1,0,0,0,0,0,0,0
30713,11,72.425,POOL_P2_161_11RL,White non-Hispanic,32.8,0,0,1,1,0,0,0,0,8.82
40263,2,36.34,POOL_P2_120_02RL,White non-Hispanic,32.6,0,0,0,0,0,0,1,1,27.99
40590,3,27.88,POOL_P2_126_03RL,White non-Hispanic,26.9,0,0,0,0,0,0,0,1,12.52
40265,11,73.37,POOL_P2_137_11RL,White non-Hispanic,0,1,0,0,0,0,0,0,0,0
30871,9,75.35,POOL_P2_139_09RL,White non-Hispanic,42.6,0,0,1,1,0,0,1,1,15.66
21120,12,86.486,POOL_P2_159_12RL,White non-Hispanic,0,0,1,0,0,0,0,0,0,0
41627,6,32.57,POOL_P2_79_06RL,White non-Hispanic,0,0,1,0,0,0,0,0,0,0
41624,7,94.83,POOL_P2_174_07RL,White non-Hispanic,31.5,0,0,0,0,0,0,0,1,13.42
41625,1,49.46,POOL_P2_81_01RL,White non-Hispanic,0,0,1,0,0,0,0,0,0,0
40829,3,19.49,POOL_P2_116_03RL,White non-Hispanic,0,1,0,0,0,0,0,0,0,0
41620,12,62.27,POOL_P2_73_12RL,White Hispanic,37,0,0,0,1,0,0,0,0,4.11
41621,8,48.55,POOL_P2_73_08RL,White non-Hispanic,33.4,0,0,1,1,0,0,0,0,10.28
41741,12,116.01,POOL_P2_138_12RL,White non-Hispanic,48.6,0,0,1,1,0,0,0,0,1.12
41744,7,57.363,POOL_P2_162_07RL,Black non-Hispanic,32.6,0,0,0,0,0,0,1,1,27.38
41747,7,71.51,POOL_P2_86_07RL,White non-Hispanic,0,0,1,0,0,0,0,0,0,0
41747,2,20.67,POOL_P2_162_02RL,White non-Hispanic,0,0,1,0,0,0,0,0,0,0
30132,9,61.83,POOL_P2_151_09RL,White non-Hispanic,32.7,0,0,0,1,1,1,0,0,0.89
30784,8,48.5,POOL_P2_140_08RL,White non-Hispanic,38,0,0,0,1,0,0,0,0,4.28
30786,5,27.10,POOL_P2_88_05RL,White non-Hispanic,0,0,1,0,0,0,0,0,0,0
20236,3,61.10,POOL_P2_136_03RL,White non-Hispanic,36.6,0,0,0,1,0,0,0,0,11.82
20339,10,55.16,POOL_P2_101_10RL,White non-Hispanic,0,1,0,0,0,0,0,0,0,0
30197,5,14.57,POOL_P2_132_05RL,White non-Hispanic,0,1,0,0,0,0,0,0,0,0
20232,11,93.91,POOL_P2_140_11RL,White non-Hispanic,29.6,0,0,1,1,0,0,0,0,6.04
10916,12,22.16,POOL_P2_92_12RL,White non-Hispanic,27.5,0,0,1,1,0,0,0,0,2.82
30273,11,58.98,POOL_P2_122_11RL,White non-Hispanic,29.6,0,0,0,0,0,0,1,1,16.3
10915,7,29.25,POOL_P2_88_07RL,White non-Hispanic,31,0,0,0,1,0,0,0,0,4.12
40867,4,26.77,POOL_P2_148_04RL,White non-Hispanic,38.6,0,0,1,1,0,0,0,0,2.28
10222,5,25.54,POOL_P2_147_05RL,White non-Hispanic,51.5,0,0,1,1,1,1,0,0,1.32
30372,12,111.12,POOL_P2_146_12RL,White non-Hispanic,25.8,0,0,1,0,0,0,0,0,1.3
30373,6,30.14,POOL_P2_132_06RL,White non-Hispanic,0,1,0,0,0,0,0,0,0,0
40681,6,69.97,POOL_P2_66_06RL,White non-Hispanic,28.7,0,0,1,1,1,1,0,0,2.7
41142,9,19.09,POOL_P2_149_09RL,White non-Hispanic,34.3,0,0,1,1,0,0,0,0,1.29
20722,5,47.08,POOL_P2_56_05RL,White non-Hispanic,46.9,0,0,0,1,0,0,0,0,3.73
30007,2,112.54,POOL_P2_74_02RL,White non-Hispanic,30.3,0,0,0,1,0,0,0,1,12.59
40464,11,12.26,POOL_P2_102_11RL,White non-Hispanic,39.5,0,0,1,1,0,0,0,0,3.66
20894,2,71.20,POOL_P2_150_02RL,White non-Hispanic,37.4,0,0,0,1,0,0,0,0,2.2
20897,8,70.92,POOL_P2_57_08RL,White non-Hispanic,33.9,0,0,0,1,0,0,0,0,0.99
31021,1,65.23,POOL_P2_135_01RL,White non-Hispanic,0,1,0,0,0,0,0,0,0,0
31021,1,91.92,POOL_P2_141_01RL,White non-Hispanic,0,1,0,0,0,0,0,0,0,0
30135,11,59.60,POOL_P2_151_11RL,White non-Hispanic,36.4,0,0,0,1,1,1,0,0,2.48
10642,3,7.43,POOL_P2_92_03RL,White non-Hispanic,27.1,0,0,1,1,0,0,0,0,5.78
40468,2,25.31,POOL_P2_98_02RL,White non-Hispanic,0,1,0,0,0,0,0,0,0,0
30396,4,4.33,POOL_P2_112_04RL,White non-Hispanic,0,0,1,0,0,0,0,0,0,0
40760,1,27.15,POOL_P2_120_01RL,White non-Hispanic,37.1,0,0,0,0,0,0,0,1,13.08
30392,8,114.70,POOL_P2_59_08RL,White non-Hispanic,40.3,0,0,0,1,0,0,0,0,4.63
40662,5,25.40,POOL_P2_127_05RL,White non-Hispanic,0,1,0,0,0,0,0,0,0,0
40668,6,7.07,POOL_P2_121_06RL,White non-Hispanic,35.6,0,0,0,0,0,0,0,1,12.04
30399,12,39.00,POOL_P2_96_12RL,White Hispanic,0,0,1,0,0,0,0,0,0,0
11144,3,84.72,POOL_P2_176_03RL,White non-Hispanic,0,1,0,0,0,0,0,0,0,0
11142,2,33.74,POOL_P2_117_02RL,White non-Hispanic,31.4,0,0,1,1,0,0,0,0,6.27
11143,9,90.69,POOL_P2_153_09RL,White non-Hispanic,32.9,0,0,1,1,0,0,0,0,11.72
41849,3,21.96,POOL_P2_103_03RL,White non-Hispanic,45.9,0,0,0,1,0,0,0,0,4.78
11060,9,11.16,POOL_P2_88_09RL,White non-Hispanic,0,1,0,0,0,0,0,0,0,0
41844,7,97.34,POOL_P2_67_07RL,White non-Hispanic,25.5,0,0,0,1,0,0,0,0,3.42
11062,2,26.05,POOL_P2_153_02RL,White non-Hispanic,52.1,0,0,0,1,0,0,0,0,3
20013,3,84.72,POOL_P2_175_03RL,White non-Hispanic,24,0,0,0,1,0,0,0,0,3.72
23007,9,52.245,POOL_P2_167_09RL,Black non-Hispanic,45.4,0,0,0,0,0,0,1,1,17.81
20014,9,82.14,POOL_P2_56_09RL,White non-Hispanic,32.8,0,0,1,1,0,0,0,0,1.87
30048,6,50.83,POOL_P2_150_06RL,White non-Hispanic,26.3,0,0,0,1,0,0,0,0,2.96
10579,9,11.28,POOL_P2_113_09RL,White non-Hispanic,37.9,0,0,1,1,0,0,0,0,0.73
10005,4,16.86,POOL_P2_91_04RL,White non-Hispanic,40.2,0,0,1,1,0,1,0,0,1.25
10007,1,33.91,POOL_P2_104_01RL,White non-Hispanic,0,0,1,0,0,0,0,0,0,0
10002,12,86.02,POOL_P2_71_12RL,White non-Hispanic,36.4,0,0,0,1,0,0,0,0,2.13
20451,12,53.255,POOL_P2_162_12RL,White non-Hispanic,26.6,0,0,0,0,0,0,1,1,15.37
10167,9,79.541,POOL_P2_164_09RL,White Hispanic,0,0,1,0,0,0,0,0,0,0
41289,8,40.97,POOL_P2_62_08RL,White non-Hispanic,40.6,0,0,0,1,0,0,0,0,6.15
20093,11,43.95,POOL_P2_87_11RL,White non-Hispanic,0,1,0,0,0,0,0,0,0,0
10162,11,29.45,POOL_P2_90_11RL,Black non-Hispanic,0,1,0,0,0,0,0,0,0,0
20096,11,69.25,POOL_P2_71_11RL,White non-Hispanic,0,0,1,0,0,0,0,0,0,0
10865,1,78.70,POOL_P2_136_01RL,White non-Hispanic,29.1,0,0,0,1,0,0,0,0,5.63
20795,1,31.56,POOL_P2_99_01RL,White non-Hispanic,0,0,1,0,0,0,0,0,0,0
30049,5,25.50,POOL_P2_138_05RL,White non-Hispanic,54.3,0,0,0,1,0,1,0,0,0.25
20793,5,20.30,POOL_P2_105_05RL,White non-Hispanic,0,1,0,0,0,0,0,0,0,0
40544,7,20.917,POOL_P2_169_07RL,White non-Hispanic,0,0,1,0,0,0,0,0,0,0
10367,8,41.09,POOL_P2_99_08RL,White non-Hispanic,0,0,1,0,0,0,0,0,0,0
23226,10,7.34,POOL_P2_154_10RL,Black non-Hispanic,37.5,0,0,0,0,0,0,1,1,20.7
10360,7,25.03,POOL_P2_147_07RL,White non-Hispanic,36.4,0,0,1,1,0,0,0,0,5.26
10362,7,8.33,POOL_P2_107_07RL,Black non-Hispanic,34.9,0,0,1,1,0,0,0,0,1.25
20465,11,50.51,POOL_P2_143_11RL,White non-Hispanic,0,1,0,0,0,0,0,0,0,0
30953,6,15.47,POOL_P2_106_06RL,White non-Hispanic,31.1,0,0,1,1,0,0,0,0,3.2
10488,5,17.70,POOL_P2_111_05RL,White non-Hispanic,0,0,1,0,0,0,0,0,0,0
10763,10,55.137,POOL_P2_160_10RL,White non-Hispanic,37.1,0,0,0,0,0,0,1,1,16.87
30376,10,18.92,POOL_P2_109_10RL,White non-Hispanic,27.9,0,0,1,1,0,0,0,0,0.82
30050,7,31.12,POOL_P2_150_07RL,White non-Hispanic,25.6,0,0,1,1,0,0,0,0,3.86
20395,7,84.79,POOL_P2_146_07RL,White non-Hispanic,37.5,0,0,1,1,0,0,0,0,7.21
11048,5,65.98,POOL_P2_139_05RL,White Hispanic,30.5,0,0,1,1,0,0,0,0,2.74
10769,6,18.88,POOL_P2_109_06RL,White non-Hispanic,0,0,1,0,0,0,0,0,0,0
10768,6,9.00,POOL_P2_94_06RL,White non-Hispanic,0,1,0,0,0,0,0,0,0,0
41214,5,45.908,POOL_P2_164_05RL,White non-Hispanic,0,1,0,0,0,0,0,0,0,0
41213,4,14.07,POOL_P2_111_04RL,White non-Hispanic,0,0,1,0,0,0,0,0,0,0
30072,11,48.158,POOL_P2_164_11RL,White non-Hispanic,0,1,0,0,0,0,0,0,0,0
10261,4,77.16,POOL_P2_174_04RL,White non-Hispanic,45.7,0,0,0,0,0,0,0,1,12.46
20386,8,7.29,POOL_P2_69_08RL,White non-Hispanic,0,0,1,0,0,0,0,0,0,0
10263,5,11.91,POOL_P2_62_05RL,White non-Hispanic,38.6,0,0,0,1,1,1,0,0,2.25
30983,4,31.22,POOL_P2_101_04RL,White non-Hispanic,0,1,0,0,0,0,0,0,0,0
40559,4,34.545,POOL_P2_167_04RL,Black non-Hispanic,0,0,1,0,0,0,0,0,0,0
41062,10,43.26,POOL_P2_102_10RL,White non-Hispanic,47,0,0,0,1,0,1,0,0,2.82
20572,9,35.97,POOL_P2_109_09RL,White non-Hispanic,0,1,0,0,0,0,0,0,0,0
20571,10,58.29,POOL_P2_66_10RL,White non-Hispanic,55.4,0,0,1,1,0,0,0,0,1.36
30401,10,60.06,POOL_P2_153_10RL,White non-Hispanic,0,0,1,0,0,0,0,0,0,0
40896,11,46.49,POOL_P2_80_11RL,White non-Hispanic,0,0,1,0,0,0,0,0,0,0
20575,2,7.93,POOL_P2_114_02RL,White non-Hispanic,0,1,0,0,0,0,0,0,0,0
10461,11,22.16,POOL_P2_132_11RL,White non-Hispanic,0,1,0,0,0,0,0,0,0,0
10501,12,39.29,POOL_P2_108_12RL,White non-Hispanic,0,1,0,0,0,0,0,0,0,0
20579,11,40.02,POOL_P2_100_11RL,White non-Hispanic,0,1,0,0,0,0,0,0,0,0
20471,1,19.03,POOL_P2_159_01RL,White non-Hispanic,0,1,0,0,0,0,0,0,0,0
20476,12,73.32,POOL_P2_56_12RL,White non-Hispanic,23.6,0,0,0,1,0,0,0,0,1.7
20477,4,21.69,POOL_P2_115_04RL,White non-Hispanic,23.6,0,0,0,1,0,0,0,0,7.07
41717,9,47.78,POOL_P2_102_09RL,White non-Hispanic,23.5,0,0,1,1,0,0,0,0,1.82
30810,12,33.03,POOL_P2_134_12RL,White non-Hispanic,0,1,0,0,0,0,0,0,0,0
30436,12,66.09,POOL_P2_83_12RL,White non-Hispanic,0,0,1,0,0,0,0,0,0,0
30433,7,19.97,POOL_P2_115_07RL,White non-Hispanic,0,1,0,0,0,0,0,0,0,0
30430,2,32.58,POOL_P2_87_02RL,White non-Hispanic,52.4,1,0,0,0,0,0,0,0,0.24
13179,5,34.95,POOL_P2_122_05RL,Black non-Hispanic,33.8,0,0,0,0,0,0,1,1,23.05
40785,8,80.23,POOL_P2_175_08RL,White non-Hispanic,0,0,1,0,0,0,0,0,0,0
10663,2,50.183,POOL_P2_169_02RL,White non-Hispanic,47.1,0,0,0,1,0,0,0,0,2.68
41444,1,51.89,POOL_P2_78_01RL,White Hispanic,35.3,0,0,0,1,0,0,0,0,0.86
30474,8,25.23,POOL_P2_130_08RL,White non-Hispanic,0,1,0,0,0,0,0,0,0,0
11190,2,11.57,POOL_P2_91_02RL,White non-Hispanic,0,1,0,0,0,0,0,0,0,0
40309,11,27.16,POOL_P2_85_11RL,White non-Hispanic,0,0,1,0,0,0,0,0,0,0
40719,7,32.35,POOL_P2_106_07RL,White non-Hispanic,0,0,1,0,0,0,0,0,0,0
30599,3,62.50,POOL_P2_67_03RL,White non-Hispanic,28.3,0,0,1,1,0,0,0,0,3.95
11199,4,39.5,POOL_P2_142_04RL,White non-Hispanic,33.1,0,0,0,1,0,0,0,0,2.78
40301,4,39.10,POOL_P2_76_04RL,White Hispanic,0,1,0,0,0,0,0,0,0,0
40305,9,69.96,POOL_P2_58_09RL,White non-Hispanic,36.9,0,0,0,1,0,0,0,0,2.25
10214,11,29.11,POOL_P2_112_11RL,White non-Hispanic,0,1,0,0,0,0,0,0,0,0
10217,9,46.39,POOL_P2_89_09RL,White non-Hispanic,0,0,1,0,0,0,0,0,0,0
20488,12,54.72,POOL_P2_129_12RL,White non-Hispanic,0,1,0,0,0,0,0,0,0,0
10213,4,38.25,POOL_P2_147_04RL,White non-Hispanic,29.6,0,0,1,1,0,0,0,0,4.31
41549,11,71.24,POOL_P2_60_11RL,White non-Hispanic,27.1,0,0,0,1,0,0,0,0,0.22
10144,1,46.16,POOL_P2_143_01RL,White non-Hispanic,0,1,0,0,0,0,0,0,0,0
40390,12,120.15,POOL_P2_86_12RL,White non-Hispanic,39.4,0,0,0,1,0,0,1,1,16.24
40390,4,19.121,POOL_P2_164_04RL,White non-Hispanic,39.4,0,0,0,1,0,0,1,1,16.24
40824,6,30.16,POOL_P2_80_06RL,White non-Hispanic,0,0,1,0,0,0,0,0,0,0
20072,7,5.20,POOL_P2_139_07RL,White Hispanic,18.6,0,0,0,1,0,0,0,0,7.1
40822,11,64.86,POOL_P2_68_11RL,White non-Hispanic,0,0,1,0,0,0,0,0,0,0
10183,10,19.95,POOL_P2_128_10RL,White non-Hispanic,0,1,0,0,0,0,0,0,0,0
10182,12,33.70,POOL_P2_95_12RL,White non-Hispanic,0,1,0,0,0,0,0,0,0,0
21100,2,73.56,POOL_P2_145_02RL,White non-Hispanic,47,0,0,0,1,0,0,0,0,0.26
30654,6,11.54,POOL_P2_136_06RL,White non-Hispanic,27.4,0,0,0,1,0,0,0,0,0.24
20375,5,30.83,POOL_P2_102_05RL,White non-Hispanic,29.2,0,0,0,1,0,0,0,0,5.65
20374,3,7.98,POOL_P2_117_03RL,White non-Hispanic,35.3,0,0,0,1,0,0,0,0,4.7
20377,8,62.10,POOL_P2_76_08RL,White non-Hispanic,0,0,1,0,0,0,0,0,0,0
41147,10,39.42,POOL_P2_85_10RL,American Indian or Alaskan Native,0,1,0,0,0,0,0,0,0,0
30133,10,60.75,POOL_P2_151_10RL,White non-Hispanic,33.9,0,0,0,1,0,0,0,0,5.42
10958,7,71.448,POOL_P2_163_07RL,White non-Hispanic,0,0,1,0,0,0,0,0,0,0
30508,4,17.935,POOL_P2_163_04RL,White non-Hispanic,44.6,0,0,1,1,0,0,0,0,2.54
40949,3,24.76,POOL_P2_99_03RL,White non-Hispanic,0,0,1,0,0,0,0,0,0,0
41141,5,22.70,POOL_P2_115_05RL,White non-Hispanic,0,0,1,0,0,0,0,0,0,0
41140,11,33.92,POOL_P2_107_11RL,White non-Hispanic,53.5,0,0,0,1,0,0,0,0,1.76
30503,10,26.69,POOL_P2_117_10RL,White non-Hispanic,47.8,0,0,1,0,0,0,0,0,2.69
30138,2,10.95,POOL_P2_127_02RL,White non-Hispanic,0,1,0,0,0,0,0,0,0,0
40763,7,28.92,POOL_P2_119_07RL,White non-Hispanic,27.5,0,0,0,0,0,0,0,1,12.12
10956,10,71.075,POOL_P2_159_10RL,White non-Hispanic,32.8,0,0,1,1,0,0,0,0,8.34
30659,10,5.36,POOL_P2_168_10RL,White non-Hispanic,0,1,0,0,0,0,0,0,0,0
10954,8,25.89,POOL_P2_87_08RL,White non-Hispanic,39.2,0,0,0,1,0,0,0,0,5.49
30504,2,34.30,POOL_P2_152_02RL,White non-Hispanic,32.4,0,0,1,1,0,0,0,0,3.47
21175,10,50.67,POOL_P2_164_10RL,White non-Hispanic,0,0,1,0,0,0,0,0,0,0
30761,2,37.03,POOL_P2_67_02RL,White non-Hispanic,32.1,0,0,0,1,0,0,0,0,3.83
30711,5,43.84,POOL_P2_133_05RL,White non-Hispanic,0,1,0,0,0,0,0,0,0,0
30711,11,58.32,POOL_P2_142_11RL,White non-Hispanic,0,1,0,0,0,0,0,0,0,0
30820,3,26.88,POOL_P2_125_03RL,White non-Hispanic,29.2,0,0,1,1,0,0,1,1,26.91
30820,12,39.651,POOL_P2_166_12RL,White non-Hispanic,29.2,0,0,1,1,0,0,1,1,26.91
40661,12,34.14,POOL_P2_142_12RL,Asian or Pacific Islander,32.5,0,0,1,1,0,0,0,0,4.06
30301,4,39.25,POOL_P2_145_04RL,White non-Hispanic,34.6,0,0,0,1,1,1,0,0,1.69
30985,9,57.57,POOL_P2_98_09RL,White non-Hispanic,0,1,0,0,0,0,0,0,0,0
20493,5,19.88,POOL_P2_116_05RL,White non-Hispanic,0,1,0,0,0,0,0,0,0,0
30046,12,40.83,POOL_P2_93_12RL,White non-Hispanic,46.7,0,0,0,1,0,0,0,0,1.79
30044,6,8.49,POOL_P2_118_06RL,White non-Hispanic,0,0,1,0,0,0,0,0,0,0
41803,3,15.75,POOL_P2_83_03RL,White non-Hispanic,0,0,1,0,0,0,0,0,0,0
41801,1,90.66,POOL_P2_132_01RL,White non-Hispanic,0,1,0,0,0,0,0,0,0,0
41713,10,6.87,POOL_P2_73_10RL,White non-Hispanic,0,0,1,0,0,0,0,0,0,0
40780,5,23.56,POOL_P2_84_05RL,White non-Hispanic,0,0,1,0,0,0,0,0,0,0
10878,12,27.86,POOL_P2_107_12RL,Black non-Hispanic,31,0,0,1,1,0,0,0,0,0.24
41808,5,15.71,POOL_P2_83_05RL,White non-Hispanic,0,0,1,0,0,0,0,0,0,0
40624,2,100.04,POOL_P2_175_02RL,White non-Hispanic,30.6,0,0,0,1,0,0,0,0,3.81
20205,2,103.38,POOL_P2_147_02RL,White non-Hispanic,45.8,0,0,0,1,0,0,0,0,5.79
31054,5,69.58,POOL_P2_176_05RL,White non-Hispanic,25.1,0,0,1,1,0,0,0,0,11.66
20207,12,38.82,POOL_P2_119_12RL,White non-Hispanic,30.5,0,0,0,0,0,0,0,1,12.2
11100,6,82.37,POOL_P2_140_06RL,Black non-Hispanic,22.3,0,0,1,1,0,0,0,0,1.42
11106,1,28.22,POOL_P2_94_01RL,Black non-Hispanic,48.7,0,0,1,1,0,0,0,0,6.19
20570,2,42.27,POOL_P2_155_02RL,White non-Hispanic,0,1,0,0,0,0,0,0,0,0
41658,11,34.75,POOL_P2_148_11RL,White non-Hispanic,43.9,0,0,1,1,0,0,0,0,2.73
41098,11,50.16,POOL_P2_97_11RL,White non-Hispanic,52,0,0,0,1,0,0,0,0,4.76
30349,2,65.09,POOL_P2_66_02RL,White non-Hispanic,0,1,0,0,0,0,0,0,0,0
30349,9,19.10,POOL_P2_132_09RL,White non-Hispanic,0,1,0,0,0,0,0,0,0,0
10048,12,42.88,POOL_P2_147_12RL,White non-Hispanic,47.9,0,0,0,1,1,1,0,0,3.15
10323,2,9.11,POOL_P2_95_02RL,White non-Hispanic,44.5,0,0,1,1,0,0,0,0,6.64
20143,8,46.80,POOL_P2_144_08RL,White non-Hispanic,36.8,0,0,0,1,1,1,0,0,1.71
10040,4,7.59,POOL_P2_108_04RL,White non-Hispanic,0,0,1,0,0,0,0,0,0,0
10737,6,4.73,POOL_P2_116_06RL,White non-Hispanic,0,0,1,0,0,0,0,0,0,0
10732,10,16.00,POOL_P2_90_10RL,White non-Hispanic,0,1,0,0,0,0,0,0,0,0
40534,1,30.45,POOL_P2_93_01RL,White non-Hispanic,39.3,0,0,0,1,0,0,0,0,3.18
30912,5,45.10,POOL_P2_82_05RL,White non-Hispanic,0,0,1,0,0,0,0,0,0,0
30913,4,33.35,POOL_P2_119_04RL,White non-Hispanic,43.1,0,0,0,1,0,0,0,0,6.18
40438,4,48.36,POOL_P2_72_04RL,White non-Hispanic,44.7,0,0,1,1,0,0,0,0,0.27
40439,6,14.588,POOL_P2_168_06RL,White non-Hispanic,0,0,1,0,0,0,0,0,0,0
10027,1,70.94,POOL_P2_152_01RL,Black non-Hispanic,35.6,0,0,0,0,0,0,1,1,24.03
40431,10,52.77,POOL_P2_98_10RL,White non-Hispanic,0,0,1,0,0,0,0,0,0,0
40433,2,32.58,POOL_P2_131_02RL,White non-Hispanic,0,1,0,0,0,0,0,0,0,0
10285,11,76.963,POOL_P2_172_11RL,White non-Hispanic,0,0,1,0,0,0,0,0,0,0
10077,4,14.66,POOL_P2_66_04RL,White non-Hispanic,0,0,1,0,0,0,0,0,0,0
30314,2,94.78,POOL_P2_130_02RL,White non-Hispanic,0,1,0,0,0,0,0,0,0,0
10591,6,55.16,POOL_P2_171_06RL,Black non-Hispanic,29.8,0,0,1,1,0,0,0,0,9.99
20850,7,9.26,POOL_P2_82_07RL,White non-Hispanic,31.7,0,0,1,1,0,0,0,0,4.21
41628,9,5.81,POOL_P2_81_09RL,White non-Hispanic,33.3,0,0,0,1,0,0,0,0,0.53
20852,7,39.66,POOL_P2_57_07RL,White non-Hispanic,35.3,0,0,0,1,0,0,0,0,5.09
10171,3,95.6,POOL_P2_142_03RL,White non-Hispanic,31.7,0,0,0,1,1,1,0,0,2.28
10091,5,93.07,POOL_P2_174_05RL,White non-Hispanic,0,0,1,0,0,0,0,0,0,0
31062,10,39.70,POOL_P2_137_10RL,White non-Hispanic,28.5,0,0,1,1,0,0,0,0,6.56
20537,4,61.88,POOL_P2_143_04RL,White non-Hispanic,31.6,0,0,1,1,0,0,0,0,2.83
10135,9,92.24,POOL_P2_173_09RL,White non-Hispanic,37.4,0,0,0,1,0,1,0,0,2.46
10173,3,13.41,POOL_P2_157_03RL,White non-Hispanic,45,0,0,0,1,0,0,0,0,9.75
30388,1,61.2,POOL_P2_142_01RL,White non-Hispanic,38.9,0,0,0,1,0,1,0,0,2.29
10131,7,29.52,POOL_P2_90_07RL,White non-Hispanic,35.8,0,0,1,1,0,0,0,0,10.17
10132,4,57.57,POOL_P2_61_04RL,White non-Hispanic,40.2,0,0,0,1,0,0,0,0,3.83
40564,6,15.49,POOL_P2_69_06RL,White non-Hispanic,0,1,0,0,0,0,0,0,0,0
30346,4,79.66,POOL_P2_130_04RL,White non-Hispanic,0,1,0,0,0,0,0,0,0,0
30346,4,79.66,POOL_P2_134_04RL,White non-Hispanic,0,1,0,0,0,0,0,0,0,0
41470,8,78.48,POOL_P2_174_08RL,White non-Hispanic,35.4,0,0,1,0,0,0,0,0,2.09
41436,9,49.02,POOL_P2_75_09RL,White Hispanic,0,0,1,0,0,0,0,0,0,0
20539,9,41.23,POOL_P2_70_09RL,White non-Hispanic,0,0,1,0,0,0,0,0,0,0
10039,5,22.86,POOL_P2_100_05RL,White non-Hispanic,45.7,0,0,1,1,0,0,0,0,1.24
10423,5,15.77,POOL_P2_67_05RL,White non-Hispanic,0,0,1,0,0,0,0,0,0,0
20104,5,12.16,POOL_P2_117_05RL,White non-Hispanic,33.8,0,0,0,0,0,0,0,1,13.13
40994,4,25.06,POOL_P2_105_04RL,White non-Hispanic,0,1,0,0,0,0,0,0,0,0
10424,2,17.09,POOL_P2_96_02RL,White non-Hispanic,37.7,0,0,1,1,0,0,0,0,4.75
10425,3,20.57,POOL_P2_105_03RL,White non-Hispanic,29.6,0,0,1,1,0,0,0,0,8.06
30960,8,48.78,POOL_P2_145_08RL,White non-Hispanic,34.1,0,0,0,1,0,0,0,0,1.72
20332,11,38.5,POOL_P2_141_11RL,White non-Hispanic,34.4,0,0,0,1,0,0,0,0,7.87
20583,5,32.4,POOL_P2_142_05RL,White non-Hispanic,42.7,0,0,0,1,0,0,0,0,4.82
41247,4,36.77,POOL_P2_125_04RL,White non-Hispanic,34.2,0,0,0,0,0,0,0,1,12.08
30010,5,63.60,POOL_P2_150_05RL,White non-Hispanic,29.6,0,0,1,1,1,1,0,0,0.81
20587,12,122.50,POOL_P2_139_12RL,White non-Hispanic,0,1,0,0,0,0,0,0,0,0
41329,8,33.65,POOL_P2_121_08RL,White non-Hispanic,31.4,0,0,0,0,0,0,1,1,23.75
41328,5,59.089,POOL_P2_171_05RL,White non-Hispanic,34.9,0,0,1,1,0,0,0,0,5.29
33146,5,64.27,POOL_P2_173_05RL,White non-Hispanic,42.3,0,0,0,0,1,1,0,0,0.48
41325,3,76.77,POOL_P2_174_03RL,White non-Hispanic,38.5,0,0,1,1,0,0,0,0,3.24
33145,12,80.945,POOL_P2_171_12RL,White non-Hispanic,33,0,0,0,0,0,1,0,0,1.93
41248,5,11.438,POOL_P2_159_05RL,White non-Hispanic,30,0,0,0,0,0,0,0,1,13.93
20776,2,57.38,POOL_P2_142_02RL,White Hispanic,29.5,0,0,1,1,0,0,0,0,3.39
41057,12,57.62,POOL_P2_123_12RL,White Hispanic,32.5,0,0,0,0,0,0,0,1,12.09
30148,3,89.04,POOL_P2_58_03RL,White non-Hispanic,26.6,0,0,0,1,0,0,0,0,8.23
41050,9,18.84,POOL_P2_156_09RL,White non-Hispanic,0,0,1,0,0,0,0,0,0,0
40059,1,70.99,POOL_P2_73_01RL,White non-Hispanic,0,1,0,0,0,0,0,0,0,0
30491,8,66.197,POOL_P2_169_08RL,Black non-Hispanic,30.9,0,0,0,0,0,0,0,1,12.11
30490,7,26.10,POOL_P2_110_07RL,White non-Hispanic,43.2,0,0,1,1,0,0,0,0,0.32
30495,1,36.02,POOL_P2_126_01RL,White non-Hispanic,31.5,0,0,0,0,0,0,1,1,24.37
41111,9,25.99,POOL_P2_79_09RL,White non-Hispanic,0,0,1,0,0,0,0,0,0,0
10259,6,32.74,POOL_P2_104_06RL,White non-Hispanic,38.6,0,0,0,1,0,0,0,0,4.75
10259,9,24.221,POOL_P2_165_09RL,White non-Hispanic,38.6,0,0,0,1,0,0,0,0,4.75
10557,8,70.61,POOL_P2_61_08RL,White Hispanic,26.7,0,0,1,1,0,0,0,0,4.2
10555,8,10.62,POOL_P2_113_08RL,White non-Hispanic,0,0,1,0,0,0,0,0,0,0
20404,5,42.40,POOL_P2_137_05RL,White non-Hispanic,33.7,0,0,0,1,0,0,0,0,4.23
10250,2,11.01,POOL_P2_110_02RL,White non-Hispanic,36.3,0,0,0,1,0,0,0,0,1.7
40900,8,33.39,POOL_P2_80_08RL,White non-Hispanic,0,0,1,0,0,0,0,0,0,0
40901,4,16.37,POOL_P2_113_04RL,White non-Hispanic,31.6,0,0,1,1,0,0,0,0,4.85
30466,1,42.22,POOL_P2_79_01RL,White non-Hispanic,0,0,1,0,0,0,0,0,0,0
40904,9,48.79,POOL_P2_100_09RL,White non-Hispanic,31.3,0,0,1,1,0,0,0,0,3.6
41646,2,15.23,POOL_P2_103_02RL,White non-Hispanic,28,0,0,1,1,0,1,0,0,1.74
40906,6,20.80,POOL_P2_75_06RL,White non-Hispanic,0,0,1,0,0,0,0,0,0,0
30548,4,25.10,POOL_P2_137_04RL,White non-Hispanic,27.7,0,0,1,1,0,0,0,0,4.36
40908,2,38.58,POOL_P2_134_02RL,White non-Hispanic,0,1,0,0,0,0,0,0,0,0
30546,7,38.71,POOL_P2_124_07RL,White non-Hispanic,44.3,0,0,1,0,0,0,0,0,2.08
20036,10,80.93,POOL_P2_56_10RL,White non-Hispanic,31.8,0,0,0,1,0,0,0,0,7.8
20037,12,45.83,POOL_P2_125_12RL,White Hispanic,28.2,0,0,0,0,0,0,0,1,12.75
10991,1,29.12,POOL_P2_110_01RL,White non-Hispanic,0,0,1,0,0,0,0,0,0,0
40122,7,30.55,POOL_P2_93_07RL,White non-Hispanic,0,0,1,0,0,0,0,0,0,0
13048,6,25.45,POOL_P2_126_06RL,Black non-Hispanic,38.4,0,0,0,0,0,1,0,0,2.08
40121,11,97.31,POOL_P2_145_11RL,White non-Hispanic,21.7,0,0,0,1,0,1,0,0,2.92
41026,12,56.15,POOL_P2_80_12RL,White non-Hispanic,0,1,0,0,0,0,0,0,0,0
41029,11,27.63,POOL_P2_125_11RL,White non-Hispanic,32.5,0,0,0,0,0,0,0,1,12.19
41181,3,17.18,POOL_P2_110_03RL,White non-Hispanic,0,0,1,0,0,0,0,0,0,0
20268,10,63.82,POOL_P2_129_10RL,White non-Hispanic,0,1,0,0,0,0,0,0,0,0
41187,4,18.43,POOL_P2_124_04RL,White non-Hispanic,41.7,0,0,0,0,0,1,0,0,3.48
41185,6,58.84,POOL_P2_65_06RL,White non-Hispanic,31.6,0,0,0,1,0,1,0,0,2.95
30868,7,20.23,POOL_P2_145_07RL,White non-Hispanic,41.9,0,0,1,1,0,0,0,0,3.34
40372,12,95.43,POOL_P2_176_12RL,Black non-Hispanic,39,0,0,1,1,0,1,0,0,5.82
30649,10,11.20,POOL_P2_133_10RL,White non-Hispanic,0,1,0,0,0,0,0,0,0,0
40375,12,118.34,POOL_P2_152_12RL,White non-Hispanic,25.3,0,0,1,1,0,1,0,0,1.2
40374,1,33.14,POOL_P2_100_01RL,White non-Hispanic,39.7,0,0,0,1,0,0,0,0,2.62
30317,10,36.68,POOL_P2_69_10RL,White non-Hispanic,0,0,1,0,0,0,0,0,0,0
30646,8,84.07,POOL_P2_75_08RL,White non-Hispanic,0,0,1,0,0,0,0,0,0,0
40378,12,108.23,POOL_P2_174_12RL,White non-Hispanic,36,0,0,0,1,0,0,0,0,4.86
30864,11,95.81,POOL_P2_174_11RL,White non-Hispanic,31.9,0,0,1,0,0,0,0,0,2.33
40277,7,21.45,POOL_P2_98_07RL,White non-Hispanic,0,0,1,0,0,0,0,0,0,0
21136,4,60.29,POOL_P2_150_04RL,White non-Hispanic,27.9,0,0,1,1,0,0,0,0,4.56
20584,6,24.6,POOL_P2_143_06RL,White Hispanic,29.7,0,0,1,1,1,1,0,0,1.81
31027,6,11.25,POOL_P2_113_06RL,White non-Hispanic,0,0,1,0,0,0,0,0,0,0
41619,12,67.23,POOL_P2_84_12RL,White non-Hispanic,0,0,1,0,0,0,0,0,0,0
20324,10,55.4,POOL_P2_140_10RL,White non-Hispanic,35.8,0,0,1,1,0,0,0,0,4.67
20323,4,85.68,POOL_P2_146_04RL,White non-Hispanic,28.9,0,0,0,1,1,1,0,0,1.74
20003,8,81.683,POOL_P2_165_08RL,White non-Hispanic,26.8,0,0,1,0,0,0,0,0,2.48
20240,3,90.52,POOL_P2_149_03RL,White non-Hispanic,40.1,0,0,0,1,0,0,0,0,2.75
30798,2,94.65,POOL_P2_62_02RL,White non-Hispanic,40.7,0,0,0,1,0,0,0,0,5.08
20328,9,98.96,POOL_P2_74_09RL,White non-Hispanic,0,0,1,0,0,0,0,0,0,0
30262,2,51.95,POOL_P2_151_02RL,White non-Hispanic,33.1,0,0,0,1,0,0,0,1,13.13
10527,4,101.10,POOL_P2_175_04RL,White non-Hispanic,35.1,0,0,1,1,0,0,0,0,3.48
30261,4,12.13,POOL_P2_69_04RL,White non-Hispanic,0,0,1,0,0,0,0,0,0,0
30267,9,23.56,POOL_P2_78_09RL,White non-Hispanic,0,0,1,0,0,0,0,0,0,0
40973,4,52.92,POOL_P2_65_04RL,White non-Hispanic,27.6,0,0,0,1,0,0,0,0,7.28
30265,3,61.49,POOL_P2_133_03RL,White non-Hispanic,0,1,0,0,0,0,0,0,0,0
40759,12,29.93,POOL_P2_62_12RL,White Hispanic,31.3,0,0,0,1,0,0,0,0,3.85
40531,8,33.56,POOL_P2_124_08RL,White non-Hispanic,34.9,0,0,0,0,0,0,0,1,12.22
40693,2,63.74,POOL_P2_65_02RL,White non-Hispanic,42,0,0,1,1,0,1,0,0,4
40873,12,8.56,POOL_P2_97_12RL,White non-Hispanic,40,0,0,0,1,0,0,1,1,22.13
30032,12,14.86,POOL_P2_131_12RL,White non-Hispanic,0,1,0,0,0,0,0,0,0,0
40473,3,43.67,POOL_P2_129_03RL,White non-Hispanic,0,1,0,0,0,0,0,0,0,0
20723,10,50.60,POOL_P2_144_10RL,White non-Hispanic,24,0,0,0,1,0,0,0,0,4.04
40478,11,16.09,POOL_P2_128_11RL,White Hispanic,0,1,0,0,0,0,0,0,0,0
30038,12,86.28,POOL_P2_57_12RL,White non-Hispanic,26.9,0,0,0,1,0,0,0,0,5.01
20713,9,31.25,POOL_P2_141_09RL,White non-Hispanic,35.9,0,0,0,1,0,0,0,0,3.01
10675,4,74.03,POOL_P2_55_04RL,White non-Hispanic,32.9,0,0,0,1,0,1,0,0,1.12
40677,4,51.87,POOL_P2_82_04RL,White non-Hispanic,0,0,1,0,0,0,0,0,0,0
41045,9,16.68,POOL_P2_60_09RL,White non-Hispanic,24,0,0,0,1,0,0,0,0,5.38
40672,9,55.07,POOL_P2_101_09RL,White non-Hispanic,36.5,0,0,0,1,0,0,0,0,2.69
30818,1,50.47,POOL_P2_154_01RL,White non-Hispanic,0,1,0,0,0,0,0,0,0,0
40571,3,99.78,POOL_P2_61_03RL,White non-Hispanic,32.7,0,0,0,1,0,0,0,0,2.6
21141,1,58.40,POOL_P2_129_01RL,White non-Hispanic,0,1,0,0,0,0,0,0,0,0
40574,7,96.20,POOL_P2_74_07RL,White non-Hispanic,0,0,1,0,0,0,0,0,0,0
40576,5,43.44,POOL_P2_73_05RL,White non-Hispanic,0,0,1,0,0,0,0,0,0,0
11172,7,7.61,POOL_P2_112_07RL,White non-Hispanic,38.5,0,0,0,1,0,0,0,0,9.31
11170,10,50.70,POOL_P2_120_10RL,White non-Hispanic,25.6,0,0,0,0,0,0,0,1,12.75
11175,11,36.14,POOL_P2_110_11RL,White non-Hispanic,32.1,0,0,1,1,0,0,0,0,7.75
11076,1,53.24,POOL_P2_92_01RL,White non-Hispanic,54.3,0,0,1,1,0,1,0,0,3.83
31036,10,91.84,POOL_P2_155_10RL,White non-Hispanic,21.5,0,0,1,1,0,0,0,0,1.93
30183,1,34.81,POOL_P2_117_01RL,White non-Hispanic,41.3,0,0,0,1,0,0,0,0,5.85
40063,7,30.11,POOL_P2_81_07RL,White non-Hispanic,0,0,1,0,0,0,0,0,0,0
40587,3,45.83,POOL_P2_82_03RL,White non-Hispanic,0,0,1,0,0,0,0,0,0,0
30722,8,74.244,POOL_P2_170_08RL,White non-Hispanic,0,0,1,0,0,0,0,0,0,0
41692,11,17.74,POOL_P2_82_11RL,White non-Hispanic,26.3,0,0,0,1,0,0,0,0,6.42
41532,8,86.22,POOL_P2_176_08RL,White non-Hispanic,33.8,0,0,0,0,0,0,1,1,20.81
30083,9,75.40,POOL_P2_136_09RL,White non-Hispanic,35.8,0,0,1,1,0,0,0,0,2.2
10070,5,12.55,POOL_P2_94_05RL,White non-Hispanic,0,1,0,0,0,0,0,0,0,0
10072,10,12.01,POOL_P2_116_10RL,White non-Hispanic,45.4,0,0,0,1,0,0,0,0,11.18
20147,11,75.39,POOL_P2_56_11RL,White non-Hispanic,25.3,0,0,0,1,0,0,0,0,0.78
20144,10,74.06,POOL_P2_83_10RL,White non-Hispanic,0,0,1,0,0,0,0,0,0,0
10076,1,43.551,POOL_P2_163_01RL,White non-Hispanic,0,0,1,0,0,0,0,0,0,0
10079,2,31.00,POOL_P2_60_02RL,White non-Hispanic,28.7,0,0,0,1,0,0,0,0,2.65
10078,6,51.06,POOL_P2_93_06RL,White non-Hispanic,0,0,1,0,0,0,0,0,0,0
20149,10,15.91,POOL_P2_76_10RL,White non-Hispanic,0,0,1,0,0,0,0,0,0,0
10175,7,12.03,POOL_P2_95_07RL,White non-Hispanic,31.1,0,0,0,1,0,0,0,0,2.18
40401,4,39.693,POOL_P2_161_04RL,White non-Hispanic,25.3,0,0,1,1,0,0,0,0,1.72
20786,12,83.177,POOL_P2_160_12RL,White non-Hispanic,0,0,1,0,0,0,0,0,0,0
20661,12,10.299,POOL_P2_163_12RL,White non-Hispanic,0,1,0,0,0,0,0,0,0,0
10372,2,27.03,POOL_P2_89_02RL,White non-Hispanic,21.9,0,0,1,1,0,0,0,0,0.37
20664,11,118.07,POOL_P2_146_11RL,White non-Hispanic,60.8,0,0,0,1,0,0,0,0,1.19
30887,5,7.44,POOL_P2_114_05RL,White non-Hispanic,0,1,0,0,0,0,0,0,0,0
30243,5,30.78,POOL_P2_167_05RL,White non-Hispanic,0,1,0,0,0,0,0,0,0,0
30882,10,63.1,POOL_P2_163_10RL,White non-Hispanic,35.7,0,0,1,0,0,0,0,0,9.26
10976,1,75.81,POOL_P2_175_01RL,White non-Hispanic,0,1,0,0,0,0,0,0,0,0
30881,4,86.31,POOL_P2_57_04RL,White non-Hispanic,21.7,0,0,0,1,0,0,0,0,3.91
30923,6,43.92,POOL_P2_135_06RL,White non-Hispanic,0,1,0,0,0,0,0,0,0,0
30923,12,20.25,POOL_P2_143_12RL,White non-Hispanic,0,1,0,0,0,0,0,0,0,0
10944,3,13.161,POOL_P2_167_03RL,Black non-Hispanic,28.8,0,0,0,1,0,0,0,0,0
10773,12,66.507,POOL_P2_161_12RL,White non-Hispanic,34.8,0,0,1,0,0,0,0,0,3.43
10770,11,28.11,POOL_P2_88_11RL,White Hispanic,32.4,0,0,1,1,0,0,0,0,10.26
40508,11,108.99,POOL_P2_62_11RL,White non-Hispanic,20.8,0,0,1,1,0,0,0,0,7.6
41202,2,9.30,POOL_P2_82_02RL,White non-Hispanic,0,0,1,0,0,0,0,0,0,0
30489,1,66.42,POOL_P2_173_01RL,White non-Hispanic,37.3,0,0,0,1,0,0,0,0,1.12
