POOL91-02RL	H37BKPH02	/data/454/raw/2013/R_2013_02_08_11_30_15_FLX08100638_Administrator_CS_KK_PG_MM5_Pool_91-2/D_2013_02_09_15_00_17_node1_altSignalProcessing/sff/H37BKPH02.sff
POOL91-02RL	H37OIGQ01	/data/454/raw/2013/R_2013_02_08_16_09_42_FLX07110718_Administrator_CS_KK_PG_MM5_Pool_91-1/D_2013_02_09_17_04_09_node2_altSignalProcessing/sff/H37OIGQ01.sff
POOL91-02RL	H37OIGQ02	/data/454/raw/2013/R_2013_02_08_16_09_42_FLX07110718_Administrator_CS_KK_PG_MM5_Pool_91-1/D_2013_02_09_17_04_09_node2_altSignalProcessing/sff/H37OIGQ02.sff
POOL91-02RL	H37BKPH01	/data/454/raw/2013/R_2013_02_08_11_30_15_FLX08100638_Administrator_CS_KK_PG_MM5_Pool_91-2/D_2013_02_09_15_00_17_node1_altSignalProcessing/sff/H37BKPH01.sff
POOL91-03RL	H37OIGQ01	/data/454/raw/2013/R_2013_02_08_16_09_42_FLX07110718_Administrator_CS_KK_PG_MM5_Pool_91-1/D_2013_02_09_17_04_09_node2_altSignalProcessing/sff/H37OIGQ01.sff
POOL91-03RL	H37BKPH01	/data/454/raw/2013/R_2013_02_08_11_30_15_FLX08100638_Administrator_CS_KK_PG_MM5_Pool_91-2/D_2013_02_09_15_00_17_node1_altSignalProcessing/sff/H37BKPH01.sff
POOL91-03RL	H37OIGQ02	/data/454/raw/2013/R_2013_02_08_16_09_42_FLX07110718_Administrator_CS_KK_PG_MM5_Pool_91-1/D_2013_02_09_17_04_09_node2_altSignalProcessing/sff/H37OIGQ02.sff
POOL91-03RL	H37BKPH02	/data/454/raw/2013/R_2013_02_08_11_30_15_FLX08100638_Administrator_CS_KK_PG_MM5_Pool_91-2/D_2013_02_09_15_00_17_node1_altSignalProcessing/sff/H37BKPH02.sff
POOL91-04RL	H37OIGQ01	/data/454/raw/2013/R_2013_02_08_16_09_42_FLX07110718_Administrator_CS_KK_PG_MM5_Pool_91-1/D_2013_02_09_17_04_09_node2_altSignalProcessing/sff/H37OIGQ01.sff
POOL91-04RL	H37OIGQ02	/data/454/raw/2013/R_2013_02_08_16_09_42_FLX07110718_Administrator_CS_KK_PG_MM5_Pool_91-1/D_2013_02_09_17_04_09_node2_altSignalProcessing/sff/H37OIGQ02.sff
POOL91-04RL	H37BKPH01	/data/454/raw/2013/R_2013_02_08_11_30_15_FLX08100638_Administrator_CS_KK_PG_MM5_Pool_91-2/D_2013_02_09_15_00_17_node1_altSignalProcessing/sff/H37BKPH01.sff
POOL91-04RL	H37BKPH02	/data/454/raw/2013/R_2013_02_08_11_30_15_FLX08100638_Administrator_CS_KK_PG_MM5_Pool_91-2/D_2013_02_09_15_00_17_node1_altSignalProcessing/sff/H37BKPH02.sff
POOL91-06RL	H37OIGQ01	/data/454/raw/2013/R_2013_02_08_16_09_42_FLX07110718_Administrator_CS_KK_PG_MM5_Pool_91-1/D_2013_02_09_17_04_09_node2_altSignalProcessing/sff/H37OIGQ01.sff
POOL91-06RL	H37BKPH01	/data/454/raw/2013/R_2013_02_08_11_30_15_FLX08100638_Administrator_CS_KK_PG_MM5_Pool_91-2/D_2013_02_09_15_00_17_node1_altSignalProcessing/sff/H37BKPH01.sff
POOL91-06RL	H37OIGQ02	/data/454/raw/2013/R_2013_02_08_16_09_42_FLX07110718_Administrator_CS_KK_PG_MM5_Pool_91-1/D_2013_02_09_17_04_09_node2_altSignalProcessing/sff/H37OIGQ02.sff
POOL91-06RL	H37BKPH02	/data/454/raw/2013/R_2013_02_08_11_30_15_FLX08100638_Administrator_CS_KK_PG_MM5_Pool_91-2/D_2013_02_09_15_00_17_node1_altSignalProcessing/sff/H37BKPH02.sff
POOL91-07RL	H37BKPH01	/data/454/raw/2013/R_2013_02_08_11_30_15_FLX08100638_Administrator_CS_KK_PG_MM5_Pool_91-2/D_2013_02_09_15_00_17_node1_altSignalProcessing/sff/H37BKPH01.sff
POOL91-07RL	H37OIGQ01	/data/454/raw/2013/R_2013_02_08_16_09_42_FLX07110718_Administrator_CS_KK_PG_MM5_Pool_91-1/D_2013_02_09_17_04_09_node2_altSignalProcessing/sff/H37OIGQ01.sff
POOL91-07RL	H37OIGQ02	/data/454/raw/2013/R_2013_02_08_16_09_42_FLX07110718_Administrator_CS_KK_PG_MM5_Pool_91-1/D_2013_02_09_17_04_09_node2_altSignalProcessing/sff/H37OIGQ02.sff
POOL91-07RL	H37BKPH02	/data/454/raw/2013/R_2013_02_08_11_30_15_FLX08100638_Administrator_CS_KK_PG_MM5_Pool_91-2/D_2013_02_09_15_00_17_node1_altSignalProcessing/sff/H37BKPH02.sff
POOL91-09RL	H37OIGQ02	/data/454/raw/2013/R_2013_02_08_16_09_42_FLX07110718_Administrator_CS_KK_PG_MM5_Pool_91-1/D_2013_02_09_17_04_09_node2_altSignalProcessing/sff/H37OIGQ02.sff
POOL91-09RL	H37OIGQ01	/data/454/raw/2013/R_2013_02_08_16_09_42_FLX07110718_Administrator_CS_KK_PG_MM5_Pool_91-1/D_2013_02_09_17_04_09_node2_altSignalProcessing/sff/H37OIGQ01.sff
POOL91-09RL	H37BKPH01	/data/454/raw/2013/R_2013_02_08_11_30_15_FLX08100638_Administrator_CS_KK_PG_MM5_Pool_91-2/D_2013_02_09_15_00_17_node1_altSignalProcessing/sff/H37BKPH01.sff
POOL91-09RL	H37BKPH02	/data/454/raw/2013/R_2013_02_08_11_30_15_FLX08100638_Administrator_CS_KK_PG_MM5_Pool_91-2/D_2013_02_09_15_00_17_node1_altSignalProcessing/sff/H37BKPH02.sff
POOL91-11RL	H37OIGQ01	/data/454/raw/2013/R_2013_02_08_16_09_42_FLX07110718_Administrator_CS_KK_PG_MM5_Pool_91-1/D_2013_02_09_17_04_09_node2_altSignalProcessing/sff/H37OIGQ01.sff
POOL91-11RL	H37OIGQ02	/data/454/raw/2013/R_2013_02_08_16_09_42_FLX07110718_Administrator_CS_KK_PG_MM5_Pool_91-1/D_2013_02_09_17_04_09_node2_altSignalProcessing/sff/H37OIGQ02.sff
POOL91-11RL	H37BKPH01	/data/454/raw/2013/R_2013_02_08_11_30_15_FLX08100638_Administrator_CS_KK_PG_MM5_Pool_91-2/D_2013_02_09_15_00_17_node1_altSignalProcessing/sff/H37BKPH01.sff
POOL91-11RL	H37BKPH02	/data/454/raw/2013/R_2013_02_08_11_30_15_FLX08100638_Administrator_CS_KK_PG_MM5_Pool_91-2/D_2013_02_09_15_00_17_node1_altSignalProcessing/sff/H37BKPH02.sff
POOL91-12RL	H37OIGQ01	/data/454/raw/2013/R_2013_02_08_16_09_42_FLX07110718_Administrator_CS_KK_PG_MM5_Pool_91-1/D_2013_02_09_17_04_09_node2_altSignalProcessing/sff/H37OIGQ01.sff
POOL91-12RL	H37OIGQ02	/data/454/raw/2013/R_2013_02_08_16_09_42_FLX07110718_Administrator_CS_KK_PG_MM5_Pool_91-1/D_2013_02_09_17_04_09_node2_altSignalProcessing/sff/H37OIGQ02.sff
POOL91-12RL	H37BKPH01	/data/454/raw/2013/R_2013_02_08_11_30_15_FLX08100638_Administrator_CS_KK_PG_MM5_Pool_91-2/D_2013_02_09_15_00_17_node1_altSignalProcessing/sff/H37BKPH01.sff
POOL91-12RL	H37BKPH02	/data/454/raw/2013/R_2013_02_08_11_30_15_FLX08100638_Administrator_CS_KK_PG_MM5_Pool_91-2/D_2013_02_09_15_00_17_node1_altSignalProcessing/sff/H37BKPH02.sff
POOL92-01RL	H4E4UPH01	/data/454/raw/2013/R_2013_02_12_16_45_51_FLX08100636_Administrator_JK_CS_KK_PG_MM5_Pool_92-1/D_2013_02_13_16_53_21_node2_signalProcessing/sff/H4E4UPH01.sff
POOL92-01RL	H4E4UPH02	/data/454/raw/2013/R_2013_02_12_16_45_51_FLX08100636_Administrator_JK_CS_KK_PG_MM5_Pool_92-1/D_2013_02_13_16_53_21_node2_signalProcessing/sff/H4E4UPH02.sff
POOL92-01RL	H4E4VML01	/data/454/raw/2013/R_2013_02_12_16_46_24_FLX08100638_Administrator_JK_CS_KK_PG_MM5_Pool_92-2/D_2013_02_14_10_12_28_node2_signalProcessing/sff/H4E4VML01.sff
POOL92-01RL	H4E4VML02	/data/454/raw/2013/R_2013_02_12_16_46_24_FLX08100638_Administrator_JK_CS_KK_PG_MM5_Pool_92-2/D_2013_02_14_10_12_28_node2_signalProcessing/sff/H4E4VML02.sff
POOL92-02RL	H4E4UPH01	/data/454/raw/2013/R_2013_02_12_16_45_51_FLX08100636_Administrator_JK_CS_KK_PG_MM5_Pool_92-1/D_2013_02_13_16_53_21_node2_signalProcessing/sff/H4E4UPH01.sff
POOL92-02RL	H4E4UPH02	/data/454/raw/2013/R_2013_02_12_16_45_51_FLX08100636_Administrator_JK_CS_KK_PG_MM5_Pool_92-1/D_2013_02_13_16_53_21_node2_signalProcessing/sff/H4E4UPH02.sff
POOL92-02RL	H4E4VML01	/data/454/raw/2013/R_2013_02_12_16_46_24_FLX08100638_Administrator_JK_CS_KK_PG_MM5_Pool_92-2/D_2013_02_14_10_12_28_node2_signalProcessing/sff/H4E4VML01.sff
POOL92-02RL	H4E4VML02	/data/454/raw/2013/R_2013_02_12_16_46_24_FLX08100638_Administrator_JK_CS_KK_PG_MM5_Pool_92-2/D_2013_02_14_10_12_28_node2_signalProcessing/sff/H4E4VML02.sff
POOL92-03RL	H4E4UPH01	/data/454/raw/2013/R_2013_02_12_16_45_51_FLX08100636_Administrator_JK_CS_KK_PG_MM5_Pool_92-1/D_2013_02_13_16_53_21_node2_signalProcessing/sff/H4E4UPH01.sff
POOL92-03RL	H4E4UPH02	/data/454/raw/2013/R_2013_02_12_16_45_51_FLX08100636_Administrator_JK_CS_KK_PG_MM5_Pool_92-1/D_2013_02_13_16_53_21_node2_signalProcessing/sff/H4E4UPH02.sff
POOL92-03RL	H4E4VML01	/data/454/raw/2013/R_2013_02_12_16_46_24_FLX08100638_Administrator_JK_CS_KK_PG_MM5_Pool_92-2/D_2013_02_14_10_12_28_node2_signalProcessing/sff/H4E4VML01.sff
POOL92-03RL	H4E4VML02	/data/454/raw/2013/R_2013_02_12_16_46_24_FLX08100638_Administrator_JK_CS_KK_PG_MM5_Pool_92-2/D_2013_02_14_10_12_28_node2_signalProcessing/sff/H4E4VML02.sff
POOL92-06RL	H4E4UPH01	/data/454/raw/2013/R_2013_02_12_16_45_51_FLX08100636_Administrator_JK_CS_KK_PG_MM5_Pool_92-1/D_2013_02_13_16_53_21_node2_signalProcessing/sff/H4E4UPH01.sff
POOL92-06RL	H4E4UPH02	/data/454/raw/2013/R_2013_02_12_16_45_51_FLX08100636_Administrator_JK_CS_KK_PG_MM5_Pool_92-1/D_2013_02_13_16_53_21_node2_signalProcessing/sff/H4E4UPH02.sff
POOL92-06RL	H4E4VML01	/data/454/raw/2013/R_2013_02_12_16_46_24_FLX08100638_Administrator_JK_CS_KK_PG_MM5_Pool_92-2/D_2013_02_14_10_12_28_node2_signalProcessing/sff/H4E4VML01.sff
POOL92-06RL	H4E4VML02	/data/454/raw/2013/R_2013_02_12_16_46_24_FLX08100638_Administrator_JK_CS_KK_PG_MM5_Pool_92-2/D_2013_02_14_10_12_28_node2_signalProcessing/sff/H4E4VML02.sff
POOL92-08RL	H4E4UPH01	/data/454/raw/2013/R_2013_02_12_16_45_51_FLX08100636_Administrator_JK_CS_KK_PG_MM5_Pool_92-1/D_2013_02_13_16_53_21_node2_signalProcessing/sff/H4E4UPH01.sff
POOL92-08RL	H4E4UPH02	/data/454/raw/2013/R_2013_02_12_16_45_51_FLX08100636_Administrator_JK_CS_KK_PG_MM5_Pool_92-1/D_2013_02_13_16_53_21_node2_signalProcessing/sff/H4E4UPH02.sff
POOL92-08RL	H4E4VML01	/data/454/raw/2013/R_2013_02_12_16_46_24_FLX08100638_Administrator_JK_CS_KK_PG_MM5_Pool_92-2/D_2013_02_14_10_12_28_node2_signalProcessing/sff/H4E4VML01.sff
POOL92-08RL	H4E4VML02	/data/454/raw/2013/R_2013_02_12_16_46_24_FLX08100638_Administrator_JK_CS_KK_PG_MM5_Pool_92-2/D_2013_02_14_10_12_28_node2_signalProcessing/sff/H4E4VML02.sff
POOL92-10RL	H4E4UPH01	/data/454/raw/2013/R_2013_02_12_16_45_51_FLX08100636_Administrator_JK_CS_KK_PG_MM5_Pool_92-1/D_2013_02_13_16_53_21_node2_signalProcessing/sff/H4E4UPH01.sff
POOL92-10RL	H4E4UPH02	/data/454/raw/2013/R_2013_02_12_16_45_51_FLX08100636_Administrator_JK_CS_KK_PG_MM5_Pool_92-1/D_2013_02_13_16_53_21_node2_signalProcessing/sff/H4E4UPH02.sff
POOL92-10RL	H4E4VML01	/data/454/raw/2013/R_2013_02_12_16_46_24_FLX08100638_Administrator_JK_CS_KK_PG_MM5_Pool_92-2/D_2013_02_14_10_12_28_node2_signalProcessing/sff/H4E4VML01.sff
POOL92-10RL	H4E4VML02	/data/454/raw/2013/R_2013_02_12_16_46_24_FLX08100638_Administrator_JK_CS_KK_PG_MM5_Pool_92-2/D_2013_02_14_10_12_28_node2_signalProcessing/sff/H4E4VML02.sff
POOL92-11RL	H4E4UPH01	/data/454/raw/2013/R_2013_02_12_16_45_51_FLX08100636_Administrator_JK_CS_KK_PG_MM5_Pool_92-1/D_2013_02_13_16_53_21_node2_signalProcessing/sff/H4E4UPH01.sff
POOL92-11RL	H4E4UPH02	/data/454/raw/2013/R_2013_02_12_16_45_51_FLX08100636_Administrator_JK_CS_KK_PG_MM5_Pool_92-1/D_2013_02_13_16_53_21_node2_signalProcessing/sff/H4E4UPH02.sff
POOL92-11RL	H4E4VML01	/data/454/raw/2013/R_2013_02_12_16_46_24_FLX08100638_Administrator_JK_CS_KK_PG_MM5_Pool_92-2/D_2013_02_14_10_12_28_node2_signalProcessing/sff/H4E4VML01.sff
POOL92-11RL	H4E4VML02	/data/454/raw/2013/R_2013_02_12_16_46_24_FLX08100638_Administrator_JK_CS_KK_PG_MM5_Pool_92-2/D_2013_02_14_10_12_28_node2_signalProcessing/sff/H4E4VML02.sff
POOL92-12RL	H4E4UPH01	/data/454/raw/2013/R_2013_02_12_16_45_51_FLX08100636_Administrator_JK_CS_KK_PG_MM5_Pool_92-1/D_2013_02_13_16_53_21_node2_signalProcessing/sff/H4E4UPH01.sff
POOL92-12RL	H4E4UPH02	/data/454/raw/2013/R_2013_02_12_16_45_51_FLX08100636_Administrator_JK_CS_KK_PG_MM5_Pool_92-1/D_2013_02_13_16_53_21_node2_signalProcessing/sff/H4E4UPH02.sff
POOL92-12RL	H4E4VML01	/data/454/raw/2013/R_2013_02_12_16_46_24_FLX08100638_Administrator_JK_CS_KK_PG_MM5_Pool_92-2/D_2013_02_14_10_12_28_node2_signalProcessing/sff/H4E4VML01.sff
POOL92-12RL	H4E4VML02	/data/454/raw/2013/R_2013_02_12_16_46_24_FLX08100638_Administrator_JK_CS_KK_PG_MM5_Pool_92-2/D_2013_02_14_10_12_28_node2_signalProcessing/sff/H4E4VML02.sff
POOL93-01RL	H4PUW3D01	/data/454/raw/2013/R_2013_02_18_11_44_53_FLX07110718_Administrator_PB_JK_KK_PopGen_Pool_93_1/D_2013_02_19_11_08_19_node2_signalProcessing/sff/H4PUW3D01.sff
POOL93-01RL	H4PUW3D02	/data/454/raw/2013/R_2013_02_18_11_44_53_FLX07110718_Administrator_PB_JK_KK_PopGen_Pool_93_1/D_2013_02_19_11_08_19_node2_signalProcessing/sff/H4PUW3D02.sff
POOL93-01RL	H4PWR4W01	/data/454/raw/2013/R_2013_02_18_12_25_06_FLX08100636_Administrator_PB_JK_KK_PopGen_MM5Pool_93_2/D_2013_02_19_10_29_41_node1_signalProcessing/sff/H4PWR4W01.sff
POOL93-01RL	H4PWR4W02	/data/454/raw/2013/R_2013_02_18_12_25_06_FLX08100636_Administrator_PB_JK_KK_PopGen_MM5Pool_93_2/D_2013_02_19_10_29_41_node1_signalProcessing/sff/H4PWR4W02.sff
POOL93-06RL	H4PUW3D01	/data/454/raw/2013/R_2013_02_18_11_44_53_FLX07110718_Administrator_PB_JK_KK_PopGen_Pool_93_1/D_2013_02_19_11_08_19_node2_signalProcessing/sff/H4PUW3D01.sff
POOL93-06RL	H4PUW3D02	/data/454/raw/2013/R_2013_02_18_11_44_53_FLX07110718_Administrator_PB_JK_KK_PopGen_Pool_93_1/D_2013_02_19_11_08_19_node2_signalProcessing/sff/H4PUW3D02.sff
POOL93-06RL	H4PWR4W01	/data/454/raw/2013/R_2013_02_18_12_25_06_FLX08100636_Administrator_PB_JK_KK_PopGen_MM5Pool_93_2/D_2013_02_19_10_29_41_node1_signalProcessing/sff/H4PWR4W01.sff
POOL93-06RL	H4PWR4W02	/data/454/raw/2013/R_2013_02_18_12_25_06_FLX08100636_Administrator_PB_JK_KK_PopGen_MM5Pool_93_2/D_2013_02_19_10_29_41_node1_signalProcessing/sff/H4PWR4W02.sff
POOL93-07RL	H4PUW3D01	/data/454/raw/2013/R_2013_02_18_11_44_53_FLX07110718_Administrator_PB_JK_KK_PopGen_Pool_93_1/D_2013_02_19_11_08_19_node2_signalProcessing/sff/H4PUW3D01.sff
POOL93-07RL	H4PUW3D02	/data/454/raw/2013/R_2013_02_18_11_44_53_FLX07110718_Administrator_PB_JK_KK_PopGen_Pool_93_1/D_2013_02_19_11_08_19_node2_signalProcessing/sff/H4PUW3D02.sff
POOL93-07RL	H4PWR4W01	/data/454/raw/2013/R_2013_02_18_12_25_06_FLX08100636_Administrator_PB_JK_KK_PopGen_MM5Pool_93_2/D_2013_02_19_10_29_41_node1_signalProcessing/sff/H4PWR4W01.sff
POOL93-07RL	H4PWR4W02	/data/454/raw/2013/R_2013_02_18_12_25_06_FLX08100636_Administrator_PB_JK_KK_PopGen_MM5Pool_93_2/D_2013_02_19_10_29_41_node1_signalProcessing/sff/H4PWR4W02.sff
POOL93-08RL	H4PUW3D01	/data/454/raw/2013/R_2013_02_18_11_44_53_FLX07110718_Administrator_PB_JK_KK_PopGen_Pool_93_1/D_2013_02_19_11_08_19_node2_signalProcessing/sff/H4PUW3D01.sff
POOL93-08RL	H4PUW3D02	/data/454/raw/2013/R_2013_02_18_11_44_53_FLX07110718_Administrator_PB_JK_KK_PopGen_Pool_93_1/D_2013_02_19_11_08_19_node2_signalProcessing/sff/H4PUW3D02.sff
POOL93-08RL	H4PWR4W01	/data/454/raw/2013/R_2013_02_18_12_25_06_FLX08100636_Administrator_PB_JK_KK_PopGen_MM5Pool_93_2/D_2013_02_19_10_29_41_node1_signalProcessing/sff/H4PWR4W01.sff
POOL93-08RL	H4PWR4W02	/data/454/raw/2013/R_2013_02_18_12_25_06_FLX08100636_Administrator_PB_JK_KK_PopGen_MM5Pool_93_2/D_2013_02_19_10_29_41_node1_signalProcessing/sff/H4PWR4W02.sff
POOL93-09RL	H4PUW3D01	/data/454/raw/2013/R_2013_02_18_11_44_53_FLX07110718_Administrator_PB_JK_KK_PopGen_Pool_93_1/D_2013_02_19_11_08_19_node2_signalProcessing/sff/H4PUW3D01.sff
POOL93-09RL	H4PUW3D02	/data/454/raw/2013/R_2013_02_18_11_44_53_FLX07110718_Administrator_PB_JK_KK_PopGen_Pool_93_1/D_2013_02_19_11_08_19_node2_signalProcessing/sff/H4PUW3D02.sff
POOL93-09RL	H4PWR4W01	/data/454/raw/2013/R_2013_02_18_12_25_06_FLX08100636_Administrator_PB_JK_KK_PopGen_MM5Pool_93_2/D_2013_02_19_10_29_41_node1_signalProcessing/sff/H4PWR4W01.sff
POOL93-09RL	H4PWR4W02	/data/454/raw/2013/R_2013_02_18_12_25_06_FLX08100636_Administrator_PB_JK_KK_PopGen_MM5Pool_93_2/D_2013_02_19_10_29_41_node1_signalProcessing/sff/H4PWR4W02.sff
POOL93-10RL	H4PWR4W01	/data/454/raw/2013/R_2013_02_18_12_25_06_FLX08100636_Administrator_PB_JK_KK_PopGen_MM5Pool_93_2/D_2013_02_19_10_29_41_node1_signalProcessing/sff/H4PWR4W01.sff
POOL93-10RL	H4PUW3D02	/data/454/raw/2013/R_2013_02_18_11_44_53_FLX07110718_Administrator_PB_JK_KK_PopGen_Pool_93_1/D_2013_02_19_11_08_19_node2_signalProcessing/sff/H4PUW3D02.sff
POOL93-10RL	H4PWR4W02	/data/454/raw/2013/R_2013_02_18_12_25_06_FLX08100636_Administrator_PB_JK_KK_PopGen_MM5Pool_93_2/D_2013_02_19_10_29_41_node1_signalProcessing/sff/H4PWR4W02.sff
POOL93-10RL	H4PUW3D01	/data/454/raw/2013/R_2013_02_18_11_44_53_FLX07110718_Administrator_PB_JK_KK_PopGen_Pool_93_1/D_2013_02_19_11_08_19_node2_signalProcessing/sff/H4PUW3D01.sff
POOL93-11RL	H4PUW3D01	/data/454/raw/2013/R_2013_02_18_11_44_53_FLX07110718_Administrator_PB_JK_KK_PopGen_Pool_93_1/D_2013_02_19_11_08_19_node2_signalProcessing/sff/H4PUW3D01.sff
POOL93-11RL	H4PUW3D02	/data/454/raw/2013/R_2013_02_18_11_44_53_FLX07110718_Administrator_PB_JK_KK_PopGen_Pool_93_1/D_2013_02_19_11_08_19_node2_signalProcessing/sff/H4PUW3D02.sff
POOL93-11RL	H4PWR4W01	/data/454/raw/2013/R_2013_02_18_12_25_06_FLX08100636_Administrator_PB_JK_KK_PopGen_MM5Pool_93_2/D_2013_02_19_10_29_41_node1_signalProcessing/sff/H4PWR4W01.sff
POOL93-11RL	H4PWR4W02	/data/454/raw/2013/R_2013_02_18_12_25_06_FLX08100636_Administrator_PB_JK_KK_PopGen_MM5Pool_93_2/D_2013_02_19_10_29_41_node1_signalProcessing/sff/H4PWR4W02.sff
POOL93-12RL	H4PUW3D01	/data/454/raw/2013/R_2013_02_18_11_44_53_FLX07110718_Administrator_PB_JK_KK_PopGen_Pool_93_1/D_2013_02_19_11_08_19_node2_signalProcessing/sff/H4PUW3D01.sff
POOL93-12RL	H4PUW3D02	/data/454/raw/2013/R_2013_02_18_11_44_53_FLX07110718_Administrator_PB_JK_KK_PopGen_Pool_93_1/D_2013_02_19_11_08_19_node2_signalProcessing/sff/H4PUW3D02.sff
POOL93-12RL	H4PWR4W01	/data/454/raw/2013/R_2013_02_18_12_25_06_FLX08100636_Administrator_PB_JK_KK_PopGen_MM5Pool_93_2/D_2013_02_19_10_29_41_node1_signalProcessing/sff/H4PWR4W01.sff
POOL93-12RL	H4PWR4W02	/data/454/raw/2013/R_2013_02_18_12_25_06_FLX08100636_Administrator_PB_JK_KK_PopGen_MM5Pool_93_2/D_2013_02_19_10_29_41_node1_signalProcessing/sff/H4PWR4W02.sff
POOL94-01RL	H4KITRJ02	/data/454/raw/2013/R_2013_02_15_14_35_41_FLX07110718_Administrator_PB_CS_PG_MM5_Pool_94-1/D_2013_02_16_23_44_44_node1_signalProcessing/sff/H4KITRJ02.sff
POOL94-01RL	H4KITRJ01	/data/454/raw/2013/R_2013_02_15_14_35_41_FLX07110718_Administrator_PB_CS_PG_MM5_Pool_94-1/D_2013_02_16_23_44_44_node1_signalProcessing/sff/H4KITRJ01.sff
POOL94-01RL	H5Q9A8V01	/data/454/raw/2013/R_2013_03_06_16_26_58_FLX07110718_Administrator_JK_CS_KK_PG_MM5_Pool_94-2/D_2013_03_07_16_26_07_node2_signalProcessing/sff/H5Q9A8V01.sff
POOL94-01RL	H5Q9A8V02	/data/454/raw/2013/R_2013_03_06_16_26_58_FLX07110718_Administrator_JK_CS_KK_PG_MM5_Pool_94-2/D_2013_03_07_16_26_07_node2_signalProcessing/sff/H5Q9A8V02.sff
POOL94-05RL	H4KITRJ02	/data/454/raw/2013/R_2013_02_15_14_35_41_FLX07110718_Administrator_PB_CS_PG_MM5_Pool_94-1/D_2013_02_16_23_44_44_node1_signalProcessing/sff/H4KITRJ02.sff
POOL94-05RL	H4KITRJ01	/data/454/raw/2013/R_2013_02_15_14_35_41_FLX07110718_Administrator_PB_CS_PG_MM5_Pool_94-1/D_2013_02_16_23_44_44_node1_signalProcessing/sff/H4KITRJ01.sff
POOL94-05RL	H5Q9A8V01	/data/454/raw/2013/R_2013_03_06_16_26_58_FLX07110718_Administrator_JK_CS_KK_PG_MM5_Pool_94-2/D_2013_03_07_16_26_07_node2_signalProcessing/sff/H5Q9A8V01.sff
POOL94-05RL	H5Q9A8V02	/data/454/raw/2013/R_2013_03_06_16_26_58_FLX07110718_Administrator_JK_CS_KK_PG_MM5_Pool_94-2/D_2013_03_07_16_26_07_node2_signalProcessing/sff/H5Q9A8V02.sff
POOL94-06RL	H4KITRJ01	/data/454/raw/2013/R_2013_02_15_14_35_41_FLX07110718_Administrator_PB_CS_PG_MM5_Pool_94-1/D_2013_02_16_23_44_44_node1_signalProcessing/sff/H4KITRJ01.sff
POOL94-06RL	H4KITRJ02	/data/454/raw/2013/R_2013_02_15_14_35_41_FLX07110718_Administrator_PB_CS_PG_MM5_Pool_94-1/D_2013_02_16_23_44_44_node1_signalProcessing/sff/H4KITRJ02.sff
POOL94-06RL	H5Q9A8V02	/data/454/raw/2013/R_2013_03_06_16_26_58_FLX07110718_Administrator_JK_CS_KK_PG_MM5_Pool_94-2/D_2013_03_07_16_26_07_node2_signalProcessing/sff/H5Q9A8V02.sff
POOL94-06RL	H5Q9A8V01	/data/454/raw/2013/R_2013_03_06_16_26_58_FLX07110718_Administrator_JK_CS_KK_PG_MM5_Pool_94-2/D_2013_03_07_16_26_07_node2_signalProcessing/sff/H5Q9A8V01.sff
POOL94-08RL	H4KITRJ02	/data/454/raw/2013/R_2013_02_15_14_35_41_FLX07110718_Administrator_PB_CS_PG_MM5_Pool_94-1/D_2013_02_16_23_44_44_node1_signalProcessing/sff/H4KITRJ02.sff
POOL94-08RL	H5Q9A8V01	/data/454/raw/2013/R_2013_03_06_16_26_58_FLX07110718_Administrator_JK_CS_KK_PG_MM5_Pool_94-2/D_2013_03_07_16_26_07_node2_signalProcessing/sff/H5Q9A8V01.sff
POOL94-08RL	H4KITRJ01	/data/454/raw/2013/R_2013_02_15_14_35_41_FLX07110718_Administrator_PB_CS_PG_MM5_Pool_94-1/D_2013_02_16_23_44_44_node1_signalProcessing/sff/H4KITRJ01.sff
POOL94-08RL	H5Q9A8V02	/data/454/raw/2013/R_2013_03_06_16_26_58_FLX07110718_Administrator_JK_CS_KK_PG_MM5_Pool_94-2/D_2013_03_07_16_26_07_node2_signalProcessing/sff/H5Q9A8V02.sff
POOL94-09RL	H4KITRJ01	/data/454/raw/2013/R_2013_02_15_14_35_41_FLX07110718_Administrator_PB_CS_PG_MM5_Pool_94-1/D_2013_02_16_23_44_44_node1_signalProcessing/sff/H4KITRJ01.sff
POOL94-09RL	H4KITRJ02	/data/454/raw/2013/R_2013_02_15_14_35_41_FLX07110718_Administrator_PB_CS_PG_MM5_Pool_94-1/D_2013_02_16_23_44_44_node1_signalProcessing/sff/H4KITRJ02.sff
POOL94-09RL	H5Q9A8V01	/data/454/raw/2013/R_2013_03_06_16_26_58_FLX07110718_Administrator_JK_CS_KK_PG_MM5_Pool_94-2/D_2013_03_07_16_26_07_node2_signalProcessing/sff/H5Q9A8V01.sff
POOL94-09RL	H5Q9A8V02	/data/454/raw/2013/R_2013_03_06_16_26_58_FLX07110718_Administrator_JK_CS_KK_PG_MM5_Pool_94-2/D_2013_03_07_16_26_07_node2_signalProcessing/sff/H5Q9A8V02.sff
POOL94-10RL	H4KITRJ02	/data/454/raw/2013/R_2013_02_15_14_35_41_FLX07110718_Administrator_PB_CS_PG_MM5_Pool_94-1/D_2013_02_16_23_44_44_node1_signalProcessing/sff/H4KITRJ02.sff
POOL94-10RL	H4KITRJ01	/data/454/raw/2013/R_2013_02_15_14_35_41_FLX07110718_Administrator_PB_CS_PG_MM5_Pool_94-1/D_2013_02_16_23_44_44_node1_signalProcessing/sff/H4KITRJ01.sff
POOL94-10RL	H5Q9A8V01	/data/454/raw/2013/R_2013_03_06_16_26_58_FLX07110718_Administrator_JK_CS_KK_PG_MM5_Pool_94-2/D_2013_03_07_16_26_07_node2_signalProcessing/sff/H5Q9A8V01.sff
POOL94-10RL	H5Q9A8V02	/data/454/raw/2013/R_2013_03_06_16_26_58_FLX07110718_Administrator_JK_CS_KK_PG_MM5_Pool_94-2/D_2013_03_07_16_26_07_node2_signalProcessing/sff/H5Q9A8V02.sff
POOL94-11RL	H4KITRJ02	/data/454/raw/2013/R_2013_02_15_14_35_41_FLX07110718_Administrator_PB_CS_PG_MM5_Pool_94-1/D_2013_02_16_23_44_44_node1_signalProcessing/sff/H4KITRJ02.sff
POOL94-11RL	H4KITRJ01	/data/454/raw/2013/R_2013_02_15_14_35_41_FLX07110718_Administrator_PB_CS_PG_MM5_Pool_94-1/D_2013_02_16_23_44_44_node1_signalProcessing/sff/H4KITRJ01.sff
POOL94-11RL	H5Q9A8V02	/data/454/raw/2013/R_2013_03_06_16_26_58_FLX07110718_Administrator_JK_CS_KK_PG_MM5_Pool_94-2/D_2013_03_07_16_26_07_node2_signalProcessing/sff/H5Q9A8V02.sff
POOL94-11RL	H5Q9A8V01	/data/454/raw/2013/R_2013_03_06_16_26_58_FLX07110718_Administrator_JK_CS_KK_PG_MM5_Pool_94-2/D_2013_03_07_16_26_07_node2_signalProcessing/sff/H5Q9A8V01.sff
POOL94-12RL	H5Q9A8V02	/data/454/raw/2013/R_2013_03_06_16_26_58_FLX07110718_Administrator_JK_CS_KK_PG_MM5_Pool_94-2/D_2013_03_07_16_26_07_node2_signalProcessing/sff/H5Q9A8V02.sff
POOL94-12RL	H4KITRJ01	/data/454/raw/2013/R_2013_02_15_14_35_41_FLX07110718_Administrator_PB_CS_PG_MM5_Pool_94-1/D_2013_02_16_23_44_44_node1_signalProcessing/sff/H4KITRJ01.sff
POOL94-12RL	H4KITRJ02	/data/454/raw/2013/R_2013_02_15_14_35_41_FLX07110718_Administrator_PB_CS_PG_MM5_Pool_94-1/D_2013_02_16_23_44_44_node1_signalProcessing/sff/H4KITRJ02.sff
POOL94-12RL	H5Q9A8V01	/data/454/raw/2013/R_2013_03_06_16_26_58_FLX07110718_Administrator_JK_CS_KK_PG_MM5_Pool_94-2/D_2013_03_07_16_26_07_node2_signalProcessing/sff/H5Q9A8V01.sff
POOL95-01RL	H4KKOLQ01	/data/454/raw/2013/R_2013_02_15_15_15_47_FLX08100636_Administrator_PB_CS_MM5_Pool_95-1/D_2013_02_16_23_45_56_node2_signalProcessing/sff/H4KKOLQ01.sff
POOL95-01RL	H5RA6CN01	/data/454/raw/2013/R_2013_03_06_17_07_14_FLX08100636_Administrator_JK_CS_KK_PG_MM5_Pool_95-2/D_2013_03_07_15_35_24_node1_signalProcessing/sff/H5RA6CN01.sff
POOL95-01RL	H4KKOLQ02	/data/454/raw/2013/R_2013_02_15_15_15_47_FLX08100636_Administrator_PB_CS_MM5_Pool_95-1/D_2013_02_16_23_45_56_node2_signalProcessing/sff/H4KKOLQ02.sff
POOL95-01RL	H5RA6CN02	/data/454/raw/2013/R_2013_03_06_17_07_14_FLX08100636_Administrator_JK_CS_KK_PG_MM5_Pool_95-2/D_2013_03_07_15_35_24_node1_signalProcessing/sff/H5RA6CN02.sff
POOL95-02RL	H5RA6CN02	/data/454/raw/2013/R_2013_03_06_17_07_14_FLX08100636_Administrator_JK_CS_KK_PG_MM5_Pool_95-2/D_2013_03_07_15_35_24_node1_signalProcessing/sff/H5RA6CN02.sff
POOL95-02RL	H4KKOLQ01	/data/454/raw/2013/R_2013_02_15_15_15_47_FLX08100636_Administrator_PB_CS_MM5_Pool_95-1/D_2013_02_16_23_45_56_node2_signalProcessing/sff/H4KKOLQ01.sff
POOL95-02RL	H5RA6CN01	/data/454/raw/2013/R_2013_03_06_17_07_14_FLX08100636_Administrator_JK_CS_KK_PG_MM5_Pool_95-2/D_2013_03_07_15_35_24_node1_signalProcessing/sff/H5RA6CN01.sff
POOL95-02RL	H4KKOLQ02	/data/454/raw/2013/R_2013_02_15_15_15_47_FLX08100636_Administrator_PB_CS_MM5_Pool_95-1/D_2013_02_16_23_45_56_node2_signalProcessing/sff/H4KKOLQ02.sff
POOL95-04RL	H4KKOLQ01	/data/454/raw/2013/R_2013_02_15_15_15_47_FLX08100636_Administrator_PB_CS_MM5_Pool_95-1/D_2013_02_16_23_45_56_node2_signalProcessing/sff/H4KKOLQ01.sff
POOL95-04RL	H4KKOLQ02	/data/454/raw/2013/R_2013_02_15_15_15_47_FLX08100636_Administrator_PB_CS_MM5_Pool_95-1/D_2013_02_16_23_45_56_node2_signalProcessing/sff/H4KKOLQ02.sff
POOL95-04RL	H5RA6CN02	/data/454/raw/2013/R_2013_03_06_17_07_14_FLX08100636_Administrator_JK_CS_KK_PG_MM5_Pool_95-2/D_2013_03_07_15_35_24_node1_signalProcessing/sff/H5RA6CN02.sff
POOL95-04RL	H5RA6CN01	/data/454/raw/2013/R_2013_03_06_17_07_14_FLX08100636_Administrator_JK_CS_KK_PG_MM5_Pool_95-2/D_2013_03_07_15_35_24_node1_signalProcessing/sff/H5RA6CN01.sff
POOL95-08RL	H4KKOLQ02	/data/454/raw/2013/R_2013_02_15_15_15_47_FLX08100636_Administrator_PB_CS_MM5_Pool_95-1/D_2013_02_16_23_45_56_node2_signalProcessing/sff/H4KKOLQ02.sff
POOL95-08RL	H4KKOLQ01	/data/454/raw/2013/R_2013_02_15_15_15_47_FLX08100636_Administrator_PB_CS_MM5_Pool_95-1/D_2013_02_16_23_45_56_node2_signalProcessing/sff/H4KKOLQ01.sff
POOL95-08RL	H5RA6CN01	/data/454/raw/2013/R_2013_03_06_17_07_14_FLX08100636_Administrator_JK_CS_KK_PG_MM5_Pool_95-2/D_2013_03_07_15_35_24_node1_signalProcessing/sff/H5RA6CN01.sff
POOL95-08RL	H5RA6CN02	/data/454/raw/2013/R_2013_03_06_17_07_14_FLX08100636_Administrator_JK_CS_KK_PG_MM5_Pool_95-2/D_2013_03_07_15_35_24_node1_signalProcessing/sff/H5RA6CN02.sff
POOL95-10RL	H4KKOLQ02	/data/454/raw/2013/R_2013_02_15_15_15_47_FLX08100636_Administrator_PB_CS_MM5_Pool_95-1/D_2013_02_16_23_45_56_node2_signalProcessing/sff/H4KKOLQ02.sff
POOL95-10RL	H4KKOLQ01	/data/454/raw/2013/R_2013_02_15_15_15_47_FLX08100636_Administrator_PB_CS_MM5_Pool_95-1/D_2013_02_16_23_45_56_node2_signalProcessing/sff/H4KKOLQ01.sff
POOL95-10RL	H5RA6CN01	/data/454/raw/2013/R_2013_03_06_17_07_14_FLX08100636_Administrator_JK_CS_KK_PG_MM5_Pool_95-2/D_2013_03_07_15_35_24_node1_signalProcessing/sff/H5RA6CN01.sff
POOL95-10RL	H5RA6CN02	/data/454/raw/2013/R_2013_03_06_17_07_14_FLX08100636_Administrator_JK_CS_KK_PG_MM5_Pool_95-2/D_2013_03_07_15_35_24_node1_signalProcessing/sff/H5RA6CN02.sff
POOL95-12RL	H4KKOLQ01	/data/454/raw/2013/R_2013_02_15_15_15_47_FLX08100636_Administrator_PB_CS_MM5_Pool_95-1/D_2013_02_16_23_45_56_node2_signalProcessing/sff/H4KKOLQ01.sff
POOL95-12RL	H5RA6CN01	/data/454/raw/2013/R_2013_03_06_17_07_14_FLX08100636_Administrator_JK_CS_KK_PG_MM5_Pool_95-2/D_2013_03_07_15_35_24_node1_signalProcessing/sff/H5RA6CN01.sff
POOL95-12RL	H4KKOLQ02	/data/454/raw/2013/R_2013_02_15_15_15_47_FLX08100636_Administrator_PB_CS_MM5_Pool_95-1/D_2013_02_16_23_45_56_node2_signalProcessing/sff/H4KKOLQ02.sff
POOL95-12RL	H5RA6CN02	/data/454/raw/2013/R_2013_03_06_17_07_14_FLX08100636_Administrator_JK_CS_KK_PG_MM5_Pool_95-2/D_2013_03_07_15_35_24_node1_signalProcessing/sff/H5RA6CN02.sff
POOL96-01RL	H4KKNTN01	/data/454/raw/2013/R_2013_02_15_15_15_19_FLX08100638_Administrator_PB_CS_PG_MM5_POOL_96-1/D_2013_02_16_23_47_00_node3_signalProcessing/sff/H4KKNTN01.sff
POOL96-01RL	H4KKNTN02	/data/454/raw/2013/R_2013_02_15_15_15_19_FLX08100638_Administrator_PB_CS_PG_MM5_POOL_96-1/D_2013_02_16_23_47_00_node3_signalProcessing/sff/H4KKNTN02.sff
POOL96-01RL	H4VPETU02	/data/454/raw/2013/R_2013_02_21_15_31_31_FLX07110718_Administrator_JK_PB_KK_PpoGen_MM5_Pool_96_2/D_2013_02_22_15_33_16_node2_signalProcessing/sff/H4VPETU02.sff
POOL96-01RL	H4VPETU01	/data/454/raw/2013/R_2013_02_21_15_31_31_FLX07110718_Administrator_JK_PB_KK_PpoGen_MM5_Pool_96_2/D_2013_02_22_15_33_16_node2_signalProcessing/sff/H4VPETU01.sff
POOL96-02RL	H4KKNTN01	/data/454/raw/2013/R_2013_02_15_15_15_19_FLX08100638_Administrator_PB_CS_PG_MM5_POOL_96-1/D_2013_02_16_23_47_00_node3_signalProcessing/sff/H4KKNTN01.sff
POOL96-02RL	H4VPETU02	/data/454/raw/2013/R_2013_02_21_15_31_31_FLX07110718_Administrator_JK_PB_KK_PpoGen_MM5_Pool_96_2/D_2013_02_22_15_33_16_node2_signalProcessing/sff/H4VPETU02.sff
POOL96-02RL	H4VPETU01	/data/454/raw/2013/R_2013_02_21_15_31_31_FLX07110718_Administrator_JK_PB_KK_PpoGen_MM5_Pool_96_2/D_2013_02_22_15_33_16_node2_signalProcessing/sff/H4VPETU01.sff
POOL96-02RL	H4KKNTN02	/data/454/raw/2013/R_2013_02_15_15_15_19_FLX08100638_Administrator_PB_CS_PG_MM5_POOL_96-1/D_2013_02_16_23_47_00_node3_signalProcessing/sff/H4KKNTN02.sff
POOL96-03RL	H4KKNTN01	/data/454/raw/2013/R_2013_02_15_15_15_19_FLX08100638_Administrator_PB_CS_PG_MM5_POOL_96-1/D_2013_02_16_23_47_00_node3_signalProcessing/sff/H4KKNTN01.sff
POOL96-03RL	H4KKNTN02	/data/454/raw/2013/R_2013_02_15_15_15_19_FLX08100638_Administrator_PB_CS_PG_MM5_POOL_96-1/D_2013_02_16_23_47_00_node3_signalProcessing/sff/H4KKNTN02.sff
POOL96-03RL	H4VPETU01	/data/454/raw/2013/R_2013_02_21_15_31_31_FLX07110718_Administrator_JK_PB_KK_PpoGen_MM5_Pool_96_2/D_2013_02_22_15_33_16_node2_signalProcessing/sff/H4VPETU01.sff
POOL96-03RL	H4VPETU02	/data/454/raw/2013/R_2013_02_21_15_31_31_FLX07110718_Administrator_JK_PB_KK_PpoGen_MM5_Pool_96_2/D_2013_02_22_15_33_16_node2_signalProcessing/sff/H4VPETU02.sff
POOL96-04RL	H4KKNTN01	/data/454/raw/2013/R_2013_02_15_15_15_19_FLX08100638_Administrator_PB_CS_PG_MM5_POOL_96-1/D_2013_02_16_23_47_00_node3_signalProcessing/sff/H4KKNTN01.sff
POOL96-04RL	H4KKNTN02	/data/454/raw/2013/R_2013_02_15_15_15_19_FLX08100638_Administrator_PB_CS_PG_MM5_POOL_96-1/D_2013_02_16_23_47_00_node3_signalProcessing/sff/H4KKNTN02.sff
POOL96-04RL	H4VPETU02	/data/454/raw/2013/R_2013_02_21_15_31_31_FLX07110718_Administrator_JK_PB_KK_PpoGen_MM5_Pool_96_2/D_2013_02_22_15_33_16_node2_signalProcessing/sff/H4VPETU02.sff
POOL96-04RL	H4VPETU01	/data/454/raw/2013/R_2013_02_21_15_31_31_FLX07110718_Administrator_JK_PB_KK_PpoGen_MM5_Pool_96_2/D_2013_02_22_15_33_16_node2_signalProcessing/sff/H4VPETU01.sff
POOL96-08RL	H4KKNTN01	/data/454/raw/2013/R_2013_02_15_15_15_19_FLX08100638_Administrator_PB_CS_PG_MM5_POOL_96-1/D_2013_02_16_23_47_00_node3_signalProcessing/sff/H4KKNTN01.sff
POOL96-08RL	H4KKNTN02	/data/454/raw/2013/R_2013_02_15_15_15_19_FLX08100638_Administrator_PB_CS_PG_MM5_POOL_96-1/D_2013_02_16_23_47_00_node3_signalProcessing/sff/H4KKNTN02.sff
POOL96-08RL	H4VPETU01	/data/454/raw/2013/R_2013_02_21_15_31_31_FLX07110718_Administrator_JK_PB_KK_PpoGen_MM5_Pool_96_2/D_2013_02_22_15_33_16_node2_signalProcessing/sff/H4VPETU01.sff
POOL96-08RL	H4VPETU02	/data/454/raw/2013/R_2013_02_21_15_31_31_FLX07110718_Administrator_JK_PB_KK_PpoGen_MM5_Pool_96_2/D_2013_02_22_15_33_16_node2_signalProcessing/sff/H4VPETU02.sff
POOL96-09RL	H4KKNTN01	/data/454/raw/2013/R_2013_02_15_15_15_19_FLX08100638_Administrator_PB_CS_PG_MM5_POOL_96-1/D_2013_02_16_23_47_00_node3_signalProcessing/sff/H4KKNTN01.sff
POOL96-09RL	H4KKNTN02	/data/454/raw/2013/R_2013_02_15_15_15_19_FLX08100638_Administrator_PB_CS_PG_MM5_POOL_96-1/D_2013_02_16_23_47_00_node3_signalProcessing/sff/H4KKNTN02.sff
POOL96-09RL	H4VPETU01	/data/454/raw/2013/R_2013_02_21_15_31_31_FLX07110718_Administrator_JK_PB_KK_PpoGen_MM5_Pool_96_2/D_2013_02_22_15_33_16_node2_signalProcessing/sff/H4VPETU01.sff
POOL96-09RL	H4VPETU02	/data/454/raw/2013/R_2013_02_21_15_31_31_FLX07110718_Administrator_JK_PB_KK_PpoGen_MM5_Pool_96_2/D_2013_02_22_15_33_16_node2_signalProcessing/sff/H4VPETU02.sff
POOL96-10RL	H4VPETU01	/data/454/raw/2013/R_2013_02_21_15_31_31_FLX07110718_Administrator_JK_PB_KK_PpoGen_MM5_Pool_96_2/D_2013_02_22_15_33_16_node2_signalProcessing/sff/H4VPETU01.sff
POOL96-10RL	H4VPETU02	/data/454/raw/2013/R_2013_02_21_15_31_31_FLX07110718_Administrator_JK_PB_KK_PpoGen_MM5_Pool_96_2/D_2013_02_22_15_33_16_node2_signalProcessing/sff/H4VPETU02.sff
POOL96-10RL	H4KKNTN01	/data/454/raw/2013/R_2013_02_15_15_15_19_FLX08100638_Administrator_PB_CS_PG_MM5_POOL_96-1/D_2013_02_16_23_47_00_node3_signalProcessing/sff/H4KKNTN01.sff
POOL96-10RL	H4KKNTN02	/data/454/raw/2013/R_2013_02_15_15_15_19_FLX08100638_Administrator_PB_CS_PG_MM5_POOL_96-1/D_2013_02_16_23_47_00_node3_signalProcessing/sff/H4KKNTN02.sff
POOL96-12RL	H4VPETU01	/data/454/raw/2013/R_2013_02_21_15_31_31_FLX07110718_Administrator_JK_PB_KK_PpoGen_MM5_Pool_96_2/D_2013_02_22_15_33_16_node2_signalProcessing/sff/H4VPETU01.sff
POOL96-12RL	H4KKNTN02	/data/454/raw/2013/R_2013_02_15_15_15_19_FLX08100638_Administrator_PB_CS_PG_MM5_POOL_96-1/D_2013_02_16_23_47_00_node3_signalProcessing/sff/H4KKNTN02.sff
POOL96-12RL	H4KKNTN01	/data/454/raw/2013/R_2013_02_15_15_15_19_FLX08100638_Administrator_PB_CS_PG_MM5_POOL_96-1/D_2013_02_16_23_47_00_node3_signalProcessing/sff/H4KKNTN01.sff
POOL96-12RL	H4VPETU02	/data/454/raw/2013/R_2013_02_21_15_31_31_FLX07110718_Administrator_JK_PB_KK_PpoGen_MM5_Pool_96_2/D_2013_02_22_15_33_16_node2_signalProcessing/sff/H4VPETU02.sff
POOL97-01RL	H4VRBKD02	/data/454/raw/2013/R_2013_02_21_16_12_46_FLX08100636_Administrator_JK_PB_KK_PopGen_Pool_97_2/D_2013_02_22_14_46_14_node1_signalProcessing/sff/H4VRBKD02.sff
POOL97-01RL	H4P5DYX01	/data/454/raw/2013/R_2013_02_18_15_31_00_FLX08100638_Administrator_PB_JK_KK_PopGen_MM5_Pool_97_1/D_2013_02_19_13_35_19_node3_signalProcessing/sff/H4P5DYX01.sff
POOL97-01RL	H4P5DYX02	/data/454/raw/2013/R_2013_02_18_15_31_00_FLX08100638_Administrator_PB_JK_KK_PopGen_MM5_Pool_97_1/D_2013_02_19_13_35_19_node3_signalProcessing/sff/H4P5DYX02.sff
POOL97-01RL	H4VRBKD01	/data/454/raw/2013/R_2013_02_21_16_12_46_FLX08100636_Administrator_JK_PB_KK_PopGen_Pool_97_2/D_2013_02_22_14_46_14_node1_signalProcessing/sff/H4VRBKD01.sff
POOL97-02RL	H4P5DYX01	/data/454/raw/2013/R_2013_02_18_15_31_00_FLX08100638_Administrator_PB_JK_KK_PopGen_MM5_Pool_97_1/D_2013_02_19_13_35_19_node3_signalProcessing/sff/H4P5DYX01.sff
POOL97-02RL	H4P5DYX02	/data/454/raw/2013/R_2013_02_18_15_31_00_FLX08100638_Administrator_PB_JK_KK_PopGen_MM5_Pool_97_1/D_2013_02_19_13_35_19_node3_signalProcessing/sff/H4P5DYX02.sff
POOL97-02RL	H4VRBKD01	/data/454/raw/2013/R_2013_02_21_16_12_46_FLX08100636_Administrator_JK_PB_KK_PopGen_Pool_97_2/D_2013_02_22_14_46_14_node1_signalProcessing/sff/H4VRBKD01.sff
POOL97-02RL	H4VRBKD02	/data/454/raw/2013/R_2013_02_21_16_12_46_FLX08100636_Administrator_JK_PB_KK_PopGen_Pool_97_2/D_2013_02_22_14_46_14_node1_signalProcessing/sff/H4VRBKD02.sff
POOL97-03RL	H4P5DYX01	/data/454/raw/2013/R_2013_02_18_15_31_00_FLX08100638_Administrator_PB_JK_KK_PopGen_MM5_Pool_97_1/D_2013_02_19_13_35_19_node3_signalProcessing/sff/H4P5DYX01.sff
POOL97-03RL	H4P5DYX02	/data/454/raw/2013/R_2013_02_18_15_31_00_FLX08100638_Administrator_PB_JK_KK_PopGen_MM5_Pool_97_1/D_2013_02_19_13_35_19_node3_signalProcessing/sff/H4P5DYX02.sff
POOL97-03RL	H4VRBKD01	/data/454/raw/2013/R_2013_02_21_16_12_46_FLX08100636_Administrator_JK_PB_KK_PopGen_Pool_97_2/D_2013_02_22_14_46_14_node1_signalProcessing/sff/H4VRBKD01.sff
POOL97-03RL	H4VRBKD02	/data/454/raw/2013/R_2013_02_21_16_12_46_FLX08100636_Administrator_JK_PB_KK_PopGen_Pool_97_2/D_2013_02_22_14_46_14_node1_signalProcessing/sff/H4VRBKD02.sff
POOL97-04RL	H4P5DYX01	/data/454/raw/2013/R_2013_02_18_15_31_00_FLX08100638_Administrator_PB_JK_KK_PopGen_MM5_Pool_97_1/D_2013_02_19_13_35_19_node3_signalProcessing/sff/H4P5DYX01.sff
POOL97-04RL	H4P5DYX02	/data/454/raw/2013/R_2013_02_18_15_31_00_FLX08100638_Administrator_PB_JK_KK_PopGen_MM5_Pool_97_1/D_2013_02_19_13_35_19_node3_signalProcessing/sff/H4P5DYX02.sff
POOL97-04RL	H4VRBKD01	/data/454/raw/2013/R_2013_02_21_16_12_46_FLX08100636_Administrator_JK_PB_KK_PopGen_Pool_97_2/D_2013_02_22_14_46_14_node1_signalProcessing/sff/H4VRBKD01.sff
POOL97-04RL	H4VRBKD02	/data/454/raw/2013/R_2013_02_21_16_12_46_FLX08100636_Administrator_JK_PB_KK_PopGen_Pool_97_2/D_2013_02_22_14_46_14_node1_signalProcessing/sff/H4VRBKD02.sff
POOL97-05RL	H4P5DYX01	/data/454/raw/2013/R_2013_02_18_15_31_00_FLX08100638_Administrator_PB_JK_KK_PopGen_MM5_Pool_97_1/D_2013_02_19_13_35_19_node3_signalProcessing/sff/H4P5DYX01.sff
POOL97-05RL	H4VRBKD01	/data/454/raw/2013/R_2013_02_21_16_12_46_FLX08100636_Administrator_JK_PB_KK_PopGen_Pool_97_2/D_2013_02_22_14_46_14_node1_signalProcessing/sff/H4VRBKD01.sff
POOL97-05RL	H4P5DYX02	/data/454/raw/2013/R_2013_02_18_15_31_00_FLX08100638_Administrator_PB_JK_KK_PopGen_MM5_Pool_97_1/D_2013_02_19_13_35_19_node3_signalProcessing/sff/H4P5DYX02.sff
POOL97-05RL	H4VRBKD02	/data/454/raw/2013/R_2013_02_21_16_12_46_FLX08100636_Administrator_JK_PB_KK_PopGen_Pool_97_2/D_2013_02_22_14_46_14_node1_signalProcessing/sff/H4VRBKD02.sff
POOL97-07RL	H4P5DYX01	/data/454/raw/2013/R_2013_02_18_15_31_00_FLX08100638_Administrator_PB_JK_KK_PopGen_MM5_Pool_97_1/D_2013_02_19_13_35_19_node3_signalProcessing/sff/H4P5DYX01.sff
POOL97-07RL	H4P5DYX02	/data/454/raw/2013/R_2013_02_18_15_31_00_FLX08100638_Administrator_PB_JK_KK_PopGen_MM5_Pool_97_1/D_2013_02_19_13_35_19_node3_signalProcessing/sff/H4P5DYX02.sff
POOL97-07RL	H4VRBKD01	/data/454/raw/2013/R_2013_02_21_16_12_46_FLX08100636_Administrator_JK_PB_KK_PopGen_Pool_97_2/D_2013_02_22_14_46_14_node1_signalProcessing/sff/H4VRBKD01.sff
POOL97-07RL	H4VRBKD02	/data/454/raw/2013/R_2013_02_21_16_12_46_FLX08100636_Administrator_JK_PB_KK_PopGen_Pool_97_2/D_2013_02_22_14_46_14_node1_signalProcessing/sff/H4VRBKD02.sff
POOL97-11RL	H4P5DYX01	/data/454/raw/2013/R_2013_02_18_15_31_00_FLX08100638_Administrator_PB_JK_KK_PopGen_MM5_Pool_97_1/D_2013_02_19_13_35_19_node3_signalProcessing/sff/H4P5DYX01.sff
POOL97-11RL	H4P5DYX02	/data/454/raw/2013/R_2013_02_18_15_31_00_FLX08100638_Administrator_PB_JK_KK_PopGen_MM5_Pool_97_1/D_2013_02_19_13_35_19_node3_signalProcessing/sff/H4P5DYX02.sff
POOL97-11RL	H4VRBKD01	/data/454/raw/2013/R_2013_02_21_16_12_46_FLX08100636_Administrator_JK_PB_KK_PopGen_Pool_97_2/D_2013_02_22_14_46_14_node1_signalProcessing/sff/H4VRBKD01.sff
POOL97-11RL	H4VRBKD02	/data/454/raw/2013/R_2013_02_21_16_12_46_FLX08100636_Administrator_JK_PB_KK_PopGen_Pool_97_2/D_2013_02_22_14_46_14_node1_signalProcessing/sff/H4VRBKD02.sff
POOL97-12RL	H4P5DYX01	/data/454/raw/2013/R_2013_02_18_15_31_00_FLX08100638_Administrator_PB_JK_KK_PopGen_MM5_Pool_97_1/D_2013_02_19_13_35_19_node3_signalProcessing/sff/H4P5DYX01.sff
POOL97-12RL	H4P5DYX02	/data/454/raw/2013/R_2013_02_18_15_31_00_FLX08100638_Administrator_PB_JK_KK_PopGen_MM5_Pool_97_1/D_2013_02_19_13_35_19_node3_signalProcessing/sff/H4P5DYX02.sff
POOL97-12RL	H4VRBKD01	/data/454/raw/2013/R_2013_02_21_16_12_46_FLX08100636_Administrator_JK_PB_KK_PopGen_Pool_97_2/D_2013_02_22_14_46_14_node1_signalProcessing/sff/H4VRBKD01.sff
POOL97-12RL	H4VRBKD02	/data/454/raw/2013/R_2013_02_21_16_12_46_FLX08100636_Administrator_JK_PB_KK_PopGen_Pool_97_2/D_2013_02_22_14_46_14_node1_signalProcessing/sff/H4VRBKD02.sff
POOL95-05RL	H4KKOLQ01	/data/454/raw/2013/R_2013_02_15_15_15_47_FLX08100636_Administrator_PB_CS_MM5_Pool_95-1/D_2013_02_16_23_45_56_node2_signalProcessing/sff/H4KKOLQ01.sff
POOL95-05RL	H4KKOLQ02	/data/454/raw/2013/R_2013_02_15_15_15_47_FLX08100636_Administrator_PB_CS_MM5_Pool_95-1/D_2013_02_16_23_45_56_node2_signalProcessing/sff/H4KKOLQ02.sff
POOL95-05RL	H5RA6CN01	/data/454/raw/2013/R_2013_03_06_17_07_14_FLX08100636_Administrator_JK_CS_KK_PG_MM5_Pool_95-2/D_2013_03_07_15_35_24_node1_signalProcessing/sff/H5RA6CN01.sff
POOL95-05RL	H5RA6CN02	/data/454/raw/2013/R_2013_03_06_17_07_14_FLX08100636_Administrator_JK_CS_KK_PG_MM5_Pool_95-2/D_2013_03_07_15_35_24_node1_signalProcessing/sff/H5RA6CN02.sff
POOL98-07RL	H5UOFJX01	/data/454/raw/2013/R_2013_03_08_12_46_21_FLX07110718_Administrator_PB_CS_KK_PG_MM5_Pool-98-1/D_2013_03_10_10_29_43_node1_signalProcessing/sff/H5UOFJX01.sff
POOL98-07RL	H5UOFJX02	/data/454/raw/2013/R_2013_03_08_12_46_21_FLX07110718_Administrator_PB_CS_KK_PG_MM5_Pool-98-1/D_2013_03_10_10_29_43_node1_signalProcessing/sff/H5UOFJX02.sff
POOL98-07RL	H6DB9KB01	/data/454/raw/2013/R_2013_03_18_14_37_58_FLX07110718_Administrator_CS_KK_PG_MM5_Pool_98-2/D_2013_03_19_12_54_18_node1_signalProcessing/sff/H6DB9KB01.sff
POOL98-07RL	H6DB9KB02	/data/454/raw/2013/R_2013_03_18_14_37_58_FLX07110718_Administrator_CS_KK_PG_MM5_Pool_98-2/D_2013_03_19_12_54_18_node1_signalProcessing/sff/H6DB9KB02.sff
POOL99-01RL	H8BT4LO01	/data/454/raw/2013/R_2013_04_24_16_15_47_FLX08100638_Administrator_CS_PS_KK_PG_Pool_99-1/D_2013_04_25_15_05_35_node2_signalProcessing/sff/H8BT4LO01.sff
POOL99-01RL	H8BT4LO02	/data/454/raw/2013/R_2013_04_24_16_15_47_FLX08100638_Administrator_CS_PS_KK_PG_Pool_99-1/D_2013_04_25_15_05_35_node2_signalProcessing/sff/H8BT4LO02.sff
POOL99-01RL	H8E50BF01	/data/454/raw/2013/R_2013_04_26_11_25_13_FLX07110718_Administrator_CS_PS_KK_PG_Pool_99-2/D_2013_04_27_10_13_05_node2_signalProcessing/sff/H8E50BF01.sff
POOL99-01RL	H8E50BF02	/data/454/raw/2013/R_2013_04_26_11_25_13_FLX07110718_Administrator_CS_PS_KK_PG_Pool_99-2/D_2013_04_27_10_13_05_node2_signalProcessing/sff/H8E50BF02.sff
POOL99-03RL	H8BT4LO01	/data/454/raw/2013/R_2013_04_24_16_15_47_FLX08100638_Administrator_CS_PS_KK_PG_Pool_99-1/D_2013_04_25_15_05_35_node2_signalProcessing/sff/H8BT4LO01.sff
POOL99-03RL	H8BT4LO02	/data/454/raw/2013/R_2013_04_24_16_15_47_FLX08100638_Administrator_CS_PS_KK_PG_Pool_99-1/D_2013_04_25_15_05_35_node2_signalProcessing/sff/H8BT4LO02.sff
POOL99-03RL	H8E50BF01	/data/454/raw/2013/R_2013_04_26_11_25_13_FLX07110718_Administrator_CS_PS_KK_PG_Pool_99-2/D_2013_04_27_10_13_05_node2_signalProcessing/sff/H8E50BF01.sff
POOL99-03RL	H8E50BF02	/data/454/raw/2013/R_2013_04_26_11_25_13_FLX07110718_Administrator_CS_PS_KK_PG_Pool_99-2/D_2013_04_27_10_13_05_node2_signalProcessing/sff/H8E50BF02.sff
POOL99-08RL	H8BT4LO01	/data/454/raw/2013/R_2013_04_24_16_15_47_FLX08100638_Administrator_CS_PS_KK_PG_Pool_99-1/D_2013_04_25_15_05_35_node2_signalProcessing/sff/H8BT4LO01.sff
POOL99-08RL	H8BT4LO02	/data/454/raw/2013/R_2013_04_24_16_15_47_FLX08100638_Administrator_CS_PS_KK_PG_Pool_99-1/D_2013_04_25_15_05_35_node2_signalProcessing/sff/H8BT4LO02.sff
POOL99-08RL	H8E50BF01	/data/454/raw/2013/R_2013_04_26_11_25_13_FLX07110718_Administrator_CS_PS_KK_PG_Pool_99-2/D_2013_04_27_10_13_05_node2_signalProcessing/sff/H8E50BF01.sff
POOL99-08RL	H8E50BF02	/data/454/raw/2013/R_2013_04_26_11_25_13_FLX07110718_Administrator_CS_PS_KK_PG_Pool_99-2/D_2013_04_27_10_13_05_node2_signalProcessing/sff/H8E50BF02.sff
POOL99-11RL	H8BT4LO01	/data/454/raw/2013/R_2013_04_24_16_15_47_FLX08100638_Administrator_CS_PS_KK_PG_Pool_99-1/D_2013_04_25_15_05_35_node2_signalProcessing/sff/H8BT4LO01.sff
POOL99-11RL	H8BT4LO02	/data/454/raw/2013/R_2013_04_24_16_15_47_FLX08100638_Administrator_CS_PS_KK_PG_Pool_99-1/D_2013_04_25_15_05_35_node2_signalProcessing/sff/H8BT4LO02.sff
POOL99-11RL	H8E50BF01	/data/454/raw/2013/R_2013_04_26_11_25_13_FLX07110718_Administrator_CS_PS_KK_PG_Pool_99-2/D_2013_04_27_10_13_05_node2_signalProcessing/sff/H8E50BF01.sff
POOL99-11RL	H8E50BF02	/data/454/raw/2013/R_2013_04_26_11_25_13_FLX07110718_Administrator_CS_PS_KK_PG_Pool_99-2/D_2013_04_27_10_13_05_node2_signalProcessing/sff/H8E50BF02.sff
POOL100-01RL	H5UQBPO01	/data/454/raw/2013/R_2013_03_08_13_27_15_FLX08100636_Administrator_PB_CS_KK_PG_MM5_Pool_100-1/D_2013_03_09_12_22_57_node2_signalProcessing/sff/H5UQBPO01.sff
POOL100-01RL	H5UQBPO02	/data/454/raw/2013/R_2013_03_08_13_27_15_FLX08100636_Administrator_PB_CS_KK_PG_MM5_Pool_100-1/D_2013_03_09_12_22_57_node2_signalProcessing/sff/H5UQBPO02.sff
POOL100-01RL	H5UQB7R01	/data/454/raw/2013/R_2013_03_08_13_27_33_FLX08100638_Administrator_PB_CS_KK_PG_MM5_Pool_100-2/D_2013_03_09_11_52_09_node1_signalProcessing/sff/H5UQB7R01.sff
POOL100-01RL	H5UQB7R02	/data/454/raw/2013/R_2013_03_08_13_27_33_FLX08100638_Administrator_PB_CS_KK_PG_MM5_Pool_100-2/D_2013_03_09_11_52_09_node1_signalProcessing/sff/H5UQB7R02.sff
POOL100-05RL	H5UQBPO01	/data/454/raw/2013/R_2013_03_08_13_27_15_FLX08100636_Administrator_PB_CS_KK_PG_MM5_Pool_100-1/D_2013_03_09_12_22_57_node2_signalProcessing/sff/H5UQBPO01.sff
POOL100-05RL	H5UQBPO02	/data/454/raw/2013/R_2013_03_08_13_27_15_FLX08100636_Administrator_PB_CS_KK_PG_MM5_Pool_100-1/D_2013_03_09_12_22_57_node2_signalProcessing/sff/H5UQBPO02.sff
POOL100-05RL	H5UQB7R01	/data/454/raw/2013/R_2013_03_08_13_27_33_FLX08100638_Administrator_PB_CS_KK_PG_MM5_Pool_100-2/D_2013_03_09_11_52_09_node1_signalProcessing/sff/H5UQB7R01.sff
POOL100-05RL	H5UQB7R02	/data/454/raw/2013/R_2013_03_08_13_27_33_FLX08100638_Administrator_PB_CS_KK_PG_MM5_Pool_100-2/D_2013_03_09_11_52_09_node1_signalProcessing/sff/H5UQB7R02.sff
POOL100-10RL	H5UQBPO01	/data/454/raw/2013/R_2013_03_08_13_27_15_FLX08100636_Administrator_PB_CS_KK_PG_MM5_Pool_100-1/D_2013_03_09_12_22_57_node2_signalProcessing/sff/H5UQBPO01.sff
POOL100-10RL	H5UQBPO02	/data/454/raw/2013/R_2013_03_08_13_27_15_FLX08100636_Administrator_PB_CS_KK_PG_MM5_Pool_100-1/D_2013_03_09_12_22_57_node2_signalProcessing/sff/H5UQBPO02.sff
POOL100-10RL	H5UQB7R01	/data/454/raw/2013/R_2013_03_08_13_27_33_FLX08100638_Administrator_PB_CS_KK_PG_MM5_Pool_100-2/D_2013_03_09_11_52_09_node1_signalProcessing/sff/H5UQB7R01.sff
POOL100-10RL	H5UQB7R02	/data/454/raw/2013/R_2013_03_08_13_27_33_FLX08100638_Administrator_PB_CS_KK_PG_MM5_Pool_100-2/D_2013_03_09_11_52_09_node1_signalProcessing/sff/H5UQB7R02.sff
POOL100-12RL	H5UQBPO01	/data/454/raw/2013/R_2013_03_08_13_27_15_FLX08100636_Administrator_PB_CS_KK_PG_MM5_Pool_100-1/D_2013_03_09_12_22_57_node2_signalProcessing/sff/H5UQBPO01.sff
POOL100-12RL	H5UQBPO02	/data/454/raw/2013/R_2013_03_08_13_27_15_FLX08100636_Administrator_PB_CS_KK_PG_MM5_Pool_100-1/D_2013_03_09_12_22_57_node2_signalProcessing/sff/H5UQBPO02.sff
POOL100-12RL	H5UQB7R01	/data/454/raw/2013/R_2013_03_08_13_27_33_FLX08100638_Administrator_PB_CS_KK_PG_MM5_Pool_100-2/D_2013_03_09_11_52_09_node1_signalProcessing/sff/H5UQB7R01.sff
POOL100-12RL	H5UQB7R02	/data/454/raw/2013/R_2013_03_08_13_27_33_FLX08100638_Administrator_PB_CS_KK_PG_MM5_Pool_100-2/D_2013_03_09_11_52_09_node1_signalProcessing/sff/H5UQB7R02.sff
POOL101-04RL	H7NGB2S01	/data/454/raw/2013/R_2013_04_11_12_15_28_FLX07110718_Administrator_CS_KK_PG_MM5_Pool_101-1/D_2013_04_12_11_03_23_node2_signalProcessing/sff/H7NGB2S01.sff
POOL101-04RL	H7NGB2S02	/data/454/raw/2013/R_2013_04_11_12_15_28_FLX07110718_Administrator_CS_KK_PG_MM5_Pool_101-1/D_2013_04_12_11_03_23_node2_signalProcessing/sff/H7NGB2S02.sff
POOL101-04RL	H7NH6UR01	/data/454/raw/2013/R_2013_04_11_12_55_32_FLX08100636_Administrator_CS_KK_PG_MM5_Pool_101-2/D_2013_04_12_10_18_49_node1_signalProcessing/sff/H7NH6UR01.sff
POOL101-04RL	H7NH6UR02	/data/454/raw/2013/R_2013_04_11_12_55_32_FLX08100636_Administrator_CS_KK_PG_MM5_Pool_101-2/D_2013_04_12_10_18_49_node1_signalProcessing/sff/H7NH6UR02.sff
POOL101-07RL	H7NGB2S01	/data/454/raw/2013/R_2013_04_11_12_15_28_FLX07110718_Administrator_CS_KK_PG_MM5_Pool_101-1/D_2013_04_12_11_03_23_node2_signalProcessing/sff/H7NGB2S01.sff
POOL101-07RL	H7NGB2S02	/data/454/raw/2013/R_2013_04_11_12_15_28_FLX07110718_Administrator_CS_KK_PG_MM5_Pool_101-1/D_2013_04_12_11_03_23_node2_signalProcessing/sff/H7NGB2S02.sff
POOL101-07RL	H7NH6UR01	/data/454/raw/2013/R_2013_04_11_12_55_32_FLX08100636_Administrator_CS_KK_PG_MM5_Pool_101-2/D_2013_04_12_10_18_49_node1_signalProcessing/sff/H7NH6UR01.sff
POOL101-07RL	H7NH6UR02	/data/454/raw/2013/R_2013_04_11_12_55_32_FLX08100636_Administrator_CS_KK_PG_MM5_Pool_101-2/D_2013_04_12_10_18_49_node1_signalProcessing/sff/H7NH6UR02.sff
POOL101-10RL	H7NGB2S01	/data/454/raw/2013/R_2013_04_11_12_15_28_FLX07110718_Administrator_CS_KK_PG_MM5_Pool_101-1/D_2013_04_12_11_03_23_node2_signalProcessing/sff/H7NGB2S01.sff
POOL101-10RL	H7NGB2S02	/data/454/raw/2013/R_2013_04_11_12_15_28_FLX07110718_Administrator_CS_KK_PG_MM5_Pool_101-1/D_2013_04_12_11_03_23_node2_signalProcessing/sff/H7NGB2S02.sff
POOL101-10RL	H7NH6UR01	/data/454/raw/2013/R_2013_04_11_12_55_32_FLX08100636_Administrator_CS_KK_PG_MM5_Pool_101-2/D_2013_04_12_10_18_49_node1_signalProcessing/sff/H7NH6UR01.sff
POOL101-10RL	H7NH6UR02	/data/454/raw/2013/R_2013_04_11_12_55_32_FLX08100636_Administrator_CS_KK_PG_MM5_Pool_101-2/D_2013_04_12_10_18_49_node1_signalProcessing/sff/H7NH6UR02.sff
POOL102-09RL	H8E7VDJ01	/data/454/raw/2013/R_2013_04_26_12_05_27_FLX08100636_Administrator_CS_PS_KK_PG_Pool_102-1/D_2013_04_27_09_59_03_node1_signalProcessing/sff/H8E7VDJ01.sff
POOL102-09RL	H8E7VDJ02	/data/454/raw/2013/R_2013_04_26_12_05_27_FLX08100636_Administrator_CS_PS_KK_PG_Pool_102-1/D_2013_04_27_09_59_03_node1_signalProcessing/sff/H8E7VDJ02.sff
POOL102-09RL	H8E7WTO01	/data/454/raw/2013/R_2013_04_26_12_06_19_FLX08100638_Administrator_CS_PS_KK_PG_Pool_102-2/D_2013_04_27_10_17_58_node3_signalProcessing/sff/H8E7WTO01.sff
POOL102-09RL	H8E7WTO02	/data/454/raw/2013/R_2013_04_26_12_06_19_FLX08100638_Administrator_CS_PS_KK_PG_Pool_102-2/D_2013_04_27_10_17_58_node3_signalProcessing/sff/H8E7WTO02.sff
POOL103-06RL	H8MW4CG01	/data/454/raw/2013/R_2013_04_30_15_54_02_FLX07110718_Administrator_CS_PS_KK_PG_Pool_103-1/D_2013_05_03_22_16_11_node1_fullProcessing/sff/H8MW4CG01.sff
POOL103-06RL	H8MW4CG02	/data/454/raw/2013/R_2013_04_30_15_54_02_FLX07110718_Administrator_CS_PS_KK_PG_Pool_103-1/D_2013_05_03_22_16_11_node1_fullProcessing/sff/H8MW4CG02.sff
POOL103-06RL	H8SGULI01	/data/454/raw/2013/R_2013_05_01_15_48_11_FLX08100636_Administrator_CS_PS_KK_PG_Pool_103-2/D_2013_05_03_22_43_31_node3_fullProcessing/sff/H8SGULI01.sff
POOL103-06RL	H8SGULI02	/data/454/raw/2013/R_2013_05_01_15_48_11_FLX08100636_Administrator_CS_PS_KK_PG_Pool_103-2/D_2013_05_03_22_43_31_node3_fullProcessing/sff/H8SGULI02.sff
POOL103-09RL	H8MW4CG01	/data/454/raw/2013/R_2013_04_30_15_54_02_FLX07110718_Administrator_CS_PS_KK_PG_Pool_103-1/D_2013_05_03_22_16_11_node1_fullProcessing/sff/H8MW4CG01.sff
POOL103-09RL	H8MW4CG02	/data/454/raw/2013/R_2013_04_30_15_54_02_FLX07110718_Administrator_CS_PS_KK_PG_Pool_103-1/D_2013_05_03_22_16_11_node1_fullProcessing/sff/H8MW4CG02.sff
POOL103-09RL	H8SGULI01	/data/454/raw/2013/R_2013_05_01_15_48_11_FLX08100636_Administrator_CS_PS_KK_PG_Pool_103-2/D_2013_05_03_22_43_31_node3_fullProcessing/sff/H8SGULI01.sff
POOL103-09RL	H8SGULI02	/data/454/raw/2013/R_2013_05_01_15_48_11_FLX08100636_Administrator_CS_PS_KK_PG_Pool_103-2/D_2013_05_03_22_43_31_node3_fullProcessing/sff/H8SGULI02.sff
POOL103-12RL	H8MW4CG01	/data/454/raw/2013/R_2013_04_30_15_54_02_FLX07110718_Administrator_CS_PS_KK_PG_Pool_103-1/D_2013_05_03_22_16_11_node1_fullProcessing/sff/H8MW4CG01.sff
POOL103-12RL	H8MW4CG02	/data/454/raw/2013/R_2013_04_30_15_54_02_FLX07110718_Administrator_CS_PS_KK_PG_Pool_103-1/D_2013_05_03_22_16_11_node1_fullProcessing/sff/H8MW4CG02.sff
POOL103-12RL	H8SGULI01	/data/454/raw/2013/R_2013_05_01_15_48_11_FLX08100636_Administrator_CS_PS_KK_PG_Pool_103-2/D_2013_05_03_22_43_31_node3_fullProcessing/sff/H8SGULI01.sff
POOL103-12RL	H8SGULI02	/data/454/raw/2013/R_2013_05_01_15_48_11_FLX08100636_Administrator_CS_PS_KK_PG_Pool_103-2/D_2013_05_03_22_43_31_node3_fullProcessing/sff/H8SGULI02.sff
POOL104-03RL	H8BR2GM01	/data/454/raw/2013/R_2013_04_24_15_31_18_FLX07110718_Administrator_CS_PS_KK_PG_Pool_104-1/D_2013_04_25_15_45_15_node3_signalProcessing/sff/H8BR2GM01.sff
POOL104-03RL	H8BR2GM02	/data/454/raw/2013/R_2013_04_24_15_31_18_FLX07110718_Administrator_CS_PS_KK_PG_Pool_104-1/D_2013_04_25_15_45_15_node3_signalProcessing/sff/H8BR2GM02.sff
POOL104-03RL	H8BTZDP01	/data/454/raw/2013/R_2013_04_24_16_12_39_FLX08100636_Administrator_CS_PS_KK_PG_Pool_104-2/D_2013_04_25_13_57_30_node1_signalProcessing/sff/H8BTZDP01.sff
POOL104-03RL	H8BTZDP02	/data/454/raw/2013/R_2013_04_24_16_12_39_FLX08100636_Administrator_CS_PS_KK_PG_Pool_104-2/D_2013_04_25_13_57_30_node1_signalProcessing/sff/H8BTZDP02.sff
POOL104-06RL	H8BR2GM01	/data/454/raw/2013/R_2013_04_24_15_31_18_FLX07110718_Administrator_CS_PS_KK_PG_Pool_104-1/D_2013_04_25_15_45_15_node3_signalProcessing/sff/H8BR2GM01.sff
POOL104-06RL	H8BR2GM02	/data/454/raw/2013/R_2013_04_24_15_31_18_FLX07110718_Administrator_CS_PS_KK_PG_Pool_104-1/D_2013_04_25_15_45_15_node3_signalProcessing/sff/H8BR2GM02.sff
POOL104-06RL	H8BTZDP01	/data/454/raw/2013/R_2013_04_24_16_12_39_FLX08100636_Administrator_CS_PS_KK_PG_Pool_104-2/D_2013_04_25_13_57_30_node1_signalProcessing/sff/H8BTZDP01.sff
POOL104-06RL	H8BTZDP02	/data/454/raw/2013/R_2013_04_24_16_12_39_FLX08100636_Administrator_CS_PS_KK_PG_Pool_104-2/D_2013_04_25_13_57_30_node1_signalProcessing/sff/H8BTZDP02.sff
POOL104-12RL	H8BR2GM01	/data/454/raw/2013/R_2013_04_24_15_31_18_FLX07110718_Administrator_CS_PS_KK_PG_Pool_104-1/D_2013_04_25_15_45_15_node3_signalProcessing/sff/H8BR2GM01.sff
POOL104-12RL	H8BR2GM02	/data/454/raw/2013/R_2013_04_24_15_31_18_FLX07110718_Administrator_CS_PS_KK_PG_Pool_104-1/D_2013_04_25_15_45_15_node3_signalProcessing/sff/H8BR2GM02.sff
POOL104-12RL	H8BTZDP01	/data/454/raw/2013/R_2013_04_24_16_12_39_FLX08100636_Administrator_CS_PS_KK_PG_Pool_104-2/D_2013_04_25_13_57_30_node1_signalProcessing/sff/H8BTZDP01.sff
POOL104-12RL	H8BTZDP02	/data/454/raw/2013/R_2013_04_24_16_12_39_FLX08100636_Administrator_CS_PS_KK_PG_Pool_104-2/D_2013_04_25_13_57_30_node1_signalProcessing/sff/H8BTZDP02.sff
POOL105-04RL	H8T3IXQ01	/data/454/raw/2013/R_2013_05_02_12_55_35_FLX08100638_Administrator_PS_KK_PG_Pool_105-1/D_2013_05_04_08_17_57_node2_fullProcessing/sff/H8T3IXQ01.sff
POOL105-04RL	H8T3IXQ02	/data/454/raw/2013/R_2013_05_02_12_55_35_FLX08100638_Administrator_PS_KK_PG_Pool_105-1/D_2013_05_04_08_17_57_node2_fullProcessing/sff/H8T3IXQ02.sff
POOL105-04RL	H8V2EDP01	/data/454/raw/2013/R_2013_05_03_14_26_27_FLX07110718_Administrator_CS_PS_KK_PG_Pool_105-2/D_2013_05_04_13_50_05_node3_signalProcessing/sff/H8V2EDP01.sff
POOL105-04RL	H8V2EDP02	/data/454/raw/2013/R_2013_05_03_14_26_27_FLX07110718_Administrator_CS_PS_KK_PG_Pool_105-2/D_2013_05_04_13_50_05_node3_signalProcessing/sff/H8V2EDP02.sff
POOL105-05RL	H8T3IXQ01	/data/454/raw/2013/R_2013_05_02_12_55_35_FLX08100638_Administrator_PS_KK_PG_Pool_105-1/D_2013_05_04_08_17_57_node2_fullProcessing/sff/H8T3IXQ01.sff
POOL105-05RL	H8T3IXQ02	/data/454/raw/2013/R_2013_05_02_12_55_35_FLX08100638_Administrator_PS_KK_PG_Pool_105-1/D_2013_05_04_08_17_57_node2_fullProcessing/sff/H8T3IXQ02.sff
POOL105-05RL	H8V2EDP01	/data/454/raw/2013/R_2013_05_03_14_26_27_FLX07110718_Administrator_CS_PS_KK_PG_Pool_105-2/D_2013_05_04_13_50_05_node3_signalProcessing/sff/H8V2EDP01.sff
POOL105-05RL	H8V2EDP02	/data/454/raw/2013/R_2013_05_03_14_26_27_FLX07110718_Administrator_CS_PS_KK_PG_Pool_105-2/D_2013_05_04_13_50_05_node3_signalProcessing/sff/H8V2EDP02.sff
POOL105-07RL	H8T3IXQ01	/data/454/raw/2013/R_2013_05_02_12_55_35_FLX08100638_Administrator_PS_KK_PG_Pool_105-1/D_2013_05_04_08_17_57_node2_fullProcessing/sff/H8T3IXQ01.sff
POOL105-07RL	H8T3IXQ02	/data/454/raw/2013/R_2013_05_02_12_55_35_FLX08100638_Administrator_PS_KK_PG_Pool_105-1/D_2013_05_04_08_17_57_node2_fullProcessing/sff/H8T3IXQ02.sff
POOL105-07RL	H8V2EDP01	/data/454/raw/2013/R_2013_05_03_14_26_27_FLX07110718_Administrator_CS_PS_KK_PG_Pool_105-2/D_2013_05_04_13_50_05_node3_signalProcessing/sff/H8V2EDP01.sff
POOL105-07RL	H8V2EDP02	/data/454/raw/2013/R_2013_05_03_14_26_27_FLX07110718_Administrator_CS_PS_KK_PG_Pool_105-2/D_2013_05_04_13_50_05_node3_signalProcessing/sff/H8V2EDP02.sff
POOL105-12RL	H8T3IXQ01	/data/454/raw/2013/R_2013_05_02_12_55_35_FLX08100638_Administrator_PS_KK_PG_Pool_105-1/D_2013_05_04_08_17_57_node2_fullProcessing/sff/H8T3IXQ01.sff
POOL105-12RL	H8T3IXQ02	/data/454/raw/2013/R_2013_05_02_12_55_35_FLX08100638_Administrator_PS_KK_PG_Pool_105-1/D_2013_05_04_08_17_57_node2_fullProcessing/sff/H8T3IXQ02.sff
POOL105-12RL	H8V2EDP01	/data/454/raw/2013/R_2013_05_03_14_26_27_FLX07110718_Administrator_CS_PS_KK_PG_Pool_105-2/D_2013_05_04_13_50_05_node3_signalProcessing/sff/H8V2EDP01.sff
POOL105-12RL	H8V2EDP02	/data/454/raw/2013/R_2013_05_03_14_26_27_FLX07110718_Administrator_CS_PS_KK_PG_Pool_105-2/D_2013_05_04_13_50_05_node3_signalProcessing/sff/H8V2EDP02.sff
POOL98-01RL	H5UOFJX01	/data/454/raw/2013/R_2013_03_08_12_46_21_FLX07110718_Administrator_PB_CS_KK_PG_MM5_Pool-98-1/D_2013_03_10_10_29_43_node1_signalProcessing/sff/H5UOFJX01.sff
POOL98-01RL	H5UOFJX02	/data/454/raw/2013/R_2013_03_08_12_46_21_FLX07110718_Administrator_PB_CS_KK_PG_MM5_Pool-98-1/D_2013_03_10_10_29_43_node1_signalProcessing/sff/H5UOFJX02.sff
POOL98-01RL	H6DB9KB01	/data/454/raw/2013/R_2013_03_18_14_37_58_FLX07110718_Administrator_CS_KK_PG_MM5_Pool_98-2/D_2013_03_19_12_54_18_node1_signalProcessing/sff/H6DB9KB01.sff
POOL98-01RL	H6DB9KB02	/data/454/raw/2013/R_2013_03_18_14_37_58_FLX07110718_Administrator_CS_KK_PG_MM5_Pool_98-2/D_2013_03_19_12_54_18_node1_signalProcessing/sff/H6DB9KB02.sff
POOL98-02RL	H5UOFJX01	/data/454/raw/2013/R_2013_03_08_12_46_21_FLX07110718_Administrator_PB_CS_KK_PG_MM5_Pool-98-1/D_2013_03_10_10_29_43_node1_signalProcessing/sff/H5UOFJX01.sff
POOL98-02RL	H5UOFJX02	/data/454/raw/2013/R_2013_03_08_12_46_21_FLX07110718_Administrator_PB_CS_KK_PG_MM5_Pool-98-1/D_2013_03_10_10_29_43_node1_signalProcessing/sff/H5UOFJX02.sff
POOL98-02RL	H6DB9KB01	/data/454/raw/2013/R_2013_03_18_14_37_58_FLX07110718_Administrator_CS_KK_PG_MM5_Pool_98-2/D_2013_03_19_12_54_18_node1_signalProcessing/sff/H6DB9KB01.sff
POOL98-02RL	H6DB9KB02	/data/454/raw/2013/R_2013_03_18_14_37_58_FLX07110718_Administrator_CS_KK_PG_MM5_Pool_98-2/D_2013_03_19_12_54_18_node1_signalProcessing/sff/H6DB9KB02.sff
POOL98-05RL	H5UOFJX01	/data/454/raw/2013/R_2013_03_08_12_46_21_FLX07110718_Administrator_PB_CS_KK_PG_MM5_Pool-98-1/D_2013_03_10_10_29_43_node1_signalProcessing/sff/H5UOFJX01.sff
POOL98-05RL	H5UOFJX02	/data/454/raw/2013/R_2013_03_08_12_46_21_FLX07110718_Administrator_PB_CS_KK_PG_MM5_Pool-98-1/D_2013_03_10_10_29_43_node1_signalProcessing/sff/H5UOFJX02.sff
POOL98-05RL	H6DB9KB01	/data/454/raw/2013/R_2013_03_18_14_37_58_FLX07110718_Administrator_CS_KK_PG_MM5_Pool_98-2/D_2013_03_19_12_54_18_node1_signalProcessing/sff/H6DB9KB01.sff
POOL98-05RL	H6DB9KB02	/data/454/raw/2013/R_2013_03_18_14_37_58_FLX07110718_Administrator_CS_KK_PG_MM5_Pool_98-2/D_2013_03_19_12_54_18_node1_signalProcessing/sff/H6DB9KB02.sff
POOL98-08RL	H5UOFJX01	/data/454/raw/2013/R_2013_03_08_12_46_21_FLX07110718_Administrator_PB_CS_KK_PG_MM5_Pool-98-1/D_2013_03_10_10_29_43_node1_signalProcessing/sff/H5UOFJX01.sff
POOL98-08RL	H5UOFJX02	/data/454/raw/2013/R_2013_03_08_12_46_21_FLX07110718_Administrator_PB_CS_KK_PG_MM5_Pool-98-1/D_2013_03_10_10_29_43_node1_signalProcessing/sff/H5UOFJX02.sff
POOL98-08RL	H6DB9KB01	/data/454/raw/2013/R_2013_03_18_14_37_58_FLX07110718_Administrator_CS_KK_PG_MM5_Pool_98-2/D_2013_03_19_12_54_18_node1_signalProcessing/sff/H6DB9KB01.sff
POOL98-08RL	H6DB9KB02	/data/454/raw/2013/R_2013_03_18_14_37_58_FLX07110718_Administrator_CS_KK_PG_MM5_Pool_98-2/D_2013_03_19_12_54_18_node1_signalProcessing/sff/H6DB9KB02.sff
POOL98-09RL	H5UOFJX01	/data/454/raw/2013/R_2013_03_08_12_46_21_FLX07110718_Administrator_PB_CS_KK_PG_MM5_Pool-98-1/D_2013_03_10_10_29_43_node1_signalProcessing/sff/H5UOFJX01.sff
POOL98-09RL	H5UOFJX02	/data/454/raw/2013/R_2013_03_08_12_46_21_FLX07110718_Administrator_PB_CS_KK_PG_MM5_Pool-98-1/D_2013_03_10_10_29_43_node1_signalProcessing/sff/H5UOFJX02.sff
POOL98-09RL	H6DB9KB01	/data/454/raw/2013/R_2013_03_18_14_37_58_FLX07110718_Administrator_CS_KK_PG_MM5_Pool_98-2/D_2013_03_19_12_54_18_node1_signalProcessing/sff/H6DB9KB01.sff
POOL98-09RL	H6DB9KB02	/data/454/raw/2013/R_2013_03_18_14_37_58_FLX07110718_Administrator_CS_KK_PG_MM5_Pool_98-2/D_2013_03_19_12_54_18_node1_signalProcessing/sff/H6DB9KB02.sff
POOL98-10RL	H5UOFJX01	/data/454/raw/2013/R_2013_03_08_12_46_21_FLX07110718_Administrator_PB_CS_KK_PG_MM5_Pool-98-1/D_2013_03_10_10_29_43_node1_signalProcessing/sff/H5UOFJX01.sff
POOL98-10RL	H5UOFJX02	/data/454/raw/2013/R_2013_03_08_12_46_21_FLX07110718_Administrator_PB_CS_KK_PG_MM5_Pool-98-1/D_2013_03_10_10_29_43_node1_signalProcessing/sff/H5UOFJX02.sff
POOL98-10RL	H6DB9KB01	/data/454/raw/2013/R_2013_03_18_14_37_58_FLX07110718_Administrator_CS_KK_PG_MM5_Pool_98-2/D_2013_03_19_12_54_18_node1_signalProcessing/sff/H6DB9KB01.sff
POOL98-10RL	H6DB9KB02	/data/454/raw/2013/R_2013_03_18_14_37_58_FLX07110718_Administrator_CS_KK_PG_MM5_Pool_98-2/D_2013_03_19_12_54_18_node1_signalProcessing/sff/H6DB9KB02.sff
POOL98-11RL	H5UOFJX01	/data/454/raw/2013/R_2013_03_08_12_46_21_FLX07110718_Administrator_PB_CS_KK_PG_MM5_Pool-98-1/D_2013_03_10_10_29_43_node1_signalProcessing/sff/H5UOFJX01.sff
POOL98-11RL	H5UOFJX02	/data/454/raw/2013/R_2013_03_08_12_46_21_FLX07110718_Administrator_PB_CS_KK_PG_MM5_Pool-98-1/D_2013_03_10_10_29_43_node1_signalProcessing/sff/H5UOFJX02.sff
POOL98-11RL	H6DB9KB01	/data/454/raw/2013/R_2013_03_18_14_37_58_FLX07110718_Administrator_CS_KK_PG_MM5_Pool_98-2/D_2013_03_19_12_54_18_node1_signalProcessing/sff/H6DB9KB01.sff
POOL98-11RL	H6DB9KB02	/data/454/raw/2013/R_2013_03_18_14_37_58_FLX07110718_Administrator_CS_KK_PG_MM5_Pool_98-2/D_2013_03_19_12_54_18_node1_signalProcessing/sff/H6DB9KB02.sff
POOL99-02RL	H8BT4LO01	/data/454/raw/2013/R_2013_04_24_16_15_47_FLX08100638_Administrator_CS_PS_KK_PG_Pool_99-1/D_2013_04_25_15_05_35_node2_signalProcessing/sff/H8BT4LO01.sff
POOL99-02RL	H8BT4LO02	/data/454/raw/2013/R_2013_04_24_16_15_47_FLX08100638_Administrator_CS_PS_KK_PG_Pool_99-1/D_2013_04_25_15_05_35_node2_signalProcessing/sff/H8BT4LO02.sff
POOL99-02RL	H8E50BF01	/data/454/raw/2013/R_2013_04_26_11_25_13_FLX07110718_Administrator_CS_PS_KK_PG_Pool_99-2/D_2013_04_27_10_13_05_node2_signalProcessing/sff/H8E50BF01.sff
POOL99-02RL	H8E50BF02	/data/454/raw/2013/R_2013_04_26_11_25_13_FLX07110718_Administrator_CS_PS_KK_PG_Pool_99-2/D_2013_04_27_10_13_05_node2_signalProcessing/sff/H8E50BF02.sff
POOL99-07RL	H8BT4LO01	/data/454/raw/2013/R_2013_04_24_16_15_47_FLX08100638_Administrator_CS_PS_KK_PG_Pool_99-1/D_2013_04_25_15_05_35_node2_signalProcessing/sff/H8BT4LO01.sff
POOL99-07RL	H8BT4LO02	/data/454/raw/2013/R_2013_04_24_16_15_47_FLX08100638_Administrator_CS_PS_KK_PG_Pool_99-1/D_2013_04_25_15_05_35_node2_signalProcessing/sff/H8BT4LO02.sff
POOL99-07RL	H8E50BF01	/data/454/raw/2013/R_2013_04_26_11_25_13_FLX07110718_Administrator_CS_PS_KK_PG_Pool_99-2/D_2013_04_27_10_13_05_node2_signalProcessing/sff/H8E50BF01.sff
POOL99-07RL	H8E50BF02	/data/454/raw/2013/R_2013_04_26_11_25_13_FLX07110718_Administrator_CS_PS_KK_PG_Pool_99-2/D_2013_04_27_10_13_05_node2_signalProcessing/sff/H8E50BF02.sff
POOL99-10RL	H8BT4LO01	/data/454/raw/2013/R_2013_04_24_16_15_47_FLX08100638_Administrator_CS_PS_KK_PG_Pool_99-1/D_2013_04_25_15_05_35_node2_signalProcessing/sff/H8BT4LO01.sff
POOL99-10RL	H8BT4LO02	/data/454/raw/2013/R_2013_04_24_16_15_47_FLX08100638_Administrator_CS_PS_KK_PG_Pool_99-1/D_2013_04_25_15_05_35_node2_signalProcessing/sff/H8BT4LO02.sff
POOL99-10RL	H8E50BF01	/data/454/raw/2013/R_2013_04_26_11_25_13_FLX07110718_Administrator_CS_PS_KK_PG_Pool_99-2/D_2013_04_27_10_13_05_node2_signalProcessing/sff/H8E50BF01.sff
POOL99-10RL	H8E50BF02	/data/454/raw/2013/R_2013_04_26_11_25_13_FLX07110718_Administrator_CS_PS_KK_PG_Pool_99-2/D_2013_04_27_10_13_05_node2_signalProcessing/sff/H8E50BF02.sff
POOL99-12RL	H8BT4LO01	/data/454/raw/2013/R_2013_04_24_16_15_47_FLX08100638_Administrator_CS_PS_KK_PG_Pool_99-1/D_2013_04_25_15_05_35_node2_signalProcessing/sff/H8BT4LO01.sff
POOL99-12RL	H8BT4LO02	/data/454/raw/2013/R_2013_04_24_16_15_47_FLX08100638_Administrator_CS_PS_KK_PG_Pool_99-1/D_2013_04_25_15_05_35_node2_signalProcessing/sff/H8BT4LO02.sff
POOL99-12RL	H8E50BF01	/data/454/raw/2013/R_2013_04_26_11_25_13_FLX07110718_Administrator_CS_PS_KK_PG_Pool_99-2/D_2013_04_27_10_13_05_node2_signalProcessing/sff/H8E50BF01.sff
POOL99-12RL	H8E50BF02	/data/454/raw/2013/R_2013_04_26_11_25_13_FLX07110718_Administrator_CS_PS_KK_PG_Pool_99-2/D_2013_04_27_10_13_05_node2_signalProcessing/sff/H8E50BF02.sff
POOL100-03RL	H5UQBPO01	/data/454/raw/2013/R_2013_03_08_13_27_15_FLX08100636_Administrator_PB_CS_KK_PG_MM5_Pool_100-1/D_2013_03_09_12_22_57_node2_signalProcessing/sff/H5UQBPO01.sff
POOL100-03RL	H5UQBPO02	/data/454/raw/2013/R_2013_03_08_13_27_15_FLX08100636_Administrator_PB_CS_KK_PG_MM5_Pool_100-1/D_2013_03_09_12_22_57_node2_signalProcessing/sff/H5UQBPO02.sff
POOL100-03RL	H5UQB7R01	/data/454/raw/2013/R_2013_03_08_13_27_33_FLX08100638_Administrator_PB_CS_KK_PG_MM5_Pool_100-2/D_2013_03_09_11_52_09_node1_signalProcessing/sff/H5UQB7R01.sff
POOL100-03RL	H5UQB7R02	/data/454/raw/2013/R_2013_03_08_13_27_33_FLX08100638_Administrator_PB_CS_KK_PG_MM5_Pool_100-2/D_2013_03_09_11_52_09_node1_signalProcessing/sff/H5UQB7R02.sff
POOL100-06RL	H5UQBPO01	/data/454/raw/2013/R_2013_03_08_13_27_15_FLX08100636_Administrator_PB_CS_KK_PG_MM5_Pool_100-1/D_2013_03_09_12_22_57_node2_signalProcessing/sff/H5UQBPO01.sff
POOL100-06RL	H5UQBPO02	/data/454/raw/2013/R_2013_03_08_13_27_15_FLX08100636_Administrator_PB_CS_KK_PG_MM5_Pool_100-1/D_2013_03_09_12_22_57_node2_signalProcessing/sff/H5UQBPO02.sff
POOL100-06RL	H5UQB7R01	/data/454/raw/2013/R_2013_03_08_13_27_33_FLX08100638_Administrator_PB_CS_KK_PG_MM5_Pool_100-2/D_2013_03_09_11_52_09_node1_signalProcessing/sff/H5UQB7R01.sff
POOL100-06RL	H5UQB7R02	/data/454/raw/2013/R_2013_03_08_13_27_33_FLX08100638_Administrator_PB_CS_KK_PG_MM5_Pool_100-2/D_2013_03_09_11_52_09_node1_signalProcessing/sff/H5UQB7R02.sff
POOL100-09RL	H5UQBPO01	/data/454/raw/2013/R_2013_03_08_13_27_15_FLX08100636_Administrator_PB_CS_KK_PG_MM5_Pool_100-1/D_2013_03_09_12_22_57_node2_signalProcessing/sff/H5UQBPO01.sff
POOL100-09RL	H5UQBPO02	/data/454/raw/2013/R_2013_03_08_13_27_15_FLX08100636_Administrator_PB_CS_KK_PG_MM5_Pool_100-1/D_2013_03_09_12_22_57_node2_signalProcessing/sff/H5UQBPO02.sff
POOL100-09RL	H5UQB7R01	/data/454/raw/2013/R_2013_03_08_13_27_33_FLX08100638_Administrator_PB_CS_KK_PG_MM5_Pool_100-2/D_2013_03_09_11_52_09_node1_signalProcessing/sff/H5UQB7R01.sff
POOL100-09RL	H5UQB7R02	/data/454/raw/2013/R_2013_03_08_13_27_33_FLX08100638_Administrator_PB_CS_KK_PG_MM5_Pool_100-2/D_2013_03_09_11_52_09_node1_signalProcessing/sff/H5UQB7R02.sff
POOL100-11RL	H5UQBPO01	/data/454/raw/2013/R_2013_03_08_13_27_15_FLX08100636_Administrator_PB_CS_KK_PG_MM5_Pool_100-1/D_2013_03_09_12_22_57_node2_signalProcessing/sff/H5UQBPO01.sff
POOL100-11RL	H5UQBPO02	/data/454/raw/2013/R_2013_03_08_13_27_15_FLX08100636_Administrator_PB_CS_KK_PG_MM5_Pool_100-1/D_2013_03_09_12_22_57_node2_signalProcessing/sff/H5UQBPO02.sff
POOL100-11RL	H5UQB7R01	/data/454/raw/2013/R_2013_03_08_13_27_33_FLX08100638_Administrator_PB_CS_KK_PG_MM5_Pool_100-2/D_2013_03_09_11_52_09_node1_signalProcessing/sff/H5UQB7R01.sff
POOL100-11RL	H5UQB7R02	/data/454/raw/2013/R_2013_03_08_13_27_33_FLX08100638_Administrator_PB_CS_KK_PG_MM5_Pool_100-2/D_2013_03_09_11_52_09_node1_signalProcessing/sff/H5UQB7R02.sff
POOL101-01RL	H7NGB2S01	/data/454/raw/2013/R_2013_04_11_12_15_28_FLX07110718_Administrator_CS_KK_PG_MM5_Pool_101-1/D_2013_04_12_11_03_23_node2_signalProcessing/sff/H7NGB2S01.sff
POOL101-01RL	H7NGB2S02	/data/454/raw/2013/R_2013_04_11_12_15_28_FLX07110718_Administrator_CS_KK_PG_MM5_Pool_101-1/D_2013_04_12_11_03_23_node2_signalProcessing/sff/H7NGB2S02.sff
POOL101-01RL	H7NH6UR01	/data/454/raw/2013/R_2013_04_11_12_55_32_FLX08100636_Administrator_CS_KK_PG_MM5_Pool_101-2/D_2013_04_12_10_18_49_node1_signalProcessing/sff/H7NH6UR01.sff
POOL101-01RL	H7NH6UR02	/data/454/raw/2013/R_2013_04_11_12_55_32_FLX08100636_Administrator_CS_KK_PG_MM5_Pool_101-2/D_2013_04_12_10_18_49_node1_signalProcessing/sff/H7NH6UR02.sff
POOL101-08RL	H7NGB2S01	/data/454/raw/2013/R_2013_04_11_12_15_28_FLX07110718_Administrator_CS_KK_PG_MM5_Pool_101-1/D_2013_04_12_11_03_23_node2_signalProcessing/sff/H7NGB2S01.sff
POOL101-08RL	H7NGB2S02	/data/454/raw/2013/R_2013_04_11_12_15_28_FLX07110718_Administrator_CS_KK_PG_MM5_Pool_101-1/D_2013_04_12_11_03_23_node2_signalProcessing/sff/H7NGB2S02.sff
POOL101-08RL	H7NH6UR01	/data/454/raw/2013/R_2013_04_11_12_55_32_FLX08100636_Administrator_CS_KK_PG_MM5_Pool_101-2/D_2013_04_12_10_18_49_node1_signalProcessing/sff/H7NH6UR01.sff
POOL101-08RL	H7NH6UR02	/data/454/raw/2013/R_2013_04_11_12_55_32_FLX08100636_Administrator_CS_KK_PG_MM5_Pool_101-2/D_2013_04_12_10_18_49_node1_signalProcessing/sff/H7NH6UR02.sff
POOL101-09RL	H7NGB2S01	/data/454/raw/2013/R_2013_04_11_12_15_28_FLX07110718_Administrator_CS_KK_PG_MM5_Pool_101-1/D_2013_04_12_11_03_23_node2_signalProcessing/sff/H7NGB2S01.sff
POOL101-09RL	H7NGB2S02	/data/454/raw/2013/R_2013_04_11_12_15_28_FLX07110718_Administrator_CS_KK_PG_MM5_Pool_101-1/D_2013_04_12_11_03_23_node2_signalProcessing/sff/H7NGB2S02.sff
POOL101-09RL	H7NH6UR01	/data/454/raw/2013/R_2013_04_11_12_55_32_FLX08100636_Administrator_CS_KK_PG_MM5_Pool_101-2/D_2013_04_12_10_18_49_node1_signalProcessing/sff/H7NH6UR01.sff
POOL101-09RL	H7NH6UR02	/data/454/raw/2013/R_2013_04_11_12_55_32_FLX08100636_Administrator_CS_KK_PG_MM5_Pool_101-2/D_2013_04_12_10_18_49_node1_signalProcessing/sff/H7NH6UR02.sff
POOL101-11RL	H7NGB2S01	/data/454/raw/2013/R_2013_04_11_12_15_28_FLX07110718_Administrator_CS_KK_PG_MM5_Pool_101-1/D_2013_04_12_11_03_23_node2_signalProcessing/sff/H7NGB2S01.sff
POOL101-11RL	H7NGB2S02	/data/454/raw/2013/R_2013_04_11_12_15_28_FLX07110718_Administrator_CS_KK_PG_MM5_Pool_101-1/D_2013_04_12_11_03_23_node2_signalProcessing/sff/H7NGB2S02.sff
POOL101-11RL	H7NH6UR01	/data/454/raw/2013/R_2013_04_11_12_55_32_FLX08100636_Administrator_CS_KK_PG_MM5_Pool_101-2/D_2013_04_12_10_18_49_node1_signalProcessing/sff/H7NH6UR01.sff
POOL101-11RL	H7NH6UR02	/data/454/raw/2013/R_2013_04_11_12_55_32_FLX08100636_Administrator_CS_KK_PG_MM5_Pool_101-2/D_2013_04_12_10_18_49_node1_signalProcessing/sff/H7NH6UR02.sff
POOL101-12RL	H7NGB2S01	/data/454/raw/2013/R_2013_04_11_12_15_28_FLX07110718_Administrator_CS_KK_PG_MM5_Pool_101-1/D_2013_04_12_11_03_23_node2_signalProcessing/sff/H7NGB2S01.sff
POOL101-12RL	H7NGB2S02	/data/454/raw/2013/R_2013_04_11_12_15_28_FLX07110718_Administrator_CS_KK_PG_MM5_Pool_101-1/D_2013_04_12_11_03_23_node2_signalProcessing/sff/H7NGB2S02.sff
POOL101-12RL	H7NH6UR01	/data/454/raw/2013/R_2013_04_11_12_55_32_FLX08100636_Administrator_CS_KK_PG_MM5_Pool_101-2/D_2013_04_12_10_18_49_node1_signalProcessing/sff/H7NH6UR01.sff
POOL101-12RL	H7NH6UR02	/data/454/raw/2013/R_2013_04_11_12_55_32_FLX08100636_Administrator_CS_KK_PG_MM5_Pool_101-2/D_2013_04_12_10_18_49_node1_signalProcessing/sff/H7NH6UR02.sff
POOL102-02RL	H8E7VDJ01	/data/454/raw/2013/R_2013_04_26_12_05_27_FLX08100636_Administrator_CS_PS_KK_PG_Pool_102-1/D_2013_04_27_09_59_03_node1_signalProcessing/sff/H8E7VDJ01.sff
POOL102-02RL	H8E7VDJ02	/data/454/raw/2013/R_2013_04_26_12_05_27_FLX08100636_Administrator_CS_PS_KK_PG_Pool_102-1/D_2013_04_27_09_59_03_node1_signalProcessing/sff/H8E7VDJ02.sff
POOL102-02RL	H8E7WTO01	/data/454/raw/2013/R_2013_04_26_12_06_19_FLX08100638_Administrator_CS_PS_KK_PG_Pool_102-2/D_2013_04_27_10_17_58_node3_signalProcessing/sff/H8E7WTO01.sff
POOL102-02RL	H8E7WTO02	/data/454/raw/2013/R_2013_04_26_12_06_19_FLX08100638_Administrator_CS_PS_KK_PG_Pool_102-2/D_2013_04_27_10_17_58_node3_signalProcessing/sff/H8E7WTO02.sff
POOL102-05RL	H8E7VDJ01	/data/454/raw/2013/R_2013_04_26_12_05_27_FLX08100636_Administrator_CS_PS_KK_PG_Pool_102-1/D_2013_04_27_09_59_03_node1_signalProcessing/sff/H8E7VDJ01.sff
POOL102-05RL	H8E7VDJ02	/data/454/raw/2013/R_2013_04_26_12_05_27_FLX08100636_Administrator_CS_PS_KK_PG_Pool_102-1/D_2013_04_27_09_59_03_node1_signalProcessing/sff/H8E7VDJ02.sff
POOL102-05RL	H8E7WTO01	/data/454/raw/2013/R_2013_04_26_12_06_19_FLX08100638_Administrator_CS_PS_KK_PG_Pool_102-2/D_2013_04_27_10_17_58_node3_signalProcessing/sff/H8E7WTO01.sff
POOL102-05RL	H8E7WTO02	/data/454/raw/2013/R_2013_04_26_12_06_19_FLX08100638_Administrator_CS_PS_KK_PG_Pool_102-2/D_2013_04_27_10_17_58_node3_signalProcessing/sff/H8E7WTO02.sff
POOL102-06RL	H8E7VDJ01	/data/454/raw/2013/R_2013_04_26_12_05_27_FLX08100636_Administrator_CS_PS_KK_PG_Pool_102-1/D_2013_04_27_09_59_03_node1_signalProcessing/sff/H8E7VDJ01.sff
POOL102-06RL	H8E7VDJ02	/data/454/raw/2013/R_2013_04_26_12_05_27_FLX08100636_Administrator_CS_PS_KK_PG_Pool_102-1/D_2013_04_27_09_59_03_node1_signalProcessing/sff/H8E7VDJ02.sff
POOL102-06RL	H8E7WTO01	/data/454/raw/2013/R_2013_04_26_12_06_19_FLX08100638_Administrator_CS_PS_KK_PG_Pool_102-2/D_2013_04_27_10_17_58_node3_signalProcessing/sff/H8E7WTO01.sff
POOL102-06RL	H8E7WTO02	/data/454/raw/2013/R_2013_04_26_12_06_19_FLX08100638_Administrator_CS_PS_KK_PG_Pool_102-2/D_2013_04_27_10_17_58_node3_signalProcessing/sff/H8E7WTO02.sff
POOL102-07RL	H8E7VDJ01	/data/454/raw/2013/R_2013_04_26_12_05_27_FLX08100636_Administrator_CS_PS_KK_PG_Pool_102-1/D_2013_04_27_09_59_03_node1_signalProcessing/sff/H8E7VDJ01.sff
POOL102-07RL	H8E7VDJ02	/data/454/raw/2013/R_2013_04_26_12_05_27_FLX08100636_Administrator_CS_PS_KK_PG_Pool_102-1/D_2013_04_27_09_59_03_node1_signalProcessing/sff/H8E7VDJ02.sff
POOL102-07RL	H8E7WTO01	/data/454/raw/2013/R_2013_04_26_12_06_19_FLX08100638_Administrator_CS_PS_KK_PG_Pool_102-2/D_2013_04_27_10_17_58_node3_signalProcessing/sff/H8E7WTO01.sff
POOL102-07RL	H8E7WTO02	/data/454/raw/2013/R_2013_04_26_12_06_19_FLX08100638_Administrator_CS_PS_KK_PG_Pool_102-2/D_2013_04_27_10_17_58_node3_signalProcessing/sff/H8E7WTO02.sff
POOL102-10RL	H8E7VDJ01	/data/454/raw/2013/R_2013_04_26_12_05_27_FLX08100636_Administrator_CS_PS_KK_PG_Pool_102-1/D_2013_04_27_09_59_03_node1_signalProcessing/sff/H8E7VDJ01.sff
POOL102-10RL	H8E7VDJ02	/data/454/raw/2013/R_2013_04_26_12_05_27_FLX08100636_Administrator_CS_PS_KK_PG_Pool_102-1/D_2013_04_27_09_59_03_node1_signalProcessing/sff/H8E7VDJ02.sff
POOL102-10RL	H8E7WTO01	/data/454/raw/2013/R_2013_04_26_12_06_19_FLX08100638_Administrator_CS_PS_KK_PG_Pool_102-2/D_2013_04_27_10_17_58_node3_signalProcessing/sff/H8E7WTO01.sff
POOL102-10RL	H8E7WTO02	/data/454/raw/2013/R_2013_04_26_12_06_19_FLX08100638_Administrator_CS_PS_KK_PG_Pool_102-2/D_2013_04_27_10_17_58_node3_signalProcessing/sff/H8E7WTO02.sff
POOL102-11RL	H8E7VDJ01	/data/454/raw/2013/R_2013_04_26_12_05_27_FLX08100636_Administrator_CS_PS_KK_PG_Pool_102-1/D_2013_04_27_09_59_03_node1_signalProcessing/sff/H8E7VDJ01.sff
POOL102-11RL	H8E7VDJ02	/data/454/raw/2013/R_2013_04_26_12_05_27_FLX08100636_Administrator_CS_PS_KK_PG_Pool_102-1/D_2013_04_27_09_59_03_node1_signalProcessing/sff/H8E7VDJ02.sff
POOL102-11RL	H8E7WTO01	/data/454/raw/2013/R_2013_04_26_12_06_19_FLX08100638_Administrator_CS_PS_KK_PG_Pool_102-2/D_2013_04_27_10_17_58_node3_signalProcessing/sff/H8E7WTO01.sff
POOL102-11RL	H8E7WTO02	/data/454/raw/2013/R_2013_04_26_12_06_19_FLX08100638_Administrator_CS_PS_KK_PG_Pool_102-2/D_2013_04_27_10_17_58_node3_signalProcessing/sff/H8E7WTO02.sff
POOL102-12RL	H8E7VDJ01	/data/454/raw/2013/R_2013_04_26_12_05_27_FLX08100636_Administrator_CS_PS_KK_PG_Pool_102-1/D_2013_04_27_09_59_03_node1_signalProcessing/sff/H8E7VDJ01.sff
POOL102-12RL	H8E7VDJ02	/data/454/raw/2013/R_2013_04_26_12_05_27_FLX08100636_Administrator_CS_PS_KK_PG_Pool_102-1/D_2013_04_27_09_59_03_node1_signalProcessing/sff/H8E7VDJ02.sff
POOL102-12RL	H8E7WTO01	/data/454/raw/2013/R_2013_04_26_12_06_19_FLX08100638_Administrator_CS_PS_KK_PG_Pool_102-2/D_2013_04_27_10_17_58_node3_signalProcessing/sff/H8E7WTO01.sff
POOL102-12RL	H8E7WTO02	/data/454/raw/2013/R_2013_04_26_12_06_19_FLX08100638_Administrator_CS_PS_KK_PG_Pool_102-2/D_2013_04_27_10_17_58_node3_signalProcessing/sff/H8E7WTO02.sff
POOL103-02RL	H8MW4CG01	/data/454/raw/2013/R_2013_04_30_15_54_02_FLX07110718_Administrator_CS_PS_KK_PG_Pool_103-1/D_2013_05_03_22_16_11_node1_fullProcessing/sff/H8MW4CG01.sff
POOL103-02RL	H8MW4CG02	/data/454/raw/2013/R_2013_04_30_15_54_02_FLX07110718_Administrator_CS_PS_KK_PG_Pool_103-1/D_2013_05_03_22_16_11_node1_fullProcessing/sff/H8MW4CG02.sff
POOL103-02RL	H8SGULI01	/data/454/raw/2013/R_2013_05_01_15_48_11_FLX08100636_Administrator_CS_PS_KK_PG_Pool_103-2/D_2013_05_03_22_43_31_node3_fullProcessing/sff/H8SGULI01.sff
POOL103-02RL	H8SGULI02	/data/454/raw/2013/R_2013_05_01_15_48_11_FLX08100636_Administrator_CS_PS_KK_PG_Pool_103-2/D_2013_05_03_22_43_31_node3_fullProcessing/sff/H8SGULI02.sff
POOL103-03RL	H8MW4CG01	/data/454/raw/2013/R_2013_04_30_15_54_02_FLX07110718_Administrator_CS_PS_KK_PG_Pool_103-1/D_2013_05_03_22_16_11_node1_fullProcessing/sff/H8MW4CG01.sff
POOL103-03RL	H8MW4CG02	/data/454/raw/2013/R_2013_04_30_15_54_02_FLX07110718_Administrator_CS_PS_KK_PG_Pool_103-1/D_2013_05_03_22_16_11_node1_fullProcessing/sff/H8MW4CG02.sff
POOL103-03RL	H8SGULI01	/data/454/raw/2013/R_2013_05_01_15_48_11_FLX08100636_Administrator_CS_PS_KK_PG_Pool_103-2/D_2013_05_03_22_43_31_node3_fullProcessing/sff/H8SGULI01.sff
POOL103-03RL	H8SGULI02	/data/454/raw/2013/R_2013_05_01_15_48_11_FLX08100636_Administrator_CS_PS_KK_PG_Pool_103-2/D_2013_05_03_22_43_31_node3_fullProcessing/sff/H8SGULI02.sff
POOL103-05RL	H8MW4CG01	/data/454/raw/2013/R_2013_04_30_15_54_02_FLX07110718_Administrator_CS_PS_KK_PG_Pool_103-1/D_2013_05_03_22_16_11_node1_fullProcessing/sff/H8MW4CG01.sff
POOL103-05RL	H8MW4CG02	/data/454/raw/2013/R_2013_04_30_15_54_02_FLX07110718_Administrator_CS_PS_KK_PG_Pool_103-1/D_2013_05_03_22_16_11_node1_fullProcessing/sff/H8MW4CG02.sff
POOL103-05RL	H8SGULI01	/data/454/raw/2013/R_2013_05_01_15_48_11_FLX08100636_Administrator_CS_PS_KK_PG_Pool_103-2/D_2013_05_03_22_43_31_node3_fullProcessing/sff/H8SGULI01.sff
POOL103-05RL	H8SGULI02	/data/454/raw/2013/R_2013_05_01_15_48_11_FLX08100636_Administrator_CS_PS_KK_PG_Pool_103-2/D_2013_05_03_22_43_31_node3_fullProcessing/sff/H8SGULI02.sff
POOL103-07RL	H8MW4CG01	/data/454/raw/2013/R_2013_04_30_15_54_02_FLX07110718_Administrator_CS_PS_KK_PG_Pool_103-1/D_2013_05_03_22_16_11_node1_fullProcessing/sff/H8MW4CG01.sff
POOL103-07RL	H8MW4CG02	/data/454/raw/2013/R_2013_04_30_15_54_02_FLX07110718_Administrator_CS_PS_KK_PG_Pool_103-1/D_2013_05_03_22_16_11_node1_fullProcessing/sff/H8MW4CG02.sff
POOL103-07RL	H8SGULI01	/data/454/raw/2013/R_2013_05_01_15_48_11_FLX08100636_Administrator_CS_PS_KK_PG_Pool_103-2/D_2013_05_03_22_43_31_node3_fullProcessing/sff/H8SGULI01.sff
POOL103-07RL	H8SGULI02	/data/454/raw/2013/R_2013_05_01_15_48_11_FLX08100636_Administrator_CS_PS_KK_PG_Pool_103-2/D_2013_05_03_22_43_31_node3_fullProcessing/sff/H8SGULI02.sff
POOL103-11RL	H8MW4CG01	/data/454/raw/2013/R_2013_04_30_15_54_02_FLX07110718_Administrator_CS_PS_KK_PG_Pool_103-1/D_2013_05_03_22_16_11_node1_fullProcessing/sff/H8MW4CG01.sff
POOL103-11RL	H8MW4CG02	/data/454/raw/2013/R_2013_04_30_15_54_02_FLX07110718_Administrator_CS_PS_KK_PG_Pool_103-1/D_2013_05_03_22_16_11_node1_fullProcessing/sff/H8MW4CG02.sff
POOL103-11RL	H8SGULI01	/data/454/raw/2013/R_2013_05_01_15_48_11_FLX08100636_Administrator_CS_PS_KK_PG_Pool_103-2/D_2013_05_03_22_43_31_node3_fullProcessing/sff/H8SGULI01.sff
POOL103-11RL	H8SGULI02	/data/454/raw/2013/R_2013_05_01_15_48_11_FLX08100636_Administrator_CS_PS_KK_PG_Pool_103-2/D_2013_05_03_22_43_31_node3_fullProcessing/sff/H8SGULI02.sff
POOL104-01RL	H8BR2GM01	/data/454/raw/2013/R_2013_04_24_15_31_18_FLX07110718_Administrator_CS_PS_KK_PG_Pool_104-1/D_2013_04_25_15_45_15_node3_signalProcessing/sff/H8BR2GM01.sff
POOL104-01RL	H8BR2GM02	/data/454/raw/2013/R_2013_04_24_15_31_18_FLX07110718_Administrator_CS_PS_KK_PG_Pool_104-1/D_2013_04_25_15_45_15_node3_signalProcessing/sff/H8BR2GM02.sff
POOL104-01RL	H8BTZDP01	/data/454/raw/2013/R_2013_04_24_16_12_39_FLX08100636_Administrator_CS_PS_KK_PG_Pool_104-2/D_2013_04_25_13_57_30_node1_signalProcessing/sff/H8BTZDP01.sff
POOL104-01RL	H8BTZDP02	/data/454/raw/2013/R_2013_04_24_16_12_39_FLX08100636_Administrator_CS_PS_KK_PG_Pool_104-2/D_2013_04_25_13_57_30_node1_signalProcessing/sff/H8BTZDP02.sff
POOL104-04RL	H8BR2GM01	/data/454/raw/2013/R_2013_04_24_15_31_18_FLX07110718_Administrator_CS_PS_KK_PG_Pool_104-1/D_2013_04_25_15_45_15_node3_signalProcessing/sff/H8BR2GM01.sff
POOL104-04RL	H8BR2GM02	/data/454/raw/2013/R_2013_04_24_15_31_18_FLX07110718_Administrator_CS_PS_KK_PG_Pool_104-1/D_2013_04_25_15_45_15_node3_signalProcessing/sff/H8BR2GM02.sff
POOL104-04RL	H8BTZDP01	/data/454/raw/2013/R_2013_04_24_16_12_39_FLX08100636_Administrator_CS_PS_KK_PG_Pool_104-2/D_2013_04_25_13_57_30_node1_signalProcessing/sff/H8BTZDP01.sff
POOL104-04RL	H8BTZDP02	/data/454/raw/2013/R_2013_04_24_16_12_39_FLX08100636_Administrator_CS_PS_KK_PG_Pool_104-2/D_2013_04_25_13_57_30_node1_signalProcessing/sff/H8BTZDP02.sff
POOL104-05RL	H8BR2GM01	/data/454/raw/2013/R_2013_04_24_15_31_18_FLX07110718_Administrator_CS_PS_KK_PG_Pool_104-1/D_2013_04_25_15_45_15_node3_signalProcessing/sff/H8BR2GM01.sff
POOL104-05RL	H8BR2GM02	/data/454/raw/2013/R_2013_04_24_15_31_18_FLX07110718_Administrator_CS_PS_KK_PG_Pool_104-1/D_2013_04_25_15_45_15_node3_signalProcessing/sff/H8BR2GM02.sff
POOL104-05RL	H8BTZDP01	/data/454/raw/2013/R_2013_04_24_16_12_39_FLX08100636_Administrator_CS_PS_KK_PG_Pool_104-2/D_2013_04_25_13_57_30_node1_signalProcessing/sff/H8BTZDP01.sff
POOL104-05RL	H8BTZDP02	/data/454/raw/2013/R_2013_04_24_16_12_39_FLX08100636_Administrator_CS_PS_KK_PG_Pool_104-2/D_2013_04_25_13_57_30_node1_signalProcessing/sff/H8BTZDP02.sff
POOL104-07RL	H8BR2GM01	/data/454/raw/2013/R_2013_04_24_15_31_18_FLX07110718_Administrator_CS_PS_KK_PG_Pool_104-1/D_2013_04_25_15_45_15_node3_signalProcessing/sff/H8BR2GM01.sff
POOL104-07RL	H8BR2GM02	/data/454/raw/2013/R_2013_04_24_15_31_18_FLX07110718_Administrator_CS_PS_KK_PG_Pool_104-1/D_2013_04_25_15_45_15_node3_signalProcessing/sff/H8BR2GM02.sff
POOL104-07RL	H8BTZDP01	/data/454/raw/2013/R_2013_04_24_16_12_39_FLX08100636_Administrator_CS_PS_KK_PG_Pool_104-2/D_2013_04_25_13_57_30_node1_signalProcessing/sff/H8BTZDP01.sff
POOL104-07RL	H8BTZDP02	/data/454/raw/2013/R_2013_04_24_16_12_39_FLX08100636_Administrator_CS_PS_KK_PG_Pool_104-2/D_2013_04_25_13_57_30_node1_signalProcessing/sff/H8BTZDP02.sff
POOL104-09RL	H8BR2GM01	/data/454/raw/2013/R_2013_04_24_15_31_18_FLX07110718_Administrator_CS_PS_KK_PG_Pool_104-1/D_2013_04_25_15_45_15_node3_signalProcessing/sff/H8BR2GM01.sff
POOL104-09RL	H8BR2GM02	/data/454/raw/2013/R_2013_04_24_15_31_18_FLX07110718_Administrator_CS_PS_KK_PG_Pool_104-1/D_2013_04_25_15_45_15_node3_signalProcessing/sff/H8BR2GM02.sff
POOL104-09RL	H8BTZDP01	/data/454/raw/2013/R_2013_04_24_16_12_39_FLX08100636_Administrator_CS_PS_KK_PG_Pool_104-2/D_2013_04_25_13_57_30_node1_signalProcessing/sff/H8BTZDP01.sff
POOL104-09RL	H8BTZDP02	/data/454/raw/2013/R_2013_04_24_16_12_39_FLX08100636_Administrator_CS_PS_KK_PG_Pool_104-2/D_2013_04_25_13_57_30_node1_signalProcessing/sff/H8BTZDP02.sff
POOL105-03RL	H8T3IXQ01	/data/454/raw/2013/R_2013_05_02_12_55_35_FLX08100638_Administrator_PS_KK_PG_Pool_105-1/D_2013_05_04_08_17_57_node2_fullProcessing/sff/H8T3IXQ01.sff
POOL105-03RL	H8T3IXQ02	/data/454/raw/2013/R_2013_05_02_12_55_35_FLX08100638_Administrator_PS_KK_PG_Pool_105-1/D_2013_05_04_08_17_57_node2_fullProcessing/sff/H8T3IXQ02.sff
POOL105-03RL	H8V2EDP01	/data/454/raw/2013/R_2013_05_03_14_26_27_FLX07110718_Administrator_CS_PS_KK_PG_Pool_105-2/D_2013_05_04_13_50_05_node3_signalProcessing/sff/H8V2EDP01.sff
POOL105-03RL	H8V2EDP02	/data/454/raw/2013/R_2013_05_03_14_26_27_FLX07110718_Administrator_CS_PS_KK_PG_Pool_105-2/D_2013_05_04_13_50_05_node3_signalProcessing/sff/H8V2EDP02.sff
POOL105-06RL	H8T3IXQ01	/data/454/raw/2013/R_2013_05_02_12_55_35_FLX08100638_Administrator_PS_KK_PG_Pool_105-1/D_2013_05_04_08_17_57_node2_fullProcessing/sff/H8T3IXQ01.sff
POOL105-06RL	H8T3IXQ02	/data/454/raw/2013/R_2013_05_02_12_55_35_FLX08100638_Administrator_PS_KK_PG_Pool_105-1/D_2013_05_04_08_17_57_node2_fullProcessing/sff/H8T3IXQ02.sff
POOL105-06RL	H8V2EDP01	/data/454/raw/2013/R_2013_05_03_14_26_27_FLX07110718_Administrator_CS_PS_KK_PG_Pool_105-2/D_2013_05_04_13_50_05_node3_signalProcessing/sff/H8V2EDP01.sff
POOL105-06RL	H8V2EDP02	/data/454/raw/2013/R_2013_05_03_14_26_27_FLX07110718_Administrator_CS_PS_KK_PG_Pool_105-2/D_2013_05_04_13_50_05_node3_signalProcessing/sff/H8V2EDP02.sff
POOL105-08RL	H8T3IXQ01	/data/454/raw/2013/R_2013_05_02_12_55_35_FLX08100638_Administrator_PS_KK_PG_Pool_105-1/D_2013_05_04_08_17_57_node2_fullProcessing/sff/H8T3IXQ01.sff
POOL105-08RL	H8T3IXQ02	/data/454/raw/2013/R_2013_05_02_12_55_35_FLX08100638_Administrator_PS_KK_PG_Pool_105-1/D_2013_05_04_08_17_57_node2_fullProcessing/sff/H8T3IXQ02.sff
POOL105-08RL	H8V2EDP01	/data/454/raw/2013/R_2013_05_03_14_26_27_FLX07110718_Administrator_CS_PS_KK_PG_Pool_105-2/D_2013_05_04_13_50_05_node3_signalProcessing/sff/H8V2EDP01.sff
POOL105-08RL	H8V2EDP02	/data/454/raw/2013/R_2013_05_03_14_26_27_FLX07110718_Administrator_CS_PS_KK_PG_Pool_105-2/D_2013_05_04_13_50_05_node3_signalProcessing/sff/H8V2EDP02.sff
POOL105-09RL	H8T3IXQ01	/data/454/raw/2013/R_2013_05_02_12_55_35_FLX08100638_Administrator_PS_KK_PG_Pool_105-1/D_2013_05_04_08_17_57_node2_fullProcessing/sff/H8T3IXQ01.sff
POOL105-09RL	H8T3IXQ02	/data/454/raw/2013/R_2013_05_02_12_55_35_FLX08100638_Administrator_PS_KK_PG_Pool_105-1/D_2013_05_04_08_17_57_node2_fullProcessing/sff/H8T3IXQ02.sff
POOL105-09RL	H8V2EDP01	/data/454/raw/2013/R_2013_05_03_14_26_27_FLX07110718_Administrator_CS_PS_KK_PG_Pool_105-2/D_2013_05_04_13_50_05_node3_signalProcessing/sff/H8V2EDP01.sff
POOL105-09RL	H8V2EDP02	/data/454/raw/2013/R_2013_05_03_14_26_27_FLX07110718_Administrator_CS_PS_KK_PG_Pool_105-2/D_2013_05_04_13_50_05_node3_signalProcessing/sff/H8V2EDP02.sff
